[0.008s] Invoking command in '/home/xiaofang/ROS2_WS/HelloWorld_cpp/build/pkg01_helloworld_cpp': CMAKE_PREFIX_PATH=/opt/ros/humble /usr/bin/cmake /home/xiaofang/ROS2_WS/HelloWorld_cpp/src/pkg01_helloworld_cpp -DCMAKE_INSTALL_PREFIX=/home/xiaofang/ROS2_WS/HelloWorld_cpp/install/pkg01_helloworld_cpp
[0.083s] -- The C compiler identification is GNU 11.4.0
[0.121s] -- The CXX compiler identification is GNU 11.4.0
[0.127s] -- Detecting C compiler ABI info
[0.176s] -- Detecting C compiler ABI info - done
[0.180s] -- Check for working C compiler: /usr/bin/cc - skipped
[0.181s] -- Detecting C compile features
[0.182s] -- Detecting C compile features - done
[0.184s] -- Detecting CXX compiler ABI info
[0.238s] -- Detecting CXX compiler ABI info - done
[0.242s] -- Check for working CXX compiler: /usr/bin/c++ - skipped
[0.242s] -- Detecting CXX compile features
[0.242s] -- Detecting CXX compile features - done
[0.248s] -- Found ament_cmake: 1.3.11 (/opt/ros/humble/share/ament_cmake/cmake)
[0.348s] -- Found Python3: /usr/bin/python3 (found version "3.10.12") found components: Interpreter 
[0.420s] -- Found rclcpp: 16.0.11 (/opt/ros/humble/share/rclcpp/cmake)
[0.455s] -- Found rosidl_generator_c: 3.1.6 (/opt/ros/humble/share/rosidl_generator_c/cmake)
[0.459s] -- Found rosidl_adapter: 3.1.6 (/opt/ros/humble/share/rosidl_adapter/cmake)
[0.466s] -- Found rosidl_generator_cpp: 3.1.6 (/opt/ros/humble/share/rosidl_generator_cpp/cmake)
[0.477s] -- Using all available rosidl_typesupport_c: rosidl_typesupport_fastrtps_c;rosidl_typesupport_introspection_c
[0.491s] -- Using all available rosidl_typesupport_cpp: rosidl_typesupport_fastrtps_cpp;rosidl_typesupport_introspection_cpp
[0.527s] -- Found rmw_implementation_cmake: 6.1.2 (/opt/ros/humble/share/rmw_implementation_cmake/cmake)
[0.529s] -- Found rmw_fastrtps_cpp: 6.2.7 (/opt/ros/humble/share/rmw_fastrtps_cpp/cmake)
[0.600s] -- Found OpenSSL: /usr/lib/x86_64-linux-gnu/libcrypto.so (found version "3.0.2")  
[0.622s] -- Found FastRTPS: /opt/ros/humble/include  
[0.653s] -- Using RMW implementation 'rmw_fastrtps_cpp' as default
[0.659s] -- Looking for pthread.h
[0.709s] -- Looking for pthread.h - found
[0.709s] -- Performing Test CMAKE_HAVE_LIBC_PTHREAD
[0.758s] -- Performing Test CMAKE_HAVE_LIBC_PTHREAD - Success
[0.759s] -- Found Threads: TRUE  
[0.797s] -- Found ament_lint_auto: 0.12.11 (/opt/ros/humble/share/ament_lint_auto/cmake)
[0.847s] -- Added test 'cppcheck' to perform static code analysis on C / C++ code
[0.847s] -- Configured cppcheck include dirs: $<BUILD_INTERFACE:/home/xiaofang/ROS2_WS/HelloWorld_cpp/src/pkg01_helloworld_cpp/include>
[0.847s] -- Configured cppcheck exclude dirs and/or files: 
[0.847s] -- Added test 'lint_cmake' to check CMake code style
[0.848s] -- Added test 'uncrustify' to check C / C++ code style
[0.848s] -- Configured uncrustify additional arguments: 
[0.848s] -- Added test 'xmllint' to check XML markup files
[0.849s] -- Configuring done
[0.854s] -- Generating done
[0.856s] -- Build files have been written to: /home/xiaofang/ROS2_WS/HelloWorld_cpp/build/pkg01_helloworld_cpp
[0.865s] Invoked command in '/home/xiaofang/ROS2_WS/HelloWorld_cpp/build/pkg01_helloworld_cpp' returned '0': CMAKE_PREFIX_PATH=/opt/ros/humble /usr/bin/cmake /home/xiaofang/ROS2_WS/HelloWorld_cpp/src/pkg01_helloworld_cpp -DCMAKE_INSTALL_PREFIX=/home/xiaofang/ROS2_WS/HelloWorld_cpp/install/pkg01_helloworld_cpp
[0.866s] Invoking command in '/home/xiaofang/ROS2_WS/HelloWorld_cpp/build/pkg01_helloworld_cpp': CMAKE_PREFIX_PATH=/opt/ros/humble /usr/bin/cmake --build /home/xiaofang/ROS2_WS/HelloWorld_cpp/build/pkg01_helloworld_cpp -- -j20 -l20
[0.902s] [ 50%] [32mBuilding CXX object CMakeFiles/helloworld.dir/src/helloworld.cpp.o[0m
[2.627s] [100%] [32m[1mLinking CXX executable helloworld[0m
[2.699s] [100%] Built target helloworld
[2.707s] Invoked command in '/home/xiaofang/ROS2_WS/HelloWorld_cpp/build/pkg01_helloworld_cpp' returned '0': CMAKE_PREFIX_PATH=/opt/ros/humble /usr/bin/cmake --build /home/xiaofang/ROS2_WS/HelloWorld_cpp/build/pkg01_helloworld_cpp -- -j20 -l20
[2.708s] Invoking command in '/home/xiaofang/ROS2_WS/HelloWorld_cpp/build/pkg01_helloworld_cpp': CMAKE_PREFIX_PATH=/opt/ros/humble /usr/bin/cmake --install /home/xiaofang/ROS2_WS/HelloWorld_cpp/build/pkg01_helloworld_cpp
[2.713s] -- Install configuration: ""
[2.713s] -- Installing: /home/xiaofang/ROS2_WS/HelloWorld_cpp/install/pkg01_helloworld_cpp/lib/pkg01_helloworld_cpp/helloworld
[2.714s] -- Set runtime path of "/home/xiaofang/ROS2_WS/HelloWorld_cpp/install/pkg01_helloworld_cpp/lib/pkg01_helloworld_cpp/helloworld" to ""
[2.714s] -- Installing: /home/xiaofang/ROS2_WS/HelloWorld_cpp/install/pkg01_helloworld_cpp/share/ament_index/resource_index/package_run_dependencies/pkg01_helloworld_cpp
[2.714s] -- Installing: /home/xiaofang/ROS2_WS/HelloWorld_cpp/install/pkg01_helloworld_cpp/share/ament_index/resource_index/parent_prefix_path/pkg01_helloworld_cpp
[2.714s] -- Installing: /home/xiaofang/ROS2_WS/HelloWorld_cpp/install/pkg01_helloworld_cpp/share/pkg01_helloworld_cpp/environment/ament_prefix_path.sh
[2.715s] -- Installing: /home/xiaofang/ROS2_WS/HelloWorld_cpp/install/pkg01_helloworld_cpp/share/pkg01_helloworld_cpp/environment/ament_prefix_path.dsv
[2.715s] -- Installing: /home/xiaofang/ROS2_WS/HelloWorld_cpp/install/pkg01_helloworld_cpp/share/pkg01_helloworld_cpp/environment/path.sh
[2.715s] -- Installing: /home/xiaofang/ROS2_WS/HelloWorld_cpp/install/pkg01_helloworld_cpp/share/pkg01_helloworld_cpp/environment/path.dsv
[2.715s] -- Installing: /home/xiaofang/ROS2_WS/HelloWorld_cpp/install/pkg01_helloworld_cpp/share/pkg01_helloworld_cpp/local_setup.bash
[2.715s] -- Installing: /home/xiaofang/ROS2_WS/HelloWorld_cpp/install/pkg01_helloworld_cpp/share/pkg01_helloworld_cpp/local_setup.sh
[2.715s] -- Installing: /home/xiaofang/ROS2_WS/HelloWorld_cpp/install/pkg01_helloworld_cpp/share/pkg01_helloworld_cpp/local_setup.zsh
[2.715s] -- Installing: /home/xiaofang/ROS2_WS/HelloWorld_cpp/install/pkg01_helloworld_cpp/share/pkg01_helloworld_cpp/local_setup.dsv
[2.715s] -- Installing: /home/xiaofang/ROS2_WS/HelloWorld_cpp/install/pkg01_helloworld_cpp/share/pkg01_helloworld_cpp/package.dsv
[2.715s] -- Installing: /home/xiaofang/ROS2_WS/HelloWorld_cpp/install/pkg01_helloworld_cpp/share/ament_index/resource_index/packages/pkg01_helloworld_cpp
[2.715s] -- Installing: /home/xiaofang/ROS2_WS/HelloWorld_cpp/install/pkg01_helloworld_cpp/share/pkg01_helloworld_cpp/cmake/pkg01_helloworld_cppConfig.cmake
[2.715s] -- Installing: /home/xiaofang/ROS2_WS/HelloWorld_cpp/install/pkg01_helloworld_cpp/share/pkg01_helloworld_cpp/cmake/pkg01_helloworld_cppConfig-version.cmake
[2.715s] -- Installing: /home/xiaofang/ROS2_WS/HelloWorld_cpp/install/pkg01_helloworld_cpp/share/pkg01_helloworld_cpp/package.xml
[2.727s] Invoked command in '/home/xiaofang/ROS2_WS/HelloWorld_cpp/build/pkg01_helloworld_cpp' returned '0': CMAKE_PREFIX_PATH=/opt/ros/humble /usr/bin/cmake --install /home/xiaofang/ROS2_WS/HelloWorld_cpp/build/pkg01_helloworld_cpp
