[0.006s] Invoking command in '/home/xiaofang/ROS2_WS/ws01_plumbing/build/cpp04_param': CMAKE_PREFIX_PATH=${CMAKE_PREFIX_PATH}:/opt/cv_bridge_fix_link-humble/install/opencv_tests:/opt/ros/humble /usr/bin/cmake --build /home/xiaofang/ROS2_WS/ws01_plumbing/build/cpp04_param -- -j20 -l20
[0.036s] [35m[1mConsolidate compiler generated dependencies of target demo01_param_server[0m
[0.046s] [ 33%] Built target demo00_param
[0.046s] [ 66%] Built target demo02_param_client
[0.047s] [ 83%] [32mBuilding CXX object CMakeFiles/demo01_param_server.dir/src/demo01_param_server.cpp.o[0m
[1.526s] [100%] [32m[1mLinking CXX executable demo01_param_server[0m
[1.587s] [100%] Built target demo01_param_server
[1.595s] Invoked command in '/home/xiaofang/ROS2_WS/ws01_plumbing/build/cpp04_param' returned '0': CMAKE_PREFIX_PATH=${CMAKE_PREFIX_PATH}:/opt/cv_bridge_fix_link-humble/install/opencv_tests:/opt/ros/humble /usr/bin/cmake --build /home/xiaofang/ROS2_WS/ws01_plumbing/build/cpp04_param -- -j20 -l20
[1.601s] Invoking command in '/home/xiaofang/ROS2_WS/ws01_plumbing/build/cpp04_param': CMAKE_PREFIX_PATH=${CMAKE_PREFIX_PATH}:/opt/cv_bridge_fix_link-humble/install/opencv_tests:/opt/ros/humble /usr/bin/cmake --install /home/xiaofang/ROS2_WS/ws01_plumbing/build/cpp04_param
[1.605s] -- Install configuration: ""
[1.605s] -- Up-to-date: /home/xiaofang/ROS2_WS/ws01_plumbing/install/cpp04_param/lib/cpp04_param/demo00_param
[1.605s] -- Installing: /home/xiaofang/ROS2_WS/ws01_plumbing/install/cpp04_param/lib/cpp04_param/demo01_param_server
[1.605s] -- Set runtime path of "/home/xiaofang/ROS2_WS/ws01_plumbing/install/cpp04_param/lib/cpp04_param/demo01_param_server" to ""
[1.605s] -- Up-to-date: /home/xiaofang/ROS2_WS/ws01_plumbing/install/cpp04_param/lib/cpp04_param/demo02_param_client
[1.605s] -- Up-to-date: /home/xiaofang/ROS2_WS/ws01_plumbing/install/cpp04_param/share/ament_index/resource_index/package_run_dependencies/cpp04_param
[1.605s] -- Up-to-date: /home/xiaofang/ROS2_WS/ws01_plumbing/install/cpp04_param/share/ament_index/resource_index/parent_prefix_path/cpp04_param
[1.605s] -- Up-to-date: /home/xiaofang/ROS2_WS/ws01_plumbing/install/cpp04_param/share/cpp04_param/environment/ament_prefix_path.sh
[1.605s] -- Up-to-date: /home/xiaofang/ROS2_WS/ws01_plumbing/install/cpp04_param/share/cpp04_param/environment/ament_prefix_path.dsv
[1.605s] -- Up-to-date: /home/xiaofang/ROS2_WS/ws01_plumbing/install/cpp04_param/share/cpp04_param/environment/path.sh
[1.605s] -- Up-to-date: /home/xiaofang/ROS2_WS/ws01_plumbing/install/cpp04_param/share/cpp04_param/environment/path.dsv
[1.605s] -- Up-to-date: /home/xiaofang/ROS2_WS/ws01_plumbing/install/cpp04_param/share/cpp04_param/local_setup.bash
[1.605s] -- Up-to-date: /home/xiaofang/ROS2_WS/ws01_plumbing/install/cpp04_param/share/cpp04_param/local_setup.sh
[1.605s] -- Up-to-date: /home/xiaofang/ROS2_WS/ws01_plumbing/install/cpp04_param/share/cpp04_param/local_setup.zsh
[1.605s] -- Up-to-date: /home/xiaofang/ROS2_WS/ws01_plumbing/install/cpp04_param/share/cpp04_param/local_setup.dsv
[1.605s] -- Installing: /home/xiaofang/ROS2_WS/ws01_plumbing/install/cpp04_param/share/cpp04_param/package.dsv
[1.606s] -- Up-to-date: /home/xiaofang/ROS2_WS/ws01_plumbing/install/cpp04_param/share/ament_index/resource_index/packages/cpp04_param
[1.606s] -- Up-to-date: /home/xiaofang/ROS2_WS/ws01_plumbing/install/cpp04_param/share/cpp04_param/cmake/cpp04_paramConfig.cmake
[1.606s] -- Up-to-date: /home/xiaofang/ROS2_WS/ws01_plumbing/install/cpp04_param/share/cpp04_param/cmake/cpp04_paramConfig-version.cmake
[1.606s] -- Up-to-date: /home/xiaofang/ROS2_WS/ws01_plumbing/install/cpp04_param/share/cpp04_param/package.xml
[1.607s] Invoked command in '/home/xiaofang/ROS2_WS/ws01_plumbing/build/cpp04_param' returned '0': CMAKE_PREFIX_PATH=${CMAKE_PREFIX_PATH}:/opt/cv_bridge_fix_link-humble/install/opencv_tests:/opt/ros/humble /usr/bin/cmake --install /home/xiaofang/ROS2_WS/ws01_plumbing/build/cpp04_param
