[0.009s] Invoking command in '/home/xiaofang/ROS2_WS/ws02_tool/build/cpp06_urdf': CMAKE_PREFIX_PATH=${CMAKE_PREFIX_PATH}:/opt/cv_bridge_fix_link-humble/install/opencv_tests:/opt/ros/humble /usr/bin/cmake --build /home/xiaofang/ROS2_WS/ws02_tool/build/cpp06_urdf -- -j20 -l20
[0.043s] Invoked command in '/home/xiaofang/ROS2_WS/ws02_tool/build/cpp06_urdf' returned '0': CMAKE_PREFIX_PATH=${CMAKE_PREFIX_PATH}:/opt/cv_bridge_fix_link-humble/install/opencv_tests:/opt/ros/humble /usr/bin/cmake --build /home/xiaofang/ROS2_WS/ws02_tool/build/cpp06_urdf -- -j20 -l20
[0.057s] Invoking command in '/home/xiaofang/ROS2_WS/ws02_tool/build/cpp06_urdf': CMAKE_PREFIX_PATH=${CMAKE_PREFIX_PATH}:/opt/cv_bridge_fix_link-humble/install/opencv_tests:/opt/ros/humble /usr/bin/cmake --install /home/xiaofang/ROS2_WS/ws02_tool/build/cpp06_urdf
[0.063s] -- Install configuration: ""
[0.063s] -- Up-to-date: /home/xiaofang/ROS2_WS/ws02_tool/install/cpp06_urdf/share/cpp06_urdf/launch
[0.063s] -- Installing: /home/xiaofang/ROS2_WS/ws02_tool/install/cpp06_urdf/share/cpp06_urdf/launch/display.launch.py
[0.063s] -- Up-to-date: /home/xiaofang/ROS2_WS/ws02_tool/install/cpp06_urdf/share/cpp06_urdf/urdf
[0.063s] -- Up-to-date: /home/xiaofang/ROS2_WS/ws02_tool/install/cpp06_urdf/share/cpp06_urdf/urdf/xacro
[0.063s] -- Up-to-date: /home/xiaofang/ROS2_WS/ws02_tool/install/cpp06_urdf/share/cpp06_urdf/urdf/urdf
[0.063s] -- Up-to-date: /home/xiaofang/ROS2_WS/ws02_tool/install/cpp06_urdf/share/cpp06_urdf/urdf/urdf/demo01_helloworld.urdf
[0.063s] -- Up-to-date: /home/xiaofang/ROS2_WS/ws02_tool/install/cpp06_urdf/share/cpp06_urdf/rviz
[0.063s] -- Up-to-date: /home/xiaofang/ROS2_WS/ws02_tool/install/cpp06_urdf/share/cpp06_urdf/meshes
[0.063s] -- Up-to-date: /home/xiaofang/ROS2_WS/ws02_tool/install/cpp06_urdf/share/cpp06_urdf/urdf
[0.063s] -- Up-to-date: /home/xiaofang/ROS2_WS/ws02_tool/install/cpp06_urdf/share/cpp06_urdf/urdf/xacro
[0.063s] -- Up-to-date: /home/xiaofang/ROS2_WS/ws02_tool/install/cpp06_urdf/share/cpp06_urdf/urdf/urdf
[0.064s] -- Up-to-date: /home/xiaofang/ROS2_WS/ws02_tool/install/cpp06_urdf/share/cpp06_urdf/urdf/urdf/demo01_helloworld.urdf
[0.064s] -- Up-to-date: /home/xiaofang/ROS2_WS/ws02_tool/install/cpp06_urdf/share/ament_index/resource_index/package_run_dependencies/cpp06_urdf
[0.064s] -- Up-to-date: /home/xiaofang/ROS2_WS/ws02_tool/install/cpp06_urdf/share/ament_index/resource_index/parent_prefix_path/cpp06_urdf
[0.064s] -- Up-to-date: /home/xiaofang/ROS2_WS/ws02_tool/install/cpp06_urdf/share/cpp06_urdf/environment/ament_prefix_path.sh
[0.064s] -- Up-to-date: /home/xiaofang/ROS2_WS/ws02_tool/install/cpp06_urdf/share/cpp06_urdf/environment/ament_prefix_path.dsv
[0.064s] -- Up-to-date: /home/xiaofang/ROS2_WS/ws02_tool/install/cpp06_urdf/share/cpp06_urdf/environment/path.sh
[0.064s] -- Up-to-date: /home/xiaofang/ROS2_WS/ws02_tool/install/cpp06_urdf/share/cpp06_urdf/environment/path.dsv
[0.064s] -- Up-to-date: /home/xiaofang/ROS2_WS/ws02_tool/install/cpp06_urdf/share/cpp06_urdf/local_setup.bash
[0.064s] -- Up-to-date: /home/xiaofang/ROS2_WS/ws02_tool/install/cpp06_urdf/share/cpp06_urdf/local_setup.sh
[0.064s] -- Up-to-date: /home/xiaofang/ROS2_WS/ws02_tool/install/cpp06_urdf/share/cpp06_urdf/local_setup.zsh
[0.064s] -- Up-to-date: /home/xiaofang/ROS2_WS/ws02_tool/install/cpp06_urdf/share/cpp06_urdf/local_setup.dsv
[0.064s] -- Installing: /home/xiaofang/ROS2_WS/ws02_tool/install/cpp06_urdf/share/cpp06_urdf/package.dsv
[0.064s] -- Up-to-date: /home/xiaofang/ROS2_WS/ws02_tool/install/cpp06_urdf/share/ament_index/resource_index/packages/cpp06_urdf
[0.064s] -- Up-to-date: /home/xiaofang/ROS2_WS/ws02_tool/install/cpp06_urdf/share/cpp06_urdf/cmake/cpp06_urdfConfig.cmake
[0.064s] -- Up-to-date: /home/xiaofang/ROS2_WS/ws02_tool/install/cpp06_urdf/share/cpp06_urdf/cmake/cpp06_urdfConfig-version.cmake
[0.064s] -- Up-to-date: /home/xiaofang/ROS2_WS/ws02_tool/install/cpp06_urdf/share/cpp06_urdf/package.xml
[0.065s] Invoked command in '/home/xiaofang/ROS2_WS/ws02_tool/build/cpp06_urdf' returned '0': CMAKE_PREFIX_PATH=${CMAKE_PREFIX_PATH}:/opt/cv_bridge_fix_link-humble/install/opencv_tests:/opt/ros/humble /usr/bin/cmake --install /home/xiaofang/ROS2_WS/ws02_tool/build/cpp06_urdf
