[0.020s] Invoking command in '/home/xiaofang/ROS2_WS/ws02_tool/build/cpp04_tf_listener': CMAKE_PREFIX_PATH=${CMAKE_PREFIX_PATH}:/opt/cv_bridge_fix_link-humble/install/opencv_tests:/opt/ros/humble /usr/bin/cmake --build /home/xiaofang/ROS2_WS/ws02_tool/build/cpp04_tf_listener -- -j20 -l20
[0.067s] [35m[1mConsolidate compiler generated dependencies of target demo02_tf_filter[0m
[0.099s] [ 50%] Built target demo02_tf_filter
[0.099s] [100%] Built target demo01_tf_listener
[0.116s] Invoked command in '/home/xiaofang/ROS2_WS/ws02_tool/build/cpp04_tf_listener' returned '0': CMAKE_PREFIX_PATH=${CMAKE_PREFIX_PATH}:/opt/cv_bridge_fix_link-humble/install/opencv_tests:/opt/ros/humble /usr/bin/cmake --build /home/xiaofang/ROS2_WS/ws02_tool/build/cpp04_tf_listener -- -j20 -l20
[0.117s] Invoking command in '/home/xiaofang/ROS2_WS/ws02_tool/build/cpp04_tf_listener': CMAKE_PREFIX_PATH=${CMAKE_PREFIX_PATH}:/opt/cv_bridge_fix_link-humble/install/opencv_tests:/opt/ros/humble /usr/bin/cmake --install /home/xiaofang/ROS2_WS/ws02_tool/build/cpp04_tf_listener
[0.129s] -- Install configuration: ""
[0.129s] -- Up-to-date: /home/xiaofang/ROS2_WS/ws02_tool/install/cpp04_tf_listener/lib/cpp04_tf_listener/demo01_tf_listener
[0.129s] -- Up-to-date: /home/xiaofang/ROS2_WS/ws02_tool/install/cpp04_tf_listener/lib/cpp04_tf_listener/demo02_tf_filter
[0.129s] -- Up-to-date: /home/xiaofang/ROS2_WS/ws02_tool/install/cpp04_tf_listener/share/ament_index/resource_index/package_run_dependencies/cpp04_tf_listener
[0.129s] -- Up-to-date: /home/xiaofang/ROS2_WS/ws02_tool/install/cpp04_tf_listener/share/ament_index/resource_index/parent_prefix_path/cpp04_tf_listener
[0.129s] -- Up-to-date: /home/xiaofang/ROS2_WS/ws02_tool/install/cpp04_tf_listener/share/cpp04_tf_listener/environment/ament_prefix_path.sh
[0.129s] -- Up-to-date: /home/xiaofang/ROS2_WS/ws02_tool/install/cpp04_tf_listener/share/cpp04_tf_listener/environment/ament_prefix_path.dsv
[0.129s] -- Up-to-date: /home/xiaofang/ROS2_WS/ws02_tool/install/cpp04_tf_listener/share/cpp04_tf_listener/environment/path.sh
[0.129s] -- Up-to-date: /home/xiaofang/ROS2_WS/ws02_tool/install/cpp04_tf_listener/share/cpp04_tf_listener/environment/path.dsv
[0.129s] -- Up-to-date: /home/xiaofang/ROS2_WS/ws02_tool/install/cpp04_tf_listener/share/cpp04_tf_listener/local_setup.bash
[0.129s] -- Up-to-date: /home/xiaofang/ROS2_WS/ws02_tool/install/cpp04_tf_listener/share/cpp04_tf_listener/local_setup.sh
[0.129s] -- Up-to-date: /home/xiaofang/ROS2_WS/ws02_tool/install/cpp04_tf_listener/share/cpp04_tf_listener/local_setup.zsh
[0.129s] -- Up-to-date: /home/xiaofang/ROS2_WS/ws02_tool/install/cpp04_tf_listener/share/cpp04_tf_listener/local_setup.dsv
[0.129s] -- Installing: /home/xiaofang/ROS2_WS/ws02_tool/install/cpp04_tf_listener/share/cpp04_tf_listener/package.dsv
[0.129s] -- Up-to-date: /home/xiaofang/ROS2_WS/ws02_tool/install/cpp04_tf_listener/share/ament_index/resource_index/packages/cpp04_tf_listener
[0.129s] -- Up-to-date: /home/xiaofang/ROS2_WS/ws02_tool/install/cpp04_tf_listener/share/cpp04_tf_listener/cmake/cpp04_tf_listenerConfig.cmake
[0.129s] -- Up-to-date: /home/xiaofang/ROS2_WS/ws02_tool/install/cpp04_tf_listener/share/cpp04_tf_listener/cmake/cpp04_tf_listenerConfig-version.cmake
[0.129s] -- Up-to-date: /home/xiaofang/ROS2_WS/ws02_tool/install/cpp04_tf_listener/share/cpp04_tf_listener/package.xml
[0.137s] Invoked command in '/home/xiaofang/ROS2_WS/ws02_tool/build/cpp04_tf_listener' returned '0': CMAKE_PREFIX_PATH=${CMAKE_PREFIX_PATH}:/opt/cv_bridge_fix_link-humble/install/opencv_tests:/opt/ros/humble /usr/bin/cmake --install /home/xiaofang/ROS2_WS/ws02_tool/build/cpp04_tf_listener
