[0.030s] Invoking command in '/home/xiaofang/ROS2_WS/ws03_nav_sim/build/mycar_description': CMAKE_PREFIX_PATH=${CMAKE_PREFIX_PATH}:/opt/cv_bridge_fix_link-humble/install/opencv_tests:/opt/ros/humble /usr/bin/cmake --build /home/xiaofang/ROS2_WS/ws03_nav_sim/build/mycar_description -- -j20 -l20
[0.073s] Invoked command in '/home/xiaofang/ROS2_WS/ws03_nav_sim/build/mycar_description' returned '0': CMAKE_PREFIX_PATH=${CMAKE_PREFIX_PATH}:/opt/cv_bridge_fix_link-humble/install/opencv_tests:/opt/ros/humble /usr/bin/cmake --build /home/xiaofang/ROS2_WS/ws03_nav_sim/build/mycar_description -- -j20 -l20
[0.084s] Invoking command in '/home/xiaofang/ROS2_WS/ws03_nav_sim/build/mycar_description': CMAKE_PREFIX_PATH=${CMAKE_PREFIX_PATH}:/opt/cv_bridge_fix_link-humble/install/opencv_tests:/opt/ros/humble /usr/bin/cmake --install /home/xiaofang/ROS2_WS/ws03_nav_sim/build/mycar_description
[0.093s] -- Install configuration: ""
[0.094s] -- Up-to-date: /home/xiaofang/ROS2_WS/ws03_nav_sim/install/mycar_description/share/mycar_description/launch
[0.094s] -- Up-to-date: /home/xiaofang/ROS2_WS/ws03_nav_sim/install/mycar_description/share/mycar_description/launch/display.launch.py
[0.095s] -- Up-to-date: /home/xiaofang/ROS2_WS/ws03_nav_sim/install/mycar_description/share/mycar_description/launch/mycar_desc_sim.launch.py
[0.095s] -- Up-to-date: /home/xiaofang/ROS2_WS/ws03_nav_sim/install/mycar_description/share/mycar_description/launch/mycar_desc_sim.launch_xacro.py
[0.096s] -- Up-to-date: /home/xiaofang/ROS2_WS/ws03_nav_sim/install/mycar_description/share/mycar_description/urdf
[0.096s] -- Up-to-date: /home/xiaofang/ROS2_WS/ws03_nav_sim/install/mycar_description/share/mycar_description/urdf/xacro
[0.096s] -- Up-to-date: /home/xiaofang/ROS2_WS/ws03_nav_sim/install/mycar_description/share/mycar_description/urdf/xacro/car.urdf.xacro
[0.096s] -- Up-to-date: /home/xiaofang/ROS2_WS/ws03_nav_sim/install/mycar_description/share/mycar_description/urdf/xacro/gazebo
[0.096s] -- Up-to-date: /home/xiaofang/ROS2_WS/ws03_nav_sim/install/mycar_description/share/mycar_description/urdf/xacro/gazebo/move_control.urdf.xacro
[0.096s] -- Up-to-date: /home/xiaofang/ROS2_WS/ws03_nav_sim/install/mycar_description/share/mycar_description/urdf/urdf
[0.096s] -- Up-to-date: /home/xiaofang/ROS2_WS/ws03_nav_sim/install/mycar_description/share/mycar_description/urdf/urdf/demo02_CyberNaviRobot.urdf
[0.096s] -- Up-to-date: /home/xiaofang/ROS2_WS/ws03_nav_sim/install/mycar_description/share/mycar_description/urdf/urdf/CyberNaviRobot.urdf
[0.096s] -- Up-to-date: /home/xiaofang/ROS2_WS/ws03_nav_sim/install/mycar_description/share/mycar_description/urdf/urdf/demo01_CyberNaviRobot.urdf
[0.097s] -- Up-to-date: /home/xiaofang/ROS2_WS/ws03_nav_sim/install/mycar_description/share/mycar_description/urdf/urdf/CyberNaviRobot.csv
[0.097s] -- Up-to-date: /home/xiaofang/ROS2_WS/ws03_nav_sim/install/mycar_description/share/mycar_description/rviz
[0.097s] -- Up-to-date: /home/xiaofang/ROS2_WS/ws03_nav_sim/install/mycar_description/share/mycar_description/rviz/.gitkeep
[0.097s] -- Up-to-date: /home/xiaofang/ROS2_WS/ws03_nav_sim/install/mycar_description/share/mycar_description/meshes
[0.097s] -- Up-to-date: /home/xiaofang/ROS2_WS/ws03_nav_sim/install/mycar_description/share/mycar_description/meshes/left_front_wheel_link.STL
[0.097s] -- Up-to-date: /home/xiaofang/ROS2_WS/ws03_nav_sim/install/mycar_description/share/mycar_description/meshes/right_rear_wheel_link.STL
[0.097s] -- Up-to-date: /home/xiaofang/ROS2_WS/ws03_nav_sim/install/mycar_description/share/mycar_description/meshes/right_front_wheel_link.STL
[0.097s] -- Up-to-date: /home/xiaofang/ROS2_WS/ws03_nav_sim/install/mycar_description/share/mycar_description/meshes/demo1_base_link.STL
[0.097s] -- Up-to-date: /home/xiaofang/ROS2_WS/ws03_nav_sim/install/mycar_description/share/mycar_description/meshes/left_rear_wheel_link.STL
[0.097s] -- Up-to-date: /home/xiaofang/ROS2_WS/ws03_nav_sim/install/mycar_description/share/mycar_description/meshes/base_link.STL
[0.097s] -- Up-to-date: /home/xiaofang/ROS2_WS/ws03_nav_sim/install/mycar_description/share/ament_index/resource_index/package_run_dependencies/mycar_description
[0.098s] -- Up-to-date: /home/xiaofang/ROS2_WS/ws03_nav_sim/install/mycar_description/share/ament_index/resource_index/parent_prefix_path/mycar_description
[0.098s] -- Up-to-date: /home/xiaofang/ROS2_WS/ws03_nav_sim/install/mycar_description/share/mycar_description/environment/ament_prefix_path.sh
[0.098s] -- Up-to-date: /home/xiaofang/ROS2_WS/ws03_nav_sim/install/mycar_description/share/mycar_description/environment/ament_prefix_path.dsv
[0.098s] -- Up-to-date: /home/xiaofang/ROS2_WS/ws03_nav_sim/install/mycar_description/share/mycar_description/environment/path.sh
[0.098s] -- Up-to-date: /home/xiaofang/ROS2_WS/ws03_nav_sim/install/mycar_description/share/mycar_description/environment/path.dsv
[0.098s] -- Up-to-date: /home/xiaofang/ROS2_WS/ws03_nav_sim/install/mycar_description/share/mycar_description/local_setup.bash
[0.098s] -- Up-to-date: /home/xiaofang/ROS2_WS/ws03_nav_sim/install/mycar_description/share/mycar_description/local_setup.sh
[0.099s] -- Up-to-date: /home/xiaofang/ROS2_WS/ws03_nav_sim/install/mycar_description/share/mycar_description/local_setup.zsh
[0.099s] -- Up-to-date: /home/xiaofang/ROS2_WS/ws03_nav_sim/install/mycar_description/share/mycar_description/local_setup.dsv
[0.099s] -- Installing: /home/xiaofang/ROS2_WS/ws03_nav_sim/install/mycar_description/share/mycar_description/package.dsv
[0.099s] -- Up-to-date: /home/xiaofang/ROS2_WS/ws03_nav_sim/install/mycar_description/share/ament_index/resource_index/packages/mycar_description
[0.099s] -- Up-to-date: /home/xiaofang/ROS2_WS/ws03_nav_sim/install/mycar_description/share/mycar_description/cmake/mycar_descriptionConfig.cmake
[0.099s] -- Up-to-date: /home/xiaofang/ROS2_WS/ws03_nav_sim/install/mycar_description/share/mycar_description/cmake/mycar_descriptionConfig-version.cmake
[0.099s] -- Up-to-date: /home/xiaofang/ROS2_WS/ws03_nav_sim/install/mycar_description/share/mycar_description/package.xml
[0.100s] Invoked command in '/home/xiaofang/ROS2_WS/ws03_nav_sim/build/mycar_description' returned '0': CMAKE_PREFIX_PATH=${CMAKE_PREFIX_PATH}:/opt/cv_bridge_fix_link-humble/install/opencv_tests:/opt/ros/humble /usr/bin/cmake --install /home/xiaofang/ROS2_WS/ws03_nav_sim/build/mycar_description
