[0.007s] Invoking command in '/home/xiaofang/ROS2_WS/ws01_plumbing/build/cpp03_action': CMAKE_PREFIX_PATH=/home/xiaofang/ROS2_WS/ws01_plumbing/install/base_interfaces_demo:/home/xiaofang/ROS2_WS/ws01_plumbing/install/cpp02_service:/home/xiaofang/ROS2_WS/ws01_plumbing/install/cpp01_topic:/opt/cv_bridge_fix_link-humble/install/vision_opencv:/opt/cv_bridge_fix_link-humble/install/image_geometry:/opt/cv_bridge_fix_link-humble/install/cv_bridge:/opt/cv_bridge_fix_link-humble/install/opencv_tests:/opt/ros/humble /usr/bin/cmake /home/xiaofang/ROS2_WS/ws01_plumbing/src/cpp03_action -DCMAKE_EXPORT_COMPILE_COMMANDS=ON -DCMAKE_INSTALL_PREFIX=/home/xiaofang/ROS2_WS/ws01_plumbing/install/cpp03_action
[0.053s] -- The C compiler identification is GNU 11.4.0
[0.092s] -- The CXX compiler identification is GNU 11.4.0
[0.098s] -- Detecting C compiler ABI info
[0.146s] -- Detecting C compiler ABI info - done
[0.150s] -- Check for working C compiler: /usr/bin/cc - skipped
[0.151s] -- Detecting C compile features
[0.152s] -- Detecting C compile features - done
[0.154s] -- Detecting CXX compiler ABI info
[0.208s] -- Detecting CXX compiler ABI info - done
[0.212s] -- Check for working CXX compiler: /usr/bin/c++ - skipped
[0.212s] -- Detecting CXX compile features
[0.212s] -- Detecting CXX compile features - done
[0.215s] -- Found ament_cmake: 1.3.11 (/opt/ros/humble/share/ament_cmake/cmake)
[0.313s] -- Found Python3: /usr/bin/python3 (found version "3.10.12") found components: Interpreter 
[0.376s] -- Found rclcpp: 16.0.12 (/opt/ros/humble/share/rclcpp/cmake)
[0.406s] -- Found rosidl_generator_c: 3.1.6 (/opt/ros/humble/share/rosidl_generator_c/cmake)
[0.409s] -- Found rosidl_adapter: 3.1.6 (/opt/ros/humble/share/rosidl_adapter/cmake)
[0.415s] -- Found rosidl_generator_cpp: 3.1.6 (/opt/ros/humble/share/rosidl_generator_cpp/cmake)
[0.422s] -- Using all available rosidl_typesupport_c: rosidl_typesupport_fastrtps_c;rosidl_typesupport_introspection_c
[0.432s] -- Using all available rosidl_typesupport_cpp: rosidl_typesupport_fastrtps_cpp;rosidl_typesupport_introspection_cpp
[0.462s] -- Found rmw_implementation_cmake: 6.1.2 (/opt/ros/humble/share/rmw_implementation_cmake/cmake)
[0.465s] -- Found rmw_fastrtps_cpp: 6.2.7 (/opt/ros/humble/share/rmw_fastrtps_cpp/cmake)
[0.545s] -- Found OpenSSL: /usr/lib/x86_64-linux-gnu/libcrypto.so (found version "3.0.2")  
[0.566s] -- Found FastRTPS: /opt/ros/humble/include  
[0.600s] -- Using RMW implementation 'rmw_fastrtps_cpp' as default
[0.609s] -- Looking for pthread.h
[0.654s] -- Looking for pthread.h - found
[0.654s] -- Performing Test CMAKE_HAVE_LIBC_PTHREAD
[0.705s] -- Performing Test CMAKE_HAVE_LIBC_PTHREAD - Success
[0.705s] -- Found Threads: TRUE  
[0.742s] -- Found rclcpp_action: 16.0.12 (/opt/ros/humble/share/rclcpp_action/cmake)
[0.762s] -- Found base_interfaces_demo: 0.0.0 (/home/xiaofang/ROS2_WS/ws01_plumbing/install/base_interfaces_demo/share/base_interfaces_demo/cmake)
[0.772s] -- Found ament_lint_auto: 0.12.12 (/opt/ros/humble/share/ament_lint_auto/cmake)
[0.822s] -- Added test 'cppcheck' to perform static code analysis on C / C++ code
[0.822s] -- Configured cppcheck include dirs: $<BUILD_INTERFACE:/home/xiaofang/ROS2_WS/ws01_plumbing/src/cpp03_action/include>
[0.822s] -- Configured cppcheck exclude dirs and/or files: 
[0.823s] -- Added test 'lint_cmake' to check CMake code style
[0.823s] -- Added test 'uncrustify' to check C / C++ code style
[0.824s] -- Configured uncrustify additional arguments: 
[0.824s] -- Added test 'xmllint' to check XML markup files
[0.825s] -- Configuring done
[0.832s] -- Generating done
[0.834s] -- Build files have been written to: /home/xiaofang/ROS2_WS/ws01_plumbing/build/cpp03_action
[0.840s] Invoked command in '/home/xiaofang/ROS2_WS/ws01_plumbing/build/cpp03_action' returned '0': CMAKE_PREFIX_PATH=/home/xiaofang/ROS2_WS/ws01_plumbing/install/base_interfaces_demo:/home/xiaofang/ROS2_WS/ws01_plumbing/install/cpp02_service:/home/xiaofang/ROS2_WS/ws01_plumbing/install/cpp01_topic:/opt/cv_bridge_fix_link-humble/install/vision_opencv:/opt/cv_bridge_fix_link-humble/install/image_geometry:/opt/cv_bridge_fix_link-humble/install/cv_bridge:/opt/cv_bridge_fix_link-humble/install/opencv_tests:/opt/ros/humble /usr/bin/cmake /home/xiaofang/ROS2_WS/ws01_plumbing/src/cpp03_action -DCMAKE_EXPORT_COMPILE_COMMANDS=ON -DCMAKE_INSTALL_PREFIX=/home/xiaofang/ROS2_WS/ws01_plumbing/install/cpp03_action
[0.841s] Invoking command in '/home/xiaofang/ROS2_WS/ws01_plumbing/build/cpp03_action': CMAKE_PREFIX_PATH=/home/xiaofang/ROS2_WS/ws01_plumbing/install/base_interfaces_demo:/home/xiaofang/ROS2_WS/ws01_plumbing/install/cpp02_service:/home/xiaofang/ROS2_WS/ws01_plumbing/install/cpp01_topic:/opt/cv_bridge_fix_link-humble/install/vision_opencv:/opt/cv_bridge_fix_link-humble/install/image_geometry:/opt/cv_bridge_fix_link-humble/install/cv_bridge:/opt/cv_bridge_fix_link-humble/install/opencv_tests:/opt/ros/humble /usr/bin/cmake --build /home/xiaofang/ROS2_WS/ws01_plumbing/build/cpp03_action -- -j20 -l20
[0.871s] [ 25%] [32mBuilding CXX object CMakeFiles/demo01_action_server.dir/src/demo01_action_server.cpp.o[0m
[0.874s] [ 50%] [32mBuilding CXX object CMakeFiles/demo02_action_client.dir/src/demo02_action_client.cpp.o[0m
[2.357s] [100%] [32m[1mLinking CXX executable demo02_action_client[0m
[2.357s] [100%] [32m[1mLinking CXX executable demo01_action_server[0m
[2.427s] [100%] Built target demo01_action_server
[2.429s] [100%] Built target demo02_action_client
[2.436s] Invoked command in '/home/xiaofang/ROS2_WS/ws01_plumbing/build/cpp03_action' returned '0': CMAKE_PREFIX_PATH=/home/xiaofang/ROS2_WS/ws01_plumbing/install/base_interfaces_demo:/home/xiaofang/ROS2_WS/ws01_plumbing/install/cpp02_service:/home/xiaofang/ROS2_WS/ws01_plumbing/install/cpp01_topic:/opt/cv_bridge_fix_link-humble/install/vision_opencv:/opt/cv_bridge_fix_link-humble/install/image_geometry:/opt/cv_bridge_fix_link-humble/install/cv_bridge:/opt/cv_bridge_fix_link-humble/install/opencv_tests:/opt/ros/humble /usr/bin/cmake --build /home/xiaofang/ROS2_WS/ws01_plumbing/build/cpp03_action -- -j20 -l20
[2.443s] Invoking command in '/home/xiaofang/ROS2_WS/ws01_plumbing/build/cpp03_action': CMAKE_PREFIX_PATH=/home/xiaofang/ROS2_WS/ws01_plumbing/install/base_interfaces_demo:/home/xiaofang/ROS2_WS/ws01_plumbing/install/cpp02_service:/home/xiaofang/ROS2_WS/ws01_plumbing/install/cpp01_topic:/opt/cv_bridge_fix_link-humble/install/vision_opencv:/opt/cv_bridge_fix_link-humble/install/image_geometry:/opt/cv_bridge_fix_link-humble/install/cv_bridge:/opt/cv_bridge_fix_link-humble/install/opencv_tests:/opt/ros/humble /usr/bin/cmake --install /home/xiaofang/ROS2_WS/ws01_plumbing/build/cpp03_action
[2.448s] -- Install configuration: ""
[2.448s] -- Installing: /home/xiaofang/ROS2_WS/ws01_plumbing/install/cpp03_action/lib/cpp03_action/demo01_action_server
[2.448s] -- Set runtime path of "/home/xiaofang/ROS2_WS/ws01_plumbing/install/cpp03_action/lib/cpp03_action/demo01_action_server" to ""
[2.448s] -- Installing: /home/xiaofang/ROS2_WS/ws01_plumbing/install/cpp03_action/share/ament_index/resource_index/package_run_dependencies/cpp03_action
[2.448s] -- Installing: /home/xiaofang/ROS2_WS/ws01_plumbing/install/cpp03_action/share/ament_index/resource_index/parent_prefix_path/cpp03_action
[2.448s] -- Installing: /home/xiaofang/ROS2_WS/ws01_plumbing/install/cpp03_action/share/cpp03_action/environment/ament_prefix_path.sh
[2.448s] -- Installing: /home/xiaofang/ROS2_WS/ws01_plumbing/install/cpp03_action/share/cpp03_action/environment/ament_prefix_path.dsv
[2.448s] -- Installing: /home/xiaofang/ROS2_WS/ws01_plumbing/install/cpp03_action/share/cpp03_action/environment/path.sh
[2.449s] -- Installing: /home/xiaofang/ROS2_WS/ws01_plumbing/install/cpp03_action/share/cpp03_action/environment/path.dsv
[2.449s] -- Installing: /home/xiaofang/ROS2_WS/ws01_plumbing/install/cpp03_action/share/cpp03_action/local_setup.bash
[2.449s] -- Installing: /home/xiaofang/ROS2_WS/ws01_plumbing/install/cpp03_action/share/cpp03_action/local_setup.sh
[2.449s] -- Installing: /home/xiaofang/ROS2_WS/ws01_plumbing/install/cpp03_action/share/cpp03_action/local_setup.zsh
[2.449s] -- Installing: /home/xiaofang/ROS2_WS/ws01_plumbing/install/cpp03_action/share/cpp03_action/local_setup.dsv
[2.449s] -- Installing: /home/xiaofang/ROS2_WS/ws01_plumbing/install/cpp03_action/share/cpp03_action/package.dsv
[2.449s] -- Installing: /home/xiaofang/ROS2_WS/ws01_plumbing/install/cpp03_action/share/ament_index/resource_index/packages/cpp03_action
[2.449s] -- Installing: /home/xiaofang/ROS2_WS/ws01_plumbing/install/cpp03_action/share/cpp03_action/cmake/cpp03_actionConfig.cmake
[2.449s] -- Installing: /home/xiaofang/ROS2_WS/ws01_plumbing/install/cpp03_action/share/cpp03_action/cmake/cpp03_actionConfig-version.cmake
[2.449s] -- Installing: /home/xiaofang/ROS2_WS/ws01_plumbing/install/cpp03_action/share/cpp03_action/package.xml
[2.451s] Invoked command in '/home/xiaofang/ROS2_WS/ws01_plumbing/build/cpp03_action' returned '0': CMAKE_PREFIX_PATH=/home/xiaofang/ROS2_WS/ws01_plumbing/install/base_interfaces_demo:/home/xiaofang/ROS2_WS/ws01_plumbing/install/cpp02_service:/home/xiaofang/ROS2_WS/ws01_plumbing/install/cpp01_topic:/opt/cv_bridge_fix_link-humble/install/vision_opencv:/opt/cv_bridge_fix_link-humble/install/image_geometry:/opt/cv_bridge_fix_link-humble/install/cv_bridge:/opt/cv_bridge_fix_link-humble/install/opencv_tests:/opt/ros/humble /usr/bin/cmake --install /home/xiaofang/ROS2_WS/ws01_plumbing/build/cpp03_action
