[0.012s] Invoking command in '/home/xiaofang/ROS2_WS/ws01_plumbing/build/cpp02_service': AMENT_PREFIX_PATH=/home/xiaofang/ROS2_WS/ws01_plumbing/install/base_interfaces_demo:${AMENT_PREFIX_PATH} CMAKE_PREFIX_PATH=/home/xiaofang/ROS2_WS/ws01_plumbing/install/base_interfaces_demo:/opt/cv_bridge_fix_link-humble/install/vision_opencv:/opt/cv_bridge_fix_link-humble/install/image_geometry:/opt/cv_bridge_fix_link-humble/install/cv_bridge:/opt/cv_bridge_fix_link-humble/install/opencv_tests:/opt/ros/humble LD_LIBRARY_PATH=/home/xiaofang/ROS2_WS/ws01_plumbing/install/base_interfaces_demo/lib:${LD_LIBRARY_PATH} PYTHONPATH=/home/xiaofang/ROS2_WS/ws01_plumbing/install/base_interfaces_demo/local/lib/python3.10/dist-packages:${PYTHONPATH} /usr/bin/cmake --build /home/xiaofang/ROS2_WS/ws01_plumbing/build/cpp02_service -- -j20 -l20
[0.042s] -- Found ament_cmake: 1.3.11 (/opt/ros/humble/share/ament_cmake/cmake)
[0.128s] -- Found rclcpp: 16.0.12 (/opt/ros/humble/share/rclcpp/cmake)
[0.153s] -- Found rosidl_generator_c: 3.1.6 (/opt/ros/humble/share/rosidl_generator_c/cmake)
[0.154s] -- Found rosidl_adapter: 3.1.6 (/opt/ros/humble/share/rosidl_adapter/cmake)
[0.159s] -- Found rosidl_generator_cpp: 3.1.6 (/opt/ros/humble/share/rosidl_generator_cpp/cmake)
[0.166s] -- Using all available rosidl_typesupport_c: rosidl_typesupport_fastrtps_c;rosidl_typesupport_introspection_c
[0.174s] -- Using all available rosidl_typesupport_cpp: rosidl_typesupport_fastrtps_cpp;rosidl_typesupport_introspection_cpp
[0.197s] -- Found rmw_implementation_cmake: 6.1.2 (/opt/ros/humble/share/rmw_implementation_cmake/cmake)
[0.198s] -- Found rmw_fastrtps_cpp: 6.2.7 (/opt/ros/humble/share/rmw_fastrtps_cpp/cmake)
[0.280s] -- Using RMW implementation 'rmw_fastrtps_cpp' as default
[0.316s] -- Found base_interfaces_demo: 0.0.0 (/home/xiaofang/ROS2_WS/ws01_plumbing/install/base_interfaces_demo/share/base_interfaces_demo/cmake)
[0.345s] -- Found ament_lint_auto: 0.12.12 (/opt/ros/humble/share/ament_lint_auto/cmake)
[0.388s] -- Added test 'cppcheck' to perform static code analysis on C / C++ code
[0.388s] -- Configured cppcheck include dirs: $<BUILD_INTERFACE:/home/xiaofang/ROS2_WS/ws01_plumbing/src/cpp02_service/include>
[0.388s] -- Configured cppcheck exclude dirs and/or files: 
[0.389s] -- Added test 'lint_cmake' to check CMake code style
[0.389s] -- Added test 'uncrustify' to check C / C++ code style
[0.389s] -- Configured uncrustify additional arguments: 
[0.389s] -- Added test 'xmllint' to check XML markup files
[0.390s] -- Configuring done
[0.398s] -- Generating done
[0.401s] -- Build files have been written to: /home/xiaofang/ROS2_WS/ws01_plumbing/build/cpp02_service
[0.419s] [35m[1mConsolidate compiler generated dependencies of target demo02_client[0m
[0.419s] [35m[1mConsolidate compiler generated dependencies of target demo01_server[0m
[0.431s] [ 25%] [32mBuilding CXX object CMakeFiles/demo02_client.dir/src/demo02_client.cpp.o[0m
[0.434s] [ 50%] [32mBuilding CXX object CMakeFiles/demo01_server.dir/src/demo01_server.cpp.o[0m
[2.204s] [ 75%] [32m[1mLinking CXX executable demo01_server[0m
[2.308s] [100%] [32m[1mLinking CXX executable demo02_client[0m
[2.310s] [100%] Built target demo01_server
[2.392s] [100%] Built target demo02_client
[2.400s] Invoked command in '/home/xiaofang/ROS2_WS/ws01_plumbing/build/cpp02_service' returned '0': AMENT_PREFIX_PATH=/home/xiaofang/ROS2_WS/ws01_plumbing/install/base_interfaces_demo:${AMENT_PREFIX_PATH} CMAKE_PREFIX_PATH=/home/xiaofang/ROS2_WS/ws01_plumbing/install/base_interfaces_demo:/opt/cv_bridge_fix_link-humble/install/vision_opencv:/opt/cv_bridge_fix_link-humble/install/image_geometry:/opt/cv_bridge_fix_link-humble/install/cv_bridge:/opt/cv_bridge_fix_link-humble/install/opencv_tests:/opt/ros/humble LD_LIBRARY_PATH=/home/xiaofang/ROS2_WS/ws01_plumbing/install/base_interfaces_demo/lib:${LD_LIBRARY_PATH} PYTHONPATH=/home/xiaofang/ROS2_WS/ws01_plumbing/install/base_interfaces_demo/local/lib/python3.10/dist-packages:${PYTHONPATH} /usr/bin/cmake --build /home/xiaofang/ROS2_WS/ws01_plumbing/build/cpp02_service -- -j20 -l20
[2.405s] Invoking command in '/home/xiaofang/ROS2_WS/ws01_plumbing/build/cpp02_service': AMENT_PREFIX_PATH=/home/xiaofang/ROS2_WS/ws01_plumbing/install/base_interfaces_demo:${AMENT_PREFIX_PATH} CMAKE_PREFIX_PATH=/home/xiaofang/ROS2_WS/ws01_plumbing/install/base_interfaces_demo:/opt/cv_bridge_fix_link-humble/install/vision_opencv:/opt/cv_bridge_fix_link-humble/install/image_geometry:/opt/cv_bridge_fix_link-humble/install/cv_bridge:/opt/cv_bridge_fix_link-humble/install/opencv_tests:/opt/ros/humble LD_LIBRARY_PATH=/home/xiaofang/ROS2_WS/ws01_plumbing/install/base_interfaces_demo/lib:${LD_LIBRARY_PATH} PYTHONPATH=/home/xiaofang/ROS2_WS/ws01_plumbing/install/base_interfaces_demo/local/lib/python3.10/dist-packages:${PYTHONPATH} /usr/bin/cmake --install /home/xiaofang/ROS2_WS/ws01_plumbing/build/cpp02_service
[2.411s] -- Install configuration: ""
[2.411s] -- Installing: /home/xiaofang/ROS2_WS/ws01_plumbing/install/cpp02_service/lib/cpp02_service/demo01_server
[2.411s] -- Set runtime path of "/home/xiaofang/ROS2_WS/ws01_plumbing/install/cpp02_service/lib/cpp02_service/demo01_server" to ""
[2.412s] -- Installing: /home/xiaofang/ROS2_WS/ws01_plumbing/install/cpp02_service/lib/cpp02_service/demo02_client
[2.412s] -- Set runtime path of "/home/xiaofang/ROS2_WS/ws01_plumbing/install/cpp02_service/lib/cpp02_service/demo02_client" to ""
[2.412s] -- Up-to-date: /home/xiaofang/ROS2_WS/ws01_plumbing/install/cpp02_service/share/ament_index/resource_index/package_run_dependencies/cpp02_service
[2.413s] -- Installing: /home/xiaofang/ROS2_WS/ws01_plumbing/install/cpp02_service/share/ament_index/resource_index/parent_prefix_path/cpp02_service
[2.413s] -- Up-to-date: /home/xiaofang/ROS2_WS/ws01_plumbing/install/cpp02_service/share/cpp02_service/environment/ament_prefix_path.sh
[2.413s] -- Installing: /home/xiaofang/ROS2_WS/ws01_plumbing/install/cpp02_service/share/cpp02_service/environment/ament_prefix_path.dsv
[2.413s] -- Up-to-date: /home/xiaofang/ROS2_WS/ws01_plumbing/install/cpp02_service/share/cpp02_service/environment/path.sh
[2.413s] -- Installing: /home/xiaofang/ROS2_WS/ws01_plumbing/install/cpp02_service/share/cpp02_service/environment/path.dsv
[2.413s] -- Up-to-date: /home/xiaofang/ROS2_WS/ws01_plumbing/install/cpp02_service/share/cpp02_service/local_setup.bash
[2.413s] -- Up-to-date: /home/xiaofang/ROS2_WS/ws01_plumbing/install/cpp02_service/share/cpp02_service/local_setup.sh
[2.413s] -- Up-to-date: /home/xiaofang/ROS2_WS/ws01_plumbing/install/cpp02_service/share/cpp02_service/local_setup.zsh
[2.413s] -- Installing: /home/xiaofang/ROS2_WS/ws01_plumbing/install/cpp02_service/share/cpp02_service/local_setup.dsv
[2.413s] -- Installing: /home/xiaofang/ROS2_WS/ws01_plumbing/install/cpp02_service/share/cpp02_service/package.dsv
[2.413s] -- Up-to-date: /home/xiaofang/ROS2_WS/ws01_plumbing/install/cpp02_service/share/ament_index/resource_index/packages/cpp02_service
[2.413s] -- Up-to-date: /home/xiaofang/ROS2_WS/ws01_plumbing/install/cpp02_service/share/cpp02_service/cmake/cpp02_serviceConfig.cmake
[2.413s] -- Up-to-date: /home/xiaofang/ROS2_WS/ws01_plumbing/install/cpp02_service/share/cpp02_service/cmake/cpp02_serviceConfig-version.cmake
[2.413s] -- Up-to-date: /home/xiaofang/ROS2_WS/ws01_plumbing/install/cpp02_service/share/cpp02_service/package.xml
[2.414s] Invoked command in '/home/xiaofang/ROS2_WS/ws01_plumbing/build/cpp02_service' returned '0': AMENT_PREFIX_PATH=/home/xiaofang/ROS2_WS/ws01_plumbing/install/base_interfaces_demo:${AMENT_PREFIX_PATH} CMAKE_PREFIX_PATH=/home/xiaofang/ROS2_WS/ws01_plumbing/install/base_interfaces_demo:/opt/cv_bridge_fix_link-humble/install/vision_opencv:/opt/cv_bridge_fix_link-humble/install/image_geometry:/opt/cv_bridge_fix_link-humble/install/cv_bridge:/opt/cv_bridge_fix_link-humble/install/opencv_tests:/opt/ros/humble LD_LIBRARY_PATH=/home/xiaofang/ROS2_WS/ws01_plumbing/install/base_interfaces_demo/lib:${LD_LIBRARY_PATH} PYTHONPATH=/home/xiaofang/ROS2_WS/ws01_plumbing/install/base_interfaces_demo/local/lib/python3.10/dist-packages:${PYTHONPATH} /usr/bin/cmake --install /home/xiaofang/ROS2_WS/ws01_plumbing/build/cpp02_service
