[0.008s] Invoking command in '/home/xiaofang/ROS2_WS/ws01_plumbing/build/cpp02_service': AMENT_PREFIX_PATH=/home/xiaofang/ROS2_WS/ws01_plumbing/install/base_interfaces_demo:${AMENT_PREFIX_PATH} CMAKE_PREFIX_PATH=/home/xiaofang/ROS2_WS/ws01_plumbing/install/base_interfaces_demo:/opt/cv_bridge_fix_link-humble/install/vision_opencv:/opt/cv_bridge_fix_link-humble/install/image_geometry:/opt/cv_bridge_fix_link-humble/install/cv_bridge:/opt/cv_bridge_fix_link-humble/install/opencv_tests:/opt/ros/humble LD_LIBRARY_PATH=/home/xiaofang/ROS2_WS/ws01_plumbing/install/base_interfaces_demo/lib:${LD_LIBRARY_PATH} PYTHONPATH=/home/xiaofang/ROS2_WS/ws01_plumbing/install/base_interfaces_demo/local/lib/python3.10/dist-packages:${PYTHONPATH} /usr/bin/cmake --build /home/xiaofang/ROS2_WS/ws01_plumbing/build/cpp02_service -- -j20 -l20
[0.044s] [ 50%] Built target demo01_server
[0.049s] [100%] Built target demo02_client
[0.056s] Invoked command in '/home/xiaofang/ROS2_WS/ws01_plumbing/build/cpp02_service' returned '0': AMENT_PREFIX_PATH=/home/xiaofang/ROS2_WS/ws01_plumbing/install/base_interfaces_demo:${AMENT_PREFIX_PATH} CMAKE_PREFIX_PATH=/home/xiaofang/ROS2_WS/ws01_plumbing/install/base_interfaces_demo:/opt/cv_bridge_fix_link-humble/install/vision_opencv:/opt/cv_bridge_fix_link-humble/install/image_geometry:/opt/cv_bridge_fix_link-humble/install/cv_bridge:/opt/cv_bridge_fix_link-humble/install/opencv_tests:/opt/ros/humble LD_LIBRARY_PATH=/home/xiaofang/ROS2_WS/ws01_plumbing/install/base_interfaces_demo/lib:${LD_LIBRARY_PATH} PYTHONPATH=/home/xiaofang/ROS2_WS/ws01_plumbing/install/base_interfaces_demo/local/lib/python3.10/dist-packages:${PYTHONPATH} /usr/bin/cmake --build /home/xiaofang/ROS2_WS/ws01_plumbing/build/cpp02_service -- -j20 -l20
[0.058s] Invoking command in '/home/xiaofang/ROS2_WS/ws01_plumbing/build/cpp02_service': AMENT_PREFIX_PATH=/home/xiaofang/ROS2_WS/ws01_plumbing/install/base_interfaces_demo:${AMENT_PREFIX_PATH} CMAKE_PREFIX_PATH=/home/xiaofang/ROS2_WS/ws01_plumbing/install/base_interfaces_demo:/opt/cv_bridge_fix_link-humble/install/vision_opencv:/opt/cv_bridge_fix_link-humble/install/image_geometry:/opt/cv_bridge_fix_link-humble/install/cv_bridge:/opt/cv_bridge_fix_link-humble/install/opencv_tests:/opt/ros/humble LD_LIBRARY_PATH=/home/xiaofang/ROS2_WS/ws01_plumbing/install/base_interfaces_demo/lib:${LD_LIBRARY_PATH} PYTHONPATH=/home/xiaofang/ROS2_WS/ws01_plumbing/install/base_interfaces_demo/local/lib/python3.10/dist-packages:${PYTHONPATH} /usr/bin/cmake --install /home/xiaofang/ROS2_WS/ws01_plumbing/build/cpp02_service
[0.062s] -- Install configuration: ""
[0.062s] -- Up-to-date: /home/xiaofang/ROS2_WS/ws01_plumbing/install/cpp02_service/lib/cpp02_service/demo01_server
[0.062s] -- Up-to-date: /home/xiaofang/ROS2_WS/ws01_plumbing/install/cpp02_service/lib/cpp02_service/demo02_client
[0.062s] -- Up-to-date: /home/xiaofang/ROS2_WS/ws01_plumbing/install/cpp02_service/share/ament_index/resource_index/package_run_dependencies/cpp02_service
[0.063s] -- Up-to-date: /home/xiaofang/ROS2_WS/ws01_plumbing/install/cpp02_service/share/ament_index/resource_index/parent_prefix_path/cpp02_service
[0.063s] -- Up-to-date: /home/xiaofang/ROS2_WS/ws01_plumbing/install/cpp02_service/share/cpp02_service/environment/ament_prefix_path.sh
[0.063s] -- Up-to-date: /home/xiaofang/ROS2_WS/ws01_plumbing/install/cpp02_service/share/cpp02_service/environment/ament_prefix_path.dsv
[0.063s] -- Up-to-date: /home/xiaofang/ROS2_WS/ws01_plumbing/install/cpp02_service/share/cpp02_service/environment/path.sh
[0.063s] -- Up-to-date: /home/xiaofang/ROS2_WS/ws01_plumbing/install/cpp02_service/share/cpp02_service/environment/path.dsv
[0.063s] -- Up-to-date: /home/xiaofang/ROS2_WS/ws01_plumbing/install/cpp02_service/share/cpp02_service/local_setup.bash
[0.063s] -- Up-to-date: /home/xiaofang/ROS2_WS/ws01_plumbing/install/cpp02_service/share/cpp02_service/local_setup.sh
[0.063s] -- Up-to-date: /home/xiaofang/ROS2_WS/ws01_plumbing/install/cpp02_service/share/cpp02_service/local_setup.zsh
[0.063s] -- Up-to-date: /home/xiaofang/ROS2_WS/ws01_plumbing/install/cpp02_service/share/cpp02_service/local_setup.dsv
[0.063s] -- Installing: /home/xiaofang/ROS2_WS/ws01_plumbing/install/cpp02_service/share/cpp02_service/package.dsv
[0.063s] -- Up-to-date: /home/xiaofang/ROS2_WS/ws01_plumbing/install/cpp02_service/share/ament_index/resource_index/packages/cpp02_service
[0.064s] -- Up-to-date: /home/xiaofang/ROS2_WS/ws01_plumbing/install/cpp02_service/share/cpp02_service/cmake/cpp02_serviceConfig.cmake
[0.064s] -- Up-to-date: /home/xiaofang/ROS2_WS/ws01_plumbing/install/cpp02_service/share/cpp02_service/cmake/cpp02_serviceConfig-version.cmake
[0.064s] -- Up-to-date: /home/xiaofang/ROS2_WS/ws01_plumbing/install/cpp02_service/share/cpp02_service/package.xml
[0.064s] Invoked command in '/home/xiaofang/ROS2_WS/ws01_plumbing/build/cpp02_service' returned '0': AMENT_PREFIX_PATH=/home/xiaofang/ROS2_WS/ws01_plumbing/install/base_interfaces_demo:${AMENT_PREFIX_PATH} CMAKE_PREFIX_PATH=/home/xiaofang/ROS2_WS/ws01_plumbing/install/base_interfaces_demo:/opt/cv_bridge_fix_link-humble/install/vision_opencv:/opt/cv_bridge_fix_link-humble/install/image_geometry:/opt/cv_bridge_fix_link-humble/install/cv_bridge:/opt/cv_bridge_fix_link-humble/install/opencv_tests:/opt/ros/humble LD_LIBRARY_PATH=/home/xiaofang/ROS2_WS/ws01_plumbing/install/base_interfaces_demo/lib:${LD_LIBRARY_PATH} PYTHONPATH=/home/xiaofang/ROS2_WS/ws01_plumbing/install/base_interfaces_demo/local/lib/python3.10/dist-packages:${PYTHONPATH} /usr/bin/cmake --install /home/xiaofang/ROS2_WS/ws01_plumbing/build/cpp02_service
