[0.008s] Invoking command in '/home/xiaofang/ROS2_WS/ws01_plumbing/build/cpp04_param': CMAKE_PREFIX_PATH=${CMAKE_PREFIX_PATH}:/opt/cv_bridge_fix_link-humble/install/opencv_tests:/opt/ros/humble /usr/bin/cmake /home/xiaofang/ROS2_WS/ws01_plumbing/src/cpp04_param -DCMAKE_EXPORT_COMPILE_COMMANDS=ON -DCMAKE_INSTALL_PREFIX=/home/xiaofang/ROS2_WS/ws01_plumbing/install/cpp04_param
[0.068s] -- The C compiler identification is GNU 11.4.0
[0.113s] -- The CXX compiler identification is GNU 11.4.0
[0.119s] -- Detecting C compiler ABI info
[0.167s] -- Detecting C compiler ABI info - done
[0.171s] -- Check for working C compiler: /usr/bin/cc - skipped
[0.171s] -- Detecting C compile features
[0.171s] -- Detecting C compile features - done
[0.173s] -- Detecting CXX compiler ABI info
[0.226s] -- Detecting CXX compiler ABI info - done
[0.230s] -- Check for working CXX compiler: /usr/bin/c++ - skipped
[0.230s] -- Detecting CXX compile features
[0.230s] -- Detecting CXX compile features - done
[0.238s] -- Found ament_cmake: 1.3.11 (/opt/ros/humble/share/ament_cmake/cmake)
[0.341s] -- Found Python3: /usr/bin/python3 (found version "3.10.12") found components: Interpreter 
[0.409s] -- Found rclcpp: 16.0.12 (/opt/ros/humble/share/rclcpp/cmake)
[0.449s] -- Found rosidl_generator_c: 3.1.6 (/opt/ros/humble/share/rosidl_generator_c/cmake)
[0.453s] -- Found rosidl_adapter: 3.1.6 (/opt/ros/humble/share/rosidl_adapter/cmake)
[0.461s] -- Found rosidl_generator_cpp: 3.1.6 (/opt/ros/humble/share/rosidl_generator_cpp/cmake)
[0.471s] -- Using all available rosidl_typesupport_c: rosidl_typesupport_fastrtps_c;rosidl_typesupport_introspection_c
[0.484s] -- Using all available rosidl_typesupport_cpp: rosidl_typesupport_fastrtps_cpp;rosidl_typesupport_introspection_cpp
[0.520s] -- Found rmw_implementation_cmake: 6.1.2 (/opt/ros/humble/share/rmw_implementation_cmake/cmake)
[0.523s] -- Found rmw_fastrtps_cpp: 6.2.7 (/opt/ros/humble/share/rmw_fastrtps_cpp/cmake)
[0.597s] -- Found OpenSSL: /usr/lib/x86_64-linux-gnu/libcrypto.so (found version "3.0.2")  
[0.619s] -- Found FastRTPS: /opt/ros/humble/include  
[0.653s] -- Using RMW implementation 'rmw_fastrtps_cpp' as default
[0.663s] -- Looking for pthread.h
[0.708s] -- Looking for pthread.h - found
[0.708s] -- Performing Test CMAKE_HAVE_LIBC_PTHREAD
[0.756s] -- Performing Test CMAKE_HAVE_LIBC_PTHREAD - Success
[0.756s] -- Found Threads: TRUE  
[0.794s] -- Found ament_lint_auto: 0.12.12 (/opt/ros/humble/share/ament_lint_auto/cmake)
[0.847s] -- Added test 'cppcheck' to perform static code analysis on C / C++ code
[0.847s] -- Configured cppcheck include dirs: 
[0.847s] -- Configured cppcheck exclude dirs and/or files: 
[0.847s] -- Added test 'lint_cmake' to check CMake code style
[0.848s] -- Added test 'uncrustify' to check C / C++ code style
[0.848s] -- Configured uncrustify additional arguments: 
[0.849s] -- Added test 'xmllint' to check XML markup files
[0.849s] -- Configuring done
[0.852s] -- Generating done
[0.853s] [33mCMake Warning:
[0.853s]   Manually-specified variables were not used by the project:
[0.853s] 
[0.853s]     CMAKE_EXPORT_COMPILE_COMMANDS
[0.853s] 
[0.853s] [0m
[0.853s] -- Build files have been written to: /home/xiaofang/ROS2_WS/ws01_plumbing/build/cpp04_param
[0.858s] Invoked command in '/home/xiaofang/ROS2_WS/ws01_plumbing/build/cpp04_param' returned '0': CMAKE_PREFIX_PATH=${CMAKE_PREFIX_PATH}:/opt/cv_bridge_fix_link-humble/install/opencv_tests:/opt/ros/humble /usr/bin/cmake /home/xiaofang/ROS2_WS/ws01_plumbing/src/cpp04_param -DCMAKE_EXPORT_COMPILE_COMMANDS=ON -DCMAKE_INSTALL_PREFIX=/home/xiaofang/ROS2_WS/ws01_plumbing/install/cpp04_param
[0.860s] Invoking command in '/home/xiaofang/ROS2_WS/ws01_plumbing/build/cpp04_param': CMAKE_PREFIX_PATH=${CMAKE_PREFIX_PATH}:/opt/cv_bridge_fix_link-humble/install/opencv_tests:/opt/ros/humble /usr/bin/cmake --build /home/xiaofang/ROS2_WS/ws01_plumbing/build/cpp04_param -- -j20 -l20
[0.886s] Invoked command in '/home/xiaofang/ROS2_WS/ws01_plumbing/build/cpp04_param' returned '0': CMAKE_PREFIX_PATH=${CMAKE_PREFIX_PATH}:/opt/cv_bridge_fix_link-humble/install/opencv_tests:/opt/ros/humble /usr/bin/cmake --build /home/xiaofang/ROS2_WS/ws01_plumbing/build/cpp04_param -- -j20 -l20
[0.893s] Invoking command in '/home/xiaofang/ROS2_WS/ws01_plumbing/build/cpp04_param': CMAKE_PREFIX_PATH=${CMAKE_PREFIX_PATH}:/opt/cv_bridge_fix_link-humble/install/opencv_tests:/opt/ros/humble /usr/bin/cmake --install /home/xiaofang/ROS2_WS/ws01_plumbing/build/cpp04_param
[0.896s] -- Install configuration: ""
[0.896s] -- Installing: /home/xiaofang/ROS2_WS/ws01_plumbing/install/cpp04_param/share/ament_index/resource_index/package_run_dependencies/cpp04_param
[0.896s] -- Installing: /home/xiaofang/ROS2_WS/ws01_plumbing/install/cpp04_param/share/ament_index/resource_index/parent_prefix_path/cpp04_param
[0.897s] -- Installing: /home/xiaofang/ROS2_WS/ws01_plumbing/install/cpp04_param/share/cpp04_param/environment/ament_prefix_path.sh
[0.897s] -- Installing: /home/xiaofang/ROS2_WS/ws01_plumbing/install/cpp04_param/share/cpp04_param/environment/ament_prefix_path.dsv
[0.897s] -- Installing: /home/xiaofang/ROS2_WS/ws01_plumbing/install/cpp04_param/share/cpp04_param/environment/path.sh
[0.897s] -- Installing: /home/xiaofang/ROS2_WS/ws01_plumbing/install/cpp04_param/share/cpp04_param/environment/path.dsv
[0.897s] -- Installing: /home/xiaofang/ROS2_WS/ws01_plumbing/install/cpp04_param/share/cpp04_param/local_setup.bash
[0.897s] -- Installing: /home/xiaofang/ROS2_WS/ws01_plumbing/install/cpp04_param/share/cpp04_param/local_setup.sh
[0.897s] -- Installing: /home/xiaofang/ROS2_WS/ws01_plumbing/install/cpp04_param/share/cpp04_param/local_setup.zsh
[0.897s] -- Installing: /home/xiaofang/ROS2_WS/ws01_plumbing/install/cpp04_param/share/cpp04_param/local_setup.dsv
[0.897s] -- Installing: /home/xiaofang/ROS2_WS/ws01_plumbing/install/cpp04_param/share/cpp04_param/package.dsv
[0.897s] -- Installing: /home/xiaofang/ROS2_WS/ws01_plumbing/install/cpp04_param/share/ament_index/resource_index/packages/cpp04_param
[0.897s] -- Installing: /home/xiaofang/ROS2_WS/ws01_plumbing/install/cpp04_param/share/cpp04_param/cmake/cpp04_paramConfig.cmake
[0.897s] -- Installing: /home/xiaofang/ROS2_WS/ws01_plumbing/install/cpp04_param/share/cpp04_param/cmake/cpp04_paramConfig-version.cmake
[0.897s] -- Installing: /home/xiaofang/ROS2_WS/ws01_plumbing/install/cpp04_param/share/cpp04_param/package.xml
[0.899s] Invoked command in '/home/xiaofang/ROS2_WS/ws01_plumbing/build/cpp04_param' returned '0': CMAKE_PREFIX_PATH=${CMAKE_PREFIX_PATH}:/opt/cv_bridge_fix_link-humble/install/opencv_tests:/opt/ros/humble /usr/bin/cmake --install /home/xiaofang/ROS2_WS/ws01_plumbing/build/cpp04_param
