[0.016s] Invoking command in '/home/xiaofang/ROS2_WS/ws03_nav_sim/build/mycar_map_server': CMAKE_PREFIX_PATH=${CMAKE_PREFIX_PATH}:/opt/cv_bridge_fix_link-humble/install/opencv_tests:/opt/ros/humble /usr/bin/cmake /home/xiaofang/ROS2_WS/ws03_nav_sim/src/mycar_map_server -DCMAKE_EXPORT_COMPILE_COMMANDS=ON -DCMAKE_INSTALL_PREFIX=/home/xiaofang/ROS2_WS/ws03_nav_sim/install/mycar_map_server
[0.062s] -- The C compiler identification is GNU 11.4.0
[0.102s] -- The CXX compiler identification is GNU 11.4.0
[0.108s] -- Detecting C compiler ABI info
[0.175s] -- Detecting C compiler ABI info - done
[0.183s] -- Check for working C compiler: /usr/bin/cc - skipped
[0.183s] -- Detecting C compile features
[0.183s] -- Detecting C compile features - done
[0.185s] -- Detecting CXX compiler ABI info
[0.271s] -- Detecting CXX compiler ABI info - done
[0.277s] -- Check for working CXX compiler: /usr/bin/c++ - skipped
[0.277s] -- Detecting CXX compile features
[0.277s] -- Detecting CXX compile features - done
[0.279s] -- Found ament_cmake: 1.3.11 (/opt/ros/humble/share/ament_cmake/cmake)
[0.404s] -- Found Python3: /usr/bin/python3 (found version "3.10.12") found components: Interpreter 
[0.478s] -- Found nav2_map_server: 1.1.18 (/opt/ros/humble/share/nav2_map_server/cmake)
[0.515s] -- Found rosidl_generator_c: 3.1.6 (/opt/ros/humble/share/rosidl_generator_c/cmake)
[0.519s] -- Found rosidl_adapter: 3.1.6 (/opt/ros/humble/share/rosidl_adapter/cmake)
[0.525s] -- Found rosidl_generator_cpp: 3.1.6 (/opt/ros/humble/share/rosidl_generator_cpp/cmake)
[0.533s] -- Using all available rosidl_typesupport_c: rosidl_typesupport_fastrtps_c;rosidl_typesupport_introspection_c
[0.545s] -- Using all available rosidl_typesupport_cpp: rosidl_typesupport_fastrtps_cpp;rosidl_typesupport_introspection_cpp
[0.675s] -- Found rmw_implementation_cmake: 6.1.2 (/opt/ros/humble/share/rmw_implementation_cmake/cmake)
[0.677s] -- Found rmw_fastrtps_cpp: 6.2.7 (/opt/ros/humble/share/rmw_fastrtps_cpp/cmake)
[0.757s] -- Found OpenSSL: /usr/lib/x86_64-linux-gnu/libcrypto.so (found version "3.0.2")  
[0.783s] -- Found FastRTPS: /opt/ros/humble/include  
[0.829s] -- Using RMW implementation 'rmw_fastrtps_cpp' as default
[0.836s] -- Looking for pthread.h
[0.896s] -- Looking for pthread.h - found
[0.896s] -- Performing Test CMAKE_HAVE_LIBC_PTHREAD
[0.962s] -- Performing Test CMAKE_HAVE_LIBC_PTHREAD - Success
[0.963s] -- Found Threads: TRUE  
[1.058s] -- Found eigen3_cmake_module: 0.1.1 (/opt/ros/humble/share/eigen3_cmake_module/cmake)
[1.060s] -- Found Eigen3: TRUE (found version "3.4.0") 
[1.060s] -- Ensuring Eigen3 include directory is part of orocos-kdl CMake target
[1.119s] -- Found ament_lint_auto: 0.12.12 (/opt/ros/humble/share/ament_lint_auto/cmake)
[1.175s] -- Added test 'flake8' to check Python code syntax and style conventions
[1.176s] -- Added test 'lint_cmake' to check CMake code style
[1.176s] -- Added test 'pep257' to check Python code against some of the docstring style conventions in PEP 257
[1.177s] -- Added test 'xmllint' to check XML markup files
[1.177s] -- Configuring done
[1.181s] -- Generating done
[1.181s] [33mCMake Warning:
[1.182s]   Manually-specified variables were not used by the project:
[1.182s] 
[1.182s]     CMAKE_EXPORT_COMPILE_COMMANDS
[1.182s] 
[1.182s] [0m
[1.182s] -- Build files have been written to: /home/xiaofang/ROS2_WS/ws03_nav_sim/build/mycar_map_server
[1.189s] Invoked command in '/home/xiaofang/ROS2_WS/ws03_nav_sim/build/mycar_map_server' returned '0': CMAKE_PREFIX_PATH=${CMAKE_PREFIX_PATH}:/opt/cv_bridge_fix_link-humble/install/opencv_tests:/opt/ros/humble /usr/bin/cmake /home/xiaofang/ROS2_WS/ws03_nav_sim/src/mycar_map_server -DCMAKE_EXPORT_COMPILE_COMMANDS=ON -DCMAKE_INSTALL_PREFIX=/home/xiaofang/ROS2_WS/ws03_nav_sim/install/mycar_map_server
[1.190s] Invoking command in '/home/xiaofang/ROS2_WS/ws03_nav_sim/build/mycar_map_server': CMAKE_PREFIX_PATH=${CMAKE_PREFIX_PATH}:/opt/cv_bridge_fix_link-humble/install/opencv_tests:/opt/ros/humble /usr/bin/cmake --build /home/xiaofang/ROS2_WS/ws03_nav_sim/build/mycar_map_server -- -j20 -l20
[1.226s] Invoked command in '/home/xiaofang/ROS2_WS/ws03_nav_sim/build/mycar_map_server' returned '0': CMAKE_PREFIX_PATH=${CMAKE_PREFIX_PATH}:/opt/cv_bridge_fix_link-humble/install/opencv_tests:/opt/ros/humble /usr/bin/cmake --build /home/xiaofang/ROS2_WS/ws03_nav_sim/build/mycar_map_server -- -j20 -l20
[1.228s] Invoking command in '/home/xiaofang/ROS2_WS/ws03_nav_sim/build/mycar_map_server': CMAKE_PREFIX_PATH=${CMAKE_PREFIX_PATH}:/opt/cv_bridge_fix_link-humble/install/opencv_tests:/opt/ros/humble /usr/bin/cmake --install /home/xiaofang/ROS2_WS/ws03_nav_sim/build/mycar_map_server
[1.233s] -- Install configuration: ""
[1.233s] -- Installing: /home/xiaofang/ROS2_WS/ws03_nav_sim/install/mycar_map_server/share/mycar_map_server/launch
[1.233s] -- Installing: /home/xiaofang/ROS2_WS/ws03_nav_sim/install/mycar_map_server/share/mycar_map_server/launch/map_server.launch.py
[1.233s] -- Installing: /home/xiaofang/ROS2_WS/ws03_nav_sim/install/mycar_map_server/share/ament_index/resource_index/package_run_dependencies/mycar_map_server
[1.233s] -- Installing: /home/xiaofang/ROS2_WS/ws03_nav_sim/install/mycar_map_server/share/ament_index/resource_index/parent_prefix_path/mycar_map_server
[1.233s] -- Installing: /home/xiaofang/ROS2_WS/ws03_nav_sim/install/mycar_map_server/share/mycar_map_server/environment/ament_prefix_path.sh
[1.233s] -- Installing: /home/xiaofang/ROS2_WS/ws03_nav_sim/install/mycar_map_server/share/mycar_map_server/environment/ament_prefix_path.dsv
[1.233s] -- Installing: /home/xiaofang/ROS2_WS/ws03_nav_sim/install/mycar_map_server/share/mycar_map_server/environment/path.sh
[1.233s] -- Installing: /home/xiaofang/ROS2_WS/ws03_nav_sim/install/mycar_map_server/share/mycar_map_server/environment/path.dsv
[1.233s] -- Installing: /home/xiaofang/ROS2_WS/ws03_nav_sim/install/mycar_map_server/share/mycar_map_server/local_setup.bash
[1.233s] -- Installing: /home/xiaofang/ROS2_WS/ws03_nav_sim/install/mycar_map_server/share/mycar_map_server/local_setup.sh
[1.233s] -- Installing: /home/xiaofang/ROS2_WS/ws03_nav_sim/install/mycar_map_server/share/mycar_map_server/local_setup.zsh
[1.233s] -- Installing: /home/xiaofang/ROS2_WS/ws03_nav_sim/install/mycar_map_server/share/mycar_map_server/local_setup.dsv
[1.233s] -- Installing: /home/xiaofang/ROS2_WS/ws03_nav_sim/install/mycar_map_server/share/mycar_map_server/package.dsv
[1.233s] -- Installing: /home/xiaofang/ROS2_WS/ws03_nav_sim/install/mycar_map_server/share/ament_index/resource_index/packages/mycar_map_server
[1.233s] -- Installing: /home/xiaofang/ROS2_WS/ws03_nav_sim/install/mycar_map_server/share/mycar_map_server/cmake/mycar_map_serverConfig.cmake
[1.233s] -- Installing: /home/xiaofang/ROS2_WS/ws03_nav_sim/install/mycar_map_server/share/mycar_map_server/cmake/mycar_map_serverConfig-version.cmake
[1.234s] -- Installing: /home/xiaofang/ROS2_WS/ws03_nav_sim/install/mycar_map_server/share/mycar_map_server/package.xml
[1.235s] Invoked command in '/home/xiaofang/ROS2_WS/ws03_nav_sim/build/mycar_map_server' returned '0': CMAKE_PREFIX_PATH=${CMAKE_PREFIX_PATH}:/opt/cv_bridge_fix_link-humble/install/opencv_tests:/opt/ros/humble /usr/bin/cmake --install /home/xiaofang/ROS2_WS/ws03_nav_sim/build/mycar_map_server
