[0.007s] Invoking command in '/home/xiaofang/ROS2_WS/ws02_tool/build/cpp04_tf_listener': CMAKE_PREFIX_PATH=${CMAKE_PREFIX_PATH}:/opt/cv_bridge_fix_link-humble/install/opencv_tests:/opt/ros/humble /usr/bin/cmake --build /home/xiaofang/ROS2_WS/ws02_tool/build/cpp04_tf_listener -- -j20 -l20
[0.034s] [35m[1mConsolidate compiler generated dependencies of target demo02_tf_filter[0m
[0.044s] [ 25%] [32mBuilding CXX object CMakeFiles/demo02_tf_filter.dir/src/demo02_tf_filter.cpp.o[0m
[0.045s] [ 75%] Built target demo01_tf_listener
[4.916s] [100%] [32m[1mLinking CXX executable demo02_tf_filter[0m
[5.157s] [100%] Built target demo02_tf_filter
[5.166s] Invoked command in '/home/xiaofang/ROS2_WS/ws02_tool/build/cpp04_tf_listener' returned '0': CMAKE_PREFIX_PATH=${CMAKE_PREFIX_PATH}:/opt/cv_bridge_fix_link-humble/install/opencv_tests:/opt/ros/humble /usr/bin/cmake --build /home/xiaofang/ROS2_WS/ws02_tool/build/cpp04_tf_listener -- -j20 -l20
[5.173s] Invoking command in '/home/xiaofang/ROS2_WS/ws02_tool/build/cpp04_tf_listener': CMAKE_PREFIX_PATH=${CMAKE_PREFIX_PATH}:/opt/cv_bridge_fix_link-humble/install/opencv_tests:/opt/ros/humble /usr/bin/cmake --install /home/xiaofang/ROS2_WS/ws02_tool/build/cpp04_tf_listener
[5.179s] -- Install configuration: ""
[5.179s] -- Up-to-date: /home/xiaofang/ROS2_WS/ws02_tool/install/cpp04_tf_listener/lib/cpp04_tf_listener/demo01_tf_listener
[5.179s] -- Installing: /home/xiaofang/ROS2_WS/ws02_tool/install/cpp04_tf_listener/lib/cpp04_tf_listener/demo02_tf_filter
[5.181s] -- Set runtime path of "/home/xiaofang/ROS2_WS/ws02_tool/install/cpp04_tf_listener/lib/cpp04_tf_listener/demo02_tf_filter" to ""
[5.181s] -- Up-to-date: /home/xiaofang/ROS2_WS/ws02_tool/install/cpp04_tf_listener/share/ament_index/resource_index/package_run_dependencies/cpp04_tf_listener
[5.181s] -- Up-to-date: /home/xiaofang/ROS2_WS/ws02_tool/install/cpp04_tf_listener/share/ament_index/resource_index/parent_prefix_path/cpp04_tf_listener
[5.181s] -- Up-to-date: /home/xiaofang/ROS2_WS/ws02_tool/install/cpp04_tf_listener/share/cpp04_tf_listener/environment/ament_prefix_path.sh
[5.181s] -- Installing: /home/xiaofang/ROS2_WS/ws02_tool/install/cpp04_tf_listener/share/cpp04_tf_listener/environment/ament_prefix_path.dsv
[5.181s] -- Up-to-date: /home/xiaofang/ROS2_WS/ws02_tool/install/cpp04_tf_listener/share/cpp04_tf_listener/environment/path.sh
[5.181s] -- Installing: /home/xiaofang/ROS2_WS/ws02_tool/install/cpp04_tf_listener/share/cpp04_tf_listener/environment/path.dsv
[5.181s] -- Up-to-date: /home/xiaofang/ROS2_WS/ws02_tool/install/cpp04_tf_listener/share/cpp04_tf_listener/local_setup.bash
[5.181s] -- Up-to-date: /home/xiaofang/ROS2_WS/ws02_tool/install/cpp04_tf_listener/share/cpp04_tf_listener/local_setup.sh
[5.181s] -- Up-to-date: /home/xiaofang/ROS2_WS/ws02_tool/install/cpp04_tf_listener/share/cpp04_tf_listener/local_setup.zsh
[5.181s] -- Installing: /home/xiaofang/ROS2_WS/ws02_tool/install/cpp04_tf_listener/share/cpp04_tf_listener/local_setup.dsv
[5.181s] -- Installing: /home/xiaofang/ROS2_WS/ws02_tool/install/cpp04_tf_listener/share/cpp04_tf_listener/package.dsv
[5.181s] -- Up-to-date: /home/xiaofang/ROS2_WS/ws02_tool/install/cpp04_tf_listener/share/ament_index/resource_index/packages/cpp04_tf_listener
[5.181s] -- Up-to-date: /home/xiaofang/ROS2_WS/ws02_tool/install/cpp04_tf_listener/share/cpp04_tf_listener/cmake/cpp04_tf_listenerConfig.cmake
[5.181s] -- Up-to-date: /home/xiaofang/ROS2_WS/ws02_tool/install/cpp04_tf_listener/share/cpp04_tf_listener/cmake/cpp04_tf_listenerConfig-version.cmake
[5.181s] -- Up-to-date: /home/xiaofang/ROS2_WS/ws02_tool/install/cpp04_tf_listener/share/cpp04_tf_listener/package.xml
[5.183s] Invoked command in '/home/xiaofang/ROS2_WS/ws02_tool/build/cpp04_tf_listener' returned '0': CMAKE_PREFIX_PATH=${CMAKE_PREFIX_PATH}:/opt/cv_bridge_fix_link-humble/install/opencv_tests:/opt/ros/humble /usr/bin/cmake --install /home/xiaofang/ROS2_WS/ws02_tool/build/cpp04_tf_listener
