[0.007s] Invoking command in '/home/xiaofang/ROS2_WS/ws02_tool/build/cpp04_tf_listener': CMAKE_PREFIX_PATH=${CMAKE_PREFIX_PATH}:/opt/cv_bridge_fix_link-humble/install/opencv_tests:/opt/ros/humble /usr/bin/cmake --build /home/xiaofang/ROS2_WS/ws02_tool/build/cpp04_tf_listener -- -j20 -l20
[0.038s] [35m[1mConsolidate compiler generated dependencies of target demo01_tf_listener[0m
[0.045s] [ 50%] [32mBuilding CXX object CMakeFiles/demo01_tf_listener.dir/src/demo01_tf_listener.cpp.o[0m
[1.828s] [100%] [32m[1mLinking CXX executable demo01_tf_listener[0m
[1.909s] [100%] Built target demo01_tf_listener
[1.915s] Invoked command in '/home/xiaofang/ROS2_WS/ws02_tool/build/cpp04_tf_listener' returned '0': CMAKE_PREFIX_PATH=${CMAKE_PREFIX_PATH}:/opt/cv_bridge_fix_link-humble/install/opencv_tests:/opt/ros/humble /usr/bin/cmake --build /home/xiaofang/ROS2_WS/ws02_tool/build/cpp04_tf_listener -- -j20 -l20
[1.923s] Invoking command in '/home/xiaofang/ROS2_WS/ws02_tool/build/cpp04_tf_listener': CMAKE_PREFIX_PATH=${CMAKE_PREFIX_PATH}:/opt/cv_bridge_fix_link-humble/install/opencv_tests:/opt/ros/humble /usr/bin/cmake --install /home/xiaofang/ROS2_WS/ws02_tool/build/cpp04_tf_listener
[1.927s] -- Install configuration: ""
[1.927s] -- Installing: /home/xiaofang/ROS2_WS/ws02_tool/install/cpp04_tf_listener/lib/cpp04_tf_listener/demo01_tf_listener
[1.927s] -- Set runtime path of "/home/xiaofang/ROS2_WS/ws02_tool/install/cpp04_tf_listener/lib/cpp04_tf_listener/demo01_tf_listener" to ""
[1.927s] -- Up-to-date: /home/xiaofang/ROS2_WS/ws02_tool/install/cpp04_tf_listener/share/ament_index/resource_index/package_run_dependencies/cpp04_tf_listener
[1.927s] -- Up-to-date: /home/xiaofang/ROS2_WS/ws02_tool/install/cpp04_tf_listener/share/ament_index/resource_index/parent_prefix_path/cpp04_tf_listener
[1.927s] -- Up-to-date: /home/xiaofang/ROS2_WS/ws02_tool/install/cpp04_tf_listener/share/cpp04_tf_listener/environment/ament_prefix_path.sh
[1.927s] -- Up-to-date: /home/xiaofang/ROS2_WS/ws02_tool/install/cpp04_tf_listener/share/cpp04_tf_listener/environment/ament_prefix_path.dsv
[1.927s] -- Up-to-date: /home/xiaofang/ROS2_WS/ws02_tool/install/cpp04_tf_listener/share/cpp04_tf_listener/environment/path.sh
[1.927s] -- Up-to-date: /home/xiaofang/ROS2_WS/ws02_tool/install/cpp04_tf_listener/share/cpp04_tf_listener/environment/path.dsv
[1.928s] -- Up-to-date: /home/xiaofang/ROS2_WS/ws02_tool/install/cpp04_tf_listener/share/cpp04_tf_listener/local_setup.bash
[1.928s] -- Up-to-date: /home/xiaofang/ROS2_WS/ws02_tool/install/cpp04_tf_listener/share/cpp04_tf_listener/local_setup.sh
[1.928s] -- Up-to-date: /home/xiaofang/ROS2_WS/ws02_tool/install/cpp04_tf_listener/share/cpp04_tf_listener/local_setup.zsh
[1.928s] -- Up-to-date: /home/xiaofang/ROS2_WS/ws02_tool/install/cpp04_tf_listener/share/cpp04_tf_listener/local_setup.dsv
[1.928s] -- Up-to-date: /home/xiaofang/ROS2_WS/ws02_tool/install/cpp04_tf_listener/share/cpp04_tf_listener/package.dsv
[1.928s] -- Up-to-date: /home/xiaofang/ROS2_WS/ws02_tool/install/cpp04_tf_listener/share/ament_index/resource_index/packages/cpp04_tf_listener
[1.928s] -- Up-to-date: /home/xiaofang/ROS2_WS/ws02_tool/install/cpp04_tf_listener/share/cpp04_tf_listener/cmake/cpp04_tf_listenerConfig.cmake
[1.928s] -- Up-to-date: /home/xiaofang/ROS2_WS/ws02_tool/install/cpp04_tf_listener/share/cpp04_tf_listener/cmake/cpp04_tf_listenerConfig-version.cmake
[1.928s] -- Up-to-date: /home/xiaofang/ROS2_WS/ws02_tool/install/cpp04_tf_listener/share/cpp04_tf_listener/package.xml
[1.929s] Invoked command in '/home/xiaofang/ROS2_WS/ws02_tool/build/cpp04_tf_listener' returned '0': CMAKE_PREFIX_PATH=${CMAKE_PREFIX_PATH}:/opt/cv_bridge_fix_link-humble/install/opencv_tests:/opt/ros/humble /usr/bin/cmake --install /home/xiaofang/ROS2_WS/ws02_tool/build/cpp04_tf_listener
