[0.008s] Invoking command in '/home/xiaofang/ROS2_WS/ws02_tool/build/cpp02_rosbag': CMAKE_PREFIX_PATH=${CMAKE_PREFIX_PATH}:/opt/cv_bridge_fix_link-humble/install/opencv_tests:/opt/ros/humble /usr/bin/cmake --build /home/xiaofang/ROS2_WS/ws02_tool/build/cpp02_rosbag -- -j20 -l20
[0.048s] [35m[1mConsolidate compiler generated dependencies of target demo01_writer[0m
[0.061s] [ 50%] [32mBuilding CXX object CMakeFiles/demo01_writer.dir/src/demo01_writer.cpp.o[0m
[4.514s] [100%] [32m[1mLinking CXX executable demo01_writer[0m
[4.764s] [100%] Built target demo01_writer
[4.771s] Invoked command in '/home/xiaofang/ROS2_WS/ws02_tool/build/cpp02_rosbag' returned '0': CMAKE_PREFIX_PATH=${CMAKE_PREFIX_PATH}:/opt/cv_bridge_fix_link-humble/install/opencv_tests:/opt/ros/humble /usr/bin/cmake --build /home/xiaofang/ROS2_WS/ws02_tool/build/cpp02_rosbag -- -j20 -l20
[4.778s] Invoking command in '/home/xiaofang/ROS2_WS/ws02_tool/build/cpp02_rosbag': CMAKE_PREFIX_PATH=${CMAKE_PREFIX_PATH}:/opt/cv_bridge_fix_link-humble/install/opencv_tests:/opt/ros/humble /usr/bin/cmake --install /home/xiaofang/ROS2_WS/ws02_tool/build/cpp02_rosbag
[4.784s] -- Install configuration: ""
[4.784s] -- Installing: /home/xiaofang/ROS2_WS/ws02_tool/install/cpp02_rosbag/lib/cpp02_rosbag/demo01_writer
[4.786s] -- Set runtime path of "/home/xiaofang/ROS2_WS/ws02_tool/install/cpp02_rosbag/lib/cpp02_rosbag/demo01_writer" to ""
[4.786s] -- Up-to-date: /home/xiaofang/ROS2_WS/ws02_tool/install/cpp02_rosbag/share/ament_index/resource_index/package_run_dependencies/cpp02_rosbag
[4.786s] -- Up-to-date: /home/xiaofang/ROS2_WS/ws02_tool/install/cpp02_rosbag/share/ament_index/resource_index/parent_prefix_path/cpp02_rosbag
[4.786s] -- Up-to-date: /home/xiaofang/ROS2_WS/ws02_tool/install/cpp02_rosbag/share/cpp02_rosbag/environment/ament_prefix_path.sh
[4.786s] -- Up-to-date: /home/xiaofang/ROS2_WS/ws02_tool/install/cpp02_rosbag/share/cpp02_rosbag/environment/ament_prefix_path.dsv
[4.787s] -- Up-to-date: /home/xiaofang/ROS2_WS/ws02_tool/install/cpp02_rosbag/share/cpp02_rosbag/environment/path.sh
[4.787s] -- Up-to-date: /home/xiaofang/ROS2_WS/ws02_tool/install/cpp02_rosbag/share/cpp02_rosbag/environment/path.dsv
[4.787s] -- Up-to-date: /home/xiaofang/ROS2_WS/ws02_tool/install/cpp02_rosbag/share/cpp02_rosbag/local_setup.bash
[4.787s] -- Up-to-date: /home/xiaofang/ROS2_WS/ws02_tool/install/cpp02_rosbag/share/cpp02_rosbag/local_setup.sh
[4.787s] -- Up-to-date: /home/xiaofang/ROS2_WS/ws02_tool/install/cpp02_rosbag/share/cpp02_rosbag/local_setup.zsh
[4.787s] -- Up-to-date: /home/xiaofang/ROS2_WS/ws02_tool/install/cpp02_rosbag/share/cpp02_rosbag/local_setup.dsv
[4.787s] -- Installing: /home/xiaofang/ROS2_WS/ws02_tool/install/cpp02_rosbag/share/cpp02_rosbag/package.dsv
[4.787s] -- Up-to-date: /home/xiaofang/ROS2_WS/ws02_tool/install/cpp02_rosbag/share/ament_index/resource_index/packages/cpp02_rosbag
[4.787s] -- Up-to-date: /home/xiaofang/ROS2_WS/ws02_tool/install/cpp02_rosbag/share/cpp02_rosbag/cmake/cpp02_rosbagConfig.cmake
[4.787s] -- Up-to-date: /home/xiaofang/ROS2_WS/ws02_tool/install/cpp02_rosbag/share/cpp02_rosbag/cmake/cpp02_rosbagConfig-version.cmake
[4.787s] -- Up-to-date: /home/xiaofang/ROS2_WS/ws02_tool/install/cpp02_rosbag/share/cpp02_rosbag/package.xml
[4.788s] Invoked command in '/home/xiaofang/ROS2_WS/ws02_tool/build/cpp02_rosbag' returned '0': CMAKE_PREFIX_PATH=${CMAKE_PREFIX_PATH}:/opt/cv_bridge_fix_link-humble/install/opencv_tests:/opt/ros/humble /usr/bin/cmake --install /home/xiaofang/ROS2_WS/ws02_tool/build/cpp02_rosbag
