[0.007s] Invoking command in '/home/xiaofang/ROS2_WS/ws02_tool/build/cpp06_urdf': CMAKE_PREFIX_PATH=${CMAKE_PREFIX_PATH}:/opt/cv_bridge_fix_link-humble/install/opencv_tests:/opt/ros/humble /usr/bin/cmake --build /home/xiaofang/ROS2_WS/ws02_tool/build/cpp06_urdf -- -j20 -l20
[0.038s] -- Found ament_cmake: 1.3.11 (/opt/ros/humble/share/ament_cmake/cmake)
[0.157s] -- Found ament_lint_auto: 0.12.12 (/opt/ros/humble/share/ament_lint_auto/cmake)
[0.205s] -- Added test 'lint_cmake' to check CMake code style
[0.206s] -- Added test 'xmllint' to check XML markup files
[0.206s] -- Configuring done
[0.207s] -- Generating done
[0.208s] -- Build files have been written to: /home/xiaofang/ROS2_WS/ws02_tool/build/cpp06_urdf
[0.237s] Invoked command in '/home/xiaofang/ROS2_WS/ws02_tool/build/cpp06_urdf' returned '0': CMAKE_PREFIX_PATH=${CMAKE_PREFIX_PATH}:/opt/cv_bridge_fix_link-humble/install/opencv_tests:/opt/ros/humble /usr/bin/cmake --build /home/xiaofang/ROS2_WS/ws02_tool/build/cpp06_urdf -- -j20 -l20
[0.252s] Invoking command in '/home/xiaofang/ROS2_WS/ws02_tool/build/cpp06_urdf': CMAKE_PREFIX_PATH=${CMAKE_PREFIX_PATH}:/opt/cv_bridge_fix_link-humble/install/opencv_tests:/opt/ros/humble /usr/bin/cmake --install /home/xiaofang/ROS2_WS/ws02_tool/build/cpp06_urdf
[0.263s] -- Install configuration: ""
[0.263s] -- Up-to-date: /home/xiaofang/ROS2_WS/ws02_tool/install/cpp06_urdf/share/cpp06_urdf/launch
[0.263s] -- Up-to-date: /home/xiaofang/ROS2_WS/ws02_tool/install/cpp06_urdf/share/cpp06_urdf/urdf
[0.263s] -- Up-to-date: /home/xiaofang/ROS2_WS/ws02_tool/install/cpp06_urdf/share/cpp06_urdf/urdf/xacro
[0.263s] -- Up-to-date: /home/xiaofang/ROS2_WS/ws02_tool/install/cpp06_urdf/share/cpp06_urdf/urdf/urdf
[0.264s] -- Up-to-date: /home/xiaofang/ROS2_WS/ws02_tool/install/cpp06_urdf/share/cpp06_urdf/rviz
[0.264s] -- Up-to-date: /home/xiaofang/ROS2_WS/ws02_tool/install/cpp06_urdf/share/cpp06_urdf/meshes
[0.264s] -- Up-to-date: /home/xiaofang/ROS2_WS/ws02_tool/install/cpp06_urdf/share/cpp06_urdf/urdf
[0.264s] -- Up-to-date: /home/xiaofang/ROS2_WS/ws02_tool/install/cpp06_urdf/share/cpp06_urdf/urdf/xacro
[0.264s] -- Up-to-date: /home/xiaofang/ROS2_WS/ws02_tool/install/cpp06_urdf/share/cpp06_urdf/urdf/urdf
[0.264s] -- Up-to-date: /home/xiaofang/ROS2_WS/ws02_tool/install/cpp06_urdf/share/ament_index/resource_index/package_run_dependencies/cpp06_urdf
[0.264s] -- Up-to-date: /home/xiaofang/ROS2_WS/ws02_tool/install/cpp06_urdf/share/ament_index/resource_index/parent_prefix_path/cpp06_urdf
[0.264s] -- Up-to-date: /home/xiaofang/ROS2_WS/ws02_tool/install/cpp06_urdf/share/cpp06_urdf/environment/ament_prefix_path.sh
[0.264s] -- Installing: /home/xiaofang/ROS2_WS/ws02_tool/install/cpp06_urdf/share/cpp06_urdf/environment/ament_prefix_path.dsv
[0.264s] -- Up-to-date: /home/xiaofang/ROS2_WS/ws02_tool/install/cpp06_urdf/share/cpp06_urdf/environment/path.sh
[0.264s] -- Installing: /home/xiaofang/ROS2_WS/ws02_tool/install/cpp06_urdf/share/cpp06_urdf/environment/path.dsv
[0.265s] -- Up-to-date: /home/xiaofang/ROS2_WS/ws02_tool/install/cpp06_urdf/share/cpp06_urdf/local_setup.bash
[0.265s] -- Up-to-date: /home/xiaofang/ROS2_WS/ws02_tool/install/cpp06_urdf/share/cpp06_urdf/local_setup.sh
[0.265s] -- Up-to-date: /home/xiaofang/ROS2_WS/ws02_tool/install/cpp06_urdf/share/cpp06_urdf/local_setup.zsh
[0.265s] -- Installing: /home/xiaofang/ROS2_WS/ws02_tool/install/cpp06_urdf/share/cpp06_urdf/local_setup.dsv
[0.265s] -- Installing: /home/xiaofang/ROS2_WS/ws02_tool/install/cpp06_urdf/share/cpp06_urdf/package.dsv
[0.265s] -- Up-to-date: /home/xiaofang/ROS2_WS/ws02_tool/install/cpp06_urdf/share/ament_index/resource_index/packages/cpp06_urdf
[0.265s] -- Up-to-date: /home/xiaofang/ROS2_WS/ws02_tool/install/cpp06_urdf/share/cpp06_urdf/cmake/cpp06_urdfConfig.cmake
[0.265s] -- Up-to-date: /home/xiaofang/ROS2_WS/ws02_tool/install/cpp06_urdf/share/cpp06_urdf/cmake/cpp06_urdfConfig-version.cmake
[0.265s] -- Up-to-date: /home/xiaofang/ROS2_WS/ws02_tool/install/cpp06_urdf/share/cpp06_urdf/package.xml
[0.267s] Invoked command in '/home/xiaofang/ROS2_WS/ws02_tool/build/cpp06_urdf' returned '0': CMAKE_PREFIX_PATH=${CMAKE_PREFIX_PATH}:/opt/cv_bridge_fix_link-humble/install/opencv_tests:/opt/ros/humble /usr/bin/cmake --install /home/xiaofang/ROS2_WS/ws02_tool/build/cpp06_urdf
