[0.009s] Invoking command in '/home/xiaofang/ROS2_WS/ws01_plumbing/build/cpp01_topic': CMAKE_PREFIX_PATH=/home/xiaofang/ROS2_WS/ws01_plumbing/install/base_interfaces_demo:/home/xiaofang/ROS2_WS/ws01_plumbing/install/cpp01_topic:/opt/ros/humble LD_LIBRARY_PATH=/home/xiaofang/ROS2_WS/ws01_plumbing/install/base_interfaces_demo/lib:${LD_LIBRARY_PATH} PYTHONPATH=/home/xiaofang/ROS2_WS/ws01_plumbing/install/base_interfaces_demo/local/lib/python3.10/dist-packages:${PYTHONPATH} /usr/bin/cmake --build /home/xiaofang/ROS2_WS/ws01_plumbing/build/cpp01_topic -- -j20 -l20
[0.047s] [35m[1mConsolidate compiler generated dependencies of target demo03_talker_stu[0m
[0.058s] [ 37%] [32mBuilding CXX object CMakeFiles/demo04_listener_stu.dir/src/demo04_listener_stu.cpp.o[0m
[0.058s] [ 62%] Built target demo01_talker_str
[0.058s] [ 62%] Built target demo02_listener_str
[0.062s] [ 75%] [32mBuilding CXX object CMakeFiles/demo03_talker_stu.dir/src/demo03_talker_stu.cpp.o[0m
[3.345s] [ 87%] [32m[1mLinking CXX executable demo03_talker_stu[0m
[3.510s] [ 87%] Built target demo03_talker_stu
[5.854s] [100%] [32m[1mLinking CXX executable demo04_listener_stu[0m
[6.137s] [100%] Built target demo04_listener_stu
[6.149s] Invoked command in '/home/xiaofang/ROS2_WS/ws01_plumbing/build/cpp01_topic' returned '0': CMAKE_PREFIX_PATH=/home/xiaofang/ROS2_WS/ws01_plumbing/install/base_interfaces_demo:/home/xiaofang/ROS2_WS/ws01_plumbing/install/cpp01_topic:/opt/ros/humble LD_LIBRARY_PATH=/home/xiaofang/ROS2_WS/ws01_plumbing/install/base_interfaces_demo/lib:${LD_LIBRARY_PATH} PYTHONPATH=/home/xiaofang/ROS2_WS/ws01_plumbing/install/base_interfaces_demo/local/lib/python3.10/dist-packages:${PYTHONPATH} /usr/bin/cmake --build /home/xiaofang/ROS2_WS/ws01_plumbing/build/cpp01_topic -- -j20 -l20
[6.150s] Invoking command in '/home/xiaofang/ROS2_WS/ws01_plumbing/build/cpp01_topic': CMAKE_PREFIX_PATH=/home/xiaofang/ROS2_WS/ws01_plumbing/install/base_interfaces_demo:/home/xiaofang/ROS2_WS/ws01_plumbing/install/cpp01_topic:/opt/ros/humble LD_LIBRARY_PATH=/home/xiaofang/ROS2_WS/ws01_plumbing/install/base_interfaces_demo/lib:${LD_LIBRARY_PATH} PYTHONPATH=/home/xiaofang/ROS2_WS/ws01_plumbing/install/base_interfaces_demo/local/lib/python3.10/dist-packages:${PYTHONPATH} /usr/bin/cmake --install /home/xiaofang/ROS2_WS/ws01_plumbing/build/cpp01_topic
[6.155s] -- Install configuration: ""
[6.155s] -- Up-to-date: /home/xiaofang/ROS2_WS/ws01_plumbing/install/cpp01_topic/lib/cpp01_topic/demo01_talker_str
[6.155s] -- Up-to-date: /home/xiaofang/ROS2_WS/ws01_plumbing/install/cpp01_topic/lib/cpp01_topic/demo02_listener_str
[6.155s] -- Installing: /home/xiaofang/ROS2_WS/ws01_plumbing/install/cpp01_topic/lib/cpp01_topic/demo03_talker_stu
[6.156s] -- Set runtime path of "/home/xiaofang/ROS2_WS/ws01_plumbing/install/cpp01_topic/lib/cpp01_topic/demo03_talker_stu" to ""
[6.156s] -- Installing: /home/xiaofang/ROS2_WS/ws01_plumbing/install/cpp01_topic/lib/cpp01_topic/demo04_listener_stu
[6.158s] -- Set runtime path of "/home/xiaofang/ROS2_WS/ws01_plumbing/install/cpp01_topic/lib/cpp01_topic/demo04_listener_stu" to ""
[6.158s] -- Up-to-date: /home/xiaofang/ROS2_WS/ws01_plumbing/install/cpp01_topic/share/ament_index/resource_index/package_run_dependencies/cpp01_topic
[6.158s] -- Up-to-date: /home/xiaofang/ROS2_WS/ws01_plumbing/install/cpp01_topic/share/ament_index/resource_index/parent_prefix_path/cpp01_topic
[6.159s] -- Up-to-date: /home/xiaofang/ROS2_WS/ws01_plumbing/install/cpp01_topic/share/cpp01_topic/environment/ament_prefix_path.sh
[6.159s] -- Up-to-date: /home/xiaofang/ROS2_WS/ws01_plumbing/install/cpp01_topic/share/cpp01_topic/environment/ament_prefix_path.dsv
[6.159s] -- Up-to-date: /home/xiaofang/ROS2_WS/ws01_plumbing/install/cpp01_topic/share/cpp01_topic/environment/path.sh
[6.159s] -- Up-to-date: /home/xiaofang/ROS2_WS/ws01_plumbing/install/cpp01_topic/share/cpp01_topic/environment/path.dsv
[6.159s] -- Up-to-date: /home/xiaofang/ROS2_WS/ws01_plumbing/install/cpp01_topic/share/cpp01_topic/local_setup.bash
[6.159s] -- Up-to-date: /home/xiaofang/ROS2_WS/ws01_plumbing/install/cpp01_topic/share/cpp01_topic/local_setup.sh
[6.159s] -- Up-to-date: /home/xiaofang/ROS2_WS/ws01_plumbing/install/cpp01_topic/share/cpp01_topic/local_setup.zsh
[6.159s] -- Up-to-date: /home/xiaofang/ROS2_WS/ws01_plumbing/install/cpp01_topic/share/cpp01_topic/local_setup.dsv
[6.159s] -- Installing: /home/xiaofang/ROS2_WS/ws01_plumbing/install/cpp01_topic/share/cpp01_topic/package.dsv
[6.159s] -- Up-to-date: /home/xiaofang/ROS2_WS/ws01_plumbing/install/cpp01_topic/share/ament_index/resource_index/packages/cpp01_topic
[6.159s] -- Up-to-date: /home/xiaofang/ROS2_WS/ws01_plumbing/install/cpp01_topic/share/cpp01_topic/cmake/cpp01_topicConfig.cmake
[6.159s] -- Up-to-date: /home/xiaofang/ROS2_WS/ws01_plumbing/install/cpp01_topic/share/cpp01_topic/cmake/cpp01_topicConfig-version.cmake
[6.159s] -- Up-to-date: /home/xiaofang/ROS2_WS/ws01_plumbing/install/cpp01_topic/share/cpp01_topic/package.xml
[6.160s] Invoked command in '/home/xiaofang/ROS2_WS/ws01_plumbing/build/cpp01_topic' returned '0': CMAKE_PREFIX_PATH=/home/xiaofang/ROS2_WS/ws01_plumbing/install/base_interfaces_demo:/home/xiaofang/ROS2_WS/ws01_plumbing/install/cpp01_topic:/opt/ros/humble LD_LIBRARY_PATH=/home/xiaofang/ROS2_WS/ws01_plumbing/install/base_interfaces_demo/lib:${LD_LIBRARY_PATH} PYTHONPATH=/home/xiaofang/ROS2_WS/ws01_plumbing/install/base_interfaces_demo/local/lib/python3.10/dist-packages:${PYTHONPATH} /usr/bin/cmake --install /home/xiaofang/ROS2_WS/ws01_plumbing/build/cpp01_topic
