[0.015s] Invoking command in '/home/xiaofang/ROS2_WS/ws03_nav_sim/build/mycar_map_server': CMAKE_PREFIX_PATH=${CMAKE_PREFIX_PATH}:/opt/cv_bridge_fix_link-humble/install/opencv_tests:/opt/ros/humble /usr/bin/cmake --build /home/xiaofang/ROS2_WS/ws03_nav_sim/build/mycar_map_server -- -j20 -l20
[0.058s] Invoked command in '/home/xiaofang/ROS2_WS/ws03_nav_sim/build/mycar_map_server' returned '0': CMAKE_PREFIX_PATH=${CMAKE_PREFIX_PATH}:/opt/cv_bridge_fix_link-humble/install/opencv_tests:/opt/ros/humble /usr/bin/cmake --build /home/xiaofang/ROS2_WS/ws03_nav_sim/build/mycar_map_server -- -j20 -l20
[0.060s] Invoking command in '/home/xiaofang/ROS2_WS/ws03_nav_sim/build/mycar_map_server': CMAKE_PREFIX_PATH=${CMAKE_PREFIX_PATH}:/opt/cv_bridge_fix_link-humble/install/opencv_tests:/opt/ros/humble /usr/bin/cmake --install /home/xiaofang/ROS2_WS/ws03_nav_sim/build/mycar_map_server
[0.066s] -- Install configuration: ""
[0.066s] -- Up-to-date: /home/xiaofang/ROS2_WS/ws03_nav_sim/install/mycar_map_server/share/mycar_map_server/launch
[0.066s] -- Up-to-date: /home/xiaofang/ROS2_WS/ws03_nav_sim/install/mycar_map_server/share/mycar_map_server/launch/map_server.launch.py
[0.066s] -- Up-to-date: /home/xiaofang/ROS2_WS/ws03_nav_sim/install/mycar_map_server/share/ament_index/resource_index/package_run_dependencies/mycar_map_server
[0.066s] -- Up-to-date: /home/xiaofang/ROS2_WS/ws03_nav_sim/install/mycar_map_server/share/ament_index/resource_index/parent_prefix_path/mycar_map_server
[0.066s] -- Up-to-date: /home/xiaofang/ROS2_WS/ws03_nav_sim/install/mycar_map_server/share/mycar_map_server/environment/ament_prefix_path.sh
[0.066s] -- Up-to-date: /home/xiaofang/ROS2_WS/ws03_nav_sim/install/mycar_map_server/share/mycar_map_server/environment/ament_prefix_path.dsv
[0.066s] -- Up-to-date: /home/xiaofang/ROS2_WS/ws03_nav_sim/install/mycar_map_server/share/mycar_map_server/environment/path.sh
[0.066s] -- Up-to-date: /home/xiaofang/ROS2_WS/ws03_nav_sim/install/mycar_map_server/share/mycar_map_server/environment/path.dsv
[0.066s] -- Up-to-date: /home/xiaofang/ROS2_WS/ws03_nav_sim/install/mycar_map_server/share/mycar_map_server/local_setup.bash
[0.066s] -- Up-to-date: /home/xiaofang/ROS2_WS/ws03_nav_sim/install/mycar_map_server/share/mycar_map_server/local_setup.sh
[0.066s] -- Up-to-date: /home/xiaofang/ROS2_WS/ws03_nav_sim/install/mycar_map_server/share/mycar_map_server/local_setup.zsh
[0.066s] -- Up-to-date: /home/xiaofang/ROS2_WS/ws03_nav_sim/install/mycar_map_server/share/mycar_map_server/local_setup.dsv
[0.066s] -- Up-to-date: /home/xiaofang/ROS2_WS/ws03_nav_sim/install/mycar_map_server/share/mycar_map_server/package.dsv
[0.066s] -- Up-to-date: /home/xiaofang/ROS2_WS/ws03_nav_sim/install/mycar_map_server/share/ament_index/resource_index/packages/mycar_map_server
[0.066s] -- Up-to-date: /home/xiaofang/ROS2_WS/ws03_nav_sim/install/mycar_map_server/share/mycar_map_server/cmake/mycar_map_serverConfig.cmake
[0.066s] -- Up-to-date: /home/xiaofang/ROS2_WS/ws03_nav_sim/install/mycar_map_server/share/mycar_map_server/cmake/mycar_map_serverConfig-version.cmake
[0.066s] -- Up-to-date: /home/xiaofang/ROS2_WS/ws03_nav_sim/install/mycar_map_server/share/mycar_map_server/package.xml
[0.091s] Invoked command in '/home/xiaofang/ROS2_WS/ws03_nav_sim/build/mycar_map_server' returned '0': CMAKE_PREFIX_PATH=${CMAKE_PREFIX_PATH}:/opt/cv_bridge_fix_link-humble/install/opencv_tests:/opt/ros/humble /usr/bin/cmake --install /home/xiaofang/ROS2_WS/ws03_nav_sim/build/mycar_map_server
