[0.008s] Invoking command in '/home/xiaofang/ROS2_WS/serial_driver/build/cpp01_serial': CMAKE_PREFIX_PATH=${CMAKE_PREFIX_PATH}:/opt/cv_bridge_fix_link-humble/install/opencv_tests:/opt/ros/humble /usr/bin/cmake --build /home/xiaofang/ROS2_WS/serial_driver/build/cpp01_serial -- -j20 -l20
[0.040s] [35m[1mConsolidate compiler generated dependencies of target demo01_uart_send[0m
[0.054s] [100%] Built target demo01_uart_send
[0.060s] Invoked command in '/home/xiaofang/ROS2_WS/serial_driver/build/cpp01_serial' returned '0': CMAKE_PREFIX_PATH=${CMAKE_PREFIX_PATH}:/opt/cv_bridge_fix_link-humble/install/opencv_tests:/opt/ros/humble /usr/bin/cmake --build /home/xiaofang/ROS2_WS/serial_driver/build/cpp01_serial -- -j20 -l20
[0.065s] Invoking command in '/home/xiaofang/ROS2_WS/serial_driver/build/cpp01_serial': CMAKE_PREFIX_PATH=${CMAKE_PREFIX_PATH}:/opt/cv_bridge_fix_link-humble/install/opencv_tests:/opt/ros/humble /usr/bin/cmake --install /home/xiaofang/ROS2_WS/serial_driver/build/cpp01_serial
[0.070s] -- Install configuration: ""
[0.070s] -- Up-to-date: /home/xiaofang/ROS2_WS/serial_driver/install/cpp01_serial/lib/cpp01_serial/demo01_uart_send
[0.070s] -- Up-to-date: /home/xiaofang/ROS2_WS/serial_driver/install/cpp01_serial/share/ament_index/resource_index/package_run_dependencies/cpp01_serial
[0.070s] -- Up-to-date: /home/xiaofang/ROS2_WS/serial_driver/install/cpp01_serial/share/ament_index/resource_index/parent_prefix_path/cpp01_serial
[0.070s] -- Up-to-date: /home/xiaofang/ROS2_WS/serial_driver/install/cpp01_serial/share/cpp01_serial/environment/ament_prefix_path.sh
[0.070s] -- Up-to-date: /home/xiaofang/ROS2_WS/serial_driver/install/cpp01_serial/share/cpp01_serial/environment/ament_prefix_path.dsv
[0.070s] -- Up-to-date: /home/xiaofang/ROS2_WS/serial_driver/install/cpp01_serial/share/cpp01_serial/environment/path.sh
[0.070s] -- Up-to-date: /home/xiaofang/ROS2_WS/serial_driver/install/cpp01_serial/share/cpp01_serial/environment/path.dsv
[0.070s] -- Up-to-date: /home/xiaofang/ROS2_WS/serial_driver/install/cpp01_serial/share/cpp01_serial/local_setup.bash
[0.070s] -- Up-to-date: /home/xiaofang/ROS2_WS/serial_driver/install/cpp01_serial/share/cpp01_serial/local_setup.sh
[0.070s] -- Up-to-date: /home/xiaofang/ROS2_WS/serial_driver/install/cpp01_serial/share/cpp01_serial/local_setup.zsh
[0.071s] -- Up-to-date: /home/xiaofang/ROS2_WS/serial_driver/install/cpp01_serial/share/cpp01_serial/local_setup.dsv
[0.071s] -- Installing: /home/xiaofang/ROS2_WS/serial_driver/install/cpp01_serial/share/cpp01_serial/package.dsv
[0.071s] -- Up-to-date: /home/xiaofang/ROS2_WS/serial_driver/install/cpp01_serial/share/ament_index/resource_index/packages/cpp01_serial
[0.071s] -- Up-to-date: /home/xiaofang/ROS2_WS/serial_driver/install/cpp01_serial/share/cpp01_serial/cmake/cpp01_serialConfig.cmake
[0.071s] -- Up-to-date: /home/xiaofang/ROS2_WS/serial_driver/install/cpp01_serial/share/cpp01_serial/cmake/cpp01_serialConfig-version.cmake
[0.071s] -- Up-to-date: /home/xiaofang/ROS2_WS/serial_driver/install/cpp01_serial/share/cpp01_serial/package.xml
[0.071s] Invoked command in '/home/xiaofang/ROS2_WS/serial_driver/build/cpp01_serial' returned '0': CMAKE_PREFIX_PATH=${CMAKE_PREFIX_PATH}:/opt/cv_bridge_fix_link-humble/install/opencv_tests:/opt/ros/humble /usr/bin/cmake --install /home/xiaofang/ROS2_WS/serial_driver/build/cpp01_serial
