[0.007s] Invoking command in '/home/xiaofang/ROS2_WS/ws02_tool/build/cpp04_tf_listener': CMAKE_PREFIX_PATH=${CMAKE_PREFIX_PATH}:/opt/cv_bridge_fix_link-humble/install/opencv_tests:/opt/ros/humble /usr/bin/cmake --build /home/xiaofang/ROS2_WS/ws02_tool/build/cpp04_tf_listener -- -j20 -l20
[0.026s] -- Found ament_cmake: 1.3.11 (/opt/ros/humble/share/ament_cmake/cmake)
[0.108s] -- Found rclcpp: 16.0.12 (/opt/ros/humble/share/rclcpp/cmake)
[0.131s] -- Found rosidl_generator_c: 3.1.6 (/opt/ros/humble/share/rosidl_generator_c/cmake)
[0.132s] -- Found rosidl_adapter: 3.1.6 (/opt/ros/humble/share/rosidl_adapter/cmake)
[0.137s] -- Found rosidl_generator_cpp: 3.1.6 (/opt/ros/humble/share/rosidl_generator_cpp/cmake)
[0.144s] -- Using all available rosidl_typesupport_c: rosidl_typesupport_fastrtps_c;rosidl_typesupport_introspection_c
[0.153s] -- Using all available rosidl_typesupport_cpp: rosidl_typesupport_fastrtps_cpp;rosidl_typesupport_introspection_cpp
[0.175s] -- Found rmw_implementation_cmake: 6.1.2 (/opt/ros/humble/share/rmw_implementation_cmake/cmake)
[0.177s] -- Found rmw_fastrtps_cpp: 6.2.7 (/opt/ros/humble/share/rmw_fastrtps_cpp/cmake)
[0.261s] -- Using RMW implementation 'rmw_fastrtps_cpp' as default
[0.296s] -- Found tf2: 0.25.12 (/opt/ros/humble/share/tf2/cmake)
[0.307s] -- Found tf2_ros: 0.25.12 (/opt/ros/humble/share/tf2_ros/cmake)
[0.360s] -- Found tf2_geometry_msgs: 0.25.12 (/opt/ros/humble/share/tf2_geometry_msgs/cmake)
[0.372s] -- Found eigen3_cmake_module: 0.1.1 (/opt/ros/humble/share/eigen3_cmake_module/cmake)
[0.373s] -- Found Eigen3: TRUE (found version "3.4.0") 
[0.373s] -- Ensuring Eigen3 include directory is part of orocos-kdl CMake target
[0.376s] -- Found ament_lint_auto: 0.12.12 (/opt/ros/humble/share/ament_lint_auto/cmake)
[0.417s] -- Added test 'cppcheck' to perform static code analysis on C / C++ code
[0.417s] -- Configured cppcheck include dirs: $<BUILD_INTERFACE:/home/xiaofang/ROS2_WS/ws02_tool/src/cpp04_tf_listener/include>
[0.417s] -- Configured cppcheck exclude dirs and/or files: 
[0.418s] -- Added test 'lint_cmake' to check CMake code style
[0.418s] -- Added test 'uncrustify' to check C / C++ code style
[0.418s] -- Configured uncrustify additional arguments: 
[0.418s] -- Added test 'xmllint' to check XML markup files
[0.419s] -- Configuring done
[0.428s] -- Generating done
[0.431s] -- Build files have been written to: /home/xiaofang/ROS2_WS/ws02_tool/build/cpp04_tf_listener
[0.450s] [35m[1mConsolidate compiler generated dependencies of target demo01_tf_listener[0m
[0.455s] [ 25%] [32mBuilding CXX object CMakeFiles/demo02_tf_filter.dir/src/demo02_tf_filter.cpp.o[0m
[0.461s] [ 50%] [32mBuilding CXX object CMakeFiles/demo01_tf_listener.dir/src/demo01_tf_listener.cpp.o[0m
[1.983s] [ 75%] [32m[1mLinking CXX executable demo02_tf_filter[0m
[2.055s] [ 75%] Built target demo02_tf_filter
[2.217s] [100%] [32m[1mLinking CXX executable demo01_tf_listener[0m
[2.290s] [100%] Built target demo01_tf_listener
[2.297s] Invoked command in '/home/xiaofang/ROS2_WS/ws02_tool/build/cpp04_tf_listener' returned '0': CMAKE_PREFIX_PATH=${CMAKE_PREFIX_PATH}:/opt/cv_bridge_fix_link-humble/install/opencv_tests:/opt/ros/humble /usr/bin/cmake --build /home/xiaofang/ROS2_WS/ws02_tool/build/cpp04_tf_listener -- -j20 -l20
[2.302s] Invoking command in '/home/xiaofang/ROS2_WS/ws02_tool/build/cpp04_tf_listener': CMAKE_PREFIX_PATH=${CMAKE_PREFIX_PATH}:/opt/cv_bridge_fix_link-humble/install/opencv_tests:/opt/ros/humble /usr/bin/cmake --install /home/xiaofang/ROS2_WS/ws02_tool/build/cpp04_tf_listener
[2.307s] -- Install configuration: ""
[2.307s] -- Installing: /home/xiaofang/ROS2_WS/ws02_tool/install/cpp04_tf_listener/lib/cpp04_tf_listener/demo01_tf_listener
[2.308s] -- Set runtime path of "/home/xiaofang/ROS2_WS/ws02_tool/install/cpp04_tf_listener/lib/cpp04_tf_listener/demo01_tf_listener" to ""
[2.308s] -- Installing: /home/xiaofang/ROS2_WS/ws02_tool/install/cpp04_tf_listener/lib/cpp04_tf_listener/demo02_tf_filter
[2.308s] -- Set runtime path of "/home/xiaofang/ROS2_WS/ws02_tool/install/cpp04_tf_listener/lib/cpp04_tf_listener/demo02_tf_filter" to ""
[2.308s] -- Installing: /home/xiaofang/ROS2_WS/ws02_tool/install/cpp04_tf_listener/share/ament_index/resource_index/package_run_dependencies/cpp04_tf_listener
[2.308s] -- Installing: /home/xiaofang/ROS2_WS/ws02_tool/install/cpp04_tf_listener/share/ament_index/resource_index/parent_prefix_path/cpp04_tf_listener
[2.308s] -- Up-to-date: /home/xiaofang/ROS2_WS/ws02_tool/install/cpp04_tf_listener/share/cpp04_tf_listener/environment/ament_prefix_path.sh
[2.308s] -- Installing: /home/xiaofang/ROS2_WS/ws02_tool/install/cpp04_tf_listener/share/cpp04_tf_listener/environment/ament_prefix_path.dsv
[2.308s] -- Up-to-date: /home/xiaofang/ROS2_WS/ws02_tool/install/cpp04_tf_listener/share/cpp04_tf_listener/environment/path.sh
[2.308s] -- Installing: /home/xiaofang/ROS2_WS/ws02_tool/install/cpp04_tf_listener/share/cpp04_tf_listener/environment/path.dsv
[2.308s] -- Up-to-date: /home/xiaofang/ROS2_WS/ws02_tool/install/cpp04_tf_listener/share/cpp04_tf_listener/local_setup.bash
[2.309s] -- Up-to-date: /home/xiaofang/ROS2_WS/ws02_tool/install/cpp04_tf_listener/share/cpp04_tf_listener/local_setup.sh
[2.309s] -- Up-to-date: /home/xiaofang/ROS2_WS/ws02_tool/install/cpp04_tf_listener/share/cpp04_tf_listener/local_setup.zsh
[2.309s] -- Installing: /home/xiaofang/ROS2_WS/ws02_tool/install/cpp04_tf_listener/share/cpp04_tf_listener/local_setup.dsv
[2.309s] -- Installing: /home/xiaofang/ROS2_WS/ws02_tool/install/cpp04_tf_listener/share/cpp04_tf_listener/package.dsv
[2.309s] -- Up-to-date: /home/xiaofang/ROS2_WS/ws02_tool/install/cpp04_tf_listener/share/ament_index/resource_index/packages/cpp04_tf_listener
[2.309s] -- Up-to-date: /home/xiaofang/ROS2_WS/ws02_tool/install/cpp04_tf_listener/share/cpp04_tf_listener/cmake/cpp04_tf_listenerConfig.cmake
[2.309s] -- Up-to-date: /home/xiaofang/ROS2_WS/ws02_tool/install/cpp04_tf_listener/share/cpp04_tf_listener/cmake/cpp04_tf_listenerConfig-version.cmake
[2.309s] -- Installing: /home/xiaofang/ROS2_WS/ws02_tool/install/cpp04_tf_listener/share/cpp04_tf_listener/package.xml
[2.310s] Invoked command in '/home/xiaofang/ROS2_WS/ws02_tool/build/cpp04_tf_listener' returned '0': CMAKE_PREFIX_PATH=${CMAKE_PREFIX_PATH}:/opt/cv_bridge_fix_link-humble/install/opencv_tests:/opt/ros/humble /usr/bin/cmake --install /home/xiaofang/ROS2_WS/ws02_tool/build/cpp04_tf_listener
