[0.068s] DEBUG:colcon:Command line arguments: ['/usr/bin/colcon', 'build']
[0.069s] DEBUG:colcon:Parsed command line arguments: Namespace(log_base=None, log_level=None, verb_name='build', build_base='build', install_base='install', merge_install=False, symlink_install=False, test_result_base=None, continue_on_error=False, executor='parallel', parallel_workers=20, event_handlers=None, ignore_user_meta=False, metas=['./colcon.meta'], base_paths=['.'], packages_ignore=None, packages_ignore_regex=None, paths=None, packages_up_to=None, packages_up_to_regex=None, packages_above=None, packages_above_and_dependencies=None, packages_above_depth=None, packages_select_by_dep=None, packages_skip_by_dep=None, packages_skip_up_to=None, packages_select_build_failed=False, packages_skip_build_finished=False, packages_select_test_failures=False, packages_skip_test_passed=False, packages_select=None, packages_skip=None, packages_select_regex=None, packages_skip_regex=None, packages_start=None, packages_end=None, allow_overriding=[], cmake_args=['-DCMAKE_EXPORT_COMPILE_COMMANDS=ON'], cmake_target=None, cmake_target_skip_unavailable=False, cmake_clean_cache=False, cmake_clean_first=False, cmake_force_configure=False, ament_cmake_args=None, catkin_cmake_args=None, catkin_skip_building_tests=False, mixin_files=None, mixin=None, verb_parser=<colcon_mixin.mixin.mixin_argument.MixinArgumentDecorator object at 0x7fc9d6445e40>, verb_extension=<colcon_core.verb.build.BuildVerb object at 0x7fc9d64457e0>, main=<bound method BuildVerb.main of <colcon_core.verb.build.BuildVerb object at 0x7fc9d64457e0>>, mixin_verb=('build',))
[0.162s] Level 1:colcon.colcon_core.package_discovery:discover_packages(colcon_meta) check parameters
[0.162s] Level 1:colcon.colcon_core.package_discovery:discover_packages(recursive) check parameters
[0.162s] Level 1:colcon.colcon_core.package_discovery:discover_packages(ignore) check parameters
[0.162s] Level 1:colcon.colcon_core.package_discovery:discover_packages(path) check parameters
[0.162s] Level 1:colcon.colcon_core.package_discovery:discover_packages(colcon_meta) discover
[0.162s] Level 1:colcon.colcon_core.package_discovery:discover_packages(recursive) discover
[0.162s] INFO:colcon.colcon_core.package_discovery:Crawling recursively for packages in '/home/xiaofang/ROS2_WS/ws03_nav_sim'
[0.162s] Level 1:colcon.colcon_core.package_identification:_identify(.) by extensions ['ignore', 'ignore_ament_install']
[0.162s] Level 1:colcon.colcon_core.package_identification:_identify(.) by extension 'ignore'
[0.162s] Level 1:colcon.colcon_core.package_identification:_identify(.) by extension 'ignore_ament_install'
[0.162s] Level 1:colcon.colcon_core.package_identification:_identify(.) by extensions ['colcon_pkg']
[0.162s] Level 1:colcon.colcon_core.package_identification:_identify(.) by extension 'colcon_pkg'
[0.162s] Level 1:colcon.colcon_core.package_identification:_identify(.) by extensions ['colcon_meta']
[0.162s] Level 1:colcon.colcon_core.package_identification:_identify(.) by extension 'colcon_meta'
[0.162s] Level 1:colcon.colcon_core.package_identification:_identify(.) by extensions ['ros']
[0.162s] Level 1:colcon.colcon_core.package_identification:_identify(.) by extension 'ros'
[0.169s] Level 1:colcon.colcon_core.package_identification:_identify(.) by extensions ['cmake', 'python']
[0.169s] Level 1:colcon.colcon_core.package_identification:_identify(.) by extension 'cmake'
[0.170s] Level 1:colcon.colcon_core.package_identification:_identify(.) by extension 'python'
[0.170s] Level 1:colcon.colcon_core.package_identification:_identify(.) by extensions ['python_setup_py']
[0.170s] Level 1:colcon.colcon_core.package_identification:_identify(.) by extension 'python_setup_py'
[0.170s] Level 1:colcon.colcon_core.package_identification:_identify(build) by extensions ['ignore', 'ignore_ament_install']
[0.170s] Level 1:colcon.colcon_core.package_identification:_identify(build) by extension 'ignore'
[0.170s] Level 1:colcon.colcon_core.package_identification:_identify(build) ignored
[0.170s] Level 1:colcon.colcon_core.package_identification:_identify(ign_models) by extensions ['ignore', 'ignore_ament_install']
[0.170s] Level 1:colcon.colcon_core.package_identification:_identify(ign_models) by extension 'ignore'
[0.170s] Level 1:colcon.colcon_core.package_identification:_identify(ign_models) by extension 'ignore_ament_install'
[0.170s] Level 1:colcon.colcon_core.package_identification:_identify(ign_models) by extensions ['colcon_pkg']
[0.170s] Level 1:colcon.colcon_core.package_identification:_identify(ign_models) by extension 'colcon_pkg'
[0.170s] Level 1:colcon.colcon_core.package_identification:_identify(ign_models) by extensions ['colcon_meta']
[0.170s] Level 1:colcon.colcon_core.package_identification:_identify(ign_models) by extension 'colcon_meta'
[0.170s] Level 1:colcon.colcon_core.package_identification:_identify(ign_models) by extensions ['ros']
[0.170s] Level 1:colcon.colcon_core.package_identification:_identify(ign_models) by extension 'ros'
[0.170s] Level 1:colcon.colcon_core.package_identification:_identify(ign_models) by extensions ['cmake', 'python']
[0.170s] Level 1:colcon.colcon_core.package_identification:_identify(ign_models) by extension 'cmake'
[0.170s] Level 1:colcon.colcon_core.package_identification:_identify(ign_models) by extension 'python'
[0.170s] Level 1:colcon.colcon_core.package_identification:_identify(ign_models) by extensions ['python_setup_py']
[0.170s] Level 1:colcon.colcon_core.package_identification:_identify(ign_models) by extension 'python_setup_py'
[0.170s] Level 1:colcon.colcon_core.package_identification:_identify(ign_models/Desk) by extensions ['ignore', 'ignore_ament_install']
[0.170s] Level 1:colcon.colcon_core.package_identification:_identify(ign_models/Desk) by extension 'ignore'
[0.170s] Level 1:colcon.colcon_core.package_identification:_identify(ign_models/Desk) by extension 'ignore_ament_install'
[0.170s] Level 1:colcon.colcon_core.package_identification:_identify(ign_models/Desk) by extensions ['colcon_pkg']
[0.170s] Level 1:colcon.colcon_core.package_identification:_identify(ign_models/Desk) by extension 'colcon_pkg'
[0.170s] Level 1:colcon.colcon_core.package_identification:_identify(ign_models/Desk) by extensions ['colcon_meta']
[0.170s] Level 1:colcon.colcon_core.package_identification:_identify(ign_models/Desk) by extension 'colcon_meta'
[0.170s] Level 1:colcon.colcon_core.package_identification:_identify(ign_models/Desk) by extensions ['ros']
[0.170s] Level 1:colcon.colcon_core.package_identification:_identify(ign_models/Desk) by extension 'ros'
[0.170s] Level 1:colcon.colcon_core.package_identification:_identify(ign_models/Desk) by extensions ['cmake', 'python']
[0.170s] Level 1:colcon.colcon_core.package_identification:_identify(ign_models/Desk) by extension 'cmake'
[0.170s] Level 1:colcon.colcon_core.package_identification:_identify(ign_models/Desk) by extension 'python'
[0.170s] Level 1:colcon.colcon_core.package_identification:_identify(ign_models/Desk) by extensions ['python_setup_py']
[0.170s] Level 1:colcon.colcon_core.package_identification:_identify(ign_models/Desk) by extension 'python_setup_py'
[0.171s] Level 1:colcon.colcon_core.package_identification:_identify(ign_models/Desk/meshes) by extensions ['ignore', 'ignore_ament_install']
[0.171s] Level 1:colcon.colcon_core.package_identification:_identify(ign_models/Desk/meshes) by extension 'ignore'
[0.171s] Level 1:colcon.colcon_core.package_identification:_identify(ign_models/Desk/meshes) by extension 'ignore_ament_install'
[0.171s] Level 1:colcon.colcon_core.package_identification:_identify(ign_models/Desk/meshes) by extensions ['colcon_pkg']
[0.171s] Level 1:colcon.colcon_core.package_identification:_identify(ign_models/Desk/meshes) by extension 'colcon_pkg'
[0.171s] Level 1:colcon.colcon_core.package_identification:_identify(ign_models/Desk/meshes) by extensions ['colcon_meta']
[0.171s] Level 1:colcon.colcon_core.package_identification:_identify(ign_models/Desk/meshes) by extension 'colcon_meta'
[0.171s] Level 1:colcon.colcon_core.package_identification:_identify(ign_models/Desk/meshes) by extensions ['ros']
[0.171s] Level 1:colcon.colcon_core.package_identification:_identify(ign_models/Desk/meshes) by extension 'ros'
[0.171s] Level 1:colcon.colcon_core.package_identification:_identify(ign_models/Desk/meshes) by extensions ['cmake', 'python']
[0.171s] Level 1:colcon.colcon_core.package_identification:_identify(ign_models/Desk/meshes) by extension 'cmake'
[0.171s] Level 1:colcon.colcon_core.package_identification:_identify(ign_models/Desk/meshes) by extension 'python'
[0.171s] Level 1:colcon.colcon_core.package_identification:_identify(ign_models/Desk/meshes) by extensions ['python_setup_py']
[0.171s] Level 1:colcon.colcon_core.package_identification:_identify(ign_models/Desk/meshes) by extension 'python_setup_py'
[0.171s] Level 1:colcon.colcon_core.package_identification:_identify(ign_models/Desk/thumbnails) by extensions ['ignore', 'ignore_ament_install']
[0.171s] Level 1:colcon.colcon_core.package_identification:_identify(ign_models/Desk/thumbnails) by extension 'ignore'
[0.171s] Level 1:colcon.colcon_core.package_identification:_identify(ign_models/Desk/thumbnails) by extension 'ignore_ament_install'
[0.171s] Level 1:colcon.colcon_core.package_identification:_identify(ign_models/Desk/thumbnails) by extensions ['colcon_pkg']
[0.171s] Level 1:colcon.colcon_core.package_identification:_identify(ign_models/Desk/thumbnails) by extension 'colcon_pkg'
[0.171s] Level 1:colcon.colcon_core.package_identification:_identify(ign_models/Desk/thumbnails) by extensions ['colcon_meta']
[0.171s] Level 1:colcon.colcon_core.package_identification:_identify(ign_models/Desk/thumbnails) by extension 'colcon_meta'
[0.171s] Level 1:colcon.colcon_core.package_identification:_identify(ign_models/Desk/thumbnails) by extensions ['ros']
[0.171s] Level 1:colcon.colcon_core.package_identification:_identify(ign_models/Desk/thumbnails) by extension 'ros'
[0.171s] Level 1:colcon.colcon_core.package_identification:_identify(ign_models/Desk/thumbnails) by extensions ['cmake', 'python']
[0.171s] Level 1:colcon.colcon_core.package_identification:_identify(ign_models/Desk/thumbnails) by extension 'cmake'
[0.171s] Level 1:colcon.colcon_core.package_identification:_identify(ign_models/Desk/thumbnails) by extension 'python'
[0.171s] Level 1:colcon.colcon_core.package_identification:_identify(ign_models/Desk/thumbnails) by extensions ['python_setup_py']
[0.171s] Level 1:colcon.colcon_core.package_identification:_identify(ign_models/Desk/thumbnails) by extension 'python_setup_py'
[0.171s] Level 1:colcon.colcon_core.package_identification:_identify(ign_models/NormalBed) by extensions ['ignore', 'ignore_ament_install']
[0.171s] Level 1:colcon.colcon_core.package_identification:_identify(ign_models/NormalBed) by extension 'ignore'
[0.171s] Level 1:colcon.colcon_core.package_identification:_identify(ign_models/NormalBed) by extension 'ignore_ament_install'
[0.171s] Level 1:colcon.colcon_core.package_identification:_identify(ign_models/NormalBed) by extensions ['colcon_pkg']
[0.171s] Level 1:colcon.colcon_core.package_identification:_identify(ign_models/NormalBed) by extension 'colcon_pkg'
[0.171s] Level 1:colcon.colcon_core.package_identification:_identify(ign_models/NormalBed) by extensions ['colcon_meta']
[0.171s] Level 1:colcon.colcon_core.package_identification:_identify(ign_models/NormalBed) by extension 'colcon_meta'
[0.171s] Level 1:colcon.colcon_core.package_identification:_identify(ign_models/NormalBed) by extensions ['ros']
[0.171s] Level 1:colcon.colcon_core.package_identification:_identify(ign_models/NormalBed) by extension 'ros'
[0.171s] Level 1:colcon.colcon_core.package_identification:_identify(ign_models/NormalBed) by extensions ['cmake', 'python']
[0.171s] Level 1:colcon.colcon_core.package_identification:_identify(ign_models/NormalBed) by extension 'cmake'
[0.171s] Level 1:colcon.colcon_core.package_identification:_identify(ign_models/NormalBed) by extension 'python'
[0.172s] Level 1:colcon.colcon_core.package_identification:_identify(ign_models/NormalBed) by extensions ['python_setup_py']
[0.172s] Level 1:colcon.colcon_core.package_identification:_identify(ign_models/NormalBed) by extension 'python_setup_py'
[0.172s] Level 1:colcon.colcon_core.package_identification:_identify(ign_models/NormalBed/meshes) by extensions ['ignore', 'ignore_ament_install']
[0.172s] Level 1:colcon.colcon_core.package_identification:_identify(ign_models/NormalBed/meshes) by extension 'ignore'
[0.172s] Level 1:colcon.colcon_core.package_identification:_identify(ign_models/NormalBed/meshes) by extension 'ignore_ament_install'
[0.172s] Level 1:colcon.colcon_core.package_identification:_identify(ign_models/NormalBed/meshes) by extensions ['colcon_pkg']
[0.172s] Level 1:colcon.colcon_core.package_identification:_identify(ign_models/NormalBed/meshes) by extension 'colcon_pkg'
[0.172s] Level 1:colcon.colcon_core.package_identification:_identify(ign_models/NormalBed/meshes) by extensions ['colcon_meta']
[0.172s] Level 1:colcon.colcon_core.package_identification:_identify(ign_models/NormalBed/meshes) by extension 'colcon_meta'
[0.172s] Level 1:colcon.colcon_core.package_identification:_identify(ign_models/NormalBed/meshes) by extensions ['ros']
[0.172s] Level 1:colcon.colcon_core.package_identification:_identify(ign_models/NormalBed/meshes) by extension 'ros'
[0.172s] Level 1:colcon.colcon_core.package_identification:_identify(ign_models/NormalBed/meshes) by extensions ['cmake', 'python']
[0.172s] Level 1:colcon.colcon_core.package_identification:_identify(ign_models/NormalBed/meshes) by extension 'cmake'
[0.172s] Level 1:colcon.colcon_core.package_identification:_identify(ign_models/NormalBed/meshes) by extension 'python'
[0.172s] Level 1:colcon.colcon_core.package_identification:_identify(ign_models/NormalBed/meshes) by extensions ['python_setup_py']
[0.172s] Level 1:colcon.colcon_core.package_identification:_identify(ign_models/NormalBed/meshes) by extension 'python_setup_py'
[0.172s] Level 1:colcon.colcon_core.package_identification:_identify(ign_models/NormalBed/thumbnails) by extensions ['ignore', 'ignore_ament_install']
[0.172s] Level 1:colcon.colcon_core.package_identification:_identify(ign_models/NormalBed/thumbnails) by extension 'ignore'
[0.172s] Level 1:colcon.colcon_core.package_identification:_identify(ign_models/NormalBed/thumbnails) by extension 'ignore_ament_install'
[0.172s] Level 1:colcon.colcon_core.package_identification:_identify(ign_models/NormalBed/thumbnails) by extensions ['colcon_pkg']
[0.172s] Level 1:colcon.colcon_core.package_identification:_identify(ign_models/NormalBed/thumbnails) by extension 'colcon_pkg'
[0.172s] Level 1:colcon.colcon_core.package_identification:_identify(ign_models/NormalBed/thumbnails) by extensions ['colcon_meta']
[0.172s] Level 1:colcon.colcon_core.package_identification:_identify(ign_models/NormalBed/thumbnails) by extension 'colcon_meta'
[0.172s] Level 1:colcon.colcon_core.package_identification:_identify(ign_models/NormalBed/thumbnails) by extensions ['ros']
[0.172s] Level 1:colcon.colcon_core.package_identification:_identify(ign_models/NormalBed/thumbnails) by extension 'ros'
[0.172s] Level 1:colcon.colcon_core.package_identification:_identify(ign_models/NormalBed/thumbnails) by extensions ['cmake', 'python']
[0.172s] Level 1:colcon.colcon_core.package_identification:_identify(ign_models/NormalBed/thumbnails) by extension 'cmake'
[0.172s] Level 1:colcon.colcon_core.package_identification:_identify(ign_models/NormalBed/thumbnails) by extension 'python'
[0.172s] Level 1:colcon.colcon_core.package_identification:_identify(ign_models/NormalBed/thumbnails) by extensions ['python_setup_py']
[0.172s] Level 1:colcon.colcon_core.package_identification:_identify(ign_models/NormalBed/thumbnails) by extension 'python_setup_py'
[0.172s] Level 1:colcon.colcon_core.package_identification:_identify(ign_models/Reflective table) by extensions ['ignore', 'ignore_ament_install']
[0.172s] Level 1:colcon.colcon_core.package_identification:_identify(ign_models/Reflective table) by extension 'ignore'
[0.172s] Level 1:colcon.colcon_core.package_identification:_identify(ign_models/Reflective table) by extension 'ignore_ament_install'
[0.172s] Level 1:colcon.colcon_core.package_identification:_identify(ign_models/Reflective table) by extensions ['colcon_pkg']
[0.172s] Level 1:colcon.colcon_core.package_identification:_identify(ign_models/Reflective table) by extension 'colcon_pkg'
[0.172s] Level 1:colcon.colcon_core.package_identification:_identify(ign_models/Reflective table) by extensions ['colcon_meta']
[0.172s] Level 1:colcon.colcon_core.package_identification:_identify(ign_models/Reflective table) by extension 'colcon_meta'
[0.172s] Level 1:colcon.colcon_core.package_identification:_identify(ign_models/Reflective table) by extensions ['ros']
[0.172s] Level 1:colcon.colcon_core.package_identification:_identify(ign_models/Reflective table) by extension 'ros'
[0.172s] Level 1:colcon.colcon_core.package_identification:_identify(ign_models/Reflective table) by extensions ['cmake', 'python']
[0.173s] Level 1:colcon.colcon_core.package_identification:_identify(ign_models/Reflective table) by extension 'cmake'
[0.173s] Level 1:colcon.colcon_core.package_identification:_identify(ign_models/Reflective table) by extension 'python'
[0.173s] Level 1:colcon.colcon_core.package_identification:_identify(ign_models/Reflective table) by extensions ['python_setup_py']
[0.173s] Level 1:colcon.colcon_core.package_identification:_identify(ign_models/Reflective table) by extension 'python_setup_py'
[0.173s] Level 1:colcon.colcon_core.package_identification:_identify(ign_models/Reflective table/materials) by extensions ['ignore', 'ignore_ament_install']
[0.173s] Level 1:colcon.colcon_core.package_identification:_identify(ign_models/Reflective table/materials) by extension 'ignore'
[0.173s] Level 1:colcon.colcon_core.package_identification:_identify(ign_models/Reflective table/materials) by extension 'ignore_ament_install'
[0.173s] Level 1:colcon.colcon_core.package_identification:_identify(ign_models/Reflective table/materials) by extensions ['colcon_pkg']
[0.173s] Level 1:colcon.colcon_core.package_identification:_identify(ign_models/Reflective table/materials) by extension 'colcon_pkg'
[0.173s] Level 1:colcon.colcon_core.package_identification:_identify(ign_models/Reflective table/materials) by extensions ['colcon_meta']
[0.173s] Level 1:colcon.colcon_core.package_identification:_identify(ign_models/Reflective table/materials) by extension 'colcon_meta'
[0.173s] Level 1:colcon.colcon_core.package_identification:_identify(ign_models/Reflective table/materials) by extensions ['ros']
[0.173s] Level 1:colcon.colcon_core.package_identification:_identify(ign_models/Reflective table/materials) by extension 'ros'
[0.173s] Level 1:colcon.colcon_core.package_identification:_identify(ign_models/Reflective table/materials) by extensions ['cmake', 'python']
[0.173s] Level 1:colcon.colcon_core.package_identification:_identify(ign_models/Reflective table/materials) by extension 'cmake'
[0.173s] Level 1:colcon.colcon_core.package_identification:_identify(ign_models/Reflective table/materials) by extension 'python'
[0.173s] Level 1:colcon.colcon_core.package_identification:_identify(ign_models/Reflective table/materials) by extensions ['python_setup_py']
[0.173s] Level 1:colcon.colcon_core.package_identification:_identify(ign_models/Reflective table/materials) by extension 'python_setup_py'
[0.173s] Level 1:colcon.colcon_core.package_identification:_identify(ign_models/Reflective table/materials/textures) by extensions ['ignore', 'ignore_ament_install']
[0.173s] Level 1:colcon.colcon_core.package_identification:_identify(ign_models/Reflective table/materials/textures) by extension 'ignore'
[0.173s] Level 1:colcon.colcon_core.package_identification:_identify(ign_models/Reflective table/materials/textures) by extension 'ignore_ament_install'
[0.173s] Level 1:colcon.colcon_core.package_identification:_identify(ign_models/Reflective table/materials/textures) by extensions ['colcon_pkg']
[0.173s] Level 1:colcon.colcon_core.package_identification:_identify(ign_models/Reflective table/materials/textures) by extension 'colcon_pkg'
[0.173s] Level 1:colcon.colcon_core.package_identification:_identify(ign_models/Reflective table/materials/textures) by extensions ['colcon_meta']
[0.173s] Level 1:colcon.colcon_core.package_identification:_identify(ign_models/Reflective table/materials/textures) by extension 'colcon_meta'
[0.173s] Level 1:colcon.colcon_core.package_identification:_identify(ign_models/Reflective table/materials/textures) by extensions ['ros']
[0.173s] Level 1:colcon.colcon_core.package_identification:_identify(ign_models/Reflective table/materials/textures) by extension 'ros'
[0.173s] Level 1:colcon.colcon_core.package_identification:_identify(ign_models/Reflective table/materials/textures) by extensions ['cmake', 'python']
[0.173s] Level 1:colcon.colcon_core.package_identification:_identify(ign_models/Reflective table/materials/textures) by extension 'cmake'
[0.173s] Level 1:colcon.colcon_core.package_identification:_identify(ign_models/Reflective table/materials/textures) by extension 'python'
[0.173s] Level 1:colcon.colcon_core.package_identification:_identify(ign_models/Reflective table/materials/textures) by extensions ['python_setup_py']
[0.173s] Level 1:colcon.colcon_core.package_identification:_identify(ign_models/Reflective table/materials/textures) by extension 'python_setup_py'
[0.173s] Level 1:colcon.colcon_core.package_identification:_identify(ign_models/Reflective table/meshes) by extensions ['ignore', 'ignore_ament_install']
[0.173s] Level 1:colcon.colcon_core.package_identification:_identify(ign_models/Reflective table/meshes) by extension 'ignore'
[0.173s] Level 1:colcon.colcon_core.package_identification:_identify(ign_models/Reflective table/meshes) by extension 'ignore_ament_install'
[0.173s] Level 1:colcon.colcon_core.package_identification:_identify(ign_models/Reflective table/meshes) by extensions ['colcon_pkg']
[0.173s] Level 1:colcon.colcon_core.package_identification:_identify(ign_models/Reflective table/meshes) by extension 'colcon_pkg'
[0.173s] Level 1:colcon.colcon_core.package_identification:_identify(ign_models/Reflective table/meshes) by extensions ['colcon_meta']
[0.173s] Level 1:colcon.colcon_core.package_identification:_identify(ign_models/Reflective table/meshes) by extension 'colcon_meta'
[0.173s] Level 1:colcon.colcon_core.package_identification:_identify(ign_models/Reflective table/meshes) by extensions ['ros']
[0.173s] Level 1:colcon.colcon_core.package_identification:_identify(ign_models/Reflective table/meshes) by extension 'ros'
[0.174s] Level 1:colcon.colcon_core.package_identification:_identify(ign_models/Reflective table/meshes) by extensions ['cmake', 'python']
[0.174s] Level 1:colcon.colcon_core.package_identification:_identify(ign_models/Reflective table/meshes) by extension 'cmake'
[0.174s] Level 1:colcon.colcon_core.package_identification:_identify(ign_models/Reflective table/meshes) by extension 'python'
[0.174s] Level 1:colcon.colcon_core.package_identification:_identify(ign_models/Reflective table/meshes) by extensions ['python_setup_py']
[0.174s] Level 1:colcon.colcon_core.package_identification:_identify(ign_models/Reflective table/meshes) by extension 'python_setup_py'
[0.174s] Level 1:colcon.colcon_core.package_identification:_identify(ign_models/Reflective table/thumbnails) by extensions ['ignore', 'ignore_ament_install']
[0.174s] Level 1:colcon.colcon_core.package_identification:_identify(ign_models/Reflective table/thumbnails) by extension 'ignore'
[0.174s] Level 1:colcon.colcon_core.package_identification:_identify(ign_models/Reflective table/thumbnails) by extension 'ignore_ament_install'
[0.174s] Level 1:colcon.colcon_core.package_identification:_identify(ign_models/Reflective table/thumbnails) by extensions ['colcon_pkg']
[0.174s] Level 1:colcon.colcon_core.package_identification:_identify(ign_models/Reflective table/thumbnails) by extension 'colcon_pkg'
[0.174s] Level 1:colcon.colcon_core.package_identification:_identify(ign_models/Reflective table/thumbnails) by extensions ['colcon_meta']
[0.174s] Level 1:colcon.colcon_core.package_identification:_identify(ign_models/Reflective table/thumbnails) by extension 'colcon_meta'
[0.174s] Level 1:colcon.colcon_core.package_identification:_identify(ign_models/Reflective table/thumbnails) by extensions ['ros']
[0.174s] Level 1:colcon.colcon_core.package_identification:_identify(ign_models/Reflective table/thumbnails) by extension 'ros'
[0.174s] Level 1:colcon.colcon_core.package_identification:_identify(ign_models/Reflective table/thumbnails) by extensions ['cmake', 'python']
[0.174s] Level 1:colcon.colcon_core.package_identification:_identify(ign_models/Reflective table/thumbnails) by extension 'cmake'
[0.174s] Level 1:colcon.colcon_core.package_identification:_identify(ign_models/Reflective table/thumbnails) by extension 'python'
[0.174s] Level 1:colcon.colcon_core.package_identification:_identify(ign_models/Reflective table/thumbnails) by extensions ['python_setup_py']
[0.174s] Level 1:colcon.colcon_core.package_identification:_identify(ign_models/Reflective table/thumbnails) by extension 'python_setup_py'
[0.174s] Level 1:colcon.colcon_core.package_identification:_identify(ign_models/Sofa) by extensions ['ignore', 'ignore_ament_install']
[0.174s] Level 1:colcon.colcon_core.package_identification:_identify(ign_models/Sofa) by extension 'ignore'
[0.174s] Level 1:colcon.colcon_core.package_identification:_identify(ign_models/Sofa) by extension 'ignore_ament_install'
[0.174s] Level 1:colcon.colcon_core.package_identification:_identify(ign_models/Sofa) by extensions ['colcon_pkg']
[0.174s] Level 1:colcon.colcon_core.package_identification:_identify(ign_models/Sofa) by extension 'colcon_pkg'
[0.174s] Level 1:colcon.colcon_core.package_identification:_identify(ign_models/Sofa) by extensions ['colcon_meta']
[0.174s] Level 1:colcon.colcon_core.package_identification:_identify(ign_models/Sofa) by extension 'colcon_meta'
[0.174s] Level 1:colcon.colcon_core.package_identification:_identify(ign_models/Sofa) by extensions ['ros']
[0.174s] Level 1:colcon.colcon_core.package_identification:_identify(ign_models/Sofa) by extension 'ros'
[0.174s] Level 1:colcon.colcon_core.package_identification:_identify(ign_models/Sofa) by extensions ['cmake', 'python']
[0.174s] Level 1:colcon.colcon_core.package_identification:_identify(ign_models/Sofa) by extension 'cmake'
[0.174s] Level 1:colcon.colcon_core.package_identification:_identify(ign_models/Sofa) by extension 'python'
[0.174s] Level 1:colcon.colcon_core.package_identification:_identify(ign_models/Sofa) by extensions ['python_setup_py']
[0.174s] Level 1:colcon.colcon_core.package_identification:_identify(ign_models/Sofa) by extension 'python_setup_py'
[0.174s] Level 1:colcon.colcon_core.package_identification:_identify(ign_models/Sofa/meshes) by extensions ['ignore', 'ignore_ament_install']
[0.174s] Level 1:colcon.colcon_core.package_identification:_identify(ign_models/Sofa/meshes) by extension 'ignore'
[0.174s] Level 1:colcon.colcon_core.package_identification:_identify(ign_models/Sofa/meshes) by extension 'ignore_ament_install'
[0.174s] Level 1:colcon.colcon_core.package_identification:_identify(ign_models/Sofa/meshes) by extensions ['colcon_pkg']
[0.174s] Level 1:colcon.colcon_core.package_identification:_identify(ign_models/Sofa/meshes) by extension 'colcon_pkg'
[0.174s] Level 1:colcon.colcon_core.package_identification:_identify(ign_models/Sofa/meshes) by extensions ['colcon_meta']
[0.174s] Level 1:colcon.colcon_core.package_identification:_identify(ign_models/Sofa/meshes) by extension 'colcon_meta'
[0.175s] Level 1:colcon.colcon_core.package_identification:_identify(ign_models/Sofa/meshes) by extensions ['ros']
[0.175s] Level 1:colcon.colcon_core.package_identification:_identify(ign_models/Sofa/meshes) by extension 'ros'
[0.175s] Level 1:colcon.colcon_core.package_identification:_identify(ign_models/Sofa/meshes) by extensions ['cmake', 'python']
[0.175s] Level 1:colcon.colcon_core.package_identification:_identify(ign_models/Sofa/meshes) by extension 'cmake'
[0.175s] Level 1:colcon.colcon_core.package_identification:_identify(ign_models/Sofa/meshes) by extension 'python'
[0.175s] Level 1:colcon.colcon_core.package_identification:_identify(ign_models/Sofa/meshes) by extensions ['python_setup_py']
[0.175s] Level 1:colcon.colcon_core.package_identification:_identify(ign_models/Sofa/meshes) by extension 'python_setup_py'
[0.175s] Level 1:colcon.colcon_core.package_identification:_identify(ign_models/Sofa/thumbnails) by extensions ['ignore', 'ignore_ament_install']
[0.175s] Level 1:colcon.colcon_core.package_identification:_identify(ign_models/Sofa/thumbnails) by extension 'ignore'
[0.175s] Level 1:colcon.colcon_core.package_identification:_identify(ign_models/Sofa/thumbnails) by extension 'ignore_ament_install'
[0.175s] Level 1:colcon.colcon_core.package_identification:_identify(ign_models/Sofa/thumbnails) by extensions ['colcon_pkg']
[0.175s] Level 1:colcon.colcon_core.package_identification:_identify(ign_models/Sofa/thumbnails) by extension 'colcon_pkg'
[0.175s] Level 1:colcon.colcon_core.package_identification:_identify(ign_models/Sofa/thumbnails) by extensions ['colcon_meta']
[0.175s] Level 1:colcon.colcon_core.package_identification:_identify(ign_models/Sofa/thumbnails) by extension 'colcon_meta'
[0.175s] Level 1:colcon.colcon_core.package_identification:_identify(ign_models/Sofa/thumbnails) by extensions ['ros']
[0.175s] Level 1:colcon.colcon_core.package_identification:_identify(ign_models/Sofa/thumbnails) by extension 'ros'
[0.175s] Level 1:colcon.colcon_core.package_identification:_identify(ign_models/Sofa/thumbnails) by extensions ['cmake', 'python']
[0.175s] Level 1:colcon.colcon_core.package_identification:_identify(ign_models/Sofa/thumbnails) by extension 'cmake'
[0.175s] Level 1:colcon.colcon_core.package_identification:_identify(ign_models/Sofa/thumbnails) by extension 'python'
[0.175s] Level 1:colcon.colcon_core.package_identification:_identify(ign_models/Sofa/thumbnails) by extensions ['python_setup_py']
[0.175s] Level 1:colcon.colcon_core.package_identification:_identify(ign_models/Sofa/thumbnails) by extension 'python_setup_py'
[0.175s] Level 1:colcon.colcon_core.package_identification:_identify(ign_models/VisitorChair) by extensions ['ignore', 'ignore_ament_install']
[0.175s] Level 1:colcon.colcon_core.package_identification:_identify(ign_models/VisitorChair) by extension 'ignore'
[0.175s] Level 1:colcon.colcon_core.package_identification:_identify(ign_models/VisitorChair) by extension 'ignore_ament_install'
[0.175s] Level 1:colcon.colcon_core.package_identification:_identify(ign_models/VisitorChair) by extensions ['colcon_pkg']
[0.175s] Level 1:colcon.colcon_core.package_identification:_identify(ign_models/VisitorChair) by extension 'colcon_pkg'
[0.175s] Level 1:colcon.colcon_core.package_identification:_identify(ign_models/VisitorChair) by extensions ['colcon_meta']
[0.175s] Level 1:colcon.colcon_core.package_identification:_identify(ign_models/VisitorChair) by extension 'colcon_meta'
[0.175s] Level 1:colcon.colcon_core.package_identification:_identify(ign_models/VisitorChair) by extensions ['ros']
[0.175s] Level 1:colcon.colcon_core.package_identification:_identify(ign_models/VisitorChair) by extension 'ros'
[0.175s] Level 1:colcon.colcon_core.package_identification:_identify(ign_models/VisitorChair) by extensions ['cmake', 'python']
[0.175s] Level 1:colcon.colcon_core.package_identification:_identify(ign_models/VisitorChair) by extension 'cmake'
[0.175s] Level 1:colcon.colcon_core.package_identification:_identify(ign_models/VisitorChair) by extension 'python'
[0.175s] Level 1:colcon.colcon_core.package_identification:_identify(ign_models/VisitorChair) by extensions ['python_setup_py']
[0.175s] Level 1:colcon.colcon_core.package_identification:_identify(ign_models/VisitorChair) by extension 'python_setup_py'
[0.175s] Level 1:colcon.colcon_core.package_identification:_identify(ign_models/VisitorChair/meshes) by extensions ['ignore', 'ignore_ament_install']
[0.175s] Level 1:colcon.colcon_core.package_identification:_identify(ign_models/VisitorChair/meshes) by extension 'ignore'
[0.175s] Level 1:colcon.colcon_core.package_identification:_identify(ign_models/VisitorChair/meshes) by extension 'ignore_ament_install'
[0.175s] Level 1:colcon.colcon_core.package_identification:_identify(ign_models/VisitorChair/meshes) by extensions ['colcon_pkg']
[0.175s] Level 1:colcon.colcon_core.package_identification:_identify(ign_models/VisitorChair/meshes) by extension 'colcon_pkg'
[0.176s] Level 1:colcon.colcon_core.package_identification:_identify(ign_models/VisitorChair/meshes) by extensions ['colcon_meta']
[0.176s] Level 1:colcon.colcon_core.package_identification:_identify(ign_models/VisitorChair/meshes) by extension 'colcon_meta'
[0.176s] Level 1:colcon.colcon_core.package_identification:_identify(ign_models/VisitorChair/meshes) by extensions ['ros']
[0.176s] Level 1:colcon.colcon_core.package_identification:_identify(ign_models/VisitorChair/meshes) by extension 'ros'
[0.176s] Level 1:colcon.colcon_core.package_identification:_identify(ign_models/VisitorChair/meshes) by extensions ['cmake', 'python']
[0.176s] Level 1:colcon.colcon_core.package_identification:_identify(ign_models/VisitorChair/meshes) by extension 'cmake'
[0.176s] Level 1:colcon.colcon_core.package_identification:_identify(ign_models/VisitorChair/meshes) by extension 'python'
[0.176s] Level 1:colcon.colcon_core.package_identification:_identify(ign_models/VisitorChair/meshes) by extensions ['python_setup_py']
[0.176s] Level 1:colcon.colcon_core.package_identification:_identify(ign_models/VisitorChair/meshes) by extension 'python_setup_py'
[0.176s] Level 1:colcon.colcon_core.package_identification:_identify(ign_models/VisitorChair/thumbnails) by extensions ['ignore', 'ignore_ament_install']
[0.176s] Level 1:colcon.colcon_core.package_identification:_identify(ign_models/VisitorChair/thumbnails) by extension 'ignore'
[0.176s] Level 1:colcon.colcon_core.package_identification:_identify(ign_models/VisitorChair/thumbnails) by extension 'ignore_ament_install'
[0.176s] Level 1:colcon.colcon_core.package_identification:_identify(ign_models/VisitorChair/thumbnails) by extensions ['colcon_pkg']
[0.176s] Level 1:colcon.colcon_core.package_identification:_identify(ign_models/VisitorChair/thumbnails) by extension 'colcon_pkg'
[0.176s] Level 1:colcon.colcon_core.package_identification:_identify(ign_models/VisitorChair/thumbnails) by extensions ['colcon_meta']
[0.176s] Level 1:colcon.colcon_core.package_identification:_identify(ign_models/VisitorChair/thumbnails) by extension 'colcon_meta'
[0.176s] Level 1:colcon.colcon_core.package_identification:_identify(ign_models/VisitorChair/thumbnails) by extensions ['ros']
[0.176s] Level 1:colcon.colcon_core.package_identification:_identify(ign_models/VisitorChair/thumbnails) by extension 'ros'
[0.176s] Level 1:colcon.colcon_core.package_identification:_identify(ign_models/VisitorChair/thumbnails) by extensions ['cmake', 'python']
[0.176s] Level 1:colcon.colcon_core.package_identification:_identify(ign_models/VisitorChair/thumbnails) by extension 'cmake'
[0.176s] Level 1:colcon.colcon_core.package_identification:_identify(ign_models/VisitorChair/thumbnails) by extension 'python'
[0.176s] Level 1:colcon.colcon_core.package_identification:_identify(ign_models/VisitorChair/thumbnails) by extensions ['python_setup_py']
[0.176s] Level 1:colcon.colcon_core.package_identification:_identify(ign_models/VisitorChair/thumbnails) by extension 'python_setup_py'
[0.176s] Level 1:colcon.colcon_core.package_identification:_identify(ign_models/mycar_description) by extensions ['ignore', 'ignore_ament_install']
[0.176s] Level 1:colcon.colcon_core.package_identification:_identify(ign_models/mycar_description) by extension 'ignore'
[0.176s] Level 1:colcon.colcon_core.package_identification:_identify(ign_models/mycar_description) by extension 'ignore_ament_install'
[0.176s] Level 1:colcon.colcon_core.package_identification:_identify(ign_models/mycar_description) by extensions ['colcon_pkg']
[0.176s] Level 1:colcon.colcon_core.package_identification:_identify(ign_models/mycar_description) by extension 'colcon_pkg'
[0.176s] Level 1:colcon.colcon_core.package_identification:_identify(ign_models/mycar_description) by extensions ['colcon_meta']
[0.176s] Level 1:colcon.colcon_core.package_identification:_identify(ign_models/mycar_description) by extension 'colcon_meta'
[0.176s] Level 1:colcon.colcon_core.package_identification:_identify(ign_models/mycar_description) by extensions ['ros']
[0.176s] Level 1:colcon.colcon_core.package_identification:_identify(ign_models/mycar_description) by extension 'ros'
[0.176s] Level 1:colcon.colcon_core.package_identification:_identify(ign_models/mycar_description) by extensions ['cmake', 'python']
[0.176s] Level 1:colcon.colcon_core.package_identification:_identify(ign_models/mycar_description) by extension 'cmake'
[0.176s] Level 1:colcon.colcon_core.package_identification:_identify(ign_models/mycar_description) by extension 'python'
[0.176s] Level 1:colcon.colcon_core.package_identification:_identify(ign_models/mycar_description) by extensions ['python_setup_py']
[0.176s] Level 1:colcon.colcon_core.package_identification:_identify(ign_models/mycar_description) by extension 'python_setup_py'
[0.177s] Level 1:colcon.colcon_core.package_identification:_identify(install) by extensions ['ignore', 'ignore_ament_install']
[0.177s] Level 1:colcon.colcon_core.package_identification:_identify(install) by extension 'ignore'
[0.177s] Level 1:colcon.colcon_core.package_identification:_identify(install) ignored
[0.177s] Level 1:colcon.colcon_core.package_identification:_identify(log) by extensions ['ignore', 'ignore_ament_install']
[0.177s] Level 1:colcon.colcon_core.package_identification:_identify(log) by extension 'ignore'
[0.177s] Level 1:colcon.colcon_core.package_identification:_identify(log) ignored
[0.177s] Level 1:colcon.colcon_core.package_identification:_identify(map) by extensions ['ignore', 'ignore_ament_install']
[0.177s] Level 1:colcon.colcon_core.package_identification:_identify(map) by extension 'ignore'
[0.177s] Level 1:colcon.colcon_core.package_identification:_identify(map) by extension 'ignore_ament_install'
[0.177s] Level 1:colcon.colcon_core.package_identification:_identify(map) by extensions ['colcon_pkg']
[0.177s] Level 1:colcon.colcon_core.package_identification:_identify(map) by extension 'colcon_pkg'
[0.177s] Level 1:colcon.colcon_core.package_identification:_identify(map) by extensions ['colcon_meta']
[0.177s] Level 1:colcon.colcon_core.package_identification:_identify(map) by extension 'colcon_meta'
[0.177s] Level 1:colcon.colcon_core.package_identification:_identify(map) by extensions ['ros']
[0.177s] Level 1:colcon.colcon_core.package_identification:_identify(map) by extension 'ros'
[0.177s] Level 1:colcon.colcon_core.package_identification:_identify(map) by extensions ['cmake', 'python']
[0.177s] Level 1:colcon.colcon_core.package_identification:_identify(map) by extension 'cmake'
[0.177s] Level 1:colcon.colcon_core.package_identification:_identify(map) by extension 'python'
[0.177s] Level 1:colcon.colcon_core.package_identification:_identify(map) by extensions ['python_setup_py']
[0.177s] Level 1:colcon.colcon_core.package_identification:_identify(map) by extension 'python_setup_py'
[0.177s] Level 1:colcon.colcon_core.package_identification:_identify(src) by extensions ['ignore', 'ignore_ament_install']
[0.177s] Level 1:colcon.colcon_core.package_identification:_identify(src) by extension 'ignore'
[0.177s] Level 1:colcon.colcon_core.package_identification:_identify(src) by extension 'ignore_ament_install'
[0.177s] Level 1:colcon.colcon_core.package_identification:_identify(src) by extensions ['colcon_pkg']
[0.177s] Level 1:colcon.colcon_core.package_identification:_identify(src) by extension 'colcon_pkg'
[0.177s] Level 1:colcon.colcon_core.package_identification:_identify(src) by extensions ['colcon_meta']
[0.177s] Level 1:colcon.colcon_core.package_identification:_identify(src) by extension 'colcon_meta'
[0.177s] Level 1:colcon.colcon_core.package_identification:_identify(src) by extensions ['ros']
[0.177s] Level 1:colcon.colcon_core.package_identification:_identify(src) by extension 'ros'
[0.177s] Level 1:colcon.colcon_core.package_identification:_identify(src) by extensions ['cmake', 'python']
[0.177s] Level 1:colcon.colcon_core.package_identification:_identify(src) by extension 'cmake'
[0.177s] Level 1:colcon.colcon_core.package_identification:_identify(src) by extension 'python'
[0.177s] Level 1:colcon.colcon_core.package_identification:_identify(src) by extensions ['python_setup_py']
[0.177s] Level 1:colcon.colcon_core.package_identification:_identify(src) by extension 'python_setup_py'
[0.177s] Level 1:colcon.colcon_core.package_identification:_identify(src/demo_gazebo_sim) by extensions ['ignore', 'ignore_ament_install']
[0.178s] Level 1:colcon.colcon_core.package_identification:_identify(src/demo_gazebo_sim) by extension 'ignore'
[0.178s] Level 1:colcon.colcon_core.package_identification:_identify(src/demo_gazebo_sim) by extension 'ignore_ament_install'
[0.178s] Level 1:colcon.colcon_core.package_identification:_identify(src/demo_gazebo_sim) by extensions ['colcon_pkg']
[0.178s] Level 1:colcon.colcon_core.package_identification:_identify(src/demo_gazebo_sim) by extension 'colcon_pkg'
[0.178s] Level 1:colcon.colcon_core.package_identification:_identify(src/demo_gazebo_sim) by extensions ['colcon_meta']
[0.178s] Level 1:colcon.colcon_core.package_identification:_identify(src/demo_gazebo_sim) by extension 'colcon_meta'
[0.178s] Level 1:colcon.colcon_core.package_identification:_identify(src/demo_gazebo_sim) by extensions ['ros']
[0.178s] Level 1:colcon.colcon_core.package_identification:_identify(src/demo_gazebo_sim) by extension 'ros'
[0.179s] DEBUG:colcon.colcon_core.package_identification:Package 'src/demo_gazebo_sim' with type 'ros.ament_cmake' and name 'demo_gazebo_sim'
[0.179s] Level 1:colcon.colcon_core.package_identification:_identify(src/mycar_description) by extensions ['ignore', 'ignore_ament_install']
[0.179s] Level 1:colcon.colcon_core.package_identification:_identify(src/mycar_description) by extension 'ignore'
[0.179s] Level 1:colcon.colcon_core.package_identification:_identify(src/mycar_description) by extension 'ignore_ament_install'
[0.179s] Level 1:colcon.colcon_core.package_identification:_identify(src/mycar_description) by extensions ['colcon_pkg']
[0.179s] Level 1:colcon.colcon_core.package_identification:_identify(src/mycar_description) by extension 'colcon_pkg'
[0.179s] Level 1:colcon.colcon_core.package_identification:_identify(src/mycar_description) by extensions ['colcon_meta']
[0.179s] Level 1:colcon.colcon_core.package_identification:_identify(src/mycar_description) by extension 'colcon_meta'
[0.180s] Level 1:colcon.colcon_core.package_identification:_identify(src/mycar_description) by extensions ['ros']
[0.180s] Level 1:colcon.colcon_core.package_identification:_identify(src/mycar_description) by extension 'ros'
[0.180s] DEBUG:colcon.colcon_core.package_identification:Package 'src/mycar_description' with type 'ros.ament_cmake' and name 'mycar_description'
[0.180s] Level 1:colcon.colcon_core.package_identification:_identify(src/mycar_localization) by extensions ['ignore', 'ignore_ament_install']
[0.180s] Level 1:colcon.colcon_core.package_identification:_identify(src/mycar_localization) by extension 'ignore'
[0.180s] Level 1:colcon.colcon_core.package_identification:_identify(src/mycar_localization) by extension 'ignore_ament_install'
[0.180s] Level 1:colcon.colcon_core.package_identification:_identify(src/mycar_localization) by extensions ['colcon_pkg']
[0.180s] Level 1:colcon.colcon_core.package_identification:_identify(src/mycar_localization) by extension 'colcon_pkg'
[0.180s] Level 1:colcon.colcon_core.package_identification:_identify(src/mycar_localization) by extensions ['colcon_meta']
[0.180s] Level 1:colcon.colcon_core.package_identification:_identify(src/mycar_localization) by extension 'colcon_meta'
[0.180s] Level 1:colcon.colcon_core.package_identification:_identify(src/mycar_localization) by extensions ['ros']
[0.180s] Level 1:colcon.colcon_core.package_identification:_identify(src/mycar_localization) by extension 'ros'
[0.182s] DEBUG:colcon.colcon_core.package_identification:Package 'src/mycar_localization' with type 'ros.ament_cmake' and name 'mycar_localization'
[0.182s] Level 1:colcon.colcon_core.package_identification:_identify(src/mycar_map_server) by extensions ['ignore', 'ignore_ament_install']
[0.182s] Level 1:colcon.colcon_core.package_identification:_identify(src/mycar_map_server) by extension 'ignore'
[0.182s] Level 1:colcon.colcon_core.package_identification:_identify(src/mycar_map_server) by extension 'ignore_ament_install'
[0.182s] Level 1:colcon.colcon_core.package_identification:_identify(src/mycar_map_server) by extensions ['colcon_pkg']
[0.182s] Level 1:colcon.colcon_core.package_identification:_identify(src/mycar_map_server) by extension 'colcon_pkg'
[0.182s] Level 1:colcon.colcon_core.package_identification:_identify(src/mycar_map_server) by extensions ['colcon_meta']
[0.182s] Level 1:colcon.colcon_core.package_identification:_identify(src/mycar_map_server) by extension 'colcon_meta'
[0.182s] Level 1:colcon.colcon_core.package_identification:_identify(src/mycar_map_server) by extensions ['ros']
[0.182s] Level 1:colcon.colcon_core.package_identification:_identify(src/mycar_map_server) by extension 'ros'
[0.182s] DEBUG:colcon.colcon_core.package_identification:Package 'src/mycar_map_server' with type 'ros.ament_cmake' and name 'mycar_map_server'
[0.182s] Level 1:colcon.colcon_core.package_identification:_identify(src/mycar_slam_slam_toolbox) by extensions ['ignore', 'ignore_ament_install']
[0.183s] Level 1:colcon.colcon_core.package_identification:_identify(src/mycar_slam_slam_toolbox) by extension 'ignore'
[0.183s] Level 1:colcon.colcon_core.package_identification:_identify(src/mycar_slam_slam_toolbox) by extension 'ignore_ament_install'
[0.183s] Level 1:colcon.colcon_core.package_identification:_identify(src/mycar_slam_slam_toolbox) by extensions ['colcon_pkg']
[0.183s] Level 1:colcon.colcon_core.package_identification:_identify(src/mycar_slam_slam_toolbox) by extension 'colcon_pkg'
[0.183s] Level 1:colcon.colcon_core.package_identification:_identify(src/mycar_slam_slam_toolbox) by extensions ['colcon_meta']
[0.183s] Level 1:colcon.colcon_core.package_identification:_identify(src/mycar_slam_slam_toolbox) by extension 'colcon_meta'
[0.183s] Level 1:colcon.colcon_core.package_identification:_identify(src/mycar_slam_slam_toolbox) by extensions ['ros']
[0.183s] Level 1:colcon.colcon_core.package_identification:_identify(src/mycar_slam_slam_toolbox) by extension 'ros'
[0.183s] DEBUG:colcon.colcon_core.package_identification:Package 'src/mycar_slam_slam_toolbox' with type 'ros.ament_cmake' and name 'mycar_slam_slam_toolbox'
[0.183s] Level 1:colcon.colcon_core.package_discovery:discover_packages(recursive) using defaults
[0.183s] Level 1:colcon.colcon_core.package_discovery:discover_packages(ignore) discover
[0.183s] Level 1:colcon.colcon_core.package_discovery:discover_packages(ignore) using defaults
[0.183s] Level 1:colcon.colcon_core.package_discovery:discover_packages(path) discover
[0.183s] Level 1:colcon.colcon_core.package_discovery:discover_packages(path) using defaults
[0.202s] Level 1:colcon.colcon_core.package_discovery:discover_packages(prefix_path) check parameters
[0.202s] Level 1:colcon.colcon_core.package_discovery:discover_packages(prefix_path) discover
[0.203s] DEBUG:colcon.colcon_installed_package_information.package_discovery:Found 5 installed packages in /home/xiaofang/ROS2_WS/ws03_nav_sim/install
[0.203s] DEBUG:colcon.colcon_installed_package_information.package_discovery:Found 4 installed packages in /opt/cv_bridge_fix_link-humble/install
[0.204s] DEBUG:colcon.colcon_installed_package_information.package_discovery:Found 340 installed packages in /opt/ros/humble
[0.205s] Level 1:colcon.colcon_core.package_discovery:discover_packages(prefix_path) using defaults
[0.232s] Level 5:colcon.colcon_core.verb:set package 'demo_gazebo_sim' build argument 'cmake_args' from command line to '['-DCMAKE_EXPORT_COMPILE_COMMANDS=ON']'
[0.232s] Level 5:colcon.colcon_core.verb:set package 'demo_gazebo_sim' build argument 'cmake_target' from command line to 'None'
[0.232s] Level 5:colcon.colcon_core.verb:set package 'demo_gazebo_sim' build argument 'cmake_target_skip_unavailable' from command line to 'False'
[0.232s] Level 5:colcon.colcon_core.verb:set package 'demo_gazebo_sim' build argument 'cmake_clean_cache' from command line to 'False'
[0.232s] Level 5:colcon.colcon_core.verb:set package 'demo_gazebo_sim' build argument 'cmake_clean_first' from command line to 'False'
[0.232s] Level 5:colcon.colcon_core.verb:set package 'demo_gazebo_sim' build argument 'cmake_force_configure' from command line to 'False'
[0.232s] Level 5:colcon.colcon_core.verb:set package 'demo_gazebo_sim' build argument 'ament_cmake_args' from command line to 'None'
[0.232s] Level 5:colcon.colcon_core.verb:set package 'demo_gazebo_sim' build argument 'catkin_cmake_args' from command line to 'None'
[0.232s] Level 5:colcon.colcon_core.verb:set package 'demo_gazebo_sim' build argument 'catkin_skip_building_tests' from command line to 'False'
[0.232s] DEBUG:colcon.colcon_core.verb:Building package 'demo_gazebo_sim' with the following arguments: {'ament_cmake_args': None, 'build_base': '/home/xiaofang/ROS2_WS/ws03_nav_sim/build/demo_gazebo_sim', 'catkin_cmake_args': None, 'catkin_skip_building_tests': False, 'cmake_args': ['-DCMAKE_EXPORT_COMPILE_COMMANDS=ON'], 'cmake_clean_cache': False, 'cmake_clean_first': False, 'cmake_force_configure': False, 'cmake_target': None, 'cmake_target_skip_unavailable': False, 'install_base': '/home/xiaofang/ROS2_WS/ws03_nav_sim/install/demo_gazebo_sim', 'merge_install': False, 'path': '/home/xiaofang/ROS2_WS/ws03_nav_sim/src/demo_gazebo_sim', 'symlink_install': False, 'test_result_base': None}
[0.232s] Level 5:colcon.colcon_core.verb:set package 'mycar_description' build argument 'cmake_args' from command line to '['-DCMAKE_EXPORT_COMPILE_COMMANDS=ON']'
[0.232s] Level 5:colcon.colcon_core.verb:set package 'mycar_description' build argument 'cmake_target' from command line to 'None'
[0.232s] Level 5:colcon.colcon_core.verb:set package 'mycar_description' build argument 'cmake_target_skip_unavailable' from command line to 'False'
[0.232s] Level 5:colcon.colcon_core.verb:set package 'mycar_description' build argument 'cmake_clean_cache' from command line to 'False'
[0.232s] Level 5:colcon.colcon_core.verb:set package 'mycar_description' build argument 'cmake_clean_first' from command line to 'False'
[0.232s] Level 5:colcon.colcon_core.verb:set package 'mycar_description' build argument 'cmake_force_configure' from command line to 'False'
[0.232s] Level 5:colcon.colcon_core.verb:set package 'mycar_description' build argument 'ament_cmake_args' from command line to 'None'
[0.232s] Level 5:colcon.colcon_core.verb:set package 'mycar_description' build argument 'catkin_cmake_args' from command line to 'None'
[0.232s] Level 5:colcon.colcon_core.verb:set package 'mycar_description' build argument 'catkin_skip_building_tests' from command line to 'False'
[0.232s] DEBUG:colcon.colcon_core.verb:Building package 'mycar_description' with the following arguments: {'ament_cmake_args': None, 'build_base': '/home/xiaofang/ROS2_WS/ws03_nav_sim/build/mycar_description', 'catkin_cmake_args': None, 'catkin_skip_building_tests': False, 'cmake_args': ['-DCMAKE_EXPORT_COMPILE_COMMANDS=ON'], 'cmake_clean_cache': False, 'cmake_clean_first': False, 'cmake_force_configure': False, 'cmake_target': None, 'cmake_target_skip_unavailable': False, 'install_base': '/home/xiaofang/ROS2_WS/ws03_nav_sim/install/mycar_description', 'merge_install': False, 'path': '/home/xiaofang/ROS2_WS/ws03_nav_sim/src/mycar_description', 'symlink_install': False, 'test_result_base': None}
[0.232s] Level 5:colcon.colcon_core.verb:set package 'mycar_map_server' build argument 'cmake_args' from command line to '['-DCMAKE_EXPORT_COMPILE_COMMANDS=ON']'
[0.232s] Level 5:colcon.colcon_core.verb:set package 'mycar_map_server' build argument 'cmake_target' from command line to 'None'
[0.232s] Level 5:colcon.colcon_core.verb:set package 'mycar_map_server' build argument 'cmake_target_skip_unavailable' from command line to 'False'
[0.232s] Level 5:colcon.colcon_core.verb:set package 'mycar_map_server' build argument 'cmake_clean_cache' from command line to 'False'
[0.232s] Level 5:colcon.colcon_core.verb:set package 'mycar_map_server' build argument 'cmake_clean_first' from command line to 'False'
[0.232s] Level 5:colcon.colcon_core.verb:set package 'mycar_map_server' build argument 'cmake_force_configure' from command line to 'False'
[0.232s] Level 5:colcon.colcon_core.verb:set package 'mycar_map_server' build argument 'ament_cmake_args' from command line to 'None'
[0.232s] Level 5:colcon.colcon_core.verb:set package 'mycar_map_server' build argument 'catkin_cmake_args' from command line to 'None'
[0.232s] Level 5:colcon.colcon_core.verb:set package 'mycar_map_server' build argument 'catkin_skip_building_tests' from command line to 'False'
[0.232s] DEBUG:colcon.colcon_core.verb:Building package 'mycar_map_server' with the following arguments: {'ament_cmake_args': None, 'build_base': '/home/xiaofang/ROS2_WS/ws03_nav_sim/build/mycar_map_server', 'catkin_cmake_args': None, 'catkin_skip_building_tests': False, 'cmake_args': ['-DCMAKE_EXPORT_COMPILE_COMMANDS=ON'], 'cmake_clean_cache': False, 'cmake_clean_first': False, 'cmake_force_configure': False, 'cmake_target': None, 'cmake_target_skip_unavailable': False, 'install_base': '/home/xiaofang/ROS2_WS/ws03_nav_sim/install/mycar_map_server', 'merge_install': False, 'path': '/home/xiaofang/ROS2_WS/ws03_nav_sim/src/mycar_map_server', 'symlink_install': False, 'test_result_base': None}
[0.233s] Level 5:colcon.colcon_core.verb:set package 'mycar_slam_slam_toolbox' build argument 'cmake_args' from command line to '['-DCMAKE_EXPORT_COMPILE_COMMANDS=ON']'
[0.233s] Level 5:colcon.colcon_core.verb:set package 'mycar_slam_slam_toolbox' build argument 'cmake_target' from command line to 'None'
[0.233s] Level 5:colcon.colcon_core.verb:set package 'mycar_slam_slam_toolbox' build argument 'cmake_target_skip_unavailable' from command line to 'False'
[0.233s] Level 5:colcon.colcon_core.verb:set package 'mycar_slam_slam_toolbox' build argument 'cmake_clean_cache' from command line to 'False'
[0.233s] Level 5:colcon.colcon_core.verb:set package 'mycar_slam_slam_toolbox' build argument 'cmake_clean_first' from command line to 'False'
[0.233s] Level 5:colcon.colcon_core.verb:set package 'mycar_slam_slam_toolbox' build argument 'cmake_force_configure' from command line to 'False'
[0.233s] Level 5:colcon.colcon_core.verb:set package 'mycar_slam_slam_toolbox' build argument 'ament_cmake_args' from command line to 'None'
[0.233s] Level 5:colcon.colcon_core.verb:set package 'mycar_slam_slam_toolbox' build argument 'catkin_cmake_args' from command line to 'None'
[0.233s] Level 5:colcon.colcon_core.verb:set package 'mycar_slam_slam_toolbox' build argument 'catkin_skip_building_tests' from command line to 'False'
[0.233s] DEBUG:colcon.colcon_core.verb:Building package 'mycar_slam_slam_toolbox' with the following arguments: {'ament_cmake_args': None, 'build_base': '/home/xiaofang/ROS2_WS/ws03_nav_sim/build/mycar_slam_slam_toolbox', 'catkin_cmake_args': None, 'catkin_skip_building_tests': False, 'cmake_args': ['-DCMAKE_EXPORT_COMPILE_COMMANDS=ON'], 'cmake_clean_cache': False, 'cmake_clean_first': False, 'cmake_force_configure': False, 'cmake_target': None, 'cmake_target_skip_unavailable': False, 'install_base': '/home/xiaofang/ROS2_WS/ws03_nav_sim/install/mycar_slam_slam_toolbox', 'merge_install': False, 'path': '/home/xiaofang/ROS2_WS/ws03_nav_sim/src/mycar_slam_slam_toolbox', 'symlink_install': False, 'test_result_base': None}
[0.233s] Level 5:colcon.colcon_core.verb:set package 'mycar_localization' build argument 'cmake_args' from command line to '['-DCMAKE_EXPORT_COMPILE_COMMANDS=ON']'
[0.233s] Level 5:colcon.colcon_core.verb:set package 'mycar_localization' build argument 'cmake_target' from command line to 'None'
[0.233s] Level 5:colcon.colcon_core.verb:set package 'mycar_localization' build argument 'cmake_target_skip_unavailable' from command line to 'False'
[0.233s] Level 5:colcon.colcon_core.verb:set package 'mycar_localization' build argument 'cmake_clean_cache' from command line to 'False'
[0.233s] Level 5:colcon.colcon_core.verb:set package 'mycar_localization' build argument 'cmake_clean_first' from command line to 'False'
[0.233s] Level 5:colcon.colcon_core.verb:set package 'mycar_localization' build argument 'cmake_force_configure' from command line to 'False'
[0.233s] Level 5:colcon.colcon_core.verb:set package 'mycar_localization' build argument 'ament_cmake_args' from command line to 'None'
[0.233s] Level 5:colcon.colcon_core.verb:set package 'mycar_localization' build argument 'catkin_cmake_args' from command line to 'None'
[0.233s] Level 5:colcon.colcon_core.verb:set package 'mycar_localization' build argument 'catkin_skip_building_tests' from command line to 'False'
[0.233s] DEBUG:colcon.colcon_core.verb:Building package 'mycar_localization' with the following arguments: {'ament_cmake_args': None, 'build_base': '/home/xiaofang/ROS2_WS/ws03_nav_sim/build/mycar_localization', 'catkin_cmake_args': None, 'catkin_skip_building_tests': False, 'cmake_args': ['-DCMAKE_EXPORT_COMPILE_COMMANDS=ON'], 'cmake_clean_cache': False, 'cmake_clean_first': False, 'cmake_force_configure': False, 'cmake_target': None, 'cmake_target_skip_unavailable': False, 'install_base': '/home/xiaofang/ROS2_WS/ws03_nav_sim/install/mycar_localization', 'merge_install': False, 'path': '/home/xiaofang/ROS2_WS/ws03_nav_sim/src/mycar_localization', 'symlink_install': False, 'test_result_base': None}
[0.233s] INFO:colcon.colcon_core.executor:Executing jobs using 'parallel' executor
[0.234s] DEBUG:colcon.colcon_parallel_executor.executor.parallel:run_until_complete
[0.234s] INFO:colcon.colcon_ros.task.ament_cmake.build:Building ROS package in '/home/xiaofang/ROS2_WS/ws03_nav_sim/src/mycar_map_server' with build type 'ament_cmake'
[0.234s] INFO:colcon.colcon_cmake.task.cmake.build:Building CMake package in '/home/xiaofang/ROS2_WS/ws03_nav_sim/src/mycar_map_server'
[0.236s] INFO:colcon.colcon_core.plugin_system:Skipping extension 'colcon_core.shell.bat': Not used on non-Windows systems
[0.236s] INFO:colcon.colcon_core.shell:Skip shell extension 'powershell' for command environment: Not usable outside of PowerShell
[0.236s] DEBUG:colcon.colcon_core.shell:Skip shell extension 'dsv' for command environment
[0.238s] INFO:colcon.colcon_ros.task.ament_cmake.build:Building ROS package in '/home/xiaofang/ROS2_WS/ws03_nav_sim/src/demo_gazebo_sim' with build type 'ament_cmake'
[0.238s] INFO:colcon.colcon_cmake.task.cmake.build:Building CMake package in '/home/xiaofang/ROS2_WS/ws03_nav_sim/src/demo_gazebo_sim'
[0.238s] INFO:colcon.colcon_core.shell:Skip shell extension 'powershell' for command environment: Not usable outside of PowerShell
[0.239s] DEBUG:colcon.colcon_core.shell:Skip shell extension 'dsv' for command environment
[0.241s] INFO:colcon.colcon_ros.task.ament_cmake.build:Building ROS package in '/home/xiaofang/ROS2_WS/ws03_nav_sim/src/mycar_description' with build type 'ament_cmake'
[0.241s] INFO:colcon.colcon_cmake.task.cmake.build:Building CMake package in '/home/xiaofang/ROS2_WS/ws03_nav_sim/src/mycar_description'
[0.241s] INFO:colcon.colcon_core.shell:Skip shell extension 'powershell' for command environment: Not usable outside of PowerShell
[0.241s] DEBUG:colcon.colcon_core.shell:Skip shell extension 'dsv' for command environment
[0.243s] INFO:colcon.colcon_ros.task.ament_cmake.build:Building ROS package in '/home/xiaofang/ROS2_WS/ws03_nav_sim/src/mycar_slam_slam_toolbox' with build type 'ament_cmake'
[0.244s] INFO:colcon.colcon_cmake.task.cmake.build:Building CMake package in '/home/xiaofang/ROS2_WS/ws03_nav_sim/src/mycar_slam_slam_toolbox'
[0.244s] INFO:colcon.colcon_core.shell:Skip shell extension 'powershell' for command environment: Not usable outside of PowerShell
[0.244s] DEBUG:colcon.colcon_core.shell:Skip shell extension 'dsv' for command environment
[0.250s] DEBUG:colcon.colcon_core.event_handler.log_command:Invoking command in '/home/xiaofang/ROS2_WS/ws03_nav_sim/build/mycar_map_server': CMAKE_PREFIX_PATH=${CMAKE_PREFIX_PATH}:/opt/cv_bridge_fix_link-humble/install/opencv_tests:/opt/ros/humble /usr/bin/cmake --build /home/xiaofang/ROS2_WS/ws03_nav_sim/build/mycar_map_server -- -j20 -l20
[0.252s] DEBUG:colcon.colcon_core.event_handler.log_command:Invoking command in '/home/xiaofang/ROS2_WS/ws03_nav_sim/build/demo_gazebo_sim': CMAKE_PREFIX_PATH=${CMAKE_PREFIX_PATH}:/opt/cv_bridge_fix_link-humble/install/opencv_tests:/opt/ros/humble /usr/bin/cmake --build /home/xiaofang/ROS2_WS/ws03_nav_sim/build/demo_gazebo_sim -- -j20 -l20
[0.255s] DEBUG:colcon.colcon_core.event_handler.log_command:Invoking command in '/home/xiaofang/ROS2_WS/ws03_nav_sim/build/mycar_description': CMAKE_PREFIX_PATH=${CMAKE_PREFIX_PATH}:/opt/cv_bridge_fix_link-humble/install/opencv_tests:/opt/ros/humble /usr/bin/cmake --build /home/xiaofang/ROS2_WS/ws03_nav_sim/build/mycar_description -- -j20 -l20
[0.258s] DEBUG:colcon.colcon_core.event_handler.log_command:Invoking command in '/home/xiaofang/ROS2_WS/ws03_nav_sim/build/mycar_slam_slam_toolbox': CMAKE_PREFIX_PATH=${CMAKE_PREFIX_PATH}:/opt/cv_bridge_fix_link-humble/install/opencv_tests:/opt/ros/humble /usr/bin/cmake --build /home/xiaofang/ROS2_WS/ws03_nav_sim/build/mycar_slam_slam_toolbox -- -j20 -l20
[0.281s] DEBUG:colcon.colcon_core.event_handler.log_command:Invoked command in '/home/xiaofang/ROS2_WS/ws03_nav_sim/build/mycar_description' returned '0': CMAKE_PREFIX_PATH=${CMAKE_PREFIX_PATH}:/opt/cv_bridge_fix_link-humble/install/opencv_tests:/opt/ros/humble /usr/bin/cmake --build /home/xiaofang/ROS2_WS/ws03_nav_sim/build/mycar_description -- -j20 -l20
[0.291s] DEBUG:colcon.colcon_core.event_handler.log_command:Invoking command in '/home/xiaofang/ROS2_WS/ws03_nav_sim/build/mycar_description': CMAKE_PREFIX_PATH=${CMAKE_PREFIX_PATH}:/opt/cv_bridge_fix_link-humble/install/opencv_tests:/opt/ros/humble /usr/bin/cmake --install /home/xiaofang/ROS2_WS/ws03_nav_sim/build/mycar_description
[0.292s] DEBUG:colcon.colcon_core.event_handler.log_command:Invoked command in '/home/xiaofang/ROS2_WS/ws03_nav_sim/build/demo_gazebo_sim' returned '0': CMAKE_PREFIX_PATH=${CMAKE_PREFIX_PATH}:/opt/cv_bridge_fix_link-humble/install/opencv_tests:/opt/ros/humble /usr/bin/cmake --build /home/xiaofang/ROS2_WS/ws03_nav_sim/build/demo_gazebo_sim -- -j20 -l20
[0.293s] DEBUG:colcon.colcon_core.event_handler.log_command:Invoking command in '/home/xiaofang/ROS2_WS/ws03_nav_sim/build/demo_gazebo_sim': CMAKE_PREFIX_PATH=${CMAKE_PREFIX_PATH}:/opt/cv_bridge_fix_link-humble/install/opencv_tests:/opt/ros/humble /usr/bin/cmake --install /home/xiaofang/ROS2_WS/ws03_nav_sim/build/demo_gazebo_sim
[0.293s] DEBUG:colcon.colcon_core.event_handler.log_command:Invoked command in '/home/xiaofang/ROS2_WS/ws03_nav_sim/build/mycar_map_server' returned '0': CMAKE_PREFIX_PATH=${CMAKE_PREFIX_PATH}:/opt/cv_bridge_fix_link-humble/install/opencv_tests:/opt/ros/humble /usr/bin/cmake --build /home/xiaofang/ROS2_WS/ws03_nav_sim/build/mycar_map_server -- -j20 -l20
[0.294s] DEBUG:colcon.colcon_core.event_handler.log_command:Invoking command in '/home/xiaofang/ROS2_WS/ws03_nav_sim/build/mycar_map_server': CMAKE_PREFIX_PATH=${CMAKE_PREFIX_PATH}:/opt/cv_bridge_fix_link-humble/install/opencv_tests:/opt/ros/humble /usr/bin/cmake --install /home/xiaofang/ROS2_WS/ws03_nav_sim/build/mycar_map_server
[0.295s] DEBUG:colcon.colcon_core.event_handler.log_command:Invoked command in '/home/xiaofang/ROS2_WS/ws03_nav_sim/build/mycar_slam_slam_toolbox' returned '0': CMAKE_PREFIX_PATH=${CMAKE_PREFIX_PATH}:/opt/cv_bridge_fix_link-humble/install/opencv_tests:/opt/ros/humble /usr/bin/cmake --build /home/xiaofang/ROS2_WS/ws03_nav_sim/build/mycar_slam_slam_toolbox -- -j20 -l20
[0.296s] DEBUG:colcon.colcon_core.event_handler.log_command:Invoking command in '/home/xiaofang/ROS2_WS/ws03_nav_sim/build/mycar_slam_slam_toolbox': CMAKE_PREFIX_PATH=${CMAKE_PREFIX_PATH}:/opt/cv_bridge_fix_link-humble/install/opencv_tests:/opt/ros/humble /usr/bin/cmake --install /home/xiaofang/ROS2_WS/ws03_nav_sim/build/mycar_slam_slam_toolbox
[0.305s] Level 1:colcon.colcon_core.environment:create_environment_scripts_only(mycar_description)
[0.306s] DEBUG:colcon.colcon_core.event_handler.log_command:Invoked command in '/home/xiaofang/ROS2_WS/ws03_nav_sim/build/mycar_description' returned '0': CMAKE_PREFIX_PATH=${CMAKE_PREFIX_PATH}:/opt/cv_bridge_fix_link-humble/install/opencv_tests:/opt/ros/humble /usr/bin/cmake --install /home/xiaofang/ROS2_WS/ws03_nav_sim/build/mycar_description
[0.308s] Level 1:colcon.colcon_core.environment:checking '/home/xiaofang/ROS2_WS/ws03_nav_sim/install/mycar_description' for CMake module files
[0.308s] Level 1:colcon.colcon_core.environment:checking '/home/xiaofang/ROS2_WS/ws03_nav_sim/install/mycar_description' for CMake config files
[0.308s] Level 1:colcon.colcon_core.shell:create_environment_hook('mycar_description', 'cmake_prefix_path')
[0.308s] INFO:colcon.colcon_core.shell:Creating environment hook '/home/xiaofang/ROS2_WS/ws03_nav_sim/install/mycar_description/share/mycar_description/hook/cmake_prefix_path.ps1'
[0.309s] INFO:colcon.colcon_core.shell:Creating environment descriptor '/home/xiaofang/ROS2_WS/ws03_nav_sim/install/mycar_description/share/mycar_description/hook/cmake_prefix_path.dsv'
[0.309s] INFO:colcon.colcon_core.shell:Creating environment hook '/home/xiaofang/ROS2_WS/ws03_nav_sim/install/mycar_description/share/mycar_description/hook/cmake_prefix_path.sh'
[0.310s] Level 1:colcon.colcon_core.environment:checking '/home/xiaofang/ROS2_WS/ws03_nav_sim/install/mycar_description/bin'
[0.310s] Level 1:colcon.colcon_core.environment:checking '/home/xiaofang/ROS2_WS/ws03_nav_sim/install/mycar_description/lib/pkgconfig/mycar_description.pc'
[0.310s] Level 1:colcon.colcon_core.environment:checking '/home/xiaofang/ROS2_WS/ws03_nav_sim/install/mycar_description/lib/python3.10/site-packages'
[0.310s] Level 1:colcon.colcon_core.environment:checking '/home/xiaofang/ROS2_WS/ws03_nav_sim/install/mycar_description/bin'
[0.310s] INFO:colcon.colcon_core.shell:Creating package script '/home/xiaofang/ROS2_WS/ws03_nav_sim/install/mycar_description/share/mycar_description/package.ps1'
[0.311s] INFO:colcon.colcon_core.shell:Creating package descriptor '/home/xiaofang/ROS2_WS/ws03_nav_sim/install/mycar_description/share/mycar_description/package.dsv'
[0.311s] INFO:colcon.colcon_core.shell:Creating package script '/home/xiaofang/ROS2_WS/ws03_nav_sim/install/mycar_description/share/mycar_description/package.sh'
[0.311s] INFO:colcon.colcon_core.shell:Creating package script '/home/xiaofang/ROS2_WS/ws03_nav_sim/install/mycar_description/share/mycar_description/package.bash'
[0.312s] INFO:colcon.colcon_core.shell:Creating package script '/home/xiaofang/ROS2_WS/ws03_nav_sim/install/mycar_description/share/mycar_description/package.zsh'
[0.312s] Level 1:colcon.colcon_core.environment:create_file_with_runtime_dependencies(/home/xiaofang/ROS2_WS/ws03_nav_sim/install/mycar_description/share/colcon-core/packages/mycar_description)
[0.313s] Level 1:colcon.colcon_core.environment:create_environment_scripts_only(mycar_description)
[0.313s] Level 1:colcon.colcon_core.environment:checking '/home/xiaofang/ROS2_WS/ws03_nav_sim/install/mycar_description' for CMake module files
[0.313s] Level 1:colcon.colcon_core.environment:checking '/home/xiaofang/ROS2_WS/ws03_nav_sim/install/mycar_description' for CMake config files
[0.314s] Level 1:colcon.colcon_core.shell:create_environment_hook('mycar_description', 'cmake_prefix_path')
[0.314s] INFO:colcon.colcon_core.shell:Creating environment hook '/home/xiaofang/ROS2_WS/ws03_nav_sim/install/mycar_description/share/mycar_description/hook/cmake_prefix_path.ps1'
[0.314s] INFO:colcon.colcon_core.shell:Creating environment descriptor '/home/xiaofang/ROS2_WS/ws03_nav_sim/install/mycar_description/share/mycar_description/hook/cmake_prefix_path.dsv'
[0.315s] INFO:colcon.colcon_core.shell:Creating environment hook '/home/xiaofang/ROS2_WS/ws03_nav_sim/install/mycar_description/share/mycar_description/hook/cmake_prefix_path.sh'
[0.316s] Level 1:colcon.colcon_core.environment:checking '/home/xiaofang/ROS2_WS/ws03_nav_sim/install/mycar_description/bin'
[0.316s] Level 1:colcon.colcon_core.environment:checking '/home/xiaofang/ROS2_WS/ws03_nav_sim/install/mycar_description/lib/pkgconfig/mycar_description.pc'
[0.316s] Level 1:colcon.colcon_core.environment:checking '/home/xiaofang/ROS2_WS/ws03_nav_sim/install/mycar_description/lib/python3.10/site-packages'
[0.316s] Level 1:colcon.colcon_core.environment:checking '/home/xiaofang/ROS2_WS/ws03_nav_sim/install/mycar_description/bin'
[0.316s] INFO:colcon.colcon_core.shell:Creating package script '/home/xiaofang/ROS2_WS/ws03_nav_sim/install/mycar_description/share/mycar_description/package.ps1'
[0.317s] INFO:colcon.colcon_core.shell:Creating package descriptor '/home/xiaofang/ROS2_WS/ws03_nav_sim/install/mycar_description/share/mycar_description/package.dsv'
[0.317s] INFO:colcon.colcon_core.shell:Creating package script '/home/xiaofang/ROS2_WS/ws03_nav_sim/install/mycar_description/share/mycar_description/package.sh'
[0.317s] INFO:colcon.colcon_core.shell:Creating package script '/home/xiaofang/ROS2_WS/ws03_nav_sim/install/mycar_description/share/mycar_description/package.bash'
[0.317s] INFO:colcon.colcon_core.shell:Creating package script '/home/xiaofang/ROS2_WS/ws03_nav_sim/install/mycar_description/share/mycar_description/package.zsh'
[0.318s] Level 1:colcon.colcon_core.environment:create_file_with_runtime_dependencies(/home/xiaofang/ROS2_WS/ws03_nav_sim/install/mycar_description/share/colcon-core/packages/mycar_description)
[0.318s] Level 1:colcon.colcon_core.environment:create_environment_scripts_only(demo_gazebo_sim)
[0.318s] Level 1:colcon.colcon_core.environment:checking '/home/xiaofang/ROS2_WS/ws03_nav_sim/install/demo_gazebo_sim' for CMake module files
[0.319s] DEBUG:colcon.colcon_core.event_handler.log_command:Invoked command in '/home/xiaofang/ROS2_WS/ws03_nav_sim/build/demo_gazebo_sim' returned '0': CMAKE_PREFIX_PATH=${CMAKE_PREFIX_PATH}:/opt/cv_bridge_fix_link-humble/install/opencv_tests:/opt/ros/humble /usr/bin/cmake --install /home/xiaofang/ROS2_WS/ws03_nav_sim/build/demo_gazebo_sim
[0.319s] Level 1:colcon.colcon_core.environment:checking '/home/xiaofang/ROS2_WS/ws03_nav_sim/install/demo_gazebo_sim' for CMake config files
[0.319s] Level 1:colcon.colcon_core.shell:create_environment_hook('demo_gazebo_sim', 'cmake_prefix_path')
[0.319s] INFO:colcon.colcon_core.shell:Creating environment hook '/home/xiaofang/ROS2_WS/ws03_nav_sim/install/demo_gazebo_sim/share/demo_gazebo_sim/hook/cmake_prefix_path.ps1'
[0.319s] INFO:colcon.colcon_core.shell:Creating environment descriptor '/home/xiaofang/ROS2_WS/ws03_nav_sim/install/demo_gazebo_sim/share/demo_gazebo_sim/hook/cmake_prefix_path.dsv'
[0.319s] INFO:colcon.colcon_core.shell:Creating environment hook '/home/xiaofang/ROS2_WS/ws03_nav_sim/install/demo_gazebo_sim/share/demo_gazebo_sim/hook/cmake_prefix_path.sh'
[0.320s] Level 1:colcon.colcon_core.environment:checking '/home/xiaofang/ROS2_WS/ws03_nav_sim/install/demo_gazebo_sim/bin'
[0.320s] Level 1:colcon.colcon_core.environment:checking '/home/xiaofang/ROS2_WS/ws03_nav_sim/install/demo_gazebo_sim/lib/pkgconfig/demo_gazebo_sim.pc'
[0.320s] Level 1:colcon.colcon_core.environment:checking '/home/xiaofang/ROS2_WS/ws03_nav_sim/install/demo_gazebo_sim/lib/python3.10/site-packages'
[0.320s] Level 1:colcon.colcon_core.environment:checking '/home/xiaofang/ROS2_WS/ws03_nav_sim/install/demo_gazebo_sim/bin'
[0.320s] INFO:colcon.colcon_core.shell:Creating package script '/home/xiaofang/ROS2_WS/ws03_nav_sim/install/demo_gazebo_sim/share/demo_gazebo_sim/package.ps1'
[0.321s] INFO:colcon.colcon_core.shell:Creating package descriptor '/home/xiaofang/ROS2_WS/ws03_nav_sim/install/demo_gazebo_sim/share/demo_gazebo_sim/package.dsv'
[0.321s] INFO:colcon.colcon_core.shell:Creating package script '/home/xiaofang/ROS2_WS/ws03_nav_sim/install/demo_gazebo_sim/share/demo_gazebo_sim/package.sh'
[0.321s] INFO:colcon.colcon_core.shell:Creating package script '/home/xiaofang/ROS2_WS/ws03_nav_sim/install/demo_gazebo_sim/share/demo_gazebo_sim/package.bash'
[0.321s] INFO:colcon.colcon_core.shell:Creating package script '/home/xiaofang/ROS2_WS/ws03_nav_sim/install/demo_gazebo_sim/share/demo_gazebo_sim/package.zsh'
[0.321s] Level 1:colcon.colcon_core.environment:create_file_with_runtime_dependencies(/home/xiaofang/ROS2_WS/ws03_nav_sim/install/demo_gazebo_sim/share/colcon-core/packages/demo_gazebo_sim)
[0.322s] Level 1:colcon.colcon_core.environment:create_environment_scripts_only(demo_gazebo_sim)
[0.322s] Level 1:colcon.colcon_core.environment:checking '/home/xiaofang/ROS2_WS/ws03_nav_sim/install/demo_gazebo_sim' for CMake module files
[0.322s] Level 1:colcon.colcon_core.environment:checking '/home/xiaofang/ROS2_WS/ws03_nav_sim/install/demo_gazebo_sim' for CMake config files
[0.322s] Level 1:colcon.colcon_core.shell:create_environment_hook('demo_gazebo_sim', 'cmake_prefix_path')
[0.322s] INFO:colcon.colcon_core.shell:Creating environment hook '/home/xiaofang/ROS2_WS/ws03_nav_sim/install/demo_gazebo_sim/share/demo_gazebo_sim/hook/cmake_prefix_path.ps1'
[0.322s] INFO:colcon.colcon_core.shell:Creating environment descriptor '/home/xiaofang/ROS2_WS/ws03_nav_sim/install/demo_gazebo_sim/share/demo_gazebo_sim/hook/cmake_prefix_path.dsv'
[0.323s] INFO:colcon.colcon_core.shell:Creating environment hook '/home/xiaofang/ROS2_WS/ws03_nav_sim/install/demo_gazebo_sim/share/demo_gazebo_sim/hook/cmake_prefix_path.sh'
[0.323s] Level 1:colcon.colcon_core.environment:checking '/home/xiaofang/ROS2_WS/ws03_nav_sim/install/demo_gazebo_sim/bin'
[0.323s] Level 1:colcon.colcon_core.environment:checking '/home/xiaofang/ROS2_WS/ws03_nav_sim/install/demo_gazebo_sim/lib/pkgconfig/demo_gazebo_sim.pc'
[0.323s] Level 1:colcon.colcon_core.environment:checking '/home/xiaofang/ROS2_WS/ws03_nav_sim/install/demo_gazebo_sim/lib/python3.10/site-packages'
[0.323s] Level 1:colcon.colcon_core.environment:checking '/home/xiaofang/ROS2_WS/ws03_nav_sim/install/demo_gazebo_sim/bin'
[0.323s] INFO:colcon.colcon_core.shell:Creating package script '/home/xiaofang/ROS2_WS/ws03_nav_sim/install/demo_gazebo_sim/share/demo_gazebo_sim/package.ps1'
[0.324s] INFO:colcon.colcon_core.shell:Creating package descriptor '/home/xiaofang/ROS2_WS/ws03_nav_sim/install/demo_gazebo_sim/share/demo_gazebo_sim/package.dsv'
[0.324s] INFO:colcon.colcon_core.shell:Creating package script '/home/xiaofang/ROS2_WS/ws03_nav_sim/install/demo_gazebo_sim/share/demo_gazebo_sim/package.sh'
[0.324s] INFO:colcon.colcon_core.shell:Creating package script '/home/xiaofang/ROS2_WS/ws03_nav_sim/install/demo_gazebo_sim/share/demo_gazebo_sim/package.bash'
[0.324s] INFO:colcon.colcon_core.shell:Creating package script '/home/xiaofang/ROS2_WS/ws03_nav_sim/install/demo_gazebo_sim/share/demo_gazebo_sim/package.zsh'
[0.325s] Level 1:colcon.colcon_core.environment:create_file_with_runtime_dependencies(/home/xiaofang/ROS2_WS/ws03_nav_sim/install/demo_gazebo_sim/share/colcon-core/packages/demo_gazebo_sim)
[0.325s] Level 1:colcon.colcon_core.environment:create_environment_scripts_only(mycar_map_server)
[0.325s] Level 1:colcon.colcon_core.environment:checking '/home/xiaofang/ROS2_WS/ws03_nav_sim/install/mycar_map_server' for CMake module files
[0.326s] DEBUG:colcon.colcon_core.event_handler.log_command:Invoked command in '/home/xiaofang/ROS2_WS/ws03_nav_sim/build/mycar_map_server' returned '0': CMAKE_PREFIX_PATH=${CMAKE_PREFIX_PATH}:/opt/cv_bridge_fix_link-humble/install/opencv_tests:/opt/ros/humble /usr/bin/cmake --install /home/xiaofang/ROS2_WS/ws03_nav_sim/build/mycar_map_server
[0.326s] Level 1:colcon.colcon_core.environment:checking '/home/xiaofang/ROS2_WS/ws03_nav_sim/install/mycar_map_server' for CMake config files
[0.326s] Level 1:colcon.colcon_core.shell:create_environment_hook('mycar_map_server', 'cmake_prefix_path')
[0.326s] INFO:colcon.colcon_core.shell:Creating environment hook '/home/xiaofang/ROS2_WS/ws03_nav_sim/install/mycar_map_server/share/mycar_map_server/hook/cmake_prefix_path.ps1'
[0.326s] INFO:colcon.colcon_core.shell:Creating environment descriptor '/home/xiaofang/ROS2_WS/ws03_nav_sim/install/mycar_map_server/share/mycar_map_server/hook/cmake_prefix_path.dsv'
[0.327s] INFO:colcon.colcon_core.shell:Creating environment hook '/home/xiaofang/ROS2_WS/ws03_nav_sim/install/mycar_map_server/share/mycar_map_server/hook/cmake_prefix_path.sh'
[0.327s] Level 1:colcon.colcon_core.environment:checking '/home/xiaofang/ROS2_WS/ws03_nav_sim/install/mycar_map_server/bin'
[0.327s] Level 1:colcon.colcon_core.environment:checking '/home/xiaofang/ROS2_WS/ws03_nav_sim/install/mycar_map_server/lib/pkgconfig/mycar_map_server.pc'
[0.327s] Level 1:colcon.colcon_core.environment:checking '/home/xiaofang/ROS2_WS/ws03_nav_sim/install/mycar_map_server/lib/python3.10/site-packages'
[0.327s] Level 1:colcon.colcon_core.environment:checking '/home/xiaofang/ROS2_WS/ws03_nav_sim/install/mycar_map_server/bin'
[0.327s] INFO:colcon.colcon_core.shell:Creating package script '/home/xiaofang/ROS2_WS/ws03_nav_sim/install/mycar_map_server/share/mycar_map_server/package.ps1'
[0.328s] INFO:colcon.colcon_core.shell:Creating package descriptor '/home/xiaofang/ROS2_WS/ws03_nav_sim/install/mycar_map_server/share/mycar_map_server/package.dsv'
[0.328s] INFO:colcon.colcon_core.shell:Creating package script '/home/xiaofang/ROS2_WS/ws03_nav_sim/install/mycar_map_server/share/mycar_map_server/package.sh'
[0.328s] INFO:colcon.colcon_core.shell:Creating package script '/home/xiaofang/ROS2_WS/ws03_nav_sim/install/mycar_map_server/share/mycar_map_server/package.bash'
[0.328s] INFO:colcon.colcon_core.shell:Creating package script '/home/xiaofang/ROS2_WS/ws03_nav_sim/install/mycar_map_server/share/mycar_map_server/package.zsh'
[0.328s] Level 1:colcon.colcon_core.environment:create_file_with_runtime_dependencies(/home/xiaofang/ROS2_WS/ws03_nav_sim/install/mycar_map_server/share/colcon-core/packages/mycar_map_server)
[0.329s] Level 1:colcon.colcon_core.environment:create_environment_scripts_only(mycar_map_server)
[0.329s] Level 1:colcon.colcon_core.environment:checking '/home/xiaofang/ROS2_WS/ws03_nav_sim/install/mycar_map_server' for CMake module files
[0.329s] Level 1:colcon.colcon_core.environment:checking '/home/xiaofang/ROS2_WS/ws03_nav_sim/install/mycar_map_server' for CMake config files
[0.329s] Level 1:colcon.colcon_core.shell:create_environment_hook('mycar_map_server', 'cmake_prefix_path')
[0.329s] INFO:colcon.colcon_core.shell:Creating environment hook '/home/xiaofang/ROS2_WS/ws03_nav_sim/install/mycar_map_server/share/mycar_map_server/hook/cmake_prefix_path.ps1'
[0.330s] INFO:colcon.colcon_core.shell:Creating environment descriptor '/home/xiaofang/ROS2_WS/ws03_nav_sim/install/mycar_map_server/share/mycar_map_server/hook/cmake_prefix_path.dsv'
[0.330s] INFO:colcon.colcon_core.shell:Creating environment hook '/home/xiaofang/ROS2_WS/ws03_nav_sim/install/mycar_map_server/share/mycar_map_server/hook/cmake_prefix_path.sh'
[0.330s] Level 1:colcon.colcon_core.environment:checking '/home/xiaofang/ROS2_WS/ws03_nav_sim/install/mycar_map_server/bin'
[0.330s] Level 1:colcon.colcon_core.environment:checking '/home/xiaofang/ROS2_WS/ws03_nav_sim/install/mycar_map_server/lib/pkgconfig/mycar_map_server.pc'
[0.330s] Level 1:colcon.colcon_core.environment:checking '/home/xiaofang/ROS2_WS/ws03_nav_sim/install/mycar_map_server/lib/python3.10/site-packages'
[0.330s] Level 1:colcon.colcon_core.environment:checking '/home/xiaofang/ROS2_WS/ws03_nav_sim/install/mycar_map_server/bin'
[0.330s] INFO:colcon.colcon_core.shell:Creating package script '/home/xiaofang/ROS2_WS/ws03_nav_sim/install/mycar_map_server/share/mycar_map_server/package.ps1'
[0.331s] INFO:colcon.colcon_core.shell:Creating package descriptor '/home/xiaofang/ROS2_WS/ws03_nav_sim/install/mycar_map_server/share/mycar_map_server/package.dsv'
[0.331s] INFO:colcon.colcon_core.shell:Creating package script '/home/xiaofang/ROS2_WS/ws03_nav_sim/install/mycar_map_server/share/mycar_map_server/package.sh'
[0.331s] INFO:colcon.colcon_core.shell:Creating package script '/home/xiaofang/ROS2_WS/ws03_nav_sim/install/mycar_map_server/share/mycar_map_server/package.bash'
[0.331s] INFO:colcon.colcon_core.shell:Creating package script '/home/xiaofang/ROS2_WS/ws03_nav_sim/install/mycar_map_server/share/mycar_map_server/package.zsh'
[0.332s] Level 1:colcon.colcon_core.environment:create_file_with_runtime_dependencies(/home/xiaofang/ROS2_WS/ws03_nav_sim/install/mycar_map_server/share/colcon-core/packages/mycar_map_server)
[0.332s] INFO:colcon.colcon_ros.task.ament_cmake.build:Building ROS package in '/home/xiaofang/ROS2_WS/ws03_nav_sim/src/mycar_localization' with build type 'ament_cmake'
[0.332s] INFO:colcon.colcon_cmake.task.cmake.build:Building CMake package in '/home/xiaofang/ROS2_WS/ws03_nav_sim/src/mycar_localization'
[0.332s] INFO:colcon.colcon_core.shell:Skip shell extension 'powershell' for command environment: Not usable outside of PowerShell
[0.332s] DEBUG:colcon.colcon_core.shell:Skip shell extension 'dsv' for command environment
[0.335s] Level 1:colcon.colcon_core.environment:create_environment_scripts_only(mycar_slam_slam_toolbox)
[0.336s] Level 1:colcon.colcon_core.environment:checking '/home/xiaofang/ROS2_WS/ws03_nav_sim/install/mycar_slam_slam_toolbox' for CMake module files
[0.336s] DEBUG:colcon.colcon_core.event_handler.log_command:Invoked command in '/home/xiaofang/ROS2_WS/ws03_nav_sim/build/mycar_slam_slam_toolbox' returned '0': CMAKE_PREFIX_PATH=${CMAKE_PREFIX_PATH}:/opt/cv_bridge_fix_link-humble/install/opencv_tests:/opt/ros/humble /usr/bin/cmake --install /home/xiaofang/ROS2_WS/ws03_nav_sim/build/mycar_slam_slam_toolbox
[0.336s] Level 1:colcon.colcon_core.environment:checking '/home/xiaofang/ROS2_WS/ws03_nav_sim/install/mycar_slam_slam_toolbox' for CMake config files
[0.336s] Level 1:colcon.colcon_core.shell:create_environment_hook('mycar_slam_slam_toolbox', 'cmake_prefix_path')
[0.336s] INFO:colcon.colcon_core.shell:Creating environment hook '/home/xiaofang/ROS2_WS/ws03_nav_sim/install/mycar_slam_slam_toolbox/share/mycar_slam_slam_toolbox/hook/cmake_prefix_path.ps1'
[0.337s] INFO:colcon.colcon_core.shell:Creating environment descriptor '/home/xiaofang/ROS2_WS/ws03_nav_sim/install/mycar_slam_slam_toolbox/share/mycar_slam_slam_toolbox/hook/cmake_prefix_path.dsv'
[0.337s] INFO:colcon.colcon_core.shell:Creating environment hook '/home/xiaofang/ROS2_WS/ws03_nav_sim/install/mycar_slam_slam_toolbox/share/mycar_slam_slam_toolbox/hook/cmake_prefix_path.sh'
[0.337s] Level 1:colcon.colcon_core.environment:checking '/home/xiaofang/ROS2_WS/ws03_nav_sim/install/mycar_slam_slam_toolbox/bin'
[0.337s] Level 1:colcon.colcon_core.environment:checking '/home/xiaofang/ROS2_WS/ws03_nav_sim/install/mycar_slam_slam_toolbox/lib/pkgconfig/mycar_slam_slam_toolbox.pc'
[0.337s] Level 1:colcon.colcon_core.environment:checking '/home/xiaofang/ROS2_WS/ws03_nav_sim/install/mycar_slam_slam_toolbox/lib/python3.10/site-packages'
[0.337s] Level 1:colcon.colcon_core.environment:checking '/home/xiaofang/ROS2_WS/ws03_nav_sim/install/mycar_slam_slam_toolbox/bin'
[0.338s] INFO:colcon.colcon_core.shell:Creating package script '/home/xiaofang/ROS2_WS/ws03_nav_sim/install/mycar_slam_slam_toolbox/share/mycar_slam_slam_toolbox/package.ps1'
[0.338s] INFO:colcon.colcon_core.shell:Creating package descriptor '/home/xiaofang/ROS2_WS/ws03_nav_sim/install/mycar_slam_slam_toolbox/share/mycar_slam_slam_toolbox/package.dsv'
[0.338s] INFO:colcon.colcon_core.shell:Creating package script '/home/xiaofang/ROS2_WS/ws03_nav_sim/install/mycar_slam_slam_toolbox/share/mycar_slam_slam_toolbox/package.sh'
[0.338s] INFO:colcon.colcon_core.shell:Creating package script '/home/xiaofang/ROS2_WS/ws03_nav_sim/install/mycar_slam_slam_toolbox/share/mycar_slam_slam_toolbox/package.bash'
[0.339s] INFO:colcon.colcon_core.shell:Creating package script '/home/xiaofang/ROS2_WS/ws03_nav_sim/install/mycar_slam_slam_toolbox/share/mycar_slam_slam_toolbox/package.zsh'
[0.339s] Level 1:colcon.colcon_core.environment:create_file_with_runtime_dependencies(/home/xiaofang/ROS2_WS/ws03_nav_sim/install/mycar_slam_slam_toolbox/share/colcon-core/packages/mycar_slam_slam_toolbox)
[0.339s] Level 1:colcon.colcon_core.environment:create_environment_scripts_only(mycar_slam_slam_toolbox)
[0.339s] Level 1:colcon.colcon_core.environment:checking '/home/xiaofang/ROS2_WS/ws03_nav_sim/install/mycar_slam_slam_toolbox' for CMake module files
[0.340s] Level 1:colcon.colcon_core.environment:checking '/home/xiaofang/ROS2_WS/ws03_nav_sim/install/mycar_slam_slam_toolbox' for CMake config files
[0.340s] Level 1:colcon.colcon_core.shell:create_environment_hook('mycar_slam_slam_toolbox', 'cmake_prefix_path')
[0.340s] INFO:colcon.colcon_core.shell:Creating environment hook '/home/xiaofang/ROS2_WS/ws03_nav_sim/install/mycar_slam_slam_toolbox/share/mycar_slam_slam_toolbox/hook/cmake_prefix_path.ps1'
[0.340s] INFO:colcon.colcon_core.shell:Creating environment descriptor '/home/xiaofang/ROS2_WS/ws03_nav_sim/install/mycar_slam_slam_toolbox/share/mycar_slam_slam_toolbox/hook/cmake_prefix_path.dsv'
[0.340s] INFO:colcon.colcon_core.shell:Creating environment hook '/home/xiaofang/ROS2_WS/ws03_nav_sim/install/mycar_slam_slam_toolbox/share/mycar_slam_slam_toolbox/hook/cmake_prefix_path.sh'
[0.341s] Level 1:colcon.colcon_core.environment:checking '/home/xiaofang/ROS2_WS/ws03_nav_sim/install/mycar_slam_slam_toolbox/bin'
[0.341s] Level 1:colcon.colcon_core.environment:checking '/home/xiaofang/ROS2_WS/ws03_nav_sim/install/mycar_slam_slam_toolbox/lib/pkgconfig/mycar_slam_slam_toolbox.pc'
[0.341s] Level 1:colcon.colcon_core.environment:checking '/home/xiaofang/ROS2_WS/ws03_nav_sim/install/mycar_slam_slam_toolbox/lib/python3.10/site-packages'
[0.341s] Level 1:colcon.colcon_core.environment:checking '/home/xiaofang/ROS2_WS/ws03_nav_sim/install/mycar_slam_slam_toolbox/bin'
[0.341s] INFO:colcon.colcon_core.shell:Creating package script '/home/xiaofang/ROS2_WS/ws03_nav_sim/install/mycar_slam_slam_toolbox/share/mycar_slam_slam_toolbox/package.ps1'
[0.342s] INFO:colcon.colcon_core.shell:Creating package descriptor '/home/xiaofang/ROS2_WS/ws03_nav_sim/install/mycar_slam_slam_toolbox/share/mycar_slam_slam_toolbox/package.dsv'
[0.342s] INFO:colcon.colcon_core.shell:Creating package script '/home/xiaofang/ROS2_WS/ws03_nav_sim/install/mycar_slam_slam_toolbox/share/mycar_slam_slam_toolbox/package.sh'
[0.342s] INFO:colcon.colcon_core.shell:Creating package script '/home/xiaofang/ROS2_WS/ws03_nav_sim/install/mycar_slam_slam_toolbox/share/mycar_slam_slam_toolbox/package.bash'
[0.342s] INFO:colcon.colcon_core.shell:Creating package script '/home/xiaofang/ROS2_WS/ws03_nav_sim/install/mycar_slam_slam_toolbox/share/mycar_slam_slam_toolbox/package.zsh'
[0.343s] Level 1:colcon.colcon_core.environment:create_file_with_runtime_dependencies(/home/xiaofang/ROS2_WS/ws03_nav_sim/install/mycar_slam_slam_toolbox/share/colcon-core/packages/mycar_slam_slam_toolbox)
[0.345s] DEBUG:colcon.colcon_core.event_handler.log_command:Invoking command in '/home/xiaofang/ROS2_WS/ws03_nav_sim/build/mycar_localization': CMAKE_PREFIX_PATH=/home/xiaofang/ROS2_WS/ws03_nav_sim/install/mycar_map_server:/home/xiaofang/ROS2_WS/ws03_nav_sim/install/mycar_localization:/home/xiaofang/ROS2_WS/ws03_nav_sim/install/mycar_slam_slam_toolbox:/home/xiaofang/ROS2_WS/ws03_nav_sim/install/mycar_description:/home/xiaofang/ROS2_WS/ws03_nav_sim/install/demo_gazebo_sim:/opt/cv_bridge_fix_link-humble/install/vision_opencv:/opt/cv_bridge_fix_link-humble/install/image_geometry:/opt/cv_bridge_fix_link-humble/install/cv_bridge:/opt/cv_bridge_fix_link-humble/install/opencv_tests:/opt/ros/humble /usr/bin/cmake --build /home/xiaofang/ROS2_WS/ws03_nav_sim/build/mycar_localization -- -j20 -l20
[0.388s] DEBUG:colcon.colcon_core.event_handler.log_command:Invoked command in '/home/xiaofang/ROS2_WS/ws03_nav_sim/build/mycar_localization' returned '0': CMAKE_PREFIX_PATH=/home/xiaofang/ROS2_WS/ws03_nav_sim/install/mycar_map_server:/home/xiaofang/ROS2_WS/ws03_nav_sim/install/mycar_localization:/home/xiaofang/ROS2_WS/ws03_nav_sim/install/mycar_slam_slam_toolbox:/home/xiaofang/ROS2_WS/ws03_nav_sim/install/mycar_description:/home/xiaofang/ROS2_WS/ws03_nav_sim/install/demo_gazebo_sim:/opt/cv_bridge_fix_link-humble/install/vision_opencv:/opt/cv_bridge_fix_link-humble/install/image_geometry:/opt/cv_bridge_fix_link-humble/install/cv_bridge:/opt/cv_bridge_fix_link-humble/install/opencv_tests:/opt/ros/humble /usr/bin/cmake --build /home/xiaofang/ROS2_WS/ws03_nav_sim/build/mycar_localization -- -j20 -l20
[0.390s] DEBUG:colcon.colcon_core.event_handler.log_command:Invoking command in '/home/xiaofang/ROS2_WS/ws03_nav_sim/build/mycar_localization': CMAKE_PREFIX_PATH=/home/xiaofang/ROS2_WS/ws03_nav_sim/install/mycar_map_server:/home/xiaofang/ROS2_WS/ws03_nav_sim/install/mycar_localization:/home/xiaofang/ROS2_WS/ws03_nav_sim/install/mycar_slam_slam_toolbox:/home/xiaofang/ROS2_WS/ws03_nav_sim/install/mycar_description:/home/xiaofang/ROS2_WS/ws03_nav_sim/install/demo_gazebo_sim:/opt/cv_bridge_fix_link-humble/install/vision_opencv:/opt/cv_bridge_fix_link-humble/install/image_geometry:/opt/cv_bridge_fix_link-humble/install/cv_bridge:/opt/cv_bridge_fix_link-humble/install/opencv_tests:/opt/ros/humble /usr/bin/cmake --install /home/xiaofang/ROS2_WS/ws03_nav_sim/build/mycar_localization
[0.402s] Level 1:colcon.colcon_core.environment:create_environment_scripts_only(mycar_localization)
[0.403s] Level 1:colcon.colcon_core.environment:checking '/home/xiaofang/ROS2_WS/ws03_nav_sim/install/mycar_localization' for CMake module files
[0.405s] Level 1:colcon.colcon_core.environment:checking '/home/xiaofang/ROS2_WS/ws03_nav_sim/install/mycar_localization' for CMake config files
[0.407s] DEBUG:colcon.colcon_core.event_handler.log_command:Invoked command in '/home/xiaofang/ROS2_WS/ws03_nav_sim/build/mycar_localization' returned '0': CMAKE_PREFIX_PATH=/home/xiaofang/ROS2_WS/ws03_nav_sim/install/mycar_map_server:/home/xiaofang/ROS2_WS/ws03_nav_sim/install/mycar_localization:/home/xiaofang/ROS2_WS/ws03_nav_sim/install/mycar_slam_slam_toolbox:/home/xiaofang/ROS2_WS/ws03_nav_sim/install/mycar_description:/home/xiaofang/ROS2_WS/ws03_nav_sim/install/demo_gazebo_sim:/opt/cv_bridge_fix_link-humble/install/vision_opencv:/opt/cv_bridge_fix_link-humble/install/image_geometry:/opt/cv_bridge_fix_link-humble/install/cv_bridge:/opt/cv_bridge_fix_link-humble/install/opencv_tests:/opt/ros/humble /usr/bin/cmake --install /home/xiaofang/ROS2_WS/ws03_nav_sim/build/mycar_localization
[0.407s] Level 1:colcon.colcon_core.shell:create_environment_hook('mycar_localization', 'cmake_prefix_path')
[0.408s] INFO:colcon.colcon_core.shell:Creating environment hook '/home/xiaofang/ROS2_WS/ws03_nav_sim/install/mycar_localization/share/mycar_localization/hook/cmake_prefix_path.ps1'
[0.408s] INFO:colcon.colcon_core.shell:Creating environment descriptor '/home/xiaofang/ROS2_WS/ws03_nav_sim/install/mycar_localization/share/mycar_localization/hook/cmake_prefix_path.dsv'
[0.409s] INFO:colcon.colcon_core.shell:Creating environment hook '/home/xiaofang/ROS2_WS/ws03_nav_sim/install/mycar_localization/share/mycar_localization/hook/cmake_prefix_path.sh'
[0.410s] Level 1:colcon.colcon_core.environment:checking '/home/xiaofang/ROS2_WS/ws03_nav_sim/install/mycar_localization/bin'
[0.410s] Level 1:colcon.colcon_core.environment:checking '/home/xiaofang/ROS2_WS/ws03_nav_sim/install/mycar_localization/lib/pkgconfig/mycar_localization.pc'
[0.411s] Level 1:colcon.colcon_core.environment:checking '/home/xiaofang/ROS2_WS/ws03_nav_sim/install/mycar_localization/lib/python3.10/site-packages'
[0.411s] Level 1:colcon.colcon_core.environment:checking '/home/xiaofang/ROS2_WS/ws03_nav_sim/install/mycar_localization/bin'
[0.411s] INFO:colcon.colcon_core.shell:Creating package script '/home/xiaofang/ROS2_WS/ws03_nav_sim/install/mycar_localization/share/mycar_localization/package.ps1'
[0.412s] INFO:colcon.colcon_core.shell:Creating package descriptor '/home/xiaofang/ROS2_WS/ws03_nav_sim/install/mycar_localization/share/mycar_localization/package.dsv'
[0.413s] INFO:colcon.colcon_core.shell:Creating package script '/home/xiaofang/ROS2_WS/ws03_nav_sim/install/mycar_localization/share/mycar_localization/package.sh'
[0.413s] INFO:colcon.colcon_core.shell:Creating package script '/home/xiaofang/ROS2_WS/ws03_nav_sim/install/mycar_localization/share/mycar_localization/package.bash'
[0.414s] INFO:colcon.colcon_core.shell:Creating package script '/home/xiaofang/ROS2_WS/ws03_nav_sim/install/mycar_localization/share/mycar_localization/package.zsh'
[0.414s] Level 1:colcon.colcon_core.environment:create_file_with_runtime_dependencies(/home/xiaofang/ROS2_WS/ws03_nav_sim/install/mycar_localization/share/colcon-core/packages/mycar_localization)
[0.415s] Level 1:colcon.colcon_core.environment:create_environment_scripts_only(mycar_localization)
[0.415s] Level 1:colcon.colcon_core.environment:checking '/home/xiaofang/ROS2_WS/ws03_nav_sim/install/mycar_localization' for CMake module files
[0.416s] Level 1:colcon.colcon_core.environment:checking '/home/xiaofang/ROS2_WS/ws03_nav_sim/install/mycar_localization' for CMake config files
[0.416s] Level 1:colcon.colcon_core.shell:create_environment_hook('mycar_localization', 'cmake_prefix_path')
[0.416s] INFO:colcon.colcon_core.shell:Creating environment hook '/home/xiaofang/ROS2_WS/ws03_nav_sim/install/mycar_localization/share/mycar_localization/hook/cmake_prefix_path.ps1'
[0.417s] INFO:colcon.colcon_core.shell:Creating environment descriptor '/home/xiaofang/ROS2_WS/ws03_nav_sim/install/mycar_localization/share/mycar_localization/hook/cmake_prefix_path.dsv'
[0.417s] INFO:colcon.colcon_core.shell:Creating environment hook '/home/xiaofang/ROS2_WS/ws03_nav_sim/install/mycar_localization/share/mycar_localization/hook/cmake_prefix_path.sh'
[0.418s] Level 1:colcon.colcon_core.environment:checking '/home/xiaofang/ROS2_WS/ws03_nav_sim/install/mycar_localization/bin'
[0.418s] Level 1:colcon.colcon_core.environment:checking '/home/xiaofang/ROS2_WS/ws03_nav_sim/install/mycar_localization/lib/pkgconfig/mycar_localization.pc'
[0.419s] Level 1:colcon.colcon_core.environment:checking '/home/xiaofang/ROS2_WS/ws03_nav_sim/install/mycar_localization/lib/python3.10/site-packages'
[0.419s] Level 1:colcon.colcon_core.environment:checking '/home/xiaofang/ROS2_WS/ws03_nav_sim/install/mycar_localization/bin'
[0.419s] INFO:colcon.colcon_core.shell:Creating package script '/home/xiaofang/ROS2_WS/ws03_nav_sim/install/mycar_localization/share/mycar_localization/package.ps1'
[0.420s] INFO:colcon.colcon_core.shell:Creating package descriptor '/home/xiaofang/ROS2_WS/ws03_nav_sim/install/mycar_localization/share/mycar_localization/package.dsv'
[0.421s] INFO:colcon.colcon_core.shell:Creating package script '/home/xiaofang/ROS2_WS/ws03_nav_sim/install/mycar_localization/share/mycar_localization/package.sh'
[0.421s] INFO:colcon.colcon_core.shell:Creating package script '/home/xiaofang/ROS2_WS/ws03_nav_sim/install/mycar_localization/share/mycar_localization/package.bash'
[0.422s] INFO:colcon.colcon_core.shell:Creating package script '/home/xiaofang/ROS2_WS/ws03_nav_sim/install/mycar_localization/share/mycar_localization/package.zsh'
[0.422s] Level 1:colcon.colcon_core.environment:create_file_with_runtime_dependencies(/home/xiaofang/ROS2_WS/ws03_nav_sim/install/mycar_localization/share/colcon-core/packages/mycar_localization)
[0.423s] DEBUG:colcon.colcon_parallel_executor.executor.parallel:closing loop
[0.423s] DEBUG:colcon.colcon_parallel_executor.executor.parallel:loop closed
[0.423s] DEBUG:colcon.colcon_parallel_executor.executor.parallel:run_until_complete finished with '0'
[0.423s] DEBUG:colcon.colcon_core.event_reactor:joining thread
[0.432s] INFO:colcon.colcon_core.plugin_system:Skipping extension 'colcon_notification.desktop_notification.notify_send': Could not find 'notify-send'
[0.432s] INFO:colcon.colcon_core.plugin_system:Skipping extension 'colcon_notification.desktop_notification.terminal_notifier': Not used on non-Darwin systems
[0.433s] INFO:colcon.colcon_core.plugin_system:Skipping extension 'colcon_notification.desktop_notification.win32': Not used on non-Windows systems
[0.433s] INFO:colcon.colcon_notification.desktop_notification:Sending desktop notification using 'notify2'
[0.438s] DEBUG:colcon.colcon_notification.desktop_notification.notify2:Failed to initialize notify2: org.freedesktop.DBus.Error.Spawn.ExecFailed: /usr/bin/dbus-launch terminated abnormally without any error message
[0.438s] DEBUG:colcon.colcon_core.event_reactor:joined thread
[0.439s] INFO:colcon.colcon_core.shell:Creating prefix script '/home/xiaofang/ROS2_WS/ws03_nav_sim/install/local_setup.ps1'
[0.441s] INFO:colcon.colcon_core.shell:Creating prefix util module '/home/xiaofang/ROS2_WS/ws03_nav_sim/install/_local_setup_util_ps1.py'
[0.443s] INFO:colcon.colcon_core.shell:Creating prefix chain script '/home/xiaofang/ROS2_WS/ws03_nav_sim/install/setup.ps1'
[0.445s] INFO:colcon.colcon_core.shell:Creating prefix script '/home/xiaofang/ROS2_WS/ws03_nav_sim/install/local_setup.sh'
[0.446s] INFO:colcon.colcon_core.shell:Creating prefix util module '/home/xiaofang/ROS2_WS/ws03_nav_sim/install/_local_setup_util_sh.py'
[0.446s] INFO:colcon.colcon_core.shell:Creating prefix chain script '/home/xiaofang/ROS2_WS/ws03_nav_sim/install/setup.sh'
[0.448s] INFO:colcon.colcon_core.shell:Creating prefix script '/home/xiaofang/ROS2_WS/ws03_nav_sim/install/local_setup.bash'
[0.449s] INFO:colcon.colcon_core.shell:Creating prefix chain script '/home/xiaofang/ROS2_WS/ws03_nav_sim/install/setup.bash'
[0.451s] INFO:colcon.colcon_core.shell:Creating prefix script '/home/xiaofang/ROS2_WS/ws03_nav_sim/install/local_setup.zsh'
[0.451s] INFO:colcon.colcon_core.shell:Creating prefix chain script '/home/xiaofang/ROS2_WS/ws03_nav_sim/install/setup.zsh'
