[0.008s] Invoking command in '/home/xiaofang/ROS2_WS/ws01_plumbing/build/cpp01_topic': CMAKE_PREFIX_PATH=/home/xiaofang/ROS2_WS/ws01_plumbing/install/base_interfaces_demo:/home/xiaofang/ROS2_WS/ws01_plumbing/install/cpp02_service:/home/xiaofang/ROS2_WS/ws01_plumbing/install/cpp01_topic:/opt/cv_bridge_fix_link-humble/install/vision_opencv:/opt/cv_bridge_fix_link-humble/install/image_geometry:/opt/cv_bridge_fix_link-humble/install/cv_bridge:/opt/cv_bridge_fix_link-humble/install/opencv_tests:/opt/ros/humble /usr/bin/cmake --build /home/xiaofang/ROS2_WS/ws01_plumbing/build/cpp01_topic -- -j20 -l20
[0.033s] -- Found ament_cmake: 1.3.11 (/opt/ros/humble/share/ament_cmake/cmake)
[0.119s] -- Found rclcpp: 16.0.12 (/opt/ros/humble/share/rclcpp/cmake)
[0.142s] -- Found rosidl_generator_c: 3.1.6 (/opt/ros/humble/share/rosidl_generator_c/cmake)
[0.143s] -- Found rosidl_adapter: 3.1.6 (/opt/ros/humble/share/rosidl_adapter/cmake)
[0.148s] -- Found rosidl_generator_cpp: 3.1.6 (/opt/ros/humble/share/rosidl_generator_cpp/cmake)
[0.155s] -- Using all available rosidl_typesupport_c: rosidl_typesupport_fastrtps_c;rosidl_typesupport_introspection_c
[0.164s] -- Using all available rosidl_typesupport_cpp: rosidl_typesupport_fastrtps_cpp;rosidl_typesupport_introspection_cpp
[0.186s] -- Found rmw_implementation_cmake: 6.1.2 (/opt/ros/humble/share/rmw_implementation_cmake/cmake)
[0.188s] -- Found rmw_fastrtps_cpp: 6.2.7 (/opt/ros/humble/share/rmw_fastrtps_cpp/cmake)
[0.279s] -- Using RMW implementation 'rmw_fastrtps_cpp' as default
[0.314s] -- Found base_interfaces_demo: 0.0.0 (/home/xiaofang/ROS2_WS/ws01_plumbing/install/base_interfaces_demo/share/base_interfaces_demo/cmake)
[0.323s] -- Found ament_lint_auto: 0.12.12 (/opt/ros/humble/share/ament_lint_auto/cmake)
[0.366s] -- Added test 'cppcheck' to perform static code analysis on C / C++ code
[0.366s] -- Configured cppcheck include dirs: 
[0.366s] -- Configured cppcheck exclude dirs and/or files: 
[0.367s] -- Added test 'lint_cmake' to check CMake code style
[0.367s] -- Added test 'uncrustify' to check C / C++ code style
[0.367s] -- Configured uncrustify additional arguments: 
[0.367s] -- Added test 'xmllint' to check XML markup files
[0.368s] -- Configuring done
[0.380s] -- Generating done
[0.384s] -- Build files have been written to: /home/xiaofang/ROS2_WS/ws01_plumbing/build/cpp01_topic
[0.403s] [35m[1mConsolidate compiler generated dependencies of target demo01_talker_str[0m
[0.403s] [35m[1mConsolidate compiler generated dependencies of target demo03_talker_stu[0m
[0.404s] [35m[1mConsolidate compiler generated dependencies of target demo04_listener_stu[0m
[0.404s] [35m[1mConsolidate compiler generated dependencies of target demo02_listener_str[0m
[0.413s] [ 12%] [32m[1mLinking CXX executable demo01_talker_str[0m
[0.413s] [ 25%] [32mBuilding CXX object CMakeFiles/demo03_talker_stu.dir/src/demo03_talker_stu.cpp.o[0m
[0.414s] [ 37%] [32mBuilding CXX object CMakeFiles/demo04_listener_stu.dir/src/demo04_listener_stu.cpp.o[0m
[0.416s] [ 50%] [32m[1mLinking CXX executable demo02_listener_str[0m
[0.559s] [ 62%] Built target demo01_talker_str
[0.640s] [ 75%] Built target demo02_listener_str
[2.672s] [ 87%] [32m[1mLinking CXX executable demo03_talker_stu[0m
[2.777s] [ 87%] Built target demo03_talker_stu
[4.553s] [100%] [32m[1mLinking CXX executable demo04_listener_stu[0m
[4.743s] [100%] Built target demo04_listener_stu
[4.748s] Invoked command in '/home/xiaofang/ROS2_WS/ws01_plumbing/build/cpp01_topic' returned '0': CMAKE_PREFIX_PATH=/home/xiaofang/ROS2_WS/ws01_plumbing/install/base_interfaces_demo:/home/xiaofang/ROS2_WS/ws01_plumbing/install/cpp02_service:/home/xiaofang/ROS2_WS/ws01_plumbing/install/cpp01_topic:/opt/cv_bridge_fix_link-humble/install/vision_opencv:/opt/cv_bridge_fix_link-humble/install/image_geometry:/opt/cv_bridge_fix_link-humble/install/cv_bridge:/opt/cv_bridge_fix_link-humble/install/opencv_tests:/opt/ros/humble /usr/bin/cmake --build /home/xiaofang/ROS2_WS/ws01_plumbing/build/cpp01_topic -- -j20 -l20
[4.750s] Invoking command in '/home/xiaofang/ROS2_WS/ws01_plumbing/build/cpp01_topic': CMAKE_PREFIX_PATH=/home/xiaofang/ROS2_WS/ws01_plumbing/install/base_interfaces_demo:/home/xiaofang/ROS2_WS/ws01_plumbing/install/cpp02_service:/home/xiaofang/ROS2_WS/ws01_plumbing/install/cpp01_topic:/opt/cv_bridge_fix_link-humble/install/vision_opencv:/opt/cv_bridge_fix_link-humble/install/image_geometry:/opt/cv_bridge_fix_link-humble/install/cv_bridge:/opt/cv_bridge_fix_link-humble/install/opencv_tests:/opt/ros/humble /usr/bin/cmake --install /home/xiaofang/ROS2_WS/ws01_plumbing/build/cpp01_topic
[4.754s] -- Install configuration: ""
[4.755s] -- Installing: /home/xiaofang/ROS2_WS/ws01_plumbing/install/cpp01_topic/lib/cpp01_topic/demo01_talker_str
[4.755s] -- Set runtime path of "/home/xiaofang/ROS2_WS/ws01_plumbing/install/cpp01_topic/lib/cpp01_topic/demo01_talker_str" to ""
[4.756s] -- Installing: /home/xiaofang/ROS2_WS/ws01_plumbing/install/cpp01_topic/lib/cpp01_topic/demo02_listener_str
[4.757s] -- Set runtime path of "/home/xiaofang/ROS2_WS/ws01_plumbing/install/cpp01_topic/lib/cpp01_topic/demo02_listener_str" to ""
[4.758s] -- Installing: /home/xiaofang/ROS2_WS/ws01_plumbing/install/cpp01_topic/lib/cpp01_topic/demo03_talker_stu
[4.758s] -- Set runtime path of "/home/xiaofang/ROS2_WS/ws01_plumbing/install/cpp01_topic/lib/cpp01_topic/demo03_talker_stu" to ""
[4.759s] -- Installing: /home/xiaofang/ROS2_WS/ws01_plumbing/install/cpp01_topic/lib/cpp01_topic/demo04_listener_stu
[4.760s] -- Set runtime path of "/home/xiaofang/ROS2_WS/ws01_plumbing/install/cpp01_topic/lib/cpp01_topic/demo04_listener_stu" to ""
[4.760s] -- Up-to-date: /home/xiaofang/ROS2_WS/ws01_plumbing/install/cpp01_topic/share/ament_index/resource_index/package_run_dependencies/cpp01_topic
[4.760s] -- Installing: /home/xiaofang/ROS2_WS/ws01_plumbing/install/cpp01_topic/share/ament_index/resource_index/parent_prefix_path/cpp01_topic
[4.760s] -- Up-to-date: /home/xiaofang/ROS2_WS/ws01_plumbing/install/cpp01_topic/share/cpp01_topic/environment/ament_prefix_path.sh
[4.760s] -- Installing: /home/xiaofang/ROS2_WS/ws01_plumbing/install/cpp01_topic/share/cpp01_topic/environment/ament_prefix_path.dsv
[4.760s] -- Up-to-date: /home/xiaofang/ROS2_WS/ws01_plumbing/install/cpp01_topic/share/cpp01_topic/environment/path.sh
[4.760s] -- Installing: /home/xiaofang/ROS2_WS/ws01_plumbing/install/cpp01_topic/share/cpp01_topic/environment/path.dsv
[4.761s] -- Up-to-date: /home/xiaofang/ROS2_WS/ws01_plumbing/install/cpp01_topic/share/cpp01_topic/local_setup.bash
[4.761s] -- Up-to-date: /home/xiaofang/ROS2_WS/ws01_plumbing/install/cpp01_topic/share/cpp01_topic/local_setup.sh
[4.761s] -- Up-to-date: /home/xiaofang/ROS2_WS/ws01_plumbing/install/cpp01_topic/share/cpp01_topic/local_setup.zsh
[4.761s] -- Installing: /home/xiaofang/ROS2_WS/ws01_plumbing/install/cpp01_topic/share/cpp01_topic/local_setup.dsv
[4.761s] -- Installing: /home/xiaofang/ROS2_WS/ws01_plumbing/install/cpp01_topic/share/cpp01_topic/package.dsv
[4.761s] -- Up-to-date: /home/xiaofang/ROS2_WS/ws01_plumbing/install/cpp01_topic/share/ament_index/resource_index/packages/cpp01_topic
[4.761s] -- Up-to-date: /home/xiaofang/ROS2_WS/ws01_plumbing/install/cpp01_topic/share/cpp01_topic/cmake/cpp01_topicConfig.cmake
[4.761s] -- Up-to-date: /home/xiaofang/ROS2_WS/ws01_plumbing/install/cpp01_topic/share/cpp01_topic/cmake/cpp01_topicConfig-version.cmake
[4.761s] -- Up-to-date: /home/xiaofang/ROS2_WS/ws01_plumbing/install/cpp01_topic/share/cpp01_topic/package.xml
[4.762s] Invoked command in '/home/xiaofang/ROS2_WS/ws01_plumbing/build/cpp01_topic' returned '0': CMAKE_PREFIX_PATH=/home/xiaofang/ROS2_WS/ws01_plumbing/install/base_interfaces_demo:/home/xiaofang/ROS2_WS/ws01_plumbing/install/cpp02_service:/home/xiaofang/ROS2_WS/ws01_plumbing/install/cpp01_topic:/opt/cv_bridge_fix_link-humble/install/vision_opencv:/opt/cv_bridge_fix_link-humble/install/image_geometry:/opt/cv_bridge_fix_link-humble/install/cv_bridge:/opt/cv_bridge_fix_link-humble/install/opencv_tests:/opt/ros/humble /usr/bin/cmake --install /home/xiaofang/ROS2_WS/ws01_plumbing/build/cpp01_topic
