[0.009s] Invoking command in '/home/xiaofang/ROS2_WS/ws02_tool/build/cpp06_urdf': CMAKE_PREFIX_PATH=${CMAKE_PREFIX_PATH}:/opt/cv_bridge_fix_link-humble/install/opencv_tests:/opt/ros/humble /usr/bin/cmake /home/xiaofang/ROS2_WS/ws02_tool/src/cpp06_urdf -DCMAKE_EXPORT_COMPILE_COMMANDS=ON -DCMAKE_INSTALL_PREFIX=/home/xiaofang/ROS2_WS/ws02_tool/install/cpp06_urdf
[0.133s] -- The C compiler identification is GNU 11.4.0
[0.229s] -- The CXX compiler identification is GNU 11.4.0
[0.238s] -- Detecting C compiler ABI info
[0.336s] -- Detecting C compiler ABI info - done
[0.341s] -- Check for working C compiler: /usr/bin/cc - skipped
[0.343s] -- Detecting C compile features
[0.343s] -- Detecting C compile features - done
[0.347s] -- Detecting CXX compiler ABI info
[0.493s] -- Detecting CXX compiler ABI info - done
[0.503s] -- Check for working CXX compiler: /usr/bin/c++ - skipped
[0.503s] -- Detecting CXX compile features
[0.503s] -- Detecting CXX compile features - done
[0.509s] -- Found ament_cmake: 1.3.11 (/opt/ros/humble/share/ament_cmake/cmake)
[0.651s] -- Found Python3: /usr/bin/python3 (found version "3.10.12") found components: Interpreter 
[0.738s] -- Found ament_lint_auto: 0.12.12 (/opt/ros/humble/share/ament_lint_auto/cmake)
[0.812s] -- Added test 'lint_cmake' to check CMake code style
[0.814s] -- Added test 'xmllint' to check XML markup files
[0.816s] -- Configuring done
[0.818s] -- Generating done
[0.819s] [33mCMake Warning:
[0.819s]   Manually-specified variables were not used by the project:
[0.819s] 
[0.819s]     CMAKE_EXPORT_COMPILE_COMMANDS
[0.819s] 
[0.819s] [0m
[0.819s] -- Build files have been written to: /home/xiaofang/ROS2_WS/ws02_tool/build/cpp06_urdf
[0.823s] Invoked command in '/home/xiaofang/ROS2_WS/ws02_tool/build/cpp06_urdf' returned '0': CMAKE_PREFIX_PATH=${CMAKE_PREFIX_PATH}:/opt/cv_bridge_fix_link-humble/install/opencv_tests:/opt/ros/humble /usr/bin/cmake /home/xiaofang/ROS2_WS/ws02_tool/src/cpp06_urdf -DCMAKE_EXPORT_COMPILE_COMMANDS=ON -DCMAKE_INSTALL_PREFIX=/home/xiaofang/ROS2_WS/ws02_tool/install/cpp06_urdf
[0.824s] Invoking command in '/home/xiaofang/ROS2_WS/ws02_tool/build/cpp06_urdf': CMAKE_PREFIX_PATH=${CMAKE_PREFIX_PATH}:/opt/cv_bridge_fix_link-humble/install/opencv_tests:/opt/ros/humble /usr/bin/cmake --build /home/xiaofang/ROS2_WS/ws02_tool/build/cpp06_urdf -- -j20 -l20
[0.887s] Invoked command in '/home/xiaofang/ROS2_WS/ws02_tool/build/cpp06_urdf' returned '0': CMAKE_PREFIX_PATH=${CMAKE_PREFIX_PATH}:/opt/cv_bridge_fix_link-humble/install/opencv_tests:/opt/ros/humble /usr/bin/cmake --build /home/xiaofang/ROS2_WS/ws02_tool/build/cpp06_urdf -- -j20 -l20
[0.900s] Invoking command in '/home/xiaofang/ROS2_WS/ws02_tool/build/cpp06_urdf': CMAKE_PREFIX_PATH=${CMAKE_PREFIX_PATH}:/opt/cv_bridge_fix_link-humble/install/opencv_tests:/opt/ros/humble /usr/bin/cmake --install /home/xiaofang/ROS2_WS/ws02_tool/build/cpp06_urdf
[0.908s] -- Install configuration: ""
[0.909s] -- Installing: /home/xiaofang/ROS2_WS/ws02_tool/install/cpp06_urdf/share/cpp06_urdf/launch
[0.909s] -- Installing: /home/xiaofang/ROS2_WS/ws02_tool/install/cpp06_urdf/share/cpp06_urdf/urdf
[0.909s] -- Installing: /home/xiaofang/ROS2_WS/ws02_tool/install/cpp06_urdf/share/cpp06_urdf/urdf/xacro
[0.909s] -- Installing: /home/xiaofang/ROS2_WS/ws02_tool/install/cpp06_urdf/share/cpp06_urdf/urdf/urdf
[0.909s] -- Installing: /home/xiaofang/ROS2_WS/ws02_tool/install/cpp06_urdf/share/cpp06_urdf/rviz
[0.909s] -- Installing: /home/xiaofang/ROS2_WS/ws02_tool/install/cpp06_urdf/share/cpp06_urdf/meshes
[0.910s] -- Installing: /home/xiaofang/ROS2_WS/ws02_tool/install/cpp06_urdf/share/ament_index/resource_index/package_run_dependencies/cpp06_urdf
[0.910s] -- Installing: /home/xiaofang/ROS2_WS/ws02_tool/install/cpp06_urdf/share/ament_index/resource_index/parent_prefix_path/cpp06_urdf
[0.911s] -- Installing: /home/xiaofang/ROS2_WS/ws02_tool/install/cpp06_urdf/share/cpp06_urdf/environment/ament_prefix_path.sh
[0.912s] -- Installing: /home/xiaofang/ROS2_WS/ws02_tool/install/cpp06_urdf/share/cpp06_urdf/environment/ament_prefix_path.dsv
[0.912s] -- Installing: /home/xiaofang/ROS2_WS/ws02_tool/install/cpp06_urdf/share/cpp06_urdf/environment/path.sh
[0.913s] -- Installing: /home/xiaofang/ROS2_WS/ws02_tool/install/cpp06_urdf/share/cpp06_urdf/environment/path.dsv
[0.913s] -- Installing: /home/xiaofang/ROS2_WS/ws02_tool/install/cpp06_urdf/share/cpp06_urdf/local_setup.bash
[0.913s] -- Installing: /home/xiaofang/ROS2_WS/ws02_tool/install/cpp06_urdf/share/cpp06_urdf/local_setup.sh
[0.913s] -- Installing: /home/xiaofang/ROS2_WS/ws02_tool/install/cpp06_urdf/share/cpp06_urdf/local_setup.zsh
[0.914s] -- Installing: /home/xiaofang/ROS2_WS/ws02_tool/install/cpp06_urdf/share/cpp06_urdf/local_setup.dsv
[0.914s] -- Installing: /home/xiaofang/ROS2_WS/ws02_tool/install/cpp06_urdf/share/cpp06_urdf/package.dsv
[0.914s] -- Installing: /home/xiaofang/ROS2_WS/ws02_tool/install/cpp06_urdf/share/ament_index/resource_index/packages/cpp06_urdf
[0.914s] -- Installing: /home/xiaofang/ROS2_WS/ws02_tool/install/cpp06_urdf/share/cpp06_urdf/cmake/cpp06_urdfConfig.cmake
[0.914s] -- Installing: /home/xiaofang/ROS2_WS/ws02_tool/install/cpp06_urdf/share/cpp06_urdf/cmake/cpp06_urdfConfig-version.cmake
[0.915s] -- Installing: /home/xiaofang/ROS2_WS/ws02_tool/install/cpp06_urdf/share/cpp06_urdf/package.xml
[0.917s] Invoked command in '/home/xiaofang/ROS2_WS/ws02_tool/build/cpp06_urdf' returned '0': CMAKE_PREFIX_PATH=${CMAKE_PREFIX_PATH}:/opt/cv_bridge_fix_link-humble/install/opencv_tests:/opt/ros/humble /usr/bin/cmake --install /home/xiaofang/ROS2_WS/ws02_tool/build/cpp06_urdf
