[0.007s] Invoking command in '/home/xiaofang/ROS2_WS/ws01_plumbing/build/base_interfaces_demo': CMAKE_PREFIX_PATH=${CMAKE_PREFIX_PATH}:/opt/ros/humble /usr/bin/cmake /home/xiaofang/ROS2_WS/ws01_plumbing/src/base_interfaces_demo -DCMAKE_EXPORT_COMPILE_COMMANDS=ON -DCMAKE_INSTALL_PREFIX=/home/xiaofang/ROS2_WS/ws01_plumbing/install/base_interfaces_demo
[0.051s] -- The C compiler identification is GNU 11.4.0
[0.087s] -- The CXX compiler identification is GNU 11.4.0
[0.094s] -- Detecting C compiler ABI info
[0.142s] -- Detecting C compiler ABI info - done
[0.147s] -- Check for working C compiler: /usr/bin/cc - skipped
[0.149s] -- Detecting C compile features
[0.149s] -- Detecting C compile features - done
[0.151s] -- Detecting CXX compiler ABI info
[0.204s] -- Detecting CXX compiler ABI info - done
[0.208s] -- Check for working CXX compiler: /usr/bin/c++ - skipped
[0.208s] -- Detecting CXX compile features
[0.208s] -- Detecting CXX compile features - done
[0.213s] -- Found ament_cmake: 1.3.11 (/opt/ros/humble/share/ament_cmake/cmake)
[0.304s] -- Found Python3: /usr/bin/python3 (found version "3.10.12") found components: Interpreter 
[0.367s] -- Found ament_lint_auto: 0.12.11 (/opt/ros/humble/share/ament_lint_auto/cmake)
[0.414s] -- Added test 'lint_cmake' to check CMake code style
[0.415s] -- Added test 'xmllint' to check XML markup files
[0.416s] -- Configuring done
[0.417s] -- Generating done
[0.418s] [33mCMake Warning:
[0.418s]   Manually-specified variables were not used by the project:
[0.418s] 
[0.418s]     CMAKE_EXPORT_COMPILE_COMMANDS
[0.418s] 
[0.418s] [0m
[0.418s] -- Build files have been written to: /home/xiaofang/ROS2_WS/ws01_plumbing/build/base_interfaces_demo
[0.422s] Invoked command in '/home/xiaofang/ROS2_WS/ws01_plumbing/build/base_interfaces_demo' returned '0': CMAKE_PREFIX_PATH=${CMAKE_PREFIX_PATH}:/opt/ros/humble /usr/bin/cmake /home/xiaofang/ROS2_WS/ws01_plumbing/src/base_interfaces_demo -DCMAKE_EXPORT_COMPILE_COMMANDS=ON -DCMAKE_INSTALL_PREFIX=/home/xiaofang/ROS2_WS/ws01_plumbing/install/base_interfaces_demo
[0.422s] Invoking command in '/home/xiaofang/ROS2_WS/ws01_plumbing/build/base_interfaces_demo': CMAKE_PREFIX_PATH=${CMAKE_PREFIX_PATH}:/opt/ros/humble /usr/bin/cmake --build /home/xiaofang/ROS2_WS/ws01_plumbing/build/base_interfaces_demo -- -j20 -l20
[0.449s] Invoked command in '/home/xiaofang/ROS2_WS/ws01_plumbing/build/base_interfaces_demo' returned '0': CMAKE_PREFIX_PATH=${CMAKE_PREFIX_PATH}:/opt/ros/humble /usr/bin/cmake --build /home/xiaofang/ROS2_WS/ws01_plumbing/build/base_interfaces_demo -- -j20 -l20
[0.455s] Invoking command in '/home/xiaofang/ROS2_WS/ws01_plumbing/build/base_interfaces_demo': CMAKE_PREFIX_PATH=${CMAKE_PREFIX_PATH}:/opt/ros/humble /usr/bin/cmake --install /home/xiaofang/ROS2_WS/ws01_plumbing/build/base_interfaces_demo
[0.458s] -- Install configuration: ""
[0.459s] -- Installing: /home/xiaofang/ROS2_WS/ws01_plumbing/install/base_interfaces_demo/share/ament_index/resource_index/package_run_dependencies/base_interfaces_demo
[0.459s] -- Installing: /home/xiaofang/ROS2_WS/ws01_plumbing/install/base_interfaces_demo/share/ament_index/resource_index/parent_prefix_path/base_interfaces_demo
[0.459s] -- Installing: /home/xiaofang/ROS2_WS/ws01_plumbing/install/base_interfaces_demo/share/base_interfaces_demo/environment/ament_prefix_path.sh
[0.459s] -- Installing: /home/xiaofang/ROS2_WS/ws01_plumbing/install/base_interfaces_demo/share/base_interfaces_demo/environment/ament_prefix_path.dsv
[0.459s] -- Installing: /home/xiaofang/ROS2_WS/ws01_plumbing/install/base_interfaces_demo/share/base_interfaces_demo/environment/path.sh
[0.459s] -- Installing: /home/xiaofang/ROS2_WS/ws01_plumbing/install/base_interfaces_demo/share/base_interfaces_demo/environment/path.dsv
[0.459s] -- Installing: /home/xiaofang/ROS2_WS/ws01_plumbing/install/base_interfaces_demo/share/base_interfaces_demo/local_setup.bash
[0.459s] -- Installing: /home/xiaofang/ROS2_WS/ws01_plumbing/install/base_interfaces_demo/share/base_interfaces_demo/local_setup.sh
[0.459s] -- Installing: /home/xiaofang/ROS2_WS/ws01_plumbing/install/base_interfaces_demo/share/base_interfaces_demo/local_setup.zsh
[0.459s] -- Installing: /home/xiaofang/ROS2_WS/ws01_plumbing/install/base_interfaces_demo/share/base_interfaces_demo/local_setup.dsv
[0.459s] -- Installing: /home/xiaofang/ROS2_WS/ws01_plumbing/install/base_interfaces_demo/share/base_interfaces_demo/package.dsv
[0.459s] -- Installing: /home/xiaofang/ROS2_WS/ws01_plumbing/install/base_interfaces_demo/share/ament_index/resource_index/packages/base_interfaces_demo
[0.460s] -- Installing: /home/xiaofang/ROS2_WS/ws01_plumbing/install/base_interfaces_demo/share/base_interfaces_demo/cmake/base_interfaces_demoConfig.cmake
[0.460s] -- Installing: /home/xiaofang/ROS2_WS/ws01_plumbing/install/base_interfaces_demo/share/base_interfaces_demo/cmake/base_interfaces_demoConfig-version.cmake
[0.460s] -- Installing: /home/xiaofang/ROS2_WS/ws01_plumbing/install/base_interfaces_demo/share/base_interfaces_demo/package.xml
[0.461s] Invoked command in '/home/xiaofang/ROS2_WS/ws01_plumbing/build/base_interfaces_demo' returned '0': CMAKE_PREFIX_PATH=${CMAKE_PREFIX_PATH}:/opt/ros/humble /usr/bin/cmake --install /home/xiaofang/ROS2_WS/ws01_plumbing/build/base_interfaces_demo
