[0.058s] DEBUG:colcon:Command line arguments: ['/usr/bin/colcon', 'build', '--packages-select', 'cpp04_param']
[0.058s] DEBUG:colcon:Parsed command line arguments: Namespace(log_base=None, log_level=None, verb_name='build', build_base='build', install_base='install', merge_install=False, symlink_install=False, test_result_base=None, continue_on_error=False, executor='parallel', parallel_workers=20, event_handlers=None, ignore_user_meta=False, metas=['./colcon.meta'], base_paths=['.'], packages_ignore=None, packages_ignore_regex=None, paths=None, packages_up_to=None, packages_up_to_regex=None, packages_above=None, packages_above_and_dependencies=None, packages_above_depth=None, packages_select_by_dep=None, packages_skip_by_dep=None, packages_skip_up_to=None, packages_select_build_failed=False, packages_skip_build_finished=False, packages_select_test_failures=False, packages_skip_test_passed=False, packages_select=['cpp04_param'], packages_skip=None, packages_select_regex=None, packages_skip_regex=None, packages_start=None, packages_end=None, allow_overriding=[], cmake_args=['-DCMAKE_EXPORT_COMPILE_COMMANDS=ON'], cmake_target=None, cmake_target_skip_unavailable=False, cmake_clean_cache=False, cmake_clean_first=False, cmake_force_configure=False, ament_cmake_args=None, catkin_cmake_args=None, catkin_skip_building_tests=False, mixin_files=None, mixin=None, verb_parser=<colcon_mixin.mixin.mixin_argument.MixinArgumentDecorator object at 0x7f03c035e140>, verb_extension=<colcon_core.verb.build.BuildVerb object at 0x7f03c035dae0>, main=<bound method BuildVerb.main of <colcon_core.verb.build.BuildVerb object at 0x7f03c035dae0>>, mixin_verb=('build',))
[0.141s] Level 1:colcon.colcon_core.package_discovery:discover_packages(colcon_meta) check parameters
[0.141s] Level 1:colcon.colcon_core.package_discovery:discover_packages(recursive) check parameters
[0.141s] Level 1:colcon.colcon_core.package_discovery:discover_packages(ignore) check parameters
[0.141s] Level 1:colcon.colcon_core.package_discovery:discover_packages(path) check parameters
[0.141s] Level 1:colcon.colcon_core.package_discovery:discover_packages(colcon_meta) discover
[0.141s] Level 1:colcon.colcon_core.package_discovery:discover_packages(recursive) discover
[0.141s] INFO:colcon.colcon_core.package_discovery:Crawling recursively for packages in '/home/xiaofang/ROS2_WS/ws01_plumbing'
[0.141s] Level 1:colcon.colcon_core.package_identification:_identify(.) by extensions ['ignore', 'ignore_ament_install']
[0.141s] Level 1:colcon.colcon_core.package_identification:_identify(.) by extension 'ignore'
[0.141s] Level 1:colcon.colcon_core.package_identification:_identify(.) by extension 'ignore_ament_install'
[0.141s] Level 1:colcon.colcon_core.package_identification:_identify(.) by extensions ['colcon_pkg']
[0.141s] Level 1:colcon.colcon_core.package_identification:_identify(.) by extension 'colcon_pkg'
[0.141s] Level 1:colcon.colcon_core.package_identification:_identify(.) by extensions ['colcon_meta']
[0.141s] Level 1:colcon.colcon_core.package_identification:_identify(.) by extension 'colcon_meta'
[0.141s] Level 1:colcon.colcon_core.package_identification:_identify(.) by extensions ['ros']
[0.141s] Level 1:colcon.colcon_core.package_identification:_identify(.) by extension 'ros'
[0.148s] Level 1:colcon.colcon_core.package_identification:_identify(.) by extensions ['cmake', 'python']
[0.148s] Level 1:colcon.colcon_core.package_identification:_identify(.) by extension 'cmake'
[0.148s] Level 1:colcon.colcon_core.package_identification:_identify(.) by extension 'python'
[0.149s] Level 1:colcon.colcon_core.package_identification:_identify(.) by extensions ['python_setup_py']
[0.149s] Level 1:colcon.colcon_core.package_identification:_identify(.) by extension 'python_setup_py'
[0.149s] Level 1:colcon.colcon_core.package_identification:_identify(build) by extensions ['ignore', 'ignore_ament_install']
[0.149s] Level 1:colcon.colcon_core.package_identification:_identify(build) by extension 'ignore'
[0.149s] Level 1:colcon.colcon_core.package_identification:_identify(build) ignored
[0.149s] Level 1:colcon.colcon_core.package_identification:_identify(install) by extensions ['ignore', 'ignore_ament_install']
[0.149s] Level 1:colcon.colcon_core.package_identification:_identify(install) by extension 'ignore'
[0.149s] Level 1:colcon.colcon_core.package_identification:_identify(install) ignored
[0.149s] Level 1:colcon.colcon_core.package_identification:_identify(log) by extensions ['ignore', 'ignore_ament_install']
[0.149s] Level 1:colcon.colcon_core.package_identification:_identify(log) by extension 'ignore'
[0.149s] Level 1:colcon.colcon_core.package_identification:_identify(log) ignored
[0.149s] Level 1:colcon.colcon_core.package_identification:_identify(src) by extensions ['ignore', 'ignore_ament_install']
[0.149s] Level 1:colcon.colcon_core.package_identification:_identify(src) by extension 'ignore'
[0.149s] Level 1:colcon.colcon_core.package_identification:_identify(src) by extension 'ignore_ament_install'
[0.149s] Level 1:colcon.colcon_core.package_identification:_identify(src) by extensions ['colcon_pkg']
[0.150s] Level 1:colcon.colcon_core.package_identification:_identify(src) by extension 'colcon_pkg'
[0.150s] Level 1:colcon.colcon_core.package_identification:_identify(src) by extensions ['colcon_meta']
[0.150s] Level 1:colcon.colcon_core.package_identification:_identify(src) by extension 'colcon_meta'
[0.150s] Level 1:colcon.colcon_core.package_identification:_identify(src) by extensions ['ros']
[0.150s] Level 1:colcon.colcon_core.package_identification:_identify(src) by extension 'ros'
[0.150s] Level 1:colcon.colcon_core.package_identification:_identify(src) by extensions ['cmake', 'python']
[0.150s] Level 1:colcon.colcon_core.package_identification:_identify(src) by extension 'cmake'
[0.150s] Level 1:colcon.colcon_core.package_identification:_identify(src) by extension 'python'
[0.150s] Level 1:colcon.colcon_core.package_identification:_identify(src) by extensions ['python_setup_py']
[0.150s] Level 1:colcon.colcon_core.package_identification:_identify(src) by extension 'python_setup_py'
[0.150s] Level 1:colcon.colcon_core.package_identification:_identify(src/base_interfaces_demo) by extensions ['ignore', 'ignore_ament_install']
[0.150s] Level 1:colcon.colcon_core.package_identification:_identify(src/base_interfaces_demo) by extension 'ignore'
[0.150s] Level 1:colcon.colcon_core.package_identification:_identify(src/base_interfaces_demo) by extension 'ignore_ament_install'
[0.150s] Level 1:colcon.colcon_core.package_identification:_identify(src/base_interfaces_demo) by extensions ['colcon_pkg']
[0.150s] Level 1:colcon.colcon_core.package_identification:_identify(src/base_interfaces_demo) by extension 'colcon_pkg'
[0.150s] Level 1:colcon.colcon_core.package_identification:_identify(src/base_interfaces_demo) by extensions ['colcon_meta']
[0.150s] Level 1:colcon.colcon_core.package_identification:_identify(src/base_interfaces_demo) by extension 'colcon_meta'
[0.150s] Level 1:colcon.colcon_core.package_identification:_identify(src/base_interfaces_demo) by extensions ['ros']
[0.150s] Level 1:colcon.colcon_core.package_identification:_identify(src/base_interfaces_demo) by extension 'ros'
[0.152s] DEBUG:colcon.colcon_core.package_identification:Package 'src/base_interfaces_demo' with type 'ros.ament_cmake' and name 'base_interfaces_demo'
[0.153s] Level 1:colcon.colcon_core.package_identification:_identify(src/cpp01_topic) by extensions ['ignore', 'ignore_ament_install']
[0.153s] Level 1:colcon.colcon_core.package_identification:_identify(src/cpp01_topic) by extension 'ignore'
[0.153s] Level 1:colcon.colcon_core.package_identification:_identify(src/cpp01_topic) by extension 'ignore_ament_install'
[0.153s] Level 1:colcon.colcon_core.package_identification:_identify(src/cpp01_topic) by extensions ['colcon_pkg']
[0.153s] Level 1:colcon.colcon_core.package_identification:_identify(src/cpp01_topic) by extension 'colcon_pkg'
[0.153s] Level 1:colcon.colcon_core.package_identification:_identify(src/cpp01_topic) by extensions ['colcon_meta']
[0.153s] Level 1:colcon.colcon_core.package_identification:_identify(src/cpp01_topic) by extension 'colcon_meta'
[0.153s] Level 1:colcon.colcon_core.package_identification:_identify(src/cpp01_topic) by extensions ['ros']
[0.153s] Level 1:colcon.colcon_core.package_identification:_identify(src/cpp01_topic) by extension 'ros'
[0.153s] DEBUG:colcon.colcon_core.package_identification:Package 'src/cpp01_topic' with type 'ros.ament_cmake' and name 'cpp01_topic'
[0.153s] Level 1:colcon.colcon_core.package_identification:_identify(src/cpp02_service) by extensions ['ignore', 'ignore_ament_install']
[0.153s] Level 1:colcon.colcon_core.package_identification:_identify(src/cpp02_service) by extension 'ignore'
[0.153s] Level 1:colcon.colcon_core.package_identification:_identify(src/cpp02_service) by extension 'ignore_ament_install'
[0.153s] Level 1:colcon.colcon_core.package_identification:_identify(src/cpp02_service) by extensions ['colcon_pkg']
[0.153s] Level 1:colcon.colcon_core.package_identification:_identify(src/cpp02_service) by extension 'colcon_pkg'
[0.153s] Level 1:colcon.colcon_core.package_identification:_identify(src/cpp02_service) by extensions ['colcon_meta']
[0.154s] Level 1:colcon.colcon_core.package_identification:_identify(src/cpp02_service) by extension 'colcon_meta'
[0.154s] Level 1:colcon.colcon_core.package_identification:_identify(src/cpp02_service) by extensions ['ros']
[0.154s] Level 1:colcon.colcon_core.package_identification:_identify(src/cpp02_service) by extension 'ros'
[0.154s] DEBUG:colcon.colcon_core.package_identification:Package 'src/cpp02_service' with type 'ros.ament_cmake' and name 'cpp02_service'
[0.154s] Level 1:colcon.colcon_core.package_identification:_identify(src/cpp03_action) by extensions ['ignore', 'ignore_ament_install']
[0.154s] Level 1:colcon.colcon_core.package_identification:_identify(src/cpp03_action) by extension 'ignore'
[0.154s] Level 1:colcon.colcon_core.package_identification:_identify(src/cpp03_action) by extension 'ignore_ament_install'
[0.154s] Level 1:colcon.colcon_core.package_identification:_identify(src/cpp03_action) by extensions ['colcon_pkg']
[0.154s] Level 1:colcon.colcon_core.package_identification:_identify(src/cpp03_action) by extension 'colcon_pkg'
[0.154s] Level 1:colcon.colcon_core.package_identification:_identify(src/cpp03_action) by extensions ['colcon_meta']
[0.154s] Level 1:colcon.colcon_core.package_identification:_identify(src/cpp03_action) by extension 'colcon_meta'
[0.154s] Level 1:colcon.colcon_core.package_identification:_identify(src/cpp03_action) by extensions ['ros']
[0.154s] Level 1:colcon.colcon_core.package_identification:_identify(src/cpp03_action) by extension 'ros'
[0.154s] DEBUG:colcon.colcon_core.package_identification:Package 'src/cpp03_action' with type 'ros.ament_cmake' and name 'cpp03_action'
[0.155s] Level 1:colcon.colcon_core.package_identification:_identify(src/cpp04_param) by extensions ['ignore', 'ignore_ament_install']
[0.155s] Level 1:colcon.colcon_core.package_identification:_identify(src/cpp04_param) by extension 'ignore'
[0.155s] Level 1:colcon.colcon_core.package_identification:_identify(src/cpp04_param) by extension 'ignore_ament_install'
[0.155s] Level 1:colcon.colcon_core.package_identification:_identify(src/cpp04_param) by extensions ['colcon_pkg']
[0.155s] Level 1:colcon.colcon_core.package_identification:_identify(src/cpp04_param) by extension 'colcon_pkg'
[0.155s] Level 1:colcon.colcon_core.package_identification:_identify(src/cpp04_param) by extensions ['colcon_meta']
[0.155s] Level 1:colcon.colcon_core.package_identification:_identify(src/cpp04_param) by extension 'colcon_meta'
[0.155s] Level 1:colcon.colcon_core.package_identification:_identify(src/cpp04_param) by extensions ['ros']
[0.155s] Level 1:colcon.colcon_core.package_identification:_identify(src/cpp04_param) by extension 'ros'
[0.155s] DEBUG:colcon.colcon_core.package_identification:Package 'src/cpp04_param' with type 'ros.ament_cmake' and name 'cpp04_param'
[0.155s] Level 1:colcon.colcon_core.package_discovery:discover_packages(recursive) using defaults
[0.155s] Level 1:colcon.colcon_core.package_discovery:discover_packages(ignore) discover
[0.155s] Level 1:colcon.colcon_core.package_discovery:discover_packages(ignore) using defaults
[0.155s] Level 1:colcon.colcon_core.package_discovery:discover_packages(path) discover
[0.155s] Level 1:colcon.colcon_core.package_discovery:discover_packages(path) using defaults
[0.172s] INFO:colcon.colcon_core.package_selection:Skipping not selected package 'base_interfaces_demo' in 'src/base_interfaces_demo'
[0.172s] INFO:colcon.colcon_core.package_selection:Skipping not selected package 'cpp01_topic' in 'src/cpp01_topic'
[0.172s] INFO:colcon.colcon_core.package_selection:Skipping not selected package 'cpp02_service' in 'src/cpp02_service'
[0.172s] INFO:colcon.colcon_core.package_selection:Skipping not selected package 'cpp03_action' in 'src/cpp03_action'
[0.172s] Level 1:colcon.colcon_core.package_discovery:discover_packages(prefix_path) check parameters
[0.172s] Level 1:colcon.colcon_core.package_discovery:discover_packages(prefix_path) discover
[0.173s] DEBUG:colcon.colcon_installed_package_information.package_discovery:Found 5 installed packages in /home/xiaofang/ROS2_WS/ws01_plumbing/install
[0.174s] DEBUG:colcon.colcon_installed_package_information.package_discovery:Found 4 installed packages in /opt/cv_bridge_fix_link-humble/install
[0.174s] DEBUG:colcon.colcon_installed_package_information.package_discovery:Found 340 installed packages in /opt/ros/humble
[0.175s] Level 1:colcon.colcon_core.package_discovery:discover_packages(prefix_path) using defaults
[0.196s] Level 5:colcon.colcon_core.verb:set package 'cpp04_param' build argument 'cmake_args' from command line to '['-DCMAKE_EXPORT_COMPILE_COMMANDS=ON']'
[0.196s] Level 5:colcon.colcon_core.verb:set package 'cpp04_param' build argument 'cmake_target' from command line to 'None'
[0.196s] Level 5:colcon.colcon_core.verb:set package 'cpp04_param' build argument 'cmake_target_skip_unavailable' from command line to 'False'
[0.196s] Level 5:colcon.colcon_core.verb:set package 'cpp04_param' build argument 'cmake_clean_cache' from command line to 'False'
[0.196s] Level 5:colcon.colcon_core.verb:set package 'cpp04_param' build argument 'cmake_clean_first' from command line to 'False'
[0.196s] Level 5:colcon.colcon_core.verb:set package 'cpp04_param' build argument 'cmake_force_configure' from command line to 'False'
[0.196s] Level 5:colcon.colcon_core.verb:set package 'cpp04_param' build argument 'ament_cmake_args' from command line to 'None'
[0.196s] Level 5:colcon.colcon_core.verb:set package 'cpp04_param' build argument 'catkin_cmake_args' from command line to 'None'
[0.196s] Level 5:colcon.colcon_core.verb:set package 'cpp04_param' build argument 'catkin_skip_building_tests' from command line to 'False'
[0.196s] DEBUG:colcon.colcon_core.verb:Building package 'cpp04_param' with the following arguments: {'ament_cmake_args': None, 'build_base': '/home/xiaofang/ROS2_WS/ws01_plumbing/build/cpp04_param', 'catkin_cmake_args': None, 'catkin_skip_building_tests': False, 'cmake_args': ['-DCMAKE_EXPORT_COMPILE_COMMANDS=ON'], 'cmake_clean_cache': False, 'cmake_clean_first': False, 'cmake_force_configure': False, 'cmake_target': None, 'cmake_target_skip_unavailable': False, 'install_base': '/home/xiaofang/ROS2_WS/ws01_plumbing/install/cpp04_param', 'merge_install': False, 'path': '/home/xiaofang/ROS2_WS/ws01_plumbing/src/cpp04_param', 'symlink_install': False, 'test_result_base': None}
[0.196s] INFO:colcon.colcon_core.executor:Executing jobs using 'parallel' executor
[0.197s] DEBUG:colcon.colcon_parallel_executor.executor.parallel:run_until_complete
[0.197s] INFO:colcon.colcon_ros.task.ament_cmake.build:Building ROS package in '/home/xiaofang/ROS2_WS/ws01_plumbing/src/cpp04_param' with build type 'ament_cmake'
[0.197s] INFO:colcon.colcon_cmake.task.cmake.build:Building CMake package in '/home/xiaofang/ROS2_WS/ws01_plumbing/src/cpp04_param'
[0.198s] INFO:colcon.colcon_core.plugin_system:Skipping extension 'colcon_core.shell.bat': Not used on non-Windows systems
[0.198s] INFO:colcon.colcon_core.shell:Skip shell extension 'powershell' for command environment: Not usable outside of PowerShell
[0.198s] DEBUG:colcon.colcon_core.shell:Skip shell extension 'dsv' for command environment
[0.204s] DEBUG:colcon.colcon_core.event_handler.log_command:Invoking command in '/home/xiaofang/ROS2_WS/ws01_plumbing/build/cpp04_param': CMAKE_PREFIX_PATH=${CMAKE_PREFIX_PATH}:/opt/cv_bridge_fix_link-humble/install/opencv_tests:/opt/ros/humble /usr/bin/cmake --build /home/xiaofang/ROS2_WS/ws01_plumbing/build/cpp04_param -- -j20 -l20
[1.848s] DEBUG:colcon.colcon_core.event_handler.log_command:Invoked command in '/home/xiaofang/ROS2_WS/ws01_plumbing/build/cpp04_param' returned '0': CMAKE_PREFIX_PATH=${CMAKE_PREFIX_PATH}:/opt/cv_bridge_fix_link-humble/install/opencv_tests:/opt/ros/humble /usr/bin/cmake --build /home/xiaofang/ROS2_WS/ws01_plumbing/build/cpp04_param -- -j20 -l20
[1.856s] DEBUG:colcon.colcon_core.event_handler.log_command:Invoking command in '/home/xiaofang/ROS2_WS/ws01_plumbing/build/cpp04_param': CMAKE_PREFIX_PATH=${CMAKE_PREFIX_PATH}:/opt/cv_bridge_fix_link-humble/install/opencv_tests:/opt/ros/humble /usr/bin/cmake --install /home/xiaofang/ROS2_WS/ws01_plumbing/build/cpp04_param
[1.861s] Level 1:colcon.colcon_core.environment:create_environment_scripts_only(cpp04_param)
[1.861s] DEBUG:colcon.colcon_core.event_handler.log_command:Invoked command in '/home/xiaofang/ROS2_WS/ws01_plumbing/build/cpp04_param' returned '0': CMAKE_PREFIX_PATH=${CMAKE_PREFIX_PATH}:/opt/cv_bridge_fix_link-humble/install/opencv_tests:/opt/ros/humble /usr/bin/cmake --install /home/xiaofang/ROS2_WS/ws01_plumbing/build/cpp04_param
[1.862s] Level 1:colcon.colcon_core.environment:checking '/home/xiaofang/ROS2_WS/ws01_plumbing/install/cpp04_param' for CMake module files
[1.863s] Level 1:colcon.colcon_core.environment:checking '/home/xiaofang/ROS2_WS/ws01_plumbing/install/cpp04_param' for CMake config files
[1.863s] Level 1:colcon.colcon_core.shell:create_environment_hook('cpp04_param', 'cmake_prefix_path')
[1.863s] INFO:colcon.colcon_core.shell:Creating environment hook '/home/xiaofang/ROS2_WS/ws01_plumbing/install/cpp04_param/share/cpp04_param/hook/cmake_prefix_path.ps1'
[1.863s] INFO:colcon.colcon_core.shell:Creating environment descriptor '/home/xiaofang/ROS2_WS/ws01_plumbing/install/cpp04_param/share/cpp04_param/hook/cmake_prefix_path.dsv'
[1.864s] INFO:colcon.colcon_core.shell:Creating environment hook '/home/xiaofang/ROS2_WS/ws01_plumbing/install/cpp04_param/share/cpp04_param/hook/cmake_prefix_path.sh'
[1.864s] Level 1:colcon.colcon_core.environment:checking '/home/xiaofang/ROS2_WS/ws01_plumbing/install/cpp04_param/lib'
[1.864s] Level 1:colcon.colcon_core.environment:checking '/home/xiaofang/ROS2_WS/ws01_plumbing/install/cpp04_param/bin'
[1.864s] Level 1:colcon.colcon_core.environment:checking '/home/xiaofang/ROS2_WS/ws01_plumbing/install/cpp04_param/lib/pkgconfig/cpp04_param.pc'
[1.864s] Level 1:colcon.colcon_core.environment:checking '/home/xiaofang/ROS2_WS/ws01_plumbing/install/cpp04_param/lib/python3.10/site-packages'
[1.864s] Level 1:colcon.colcon_core.environment:checking '/home/xiaofang/ROS2_WS/ws01_plumbing/install/cpp04_param/bin'
[1.864s] INFO:colcon.colcon_core.shell:Creating package script '/home/xiaofang/ROS2_WS/ws01_plumbing/install/cpp04_param/share/cpp04_param/package.ps1'
[1.865s] INFO:colcon.colcon_core.shell:Creating package descriptor '/home/xiaofang/ROS2_WS/ws01_plumbing/install/cpp04_param/share/cpp04_param/package.dsv'
[1.865s] INFO:colcon.colcon_core.shell:Creating package script '/home/xiaofang/ROS2_WS/ws01_plumbing/install/cpp04_param/share/cpp04_param/package.sh'
[1.865s] INFO:colcon.colcon_core.shell:Creating package script '/home/xiaofang/ROS2_WS/ws01_plumbing/install/cpp04_param/share/cpp04_param/package.bash'
[1.866s] INFO:colcon.colcon_core.shell:Creating package script '/home/xiaofang/ROS2_WS/ws01_plumbing/install/cpp04_param/share/cpp04_param/package.zsh'
[1.866s] Level 1:colcon.colcon_core.environment:create_file_with_runtime_dependencies(/home/xiaofang/ROS2_WS/ws01_plumbing/install/cpp04_param/share/colcon-core/packages/cpp04_param)
[1.866s] Level 1:colcon.colcon_core.environment:create_environment_scripts_only(cpp04_param)
[1.866s] Level 1:colcon.colcon_core.environment:checking '/home/xiaofang/ROS2_WS/ws01_plumbing/install/cpp04_param' for CMake module files
[1.866s] Level 1:colcon.colcon_core.environment:checking '/home/xiaofang/ROS2_WS/ws01_plumbing/install/cpp04_param' for CMake config files
[1.867s] Level 1:colcon.colcon_core.shell:create_environment_hook('cpp04_param', 'cmake_prefix_path')
[1.867s] INFO:colcon.colcon_core.shell:Creating environment hook '/home/xiaofang/ROS2_WS/ws01_plumbing/install/cpp04_param/share/cpp04_param/hook/cmake_prefix_path.ps1'
[1.867s] INFO:colcon.colcon_core.shell:Creating environment descriptor '/home/xiaofang/ROS2_WS/ws01_plumbing/install/cpp04_param/share/cpp04_param/hook/cmake_prefix_path.dsv'
[1.867s] INFO:colcon.colcon_core.shell:Creating environment hook '/home/xiaofang/ROS2_WS/ws01_plumbing/install/cpp04_param/share/cpp04_param/hook/cmake_prefix_path.sh'
[1.867s] Level 1:colcon.colcon_core.environment:checking '/home/xiaofang/ROS2_WS/ws01_plumbing/install/cpp04_param/lib'
[1.867s] Level 1:colcon.colcon_core.environment:checking '/home/xiaofang/ROS2_WS/ws01_plumbing/install/cpp04_param/bin'
[1.867s] Level 1:colcon.colcon_core.environment:checking '/home/xiaofang/ROS2_WS/ws01_plumbing/install/cpp04_param/lib/pkgconfig/cpp04_param.pc'
[1.867s] Level 1:colcon.colcon_core.environment:checking '/home/xiaofang/ROS2_WS/ws01_plumbing/install/cpp04_param/lib/python3.10/site-packages'
[1.868s] Level 1:colcon.colcon_core.environment:checking '/home/xiaofang/ROS2_WS/ws01_plumbing/install/cpp04_param/bin'
[1.868s] INFO:colcon.colcon_core.shell:Creating package script '/home/xiaofang/ROS2_WS/ws01_plumbing/install/cpp04_param/share/cpp04_param/package.ps1'
[1.868s] INFO:colcon.colcon_core.shell:Creating package descriptor '/home/xiaofang/ROS2_WS/ws01_plumbing/install/cpp04_param/share/cpp04_param/package.dsv'
[1.868s] INFO:colcon.colcon_core.shell:Creating package script '/home/xiaofang/ROS2_WS/ws01_plumbing/install/cpp04_param/share/cpp04_param/package.sh'
[1.868s] INFO:colcon.colcon_core.shell:Creating package script '/home/xiaofang/ROS2_WS/ws01_plumbing/install/cpp04_param/share/cpp04_param/package.bash'
[1.868s] INFO:colcon.colcon_core.shell:Creating package script '/home/xiaofang/ROS2_WS/ws01_plumbing/install/cpp04_param/share/cpp04_param/package.zsh'
[1.869s] Level 1:colcon.colcon_core.environment:create_file_with_runtime_dependencies(/home/xiaofang/ROS2_WS/ws01_plumbing/install/cpp04_param/share/colcon-core/packages/cpp04_param)
[1.869s] DEBUG:colcon.colcon_parallel_executor.executor.parallel:closing loop
[1.869s] DEBUG:colcon.colcon_parallel_executor.executor.parallel:loop closed
[1.869s] DEBUG:colcon.colcon_parallel_executor.executor.parallel:run_until_complete finished with '0'
[1.869s] DEBUG:colcon.colcon_core.event_reactor:joining thread
[1.872s] INFO:colcon.colcon_core.plugin_system:Skipping extension 'colcon_notification.desktop_notification.notify_send': Could not find 'notify-send'
[1.872s] INFO:colcon.colcon_core.plugin_system:Skipping extension 'colcon_notification.desktop_notification.terminal_notifier': Not used on non-Darwin systems
[1.872s] INFO:colcon.colcon_core.plugin_system:Skipping extension 'colcon_notification.desktop_notification.win32': Not used on non-Windows systems
[1.872s] INFO:colcon.colcon_notification.desktop_notification:Sending desktop notification using 'notify2'
[1.873s] DEBUG:colcon.colcon_notification.desktop_notification.notify2:Failed to initialize notify2: org.freedesktop.DBus.Error.Spawn.ExecFailed: /usr/bin/dbus-launch terminated abnormally without any error message
[1.873s] DEBUG:colcon.colcon_core.event_reactor:joined thread
[1.874s] INFO:colcon.colcon_core.shell:Creating prefix script '/home/xiaofang/ROS2_WS/ws01_plumbing/install/local_setup.ps1'
[1.874s] INFO:colcon.colcon_core.shell:Creating prefix util module '/home/xiaofang/ROS2_WS/ws01_plumbing/install/_local_setup_util_ps1.py'
[1.875s] INFO:colcon.colcon_core.shell:Creating prefix chain script '/home/xiaofang/ROS2_WS/ws01_plumbing/install/setup.ps1'
[1.875s] INFO:colcon.colcon_core.shell:Creating prefix script '/home/xiaofang/ROS2_WS/ws01_plumbing/install/local_setup.sh'
[1.876s] INFO:colcon.colcon_core.shell:Creating prefix util module '/home/xiaofang/ROS2_WS/ws01_plumbing/install/_local_setup_util_sh.py'
[1.876s] INFO:colcon.colcon_core.shell:Creating prefix chain script '/home/xiaofang/ROS2_WS/ws01_plumbing/install/setup.sh'
[1.877s] INFO:colcon.colcon_core.shell:Creating prefix script '/home/xiaofang/ROS2_WS/ws01_plumbing/install/local_setup.bash'
[1.877s] INFO:colcon.colcon_core.shell:Creating prefix chain script '/home/xiaofang/ROS2_WS/ws01_plumbing/install/setup.bash'
[1.877s] INFO:colcon.colcon_core.shell:Creating prefix script '/home/xiaofang/ROS2_WS/ws01_plumbing/install/local_setup.zsh'
[1.878s] INFO:colcon.colcon_core.shell:Creating prefix chain script '/home/xiaofang/ROS2_WS/ws01_plumbing/install/setup.zsh'
