[0.006s] Invoking command in '/home/xiaofang/ROS2_WS/ws02_tool/build/cpp01_launch': CMAKE_PREFIX_PATH=${CMAKE_PREFIX_PATH}:/opt/cv_bridge_fix_link-humble/install/opencv_tests:/opt/ros/humble /usr/bin/cmake --build /home/xiaofang/ROS2_WS/ws02_tool/build/cpp01_launch -- -j20 -l20
[0.030s] Invoked command in '/home/xiaofang/ROS2_WS/ws02_tool/build/cpp01_launch' returned '0': CMAKE_PREFIX_PATH=${CMAKE_PREFIX_PATH}:/opt/cv_bridge_fix_link-humble/install/opencv_tests:/opt/ros/humble /usr/bin/cmake --build /home/xiaofang/ROS2_WS/ws02_tool/build/cpp01_launch -- -j20 -l20
[0.036s] Invoking command in '/home/xiaofang/ROS2_WS/ws02_tool/build/cpp01_launch': CMAKE_PREFIX_PATH=${CMAKE_PREFIX_PATH}:/opt/cv_bridge_fix_link-humble/install/opencv_tests:/opt/ros/humble /usr/bin/cmake --install /home/xiaofang/ROS2_WS/ws02_tool/build/cpp01_launch
[0.039s] -- Install configuration: ""
[0.040s] -- Up-to-date: /home/xiaofang/ROS2_WS/ws02_tool/install/cpp01_launch/share/cpp01_launch/launch
[0.040s] -- Up-to-date: /home/xiaofang/ROS2_WS/ws02_tool/install/cpp01_launch/share/cpp01_launch/launch/py
[0.040s] -- Up-to-date: /home/xiaofang/ROS2_WS/ws02_tool/install/cpp01_launch/share/cpp01_launch/launch/py/py05_include_launch.py
[0.040s] -- Up-to-date: /home/xiaofang/ROS2_WS/ws02_tool/install/cpp01_launch/share/cpp01_launch/launch/py/py04_args_launch.py
[0.040s] -- Up-to-date: /home/xiaofang/ROS2_WS/ws02_tool/install/cpp01_launch/share/cpp01_launch/launch/py/py02_node_launch.py
[0.040s] -- Up-to-date: /home/xiaofang/ROS2_WS/ws02_tool/install/cpp01_launch/share/cpp01_launch/launch/py/py01_hello_launch.py
[0.040s] -- Up-to-date: /home/xiaofang/ROS2_WS/ws02_tool/install/cpp01_launch/share/cpp01_launch/launch/py/py06_group_launch.py
[0.040s] -- Up-to-date: /home/xiaofang/ROS2_WS/ws02_tool/install/cpp01_launch/share/cpp01_launch/launch/py/py07_event_launch.py
[0.040s] -- Up-to-date: /home/xiaofang/ROS2_WS/ws02_tool/install/cpp01_launch/share/cpp01_launch/launch/py/py03_cmd_launch.py
[0.040s] -- Up-to-date: /home/xiaofang/ROS2_WS/ws02_tool/install/cpp01_launch/share/cpp01_launch/launch/xml
[0.040s] -- Up-to-date: /home/xiaofang/ROS2_WS/ws02_tool/install/cpp01_launch/share/cpp01_launch/launch/xml/xml01_helloworld_launch.xml
[0.040s] -- Installing: /home/xiaofang/ROS2_WS/ws02_tool/install/cpp01_launch/share/cpp01_launch/launch/xml/xml03_cmd_launch.xml
[0.040s] -- Up-to-date: /home/xiaofang/ROS2_WS/ws02_tool/install/cpp01_launch/share/cpp01_launch/launch/xml/xml02_node_launch.xml
[0.040s] -- Up-to-date: /home/xiaofang/ROS2_WS/ws02_tool/install/cpp01_launch/share/cpp01_launch/launch/yaml
[0.040s] -- Up-to-date: /home/xiaofang/ROS2_WS/ws02_tool/install/cpp01_launch/share/cpp01_launch/launch/yaml/yaml02_node_launch.yaml
[0.040s] -- Up-to-date: /home/xiaofang/ROS2_WS/ws02_tool/install/cpp01_launch/share/cpp01_launch/launch/yaml/yaml01_helloworld_launch.yaml
[0.040s] -- Up-to-date: /home/xiaofang/ROS2_WS/ws02_tool/install/cpp01_launch/share/cpp01_launch/config
[0.040s] -- Up-to-date: /home/xiaofang/ROS2_WS/ws02_tool/install/cpp01_launch/share/cpp01_launch/config/t2.yaml
[0.040s] -- Up-to-date: /home/xiaofang/ROS2_WS/ws02_tool/install/cpp01_launch/share/ament_index/resource_index/package_run_dependencies/cpp01_launch
[0.040s] -- Up-to-date: /home/xiaofang/ROS2_WS/ws02_tool/install/cpp01_launch/share/ament_index/resource_index/parent_prefix_path/cpp01_launch
[0.040s] -- Up-to-date: /home/xiaofang/ROS2_WS/ws02_tool/install/cpp01_launch/share/cpp01_launch/environment/ament_prefix_path.sh
[0.040s] -- Up-to-date: /home/xiaofang/ROS2_WS/ws02_tool/install/cpp01_launch/share/cpp01_launch/environment/ament_prefix_path.dsv
[0.040s] -- Up-to-date: /home/xiaofang/ROS2_WS/ws02_tool/install/cpp01_launch/share/cpp01_launch/environment/path.sh
[0.040s] -- Up-to-date: /home/xiaofang/ROS2_WS/ws02_tool/install/cpp01_launch/share/cpp01_launch/environment/path.dsv
[0.040s] -- Up-to-date: /home/xiaofang/ROS2_WS/ws02_tool/install/cpp01_launch/share/cpp01_launch/local_setup.bash
[0.040s] -- Up-to-date: /home/xiaofang/ROS2_WS/ws02_tool/install/cpp01_launch/share/cpp01_launch/local_setup.sh
[0.040s] -- Up-to-date: /home/xiaofang/ROS2_WS/ws02_tool/install/cpp01_launch/share/cpp01_launch/local_setup.zsh
[0.040s] -- Up-to-date: /home/xiaofang/ROS2_WS/ws02_tool/install/cpp01_launch/share/cpp01_launch/local_setup.dsv
[0.040s] -- Installing: /home/xiaofang/ROS2_WS/ws02_tool/install/cpp01_launch/share/cpp01_launch/package.dsv
[0.040s] -- Up-to-date: /home/xiaofang/ROS2_WS/ws02_tool/install/cpp01_launch/share/ament_index/resource_index/packages/cpp01_launch
[0.040s] -- Up-to-date: /home/xiaofang/ROS2_WS/ws02_tool/install/cpp01_launch/share/cpp01_launch/cmake/cpp01_launchConfig.cmake
[0.040s] -- Up-to-date: /home/xiaofang/ROS2_WS/ws02_tool/install/cpp01_launch/share/cpp01_launch/cmake/cpp01_launchConfig-version.cmake
[0.041s] -- Up-to-date: /home/xiaofang/ROS2_WS/ws02_tool/install/cpp01_launch/share/cpp01_launch/package.xml
[0.041s] Invoked command in '/home/xiaofang/ROS2_WS/ws02_tool/build/cpp01_launch' returned '0': CMAKE_PREFIX_PATH=${CMAKE_PREFIX_PATH}:/opt/cv_bridge_fix_link-humble/install/opencv_tests:/opt/ros/humble /usr/bin/cmake --install /home/xiaofang/ROS2_WS/ws02_tool/build/cpp01_launch
