[0.009s] Invoking command in '/home/xiaofang/ROS2_WS/ws03_nav_sim/build/demo_gazebo_sim': CMAKE_PREFIX_PATH=${CMAKE_PREFIX_PATH}:/opt/cv_bridge_fix_link-humble/install/opencv_tests:/opt/ros/humble /usr/bin/cmake /home/xiaofang/ROS2_WS/ws03_nav_sim/src/demo_gazebo_sim -DCMAKE_EXPORT_COMPILE_COMMANDS=ON -DCMAKE_INSTALL_PREFIX=/home/xiaofang/ROS2_WS/ws03_nav_sim/install/demo_gazebo_sim
[0.108s] -- The C compiler identification is GNU 11.4.0
[0.208s] -- The CXX compiler identification is GNU 11.4.0
[0.218s] -- Detecting C compiler ABI info
[0.347s] -- Detecting C compiler ABI info - done
[0.359s] -- Check for working C compiler: /usr/bin/cc - skipped
[0.361s] -- Detecting C compile features
[0.362s] -- Detecting C compile features - done
[0.369s] -- Detecting CXX compiler ABI info
[0.488s] -- Detecting CXX compiler ABI info - done
[0.498s] -- Check for working CXX compiler: /usr/bin/c++ - skipped
[0.498s] -- Detecting CXX compile features
[0.499s] -- Detecting CXX compile features - done
[0.504s] -- Found ament_cmake: 1.3.11 (/opt/ros/humble/share/ament_cmake/cmake)
[0.649s] -- Found Python3: /usr/bin/python3 (found version "3.10.12") found components: Interpreter 
[0.745s] -- Found ament_lint_auto: 0.12.12 (/opt/ros/humble/share/ament_lint_auto/cmake)
[0.846s] -- Added test 'lint_cmake' to check CMake code style
[0.847s] -- Added test 'xmllint' to check XML markup files
[0.849s] -- Configuring done
[0.853s] -- Generating done
[0.853s] [33mCMake Warning:
[0.853s]   Manually-specified variables were not used by the project:
[0.853s] 
[0.854s]     CMAKE_EXPORT_COMPILE_COMMANDS
[0.854s] 
[0.854s] [0m
[0.855s] -- Build files have been written to: /home/xiaofang/ROS2_WS/ws03_nav_sim/build/demo_gazebo_sim
[0.861s] Invoked command in '/home/xiaofang/ROS2_WS/ws03_nav_sim/build/demo_gazebo_sim' returned '0': CMAKE_PREFIX_PATH=${CMAKE_PREFIX_PATH}:/opt/cv_bridge_fix_link-humble/install/opencv_tests:/opt/ros/humble /usr/bin/cmake /home/xiaofang/ROS2_WS/ws03_nav_sim/src/demo_gazebo_sim -DCMAKE_EXPORT_COMPILE_COMMANDS=ON -DCMAKE_INSTALL_PREFIX=/home/xiaofang/ROS2_WS/ws03_nav_sim/install/demo_gazebo_sim
[0.864s] Invoking command in '/home/xiaofang/ROS2_WS/ws03_nav_sim/build/demo_gazebo_sim': CMAKE_PREFIX_PATH=${CMAKE_PREFIX_PATH}:/opt/cv_bridge_fix_link-humble/install/opencv_tests:/opt/ros/humble /usr/bin/cmake --build /home/xiaofang/ROS2_WS/ws03_nav_sim/build/demo_gazebo_sim -- -j20 -l20
[0.926s] Invoked command in '/home/xiaofang/ROS2_WS/ws03_nav_sim/build/demo_gazebo_sim' returned '0': CMAKE_PREFIX_PATH=${CMAKE_PREFIX_PATH}:/opt/cv_bridge_fix_link-humble/install/opencv_tests:/opt/ros/humble /usr/bin/cmake --build /home/xiaofang/ROS2_WS/ws03_nav_sim/build/demo_gazebo_sim -- -j20 -l20
[0.947s] Invoking command in '/home/xiaofang/ROS2_WS/ws03_nav_sim/build/demo_gazebo_sim': CMAKE_PREFIX_PATH=${CMAKE_PREFIX_PATH}:/opt/cv_bridge_fix_link-humble/install/opencv_tests:/opt/ros/humble /usr/bin/cmake --install /home/xiaofang/ROS2_WS/ws03_nav_sim/build/demo_gazebo_sim
[0.958s] -- Install configuration: ""
[0.958s] -- Installing: /home/xiaofang/ROS2_WS/ws03_nav_sim/install/demo_gazebo_sim/share/ament_index/resource_index/package_run_dependencies/demo_gazebo_sim
[0.958s] -- Installing: /home/xiaofang/ROS2_WS/ws03_nav_sim/install/demo_gazebo_sim/share/ament_index/resource_index/parent_prefix_path/demo_gazebo_sim
[0.959s] -- Installing: /home/xiaofang/ROS2_WS/ws03_nav_sim/install/demo_gazebo_sim/share/demo_gazebo_sim/environment/ament_prefix_path.sh
[0.959s] -- Installing: /home/xiaofang/ROS2_WS/ws03_nav_sim/install/demo_gazebo_sim/share/demo_gazebo_sim/environment/ament_prefix_path.dsv
[0.959s] -- Installing: /home/xiaofang/ROS2_WS/ws03_nav_sim/install/demo_gazebo_sim/share/demo_gazebo_sim/environment/path.sh
[0.959s] -- Installing: /home/xiaofang/ROS2_WS/ws03_nav_sim/install/demo_gazebo_sim/share/demo_gazebo_sim/environment/path.dsv
[0.959s] -- Installing: /home/xiaofang/ROS2_WS/ws03_nav_sim/install/demo_gazebo_sim/share/demo_gazebo_sim/local_setup.bash
[0.959s] -- Installing: /home/xiaofang/ROS2_WS/ws03_nav_sim/install/demo_gazebo_sim/share/demo_gazebo_sim/local_setup.sh
[0.959s] -- Installing: /home/xiaofang/ROS2_WS/ws03_nav_sim/install/demo_gazebo_sim/share/demo_gazebo_sim/local_setup.zsh
[0.959s] -- Installing: /home/xiaofang/ROS2_WS/ws03_nav_sim/install/demo_gazebo_sim/share/demo_gazebo_sim/local_setup.dsv
[0.959s] -- Installing: /home/xiaofang/ROS2_WS/ws03_nav_sim/install/demo_gazebo_sim/share/demo_gazebo_sim/package.dsv
[0.960s] -- Installing: /home/xiaofang/ROS2_WS/ws03_nav_sim/install/demo_gazebo_sim/share/ament_index/resource_index/packages/demo_gazebo_sim
[0.960s] -- Installing: /home/xiaofang/ROS2_WS/ws03_nav_sim/install/demo_gazebo_sim/share/demo_gazebo_sim/cmake/demo_gazebo_simConfig.cmake
[0.960s] -- Installing: /home/xiaofang/ROS2_WS/ws03_nav_sim/install/demo_gazebo_sim/share/demo_gazebo_sim/cmake/demo_gazebo_simConfig-version.cmake
[0.960s] -- Installing: /home/xiaofang/ROS2_WS/ws03_nav_sim/install/demo_gazebo_sim/share/demo_gazebo_sim/package.xml
[0.962s] Invoked command in '/home/xiaofang/ROS2_WS/ws03_nav_sim/build/demo_gazebo_sim' returned '0': CMAKE_PREFIX_PATH=${CMAKE_PREFIX_PATH}:/opt/cv_bridge_fix_link-humble/install/opencv_tests:/opt/ros/humble /usr/bin/cmake --install /home/xiaofang/ROS2_WS/ws03_nav_sim/build/demo_gazebo_sim
