[0.010s] Invoking command in '/home/xiaofang/ROS2_WS/ws03_nav_sim/build/mycar_localization': CMAKE_PREFIX_PATH=/home/xiaofang/ROS2_WS/ws03_nav_sim/install/mycar_map_server:/home/xiaofang/ROS2_WS/ws03_nav_sim/install/mycar_localization:/home/xiaofang/ROS2_WS/ws03_nav_sim/install/mycar_slam_slam_toolbox:/home/xiaofang/ROS2_WS/ws03_nav_sim/install/mycar_description:/home/xiaofang/ROS2_WS/ws03_nav_sim/install/demo_gazebo_sim:/opt/cv_bridge_fix_link-humble/install/vision_opencv:/opt/cv_bridge_fix_link-humble/install/image_geometry:/opt/cv_bridge_fix_link-humble/install/cv_bridge:/opt/cv_bridge_fix_link-humble/install/opencv_tests:/opt/ros/humble /usr/bin/cmake --build /home/xiaofang/ROS2_WS/ws03_nav_sim/build/mycar_localization -- -j20 -l20
[0.047s] Invoked command in '/home/xiaofang/ROS2_WS/ws03_nav_sim/build/mycar_localization' returned '0': CMAKE_PREFIX_PATH=/home/xiaofang/ROS2_WS/ws03_nav_sim/install/mycar_map_server:/home/xiaofang/ROS2_WS/ws03_nav_sim/install/mycar_localization:/home/xiaofang/ROS2_WS/ws03_nav_sim/install/mycar_slam_slam_toolbox:/home/xiaofang/ROS2_WS/ws03_nav_sim/install/mycar_description:/home/xiaofang/ROS2_WS/ws03_nav_sim/install/demo_gazebo_sim:/opt/cv_bridge_fix_link-humble/install/vision_opencv:/opt/cv_bridge_fix_link-humble/install/image_geometry:/opt/cv_bridge_fix_link-humble/install/cv_bridge:/opt/cv_bridge_fix_link-humble/install/opencv_tests:/opt/ros/humble /usr/bin/cmake --build /home/xiaofang/ROS2_WS/ws03_nav_sim/build/mycar_localization -- -j20 -l20
[0.049s] Invoking command in '/home/xiaofang/ROS2_WS/ws03_nav_sim/build/mycar_localization': CMAKE_PREFIX_PATH=/home/xiaofang/ROS2_WS/ws03_nav_sim/install/mycar_map_server:/home/xiaofang/ROS2_WS/ws03_nav_sim/install/mycar_localization:/home/xiaofang/ROS2_WS/ws03_nav_sim/install/mycar_slam_slam_toolbox:/home/xiaofang/ROS2_WS/ws03_nav_sim/install/mycar_description:/home/xiaofang/ROS2_WS/ws03_nav_sim/install/demo_gazebo_sim:/opt/cv_bridge_fix_link-humble/install/vision_opencv:/opt/cv_bridge_fix_link-humble/install/image_geometry:/opt/cv_bridge_fix_link-humble/install/cv_bridge:/opt/cv_bridge_fix_link-humble/install/opencv_tests:/opt/ros/humble /usr/bin/cmake --install /home/xiaofang/ROS2_WS/ws03_nav_sim/build/mycar_localization
[0.058s] -- Install configuration: ""
[0.059s] -- Up-to-date: /home/xiaofang/ROS2_WS/ws03_nav_sim/install/mycar_localization/share/mycar_localization/launch
[0.059s] -- Up-to-date: /home/xiaofang/ROS2_WS/ws03_nav_sim/install/mycar_localization/share/mycar_localization/launch/mycar_loca.launch.py
[0.059s] -- Up-to-date: /home/xiaofang/ROS2_WS/ws03_nav_sim/install/mycar_localization/share/mycar_localization/params
[0.059s] -- Up-to-date: /home/xiaofang/ROS2_WS/ws03_nav_sim/install/mycar_localization/share/mycar_localization/params/amcl.yaml
[0.059s] -- Up-to-date: /home/xiaofang/ROS2_WS/ws03_nav_sim/install/mycar_localization/share/ament_index/resource_index/package_run_dependencies/mycar_localization
[0.059s] -- Up-to-date: /home/xiaofang/ROS2_WS/ws03_nav_sim/install/mycar_localization/share/ament_index/resource_index/parent_prefix_path/mycar_localization
[0.059s] -- Up-to-date: /home/xiaofang/ROS2_WS/ws03_nav_sim/install/mycar_localization/share/mycar_localization/environment/ament_prefix_path.sh
[0.059s] -- Up-to-date: /home/xiaofang/ROS2_WS/ws03_nav_sim/install/mycar_localization/share/mycar_localization/environment/ament_prefix_path.dsv
[0.059s] -- Up-to-date: /home/xiaofang/ROS2_WS/ws03_nav_sim/install/mycar_localization/share/mycar_localization/environment/path.sh
[0.060s] -- Up-to-date: /home/xiaofang/ROS2_WS/ws03_nav_sim/install/mycar_localization/share/mycar_localization/environment/path.dsv
[0.060s] -- Up-to-date: /home/xiaofang/ROS2_WS/ws03_nav_sim/install/mycar_localization/share/mycar_localization/local_setup.bash
[0.060s] -- Up-to-date: /home/xiaofang/ROS2_WS/ws03_nav_sim/install/mycar_localization/share/mycar_localization/local_setup.sh
[0.060s] -- Up-to-date: /home/xiaofang/ROS2_WS/ws03_nav_sim/install/mycar_localization/share/mycar_localization/local_setup.zsh
[0.060s] -- Up-to-date: /home/xiaofang/ROS2_WS/ws03_nav_sim/install/mycar_localization/share/mycar_localization/local_setup.dsv
[0.060s] -- Installing: /home/xiaofang/ROS2_WS/ws03_nav_sim/install/mycar_localization/share/mycar_localization/package.dsv
[0.060s] -- Up-to-date: /home/xiaofang/ROS2_WS/ws03_nav_sim/install/mycar_localization/share/ament_index/resource_index/packages/mycar_localization
[0.060s] -- Up-to-date: /home/xiaofang/ROS2_WS/ws03_nav_sim/install/mycar_localization/share/mycar_localization/cmake/mycar_localizationConfig.cmake
[0.061s] -- Up-to-date: /home/xiaofang/ROS2_WS/ws03_nav_sim/install/mycar_localization/share/mycar_localization/cmake/mycar_localizationConfig-version.cmake
[0.063s] -- Up-to-date: /home/xiaofang/ROS2_WS/ws03_nav_sim/install/mycar_localization/share/mycar_localization/package.xml
[0.063s] Invoked command in '/home/xiaofang/ROS2_WS/ws03_nav_sim/build/mycar_localization' returned '0': CMAKE_PREFIX_PATH=/home/xiaofang/ROS2_WS/ws03_nav_sim/install/mycar_map_server:/home/xiaofang/ROS2_WS/ws03_nav_sim/install/mycar_localization:/home/xiaofang/ROS2_WS/ws03_nav_sim/install/mycar_slam_slam_toolbox:/home/xiaofang/ROS2_WS/ws03_nav_sim/install/mycar_description:/home/xiaofang/ROS2_WS/ws03_nav_sim/install/demo_gazebo_sim:/opt/cv_bridge_fix_link-humble/install/vision_opencv:/opt/cv_bridge_fix_link-humble/install/image_geometry:/opt/cv_bridge_fix_link-humble/install/cv_bridge:/opt/cv_bridge_fix_link-humble/install/opencv_tests:/opt/ros/humble /usr/bin/cmake --install /home/xiaofang/ROS2_WS/ws03_nav_sim/build/mycar_localization
