[0.069s] DEBUG:colcon:Command line arguments: ['/usr/bin/colcon', 'build']
[0.069s] DEBUG:colcon:Parsed command line arguments: Namespace(log_base=None, log_level=None, verb_name='build', build_base='build', install_base='install', merge_install=False, symlink_install=False, test_result_base=None, continue_on_error=False, executor='parallel', parallel_workers=20, event_handlers=None, ignore_user_meta=False, metas=['./colcon.meta'], base_paths=['.'], packages_ignore=None, packages_ignore_regex=None, paths=None, packages_up_to=None, packages_up_to_regex=None, packages_above=None, packages_above_and_dependencies=None, packages_above_depth=None, packages_select_by_dep=None, packages_skip_by_dep=None, packages_skip_up_to=None, packages_select_build_failed=False, packages_skip_build_finished=False, packages_select_test_failures=False, packages_skip_test_passed=False, packages_select=None, packages_skip=None, packages_select_regex=None, packages_skip_regex=None, packages_start=None, packages_end=None, allow_overriding=[], cmake_args=['-DCMAKE_EXPORT_COMPILE_COMMANDS=ON'], cmake_target=None, cmake_target_skip_unavailable=False, cmake_clean_cache=False, cmake_clean_first=False, cmake_force_configure=False, ament_cmake_args=None, catkin_cmake_args=None, catkin_skip_building_tests=False, mixin_files=None, mixin=None, verb_parser=<colcon_mixin.mixin.mixin_argument.MixinArgumentDecorator object at 0x7f9404971e40>, verb_extension=<colcon_core.verb.build.BuildVerb object at 0x7f94049717e0>, main=<bound method BuildVerb.main of <colcon_core.verb.build.BuildVerb object at 0x7f94049717e0>>, mixin_verb=('build',))
[0.163s] Level 1:colcon.colcon_core.package_discovery:discover_packages(colcon_meta) check parameters
[0.163s] Level 1:colcon.colcon_core.package_discovery:discover_packages(recursive) check parameters
[0.163s] Level 1:colcon.colcon_core.package_discovery:discover_packages(ignore) check parameters
[0.163s] Level 1:colcon.colcon_core.package_discovery:discover_packages(path) check parameters
[0.163s] Level 1:colcon.colcon_core.package_discovery:discover_packages(colcon_meta) discover
[0.163s] Level 1:colcon.colcon_core.package_discovery:discover_packages(recursive) discover
[0.163s] INFO:colcon.colcon_core.package_discovery:Crawling recursively for packages in '/home/xiaofang/ROS2_WS/serial_driver'
[0.163s] Level 1:colcon.colcon_core.package_identification:_identify(.) by extensions ['ignore', 'ignore_ament_install']
[0.163s] Level 1:colcon.colcon_core.package_identification:_identify(.) by extension 'ignore'
[0.163s] Level 1:colcon.colcon_core.package_identification:_identify(.) by extension 'ignore_ament_install'
[0.163s] Level 1:colcon.colcon_core.package_identification:_identify(.) by extensions ['colcon_pkg']
[0.163s] Level 1:colcon.colcon_core.package_identification:_identify(.) by extension 'colcon_pkg'
[0.163s] Level 1:colcon.colcon_core.package_identification:_identify(.) by extensions ['colcon_meta']
[0.163s] Level 1:colcon.colcon_core.package_identification:_identify(.) by extension 'colcon_meta'
[0.163s] Level 1:colcon.colcon_core.package_identification:_identify(.) by extensions ['ros']
[0.163s] Level 1:colcon.colcon_core.package_identification:_identify(.) by extension 'ros'
[0.170s] Level 1:colcon.colcon_core.package_identification:_identify(.) by extensions ['cmake', 'python']
[0.170s] Level 1:colcon.colcon_core.package_identification:_identify(.) by extension 'cmake'
[0.170s] Level 1:colcon.colcon_core.package_identification:_identify(.) by extension 'python'
[0.170s] Level 1:colcon.colcon_core.package_identification:_identify(.) by extensions ['python_setup_py']
[0.170s] Level 1:colcon.colcon_core.package_identification:_identify(.) by extension 'python_setup_py'
[0.171s] Level 1:colcon.colcon_core.package_identification:_identify(build) by extensions ['ignore', 'ignore_ament_install']
[0.171s] Level 1:colcon.colcon_core.package_identification:_identify(build) by extension 'ignore'
[0.171s] Level 1:colcon.colcon_core.package_identification:_identify(build) ignored
[0.171s] Level 1:colcon.colcon_core.package_identification:_identify(install) by extensions ['ignore', 'ignore_ament_install']
[0.171s] Level 1:colcon.colcon_core.package_identification:_identify(install) by extension 'ignore'
[0.171s] Level 1:colcon.colcon_core.package_identification:_identify(install) ignored
[0.171s] Level 1:colcon.colcon_core.package_identification:_identify(log) by extensions ['ignore', 'ignore_ament_install']
[0.171s] Level 1:colcon.colcon_core.package_identification:_identify(log) by extension 'ignore'
[0.171s] Level 1:colcon.colcon_core.package_identification:_identify(log) ignored
[0.171s] Level 1:colcon.colcon_core.package_identification:_identify(src) by extensions ['ignore', 'ignore_ament_install']
[0.171s] Level 1:colcon.colcon_core.package_identification:_identify(src) by extension 'ignore'
[0.171s] Level 1:colcon.colcon_core.package_identification:_identify(src) by extension 'ignore_ament_install'
[0.171s] Level 1:colcon.colcon_core.package_identification:_identify(src) by extensions ['colcon_pkg']
[0.171s] Level 1:colcon.colcon_core.package_identification:_identify(src) by extension 'colcon_pkg'
[0.171s] Level 1:colcon.colcon_core.package_identification:_identify(src) by extensions ['colcon_meta']
[0.171s] Level 1:colcon.colcon_core.package_identification:_identify(src) by extension 'colcon_meta'
[0.171s] Level 1:colcon.colcon_core.package_identification:_identify(src) by extensions ['ros']
[0.171s] Level 1:colcon.colcon_core.package_identification:_identify(src) by extension 'ros'
[0.171s] Level 1:colcon.colcon_core.package_identification:_identify(src) by extensions ['cmake', 'python']
[0.171s] Level 1:colcon.colcon_core.package_identification:_identify(src) by extension 'cmake'
[0.171s] Level 1:colcon.colcon_core.package_identification:_identify(src) by extension 'python'
[0.171s] Level 1:colcon.colcon_core.package_identification:_identify(src) by extensions ['python_setup_py']
[0.171s] Level 1:colcon.colcon_core.package_identification:_identify(src) by extension 'python_setup_py'
[0.171s] Level 1:colcon.colcon_core.package_identification:_identify(src/cpp01_serial) by extensions ['ignore', 'ignore_ament_install']
[0.171s] Level 1:colcon.colcon_core.package_identification:_identify(src/cpp01_serial) by extension 'ignore'
[0.171s] Level 1:colcon.colcon_core.package_identification:_identify(src/cpp01_serial) by extension 'ignore_ament_install'
[0.171s] Level 1:colcon.colcon_core.package_identification:_identify(src/cpp01_serial) by extensions ['colcon_pkg']
[0.171s] Level 1:colcon.colcon_core.package_identification:_identify(src/cpp01_serial) by extension 'colcon_pkg'
[0.171s] Level 1:colcon.colcon_core.package_identification:_identify(src/cpp01_serial) by extensions ['colcon_meta']
[0.171s] Level 1:colcon.colcon_core.package_identification:_identify(src/cpp01_serial) by extension 'colcon_meta'
[0.171s] Level 1:colcon.colcon_core.package_identification:_identify(src/cpp01_serial) by extensions ['ros']
[0.171s] Level 1:colcon.colcon_core.package_identification:_identify(src/cpp01_serial) by extension 'ros'
[0.173s] DEBUG:colcon.colcon_core.package_identification:Package 'src/cpp01_serial' with type 'ros.ament_cmake' and name 'cpp01_serial'
[0.173s] Level 1:colcon.colcon_core.package_discovery:discover_packages(recursive) using defaults
[0.173s] Level 1:colcon.colcon_core.package_discovery:discover_packages(ignore) discover
[0.173s] Level 1:colcon.colcon_core.package_discovery:discover_packages(ignore) using defaults
[0.173s] Level 1:colcon.colcon_core.package_discovery:discover_packages(path) discover
[0.173s] Level 1:colcon.colcon_core.package_discovery:discover_packages(path) using defaults
[0.187s] Level 1:colcon.colcon_core.package_discovery:discover_packages(prefix_path) check parameters
[0.187s] Level 1:colcon.colcon_core.package_discovery:discover_packages(prefix_path) discover
[0.193s] DEBUG:colcon.colcon_installed_package_information.package_discovery:Found 1 installed packages in /home/xiaofang/ROS2_WS/serial_driver/install
[0.193s] DEBUG:colcon.colcon_installed_package_information.package_discovery:Found 4 installed packages in /opt/cv_bridge_fix_link-humble/install
[0.194s] DEBUG:colcon.colcon_installed_package_information.package_discovery:Found 340 installed packages in /opt/ros/humble
[0.195s] Level 1:colcon.colcon_core.package_discovery:discover_packages(prefix_path) using defaults
[0.220s] Level 5:colcon.colcon_core.verb:set package 'cpp01_serial' build argument 'cmake_args' from command line to '['-DCMAKE_EXPORT_COMPILE_COMMANDS=ON']'
[0.220s] Level 5:colcon.colcon_core.verb:set package 'cpp01_serial' build argument 'cmake_target' from command line to 'None'
[0.220s] Level 5:colcon.colcon_core.verb:set package 'cpp01_serial' build argument 'cmake_target_skip_unavailable' from command line to 'False'
[0.220s] Level 5:colcon.colcon_core.verb:set package 'cpp01_serial' build argument 'cmake_clean_cache' from command line to 'False'
[0.220s] Level 5:colcon.colcon_core.verb:set package 'cpp01_serial' build argument 'cmake_clean_first' from command line to 'False'
[0.220s] Level 5:colcon.colcon_core.verb:set package 'cpp01_serial' build argument 'cmake_force_configure' from command line to 'False'
[0.220s] Level 5:colcon.colcon_core.verb:set package 'cpp01_serial' build argument 'ament_cmake_args' from command line to 'None'
[0.221s] Level 5:colcon.colcon_core.verb:set package 'cpp01_serial' build argument 'catkin_cmake_args' from command line to 'None'
[0.221s] Level 5:colcon.colcon_core.verb:set package 'cpp01_serial' build argument 'catkin_skip_building_tests' from command line to 'False'
[0.221s] DEBUG:colcon.colcon_core.verb:Building package 'cpp01_serial' with the following arguments: {'ament_cmake_args': None, 'build_base': '/home/xiaofang/ROS2_WS/serial_driver/build/cpp01_serial', 'catkin_cmake_args': None, 'catkin_skip_building_tests': False, 'cmake_args': ['-DCMAKE_EXPORT_COMPILE_COMMANDS=ON'], 'cmake_clean_cache': False, 'cmake_clean_first': False, 'cmake_force_configure': False, 'cmake_target': None, 'cmake_target_skip_unavailable': False, 'install_base': '/home/xiaofang/ROS2_WS/serial_driver/install/cpp01_serial', 'merge_install': False, 'path': '/home/xiaofang/ROS2_WS/serial_driver/src/cpp01_serial', 'symlink_install': False, 'test_result_base': None}
[0.221s] INFO:colcon.colcon_core.executor:Executing jobs using 'parallel' executor
[0.221s] DEBUG:colcon.colcon_parallel_executor.executor.parallel:run_until_complete
[0.222s] INFO:colcon.colcon_ros.task.ament_cmake.build:Building ROS package in '/home/xiaofang/ROS2_WS/serial_driver/src/cpp01_serial' with build type 'ament_cmake'
[0.222s] INFO:colcon.colcon_cmake.task.cmake.build:Building CMake package in '/home/xiaofang/ROS2_WS/serial_driver/src/cpp01_serial'
[0.223s] INFO:colcon.colcon_core.plugin_system:Skipping extension 'colcon_core.shell.bat': Not used on non-Windows systems
[0.223s] INFO:colcon.colcon_core.shell:Skip shell extension 'powershell' for command environment: Not usable outside of PowerShell
[0.223s] DEBUG:colcon.colcon_core.shell:Skip shell extension 'dsv' for command environment
[0.230s] DEBUG:colcon.colcon_core.event_handler.log_command:Invoking command in '/home/xiaofang/ROS2_WS/serial_driver/build/cpp01_serial': CMAKE_PREFIX_PATH=${CMAKE_PREFIX_PATH}:/opt/cv_bridge_fix_link-humble/install/opencv_tests:/opt/ros/humble /usr/bin/cmake --build /home/xiaofang/ROS2_WS/serial_driver/build/cpp01_serial -- -j20 -l20
[2.816s] DEBUG:colcon.colcon_core.event_handler.log_command:Invoked command in '/home/xiaofang/ROS2_WS/serial_driver/build/cpp01_serial' returned '0': CMAKE_PREFIX_PATH=${CMAKE_PREFIX_PATH}:/opt/cv_bridge_fix_link-humble/install/opencv_tests:/opt/ros/humble /usr/bin/cmake --build /home/xiaofang/ROS2_WS/serial_driver/build/cpp01_serial -- -j20 -l20
[2.827s] DEBUG:colcon.colcon_core.event_handler.log_command:Invoking command in '/home/xiaofang/ROS2_WS/serial_driver/build/cpp01_serial': CMAKE_PREFIX_PATH=${CMAKE_PREFIX_PATH}:/opt/cv_bridge_fix_link-humble/install/opencv_tests:/opt/ros/humble /usr/bin/cmake --install /home/xiaofang/ROS2_WS/serial_driver/build/cpp01_serial
[2.839s] Level 1:colcon.colcon_core.environment:create_environment_scripts_only(cpp01_serial)
[2.839s] DEBUG:colcon.colcon_core.event_handler.log_command:Invoked command in '/home/xiaofang/ROS2_WS/serial_driver/build/cpp01_serial' returned '0': CMAKE_PREFIX_PATH=${CMAKE_PREFIX_PATH}:/opt/cv_bridge_fix_link-humble/install/opencv_tests:/opt/ros/humble /usr/bin/cmake --install /home/xiaofang/ROS2_WS/serial_driver/build/cpp01_serial
[2.843s] Level 1:colcon.colcon_core.environment:checking '/home/xiaofang/ROS2_WS/serial_driver/install/cpp01_serial' for CMake module files
[2.844s] Level 1:colcon.colcon_core.environment:checking '/home/xiaofang/ROS2_WS/serial_driver/install/cpp01_serial' for CMake config files
[2.844s] Level 1:colcon.colcon_core.shell:create_environment_hook('cpp01_serial', 'cmake_prefix_path')
[2.845s] INFO:colcon.colcon_core.shell:Creating environment hook '/home/xiaofang/ROS2_WS/serial_driver/install/cpp01_serial/share/cpp01_serial/hook/cmake_prefix_path.ps1'
[2.845s] INFO:colcon.colcon_core.shell:Creating environment descriptor '/home/xiaofang/ROS2_WS/serial_driver/install/cpp01_serial/share/cpp01_serial/hook/cmake_prefix_path.dsv'
[2.846s] INFO:colcon.colcon_core.shell:Creating environment hook '/home/xiaofang/ROS2_WS/serial_driver/install/cpp01_serial/share/cpp01_serial/hook/cmake_prefix_path.sh'
[2.847s] Level 1:colcon.colcon_core.environment:checking '/home/xiaofang/ROS2_WS/serial_driver/install/cpp01_serial/lib'
[2.847s] Level 1:colcon.colcon_core.environment:checking '/home/xiaofang/ROS2_WS/serial_driver/install/cpp01_serial/bin'
[2.847s] Level 1:colcon.colcon_core.environment:checking '/home/xiaofang/ROS2_WS/serial_driver/install/cpp01_serial/lib/pkgconfig/cpp01_serial.pc'
[2.848s] Level 1:colcon.colcon_core.environment:checking '/home/xiaofang/ROS2_WS/serial_driver/install/cpp01_serial/lib/python3.10/site-packages'
[2.848s] Level 1:colcon.colcon_core.environment:checking '/home/xiaofang/ROS2_WS/serial_driver/install/cpp01_serial/bin'
[2.848s] INFO:colcon.colcon_core.shell:Creating package script '/home/xiaofang/ROS2_WS/serial_driver/install/cpp01_serial/share/cpp01_serial/package.ps1'
[2.849s] INFO:colcon.colcon_core.shell:Creating package descriptor '/home/xiaofang/ROS2_WS/serial_driver/install/cpp01_serial/share/cpp01_serial/package.dsv'
[2.849s] INFO:colcon.colcon_core.shell:Creating package script '/home/xiaofang/ROS2_WS/serial_driver/install/cpp01_serial/share/cpp01_serial/package.sh'
[2.851s] INFO:colcon.colcon_core.shell:Creating package script '/home/xiaofang/ROS2_WS/serial_driver/install/cpp01_serial/share/cpp01_serial/package.bash'
[2.851s] INFO:colcon.colcon_core.shell:Creating package script '/home/xiaofang/ROS2_WS/serial_driver/install/cpp01_serial/share/cpp01_serial/package.zsh'
[2.852s] Level 1:colcon.colcon_core.environment:create_file_with_runtime_dependencies(/home/xiaofang/ROS2_WS/serial_driver/install/cpp01_serial/share/colcon-core/packages/cpp01_serial)
[2.852s] Level 1:colcon.colcon_core.environment:create_environment_scripts_only(cpp01_serial)
[2.853s] Level 1:colcon.colcon_core.environment:checking '/home/xiaofang/ROS2_WS/serial_driver/install/cpp01_serial' for CMake module files
[2.853s] Level 1:colcon.colcon_core.environment:checking '/home/xiaofang/ROS2_WS/serial_driver/install/cpp01_serial' for CMake config files
[2.853s] Level 1:colcon.colcon_core.shell:create_environment_hook('cpp01_serial', 'cmake_prefix_path')
[2.853s] INFO:colcon.colcon_core.shell:Creating environment hook '/home/xiaofang/ROS2_WS/serial_driver/install/cpp01_serial/share/cpp01_serial/hook/cmake_prefix_path.ps1'
[2.853s] INFO:colcon.colcon_core.shell:Creating environment descriptor '/home/xiaofang/ROS2_WS/serial_driver/install/cpp01_serial/share/cpp01_serial/hook/cmake_prefix_path.dsv'
[2.854s] INFO:colcon.colcon_core.shell:Creating environment hook '/home/xiaofang/ROS2_WS/serial_driver/install/cpp01_serial/share/cpp01_serial/hook/cmake_prefix_path.sh'
[2.854s] Level 1:colcon.colcon_core.environment:checking '/home/xiaofang/ROS2_WS/serial_driver/install/cpp01_serial/lib'
[2.854s] Level 1:colcon.colcon_core.environment:checking '/home/xiaofang/ROS2_WS/serial_driver/install/cpp01_serial/bin'
[2.854s] Level 1:colcon.colcon_core.environment:checking '/home/xiaofang/ROS2_WS/serial_driver/install/cpp01_serial/lib/pkgconfig/cpp01_serial.pc'
[2.854s] Level 1:colcon.colcon_core.environment:checking '/home/xiaofang/ROS2_WS/serial_driver/install/cpp01_serial/lib/python3.10/site-packages'
[2.854s] Level 1:colcon.colcon_core.environment:checking '/home/xiaofang/ROS2_WS/serial_driver/install/cpp01_serial/bin'
[2.855s] INFO:colcon.colcon_core.shell:Creating package script '/home/xiaofang/ROS2_WS/serial_driver/install/cpp01_serial/share/cpp01_serial/package.ps1'
[2.855s] INFO:colcon.colcon_core.shell:Creating package descriptor '/home/xiaofang/ROS2_WS/serial_driver/install/cpp01_serial/share/cpp01_serial/package.dsv'
[2.855s] INFO:colcon.colcon_core.shell:Creating package script '/home/xiaofang/ROS2_WS/serial_driver/install/cpp01_serial/share/cpp01_serial/package.sh'
[2.856s] INFO:colcon.colcon_core.shell:Creating package script '/home/xiaofang/ROS2_WS/serial_driver/install/cpp01_serial/share/cpp01_serial/package.bash'
[2.856s] INFO:colcon.colcon_core.shell:Creating package script '/home/xiaofang/ROS2_WS/serial_driver/install/cpp01_serial/share/cpp01_serial/package.zsh'
[2.858s] Level 1:colcon.colcon_core.environment:create_file_with_runtime_dependencies(/home/xiaofang/ROS2_WS/serial_driver/install/cpp01_serial/share/colcon-core/packages/cpp01_serial)
[2.858s] DEBUG:colcon.colcon_parallel_executor.executor.parallel:closing loop
[2.858s] DEBUG:colcon.colcon_parallel_executor.executor.parallel:loop closed
[2.859s] DEBUG:colcon.colcon_parallel_executor.executor.parallel:run_until_complete finished with '0'
[2.859s] DEBUG:colcon.colcon_core.event_reactor:joining thread
[2.864s] INFO:colcon.colcon_core.plugin_system:Skipping extension 'colcon_notification.desktop_notification.notify_send': Could not find 'notify-send'
[2.864s] INFO:colcon.colcon_core.plugin_system:Skipping extension 'colcon_notification.desktop_notification.terminal_notifier': Not used on non-Darwin systems
[2.864s] INFO:colcon.colcon_core.plugin_system:Skipping extension 'colcon_notification.desktop_notification.win32': Not used on non-Windows systems
[2.864s] INFO:colcon.colcon_notification.desktop_notification:Sending desktop notification using 'notify2'
[2.866s] DEBUG:colcon.colcon_notification.desktop_notification.notify2:Failed to initialize notify2: org.freedesktop.DBus.Error.Spawn.ExecFailed: /usr/bin/dbus-launch terminated abnormally without any error message
[2.867s] DEBUG:colcon.colcon_core.event_reactor:joined thread
[2.867s] INFO:colcon.colcon_core.shell:Creating prefix script '/home/xiaofang/ROS2_WS/serial_driver/install/local_setup.ps1'
[2.868s] INFO:colcon.colcon_core.shell:Creating prefix util module '/home/xiaofang/ROS2_WS/serial_driver/install/_local_setup_util_ps1.py'
[2.869s] INFO:colcon.colcon_core.shell:Creating prefix chain script '/home/xiaofang/ROS2_WS/serial_driver/install/setup.ps1'
[2.870s] INFO:colcon.colcon_core.shell:Creating prefix script '/home/xiaofang/ROS2_WS/serial_driver/install/local_setup.sh'
[2.870s] INFO:colcon.colcon_core.shell:Creating prefix util module '/home/xiaofang/ROS2_WS/serial_driver/install/_local_setup_util_sh.py'
[2.871s] INFO:colcon.colcon_core.shell:Creating prefix chain script '/home/xiaofang/ROS2_WS/serial_driver/install/setup.sh'
[2.871s] INFO:colcon.colcon_core.shell:Creating prefix script '/home/xiaofang/ROS2_WS/serial_driver/install/local_setup.bash'
[2.872s] INFO:colcon.colcon_core.shell:Creating prefix chain script '/home/xiaofang/ROS2_WS/serial_driver/install/setup.bash'
[2.873s] INFO:colcon.colcon_core.shell:Creating prefix script '/home/xiaofang/ROS2_WS/serial_driver/install/local_setup.zsh'
[2.873s] INFO:colcon.colcon_core.shell:Creating prefix chain script '/home/xiaofang/ROS2_WS/serial_driver/install/setup.zsh'
