[0.030s] Invoking command in '/home/xiaofang/ROS2_WS/ws03_nav_sim/build/mycar_navigation2': CMAKE_PREFIX_PATH=${CMAKE_PREFIX_PATH}:/opt/cv_bridge_fix_link-humble/install/opencv_tests:/opt/ros/humble /usr/bin/cmake /home/xiaofang/ROS2_WS/ws03_nav_sim/src/mycar_navigation2 -DCMAKE_EXPORT_COMPILE_COMMANDS=ON -DCMAKE_INSTALL_PREFIX=/home/xiaofang/ROS2_WS/ws03_nav_sim/install/mycar_navigation2
[0.113s] -- The C compiler identification is GNU 11.4.0
[0.163s] -- The CXX compiler identification is GNU 11.4.0
[0.171s] -- Detecting C compiler ABI info
[0.249s] -- Detecting C compiler ABI info - done
[0.254s] -- Check for working C compiler: /usr/bin/cc - skipped
[0.255s] -- Detecting C compile features
[0.255s] -- Detecting C compile features - done
[0.258s] -- Detecting CXX compiler ABI info
[0.334s] -- Detecting CXX compiler ABI info - done
[0.340s] -- Check for working CXX compiler: /usr/bin/c++ - skipped
[0.340s] -- Detecting CXX compile features
[0.341s] -- Detecting CXX compile features - done
[0.344s] -- Found ament_cmake: 1.3.11 (/opt/ros/humble/share/ament_cmake/cmake)
[0.492s] -- Found Python3: /usr/bin/python3 (found version "3.10.12") found components: Interpreter 
[0.629s] -- Found navigation2: 1.1.18 (/opt/ros/humble/share/navigation2/cmake)
[0.631s] -- Found nav2_common: 1.1.18 (/opt/ros/humble/share/nav2_common/cmake)
[0.637s] -- Found ament_lint_auto: 0.12.12 (/opt/ros/humble/share/ament_lint_auto/cmake)
[0.717s] -- Added test 'flake8' to check Python code syntax and style conventions
[0.718s] -- Added test 'lint_cmake' to check CMake code style
[0.719s] -- Added test 'pep257' to check Python code against some of the docstring style conventions in PEP 257
[0.720s] -- Added test 'xmllint' to check XML markup files
[0.721s] -- Configuring done
[0.723s] -- Generating done
[0.723s] [33mCMake Warning:
[0.723s]   Manually-specified variables were not used by the project:
[0.723s] 
[0.723s]     CMAKE_EXPORT_COMPILE_COMMANDS
[0.723s] 
[0.724s] [0m
[0.724s] -- Build files have been written to: /home/xiaofang/ROS2_WS/ws03_nav_sim/build/mycar_navigation2
[0.727s] Invoked command in '/home/xiaofang/ROS2_WS/ws03_nav_sim/build/mycar_navigation2' returned '0': CMAKE_PREFIX_PATH=${CMAKE_PREFIX_PATH}:/opt/cv_bridge_fix_link-humble/install/opencv_tests:/opt/ros/humble /usr/bin/cmake /home/xiaofang/ROS2_WS/ws03_nav_sim/src/mycar_navigation2 -DCMAKE_EXPORT_COMPILE_COMMANDS=ON -DCMAKE_INSTALL_PREFIX=/home/xiaofang/ROS2_WS/ws03_nav_sim/install/mycar_navigation2
[0.728s] Invoking command in '/home/xiaofang/ROS2_WS/ws03_nav_sim/build/mycar_navigation2': CMAKE_PREFIX_PATH=${CMAKE_PREFIX_PATH}:/opt/cv_bridge_fix_link-humble/install/opencv_tests:/opt/ros/humble /usr/bin/cmake --build /home/xiaofang/ROS2_WS/ws03_nav_sim/build/mycar_navigation2 -- -j20 -l20
[0.772s] Invoked command in '/home/xiaofang/ROS2_WS/ws03_nav_sim/build/mycar_navigation2' returned '0': CMAKE_PREFIX_PATH=${CMAKE_PREFIX_PATH}:/opt/cv_bridge_fix_link-humble/install/opencv_tests:/opt/ros/humble /usr/bin/cmake --build /home/xiaofang/ROS2_WS/ws03_nav_sim/build/mycar_navigation2 -- -j20 -l20
[0.775s] Invoking command in '/home/xiaofang/ROS2_WS/ws03_nav_sim/build/mycar_navigation2': CMAKE_PREFIX_PATH=${CMAKE_PREFIX_PATH}:/opt/cv_bridge_fix_link-humble/install/opencv_tests:/opt/ros/humble /usr/bin/cmake --install /home/xiaofang/ROS2_WS/ws03_nav_sim/build/mycar_navigation2
[0.787s] -- Install configuration: ""
[0.787s] -- Installing: /home/xiaofang/ROS2_WS/ws03_nav_sim/install/mycar_navigation2/share/mycar_navigation2/launch
[0.788s] -- Installing: /home/xiaofang/ROS2_WS/ws03_nav_sim/install/mycar_navigation2/share/mycar_navigation2/launch/nav2.launch.py
[0.788s] -- Installing: /home/xiaofang/ROS2_WS/ws03_nav_sim/install/mycar_navigation2/share/mycar_navigation2/launch/bringup.launch.py
[0.788s] -- Installing: /home/xiaofang/ROS2_WS/ws03_nav_sim/install/mycar_navigation2/share/mycar_navigation2/params
[0.788s] -- Installing: /home/xiaofang/ROS2_WS/ws03_nav_sim/install/mycar_navigation2/share/mycar_navigation2/params/planner.yaml
[0.788s] -- Installing: /home/xiaofang/ROS2_WS/ws03_nav_sim/install/mycar_navigation2/share/mycar_navigation2/params/behavior.yaml
[0.789s] -- Installing: /home/xiaofang/ROS2_WS/ws03_nav_sim/install/mycar_navigation2/share/mycar_navigation2/params/bt.yaml
[0.789s] -- Installing: /home/xiaofang/ROS2_WS/ws03_nav_sim/install/mycar_navigation2/share/mycar_navigation2/params/controller.yaml
[0.789s] -- Installing: /home/xiaofang/ROS2_WS/ws03_nav_sim/install/mycar_navigation2/share/mycar_navigation2/params/waypoint.yaml
[0.789s] -- Installing: /home/xiaofang/ROS2_WS/ws03_nav_sim/install/mycar_navigation2/share/mycar_navigation2/params/smootherr.yaml
[0.789s] -- Installing: /home/xiaofang/ROS2_WS/ws03_nav_sim/install/mycar_navigation2/share/mycar_navigation2/params/velocity.yaml
[0.789s] -- Installing: /home/xiaofang/ROS2_WS/ws03_nav_sim/install/mycar_navigation2/share/mycar_navigation2/bts
[0.789s] -- Installing: /home/xiaofang/ROS2_WS/ws03_nav_sim/install/mycar_navigation2/share/mycar_navigation2/bts/bt_planner_controller_behavior.xml
[0.789s] -- Installing: /home/xiaofang/ROS2_WS/ws03_nav_sim/install/mycar_navigation2/share/mycar_navigation2/bts/bt_planner_controller_behavior_poses.xml
[0.790s] -- Installing: /home/xiaofang/ROS2_WS/ws03_nav_sim/install/mycar_navigation2/share/ament_index/resource_index/package_run_dependencies/mycar_navigation2
[0.790s] -- Installing: /home/xiaofang/ROS2_WS/ws03_nav_sim/install/mycar_navigation2/share/ament_index/resource_index/parent_prefix_path/mycar_navigation2
[0.790s] -- Installing: /home/xiaofang/ROS2_WS/ws03_nav_sim/install/mycar_navigation2/share/mycar_navigation2/environment/ament_prefix_path.sh
[0.790s] -- Installing: /home/xiaofang/ROS2_WS/ws03_nav_sim/install/mycar_navigation2/share/mycar_navigation2/environment/ament_prefix_path.dsv
[0.790s] -- Installing: /home/xiaofang/ROS2_WS/ws03_nav_sim/install/mycar_navigation2/share/mycar_navigation2/environment/path.sh
[0.791s] -- Installing: /home/xiaofang/ROS2_WS/ws03_nav_sim/install/mycar_navigation2/share/mycar_navigation2/environment/path.dsv
[0.791s] -- Installing: /home/xiaofang/ROS2_WS/ws03_nav_sim/install/mycar_navigation2/share/mycar_navigation2/local_setup.bash
[0.791s] -- Installing: /home/xiaofang/ROS2_WS/ws03_nav_sim/install/mycar_navigation2/share/mycar_navigation2/local_setup.sh
[0.791s] -- Installing: /home/xiaofang/ROS2_WS/ws03_nav_sim/install/mycar_navigation2/share/mycar_navigation2/local_setup.zsh
[0.791s] -- Installing: /home/xiaofang/ROS2_WS/ws03_nav_sim/install/mycar_navigation2/share/mycar_navigation2/local_setup.dsv
[0.792s] -- Installing: /home/xiaofang/ROS2_WS/ws03_nav_sim/install/mycar_navigation2/share/mycar_navigation2/package.dsv
[0.792s] -- Installing: /home/xiaofang/ROS2_WS/ws03_nav_sim/install/mycar_navigation2/share/ament_index/resource_index/packages/mycar_navigation2
[0.792s] -- Installing: /home/xiaofang/ROS2_WS/ws03_nav_sim/install/mycar_navigation2/share/mycar_navigation2/cmake/mycar_navigation2Config.cmake
[0.792s] -- Installing: /home/xiaofang/ROS2_WS/ws03_nav_sim/install/mycar_navigation2/share/mycar_navigation2/cmake/mycar_navigation2Config-version.cmake
[0.793s] -- Installing: /home/xiaofang/ROS2_WS/ws03_nav_sim/install/mycar_navigation2/share/mycar_navigation2/package.xml
[0.796s] Invoked command in '/home/xiaofang/ROS2_WS/ws03_nav_sim/build/mycar_navigation2' returned '0': CMAKE_PREFIX_PATH=${CMAKE_PREFIX_PATH}:/opt/cv_bridge_fix_link-humble/install/opencv_tests:/opt/ros/humble /usr/bin/cmake --install /home/xiaofang/ROS2_WS/ws03_nav_sim/build/mycar_navigation2
