[0.007s] Invoking command in '/home/xiaofang/ROS2_WS/ws01_plumbing/build/cpp06_time': CMAKE_PREFIX_PATH=${CMAKE_PREFIX_PATH}:/opt/cv_bridge_fix_link-humble/install/opencv_tests:/opt/ros/humble /usr/bin/cmake --build /home/xiaofang/ROS2_WS/ws01_plumbing/build/cpp06_time -- -j20 -l20
[0.035s] [35m[1mConsolidate compiler generated dependencies of target demo1_time[0m
[0.046s] [100%] Built target demo1_time
[0.052s] Invoked command in '/home/xiaofang/ROS2_WS/ws01_plumbing/build/cpp06_time' returned '0': CMAKE_PREFIX_PATH=${CMAKE_PREFIX_PATH}:/opt/cv_bridge_fix_link-humble/install/opencv_tests:/opt/ros/humble /usr/bin/cmake --build /home/xiaofang/ROS2_WS/ws01_plumbing/build/cpp06_time -- -j20 -l20
[0.060s] Invoking command in '/home/xiaofang/ROS2_WS/ws01_plumbing/build/cpp06_time': CMAKE_PREFIX_PATH=${CMAKE_PREFIX_PATH}:/opt/cv_bridge_fix_link-humble/install/opencv_tests:/opt/ros/humble /usr/bin/cmake --install /home/xiaofang/ROS2_WS/ws01_plumbing/build/cpp06_time
[0.067s] -- Install configuration: ""
[0.067s] -- Up-to-date: /home/xiaofang/ROS2_WS/ws01_plumbing/install/cpp06_time/lib/cpp06_time/demo1_time
[0.067s] -- Up-to-date: /home/xiaofang/ROS2_WS/ws01_plumbing/install/cpp06_time/share/ament_index/resource_index/package_run_dependencies/cpp06_time
[0.068s] -- Up-to-date: /home/xiaofang/ROS2_WS/ws01_plumbing/install/cpp06_time/share/ament_index/resource_index/parent_prefix_path/cpp06_time
[0.068s] -- Up-to-date: /home/xiaofang/ROS2_WS/ws01_plumbing/install/cpp06_time/share/cpp06_time/environment/ament_prefix_path.sh
[0.068s] -- Up-to-date: /home/xiaofang/ROS2_WS/ws01_plumbing/install/cpp06_time/share/cpp06_time/environment/ament_prefix_path.dsv
[0.068s] -- Up-to-date: /home/xiaofang/ROS2_WS/ws01_plumbing/install/cpp06_time/share/cpp06_time/environment/path.sh
[0.068s] -- Up-to-date: /home/xiaofang/ROS2_WS/ws01_plumbing/install/cpp06_time/share/cpp06_time/environment/path.dsv
[0.068s] -- Up-to-date: /home/xiaofang/ROS2_WS/ws01_plumbing/install/cpp06_time/share/cpp06_time/local_setup.bash
[0.068s] -- Up-to-date: /home/xiaofang/ROS2_WS/ws01_plumbing/install/cpp06_time/share/cpp06_time/local_setup.sh
[0.068s] -- Up-to-date: /home/xiaofang/ROS2_WS/ws01_plumbing/install/cpp06_time/share/cpp06_time/local_setup.zsh
[0.068s] -- Up-to-date: /home/xiaofang/ROS2_WS/ws01_plumbing/install/cpp06_time/share/cpp06_time/local_setup.dsv
[0.068s] -- Installing: /home/xiaofang/ROS2_WS/ws01_plumbing/install/cpp06_time/share/cpp06_time/package.dsv
[0.068s] -- Up-to-date: /home/xiaofang/ROS2_WS/ws01_plumbing/install/cpp06_time/share/ament_index/resource_index/packages/cpp06_time
[0.068s] -- Up-to-date: /home/xiaofang/ROS2_WS/ws01_plumbing/install/cpp06_time/share/cpp06_time/cmake/cpp06_timeConfig.cmake
[0.068s] -- Up-to-date: /home/xiaofang/ROS2_WS/ws01_plumbing/install/cpp06_time/share/cpp06_time/cmake/cpp06_timeConfig-version.cmake
[0.069s] -- Up-to-date: /home/xiaofang/ROS2_WS/ws01_plumbing/install/cpp06_time/share/cpp06_time/package.xml
[0.069s] Invoked command in '/home/xiaofang/ROS2_WS/ws01_plumbing/build/cpp06_time' returned '0': CMAKE_PREFIX_PATH=${CMAKE_PREFIX_PATH}:/opt/cv_bridge_fix_link-humble/install/opencv_tests:/opt/ros/humble /usr/bin/cmake --install /home/xiaofang/ROS2_WS/ws01_plumbing/build/cpp06_time
