[0.007s] Invoking command in '/home/xiaofang/ROS2_WS/ws02_tool/build/cpp01_launch': CMAKE_PREFIX_PATH=${CMAKE_PREFIX_PATH}:/opt/cv_bridge_fix_link-humble/install/opencv_tests:/opt/ros/humble /usr/bin/cmake --build /home/xiaofang/ROS2_WS/ws02_tool/build/cpp01_launch -- -j20 -l20
[0.025s] -- Found ament_cmake: 1.3.11 (/opt/ros/humble/share/ament_cmake/cmake)
[0.097s] -- Found rclcpp: 16.0.12 (/opt/ros/humble/share/rclcpp/cmake)
[0.113s] -- Found rosidl_generator_c: 3.1.6 (/opt/ros/humble/share/rosidl_generator_c/cmake)
[0.114s] -- Found rosidl_adapter: 3.1.6 (/opt/ros/humble/share/rosidl_adapter/cmake)
[0.118s] -- Found rosidl_generator_cpp: 3.1.6 (/opt/ros/humble/share/rosidl_generator_cpp/cmake)
[0.123s] -- Using all available rosidl_typesupport_c: rosidl_typesupport_fastrtps_c;rosidl_typesupport_introspection_c
[0.130s] -- Using all available rosidl_typesupport_cpp: rosidl_typesupport_fastrtps_cpp;rosidl_typesupport_introspection_cpp
[0.147s] -- Found rmw_implementation_cmake: 6.1.2 (/opt/ros/humble/share/rmw_implementation_cmake/cmake)
[0.148s] -- Found rmw_fastrtps_cpp: 6.2.7 (/opt/ros/humble/share/rmw_fastrtps_cpp/cmake)
[0.224s] -- Using RMW implementation 'rmw_fastrtps_cpp' as default
[0.249s] -- Found ament_lint_auto: 0.12.12 (/opt/ros/humble/share/ament_lint_auto/cmake)
[0.287s] -- Added test 'flake8' to check Python code syntax and style conventions
[0.288s] -- Added test 'lint_cmake' to check CMake code style
[0.288s] -- Added test 'pep257' to check Python code against some of the docstring style conventions in PEP 257
[0.288s] -- Added test 'xmllint' to check XML markup files
[0.289s] -- Configuring done
[0.291s] -- Generating done
[0.292s] -- Build files have been written to: /home/xiaofang/ROS2_WS/ws02_tool/build/cpp01_launch
[0.308s] Invoked command in '/home/xiaofang/ROS2_WS/ws02_tool/build/cpp01_launch' returned '0': CMAKE_PREFIX_PATH=${CMAKE_PREFIX_PATH}:/opt/cv_bridge_fix_link-humble/install/opencv_tests:/opt/ros/humble /usr/bin/cmake --build /home/xiaofang/ROS2_WS/ws02_tool/build/cpp01_launch -- -j20 -l20
[0.314s] Invoking command in '/home/xiaofang/ROS2_WS/ws02_tool/build/cpp01_launch': CMAKE_PREFIX_PATH=${CMAKE_PREFIX_PATH}:/opt/cv_bridge_fix_link-humble/install/opencv_tests:/opt/ros/humble /usr/bin/cmake --install /home/xiaofang/ROS2_WS/ws02_tool/build/cpp01_launch
[0.320s] -- Install configuration: ""
[0.320s] -- Up-to-date: /home/xiaofang/ROS2_WS/ws02_tool/install/cpp01_launch/share/cpp01_launch/launch
[0.320s] -- Up-to-date: /home/xiaofang/ROS2_WS/ws02_tool/install/cpp01_launch/share/cpp01_launch/launch/py
[0.320s] -- Up-to-date: /home/xiaofang/ROS2_WS/ws02_tool/install/cpp01_launch/share/cpp01_launch/launch/py/py02_node_launch.py
[0.320s] -- Up-to-date: /home/xiaofang/ROS2_WS/ws02_tool/install/cpp01_launch/share/cpp01_launch/launch/py/py01_hello_launch.py
[0.320s] -- Up-to-date: /home/xiaofang/ROS2_WS/ws02_tool/install/cpp01_launch/share/cpp01_launch/launch/xml
[0.320s] -- Up-to-date: /home/xiaofang/ROS2_WS/ws02_tool/install/cpp01_launch/share/cpp01_launch/launch/xml/xml01_helloworld_launch.xml
[0.320s] -- Up-to-date: /home/xiaofang/ROS2_WS/ws02_tool/install/cpp01_launch/share/cpp01_launch/launch/yaml
[0.320s] -- Up-to-date: /home/xiaofang/ROS2_WS/ws02_tool/install/cpp01_launch/share/cpp01_launch/launch/yaml/yaml_helloworld_launch.yaml
[0.320s] -- Installing: /home/xiaofang/ROS2_WS/ws02_tool/install/cpp01_launch/share/cpp01_launch/config
[0.320s] -- Up-to-date: /home/xiaofang/ROS2_WS/ws02_tool/install/cpp01_launch/share/ament_index/resource_index/package_run_dependencies/cpp01_launch
[0.320s] -- Up-to-date: /home/xiaofang/ROS2_WS/ws02_tool/install/cpp01_launch/share/ament_index/resource_index/parent_prefix_path/cpp01_launch
[0.320s] -- Up-to-date: /home/xiaofang/ROS2_WS/ws02_tool/install/cpp01_launch/share/cpp01_launch/environment/ament_prefix_path.sh
[0.320s] -- Installing: /home/xiaofang/ROS2_WS/ws02_tool/install/cpp01_launch/share/cpp01_launch/environment/ament_prefix_path.dsv
[0.320s] -- Up-to-date: /home/xiaofang/ROS2_WS/ws02_tool/install/cpp01_launch/share/cpp01_launch/environment/path.sh
[0.321s] -- Installing: /home/xiaofang/ROS2_WS/ws02_tool/install/cpp01_launch/share/cpp01_launch/environment/path.dsv
[0.321s] -- Up-to-date: /home/xiaofang/ROS2_WS/ws02_tool/install/cpp01_launch/share/cpp01_launch/local_setup.bash
[0.321s] -- Up-to-date: /home/xiaofang/ROS2_WS/ws02_tool/install/cpp01_launch/share/cpp01_launch/local_setup.sh
[0.321s] -- Up-to-date: /home/xiaofang/ROS2_WS/ws02_tool/install/cpp01_launch/share/cpp01_launch/local_setup.zsh
[0.321s] -- Installing: /home/xiaofang/ROS2_WS/ws02_tool/install/cpp01_launch/share/cpp01_launch/local_setup.dsv
[0.321s] -- Installing: /home/xiaofang/ROS2_WS/ws02_tool/install/cpp01_launch/share/cpp01_launch/package.dsv
[0.321s] -- Up-to-date: /home/xiaofang/ROS2_WS/ws02_tool/install/cpp01_launch/share/ament_index/resource_index/packages/cpp01_launch
[0.321s] -- Up-to-date: /home/xiaofang/ROS2_WS/ws02_tool/install/cpp01_launch/share/cpp01_launch/cmake/cpp01_launchConfig.cmake
[0.321s] -- Up-to-date: /home/xiaofang/ROS2_WS/ws02_tool/install/cpp01_launch/share/cpp01_launch/cmake/cpp01_launchConfig-version.cmake
[0.321s] -- Installing: /home/xiaofang/ROS2_WS/ws02_tool/install/cpp01_launch/share/cpp01_launch/package.xml
[0.322s] Invoked command in '/home/xiaofang/ROS2_WS/ws02_tool/build/cpp01_launch' returned '0': CMAKE_PREFIX_PATH=${CMAKE_PREFIX_PATH}:/opt/cv_bridge_fix_link-humble/install/opencv_tests:/opt/ros/humble /usr/bin/cmake --install /home/xiaofang/ROS2_WS/ws02_tool/build/cpp01_launch
