[0.006s] Invoking command in '/home/xiaofang/ROS2_WS/ws02_tool/build/cpp05_exercise': CMAKE_PREFIX_PATH=${CMAKE_PREFIX_PATH}:/opt/cv_bridge_fix_link-humble/install/opencv_tests:/opt/ros/humble /usr/bin/cmake --build /home/xiaofang/ROS2_WS/ws02_tool/build/cpp05_exercise -- -j20 -l20
[0.037s] [35m[1mConsolidate compiler generated dependencies of target exer02_tf_broadcaster[0m
[0.048s] [ 33%] Built target exer01_spawn
[0.048s] [ 66%] Built target exer03_tf_listener
[0.050s] [100%] Built target exer02_tf_broadcaster
[0.057s] Invoked command in '/home/xiaofang/ROS2_WS/ws02_tool/build/cpp05_exercise' returned '0': CMAKE_PREFIX_PATH=${CMAKE_PREFIX_PATH}:/opt/cv_bridge_fix_link-humble/install/opencv_tests:/opt/ros/humble /usr/bin/cmake --build /home/xiaofang/ROS2_WS/ws02_tool/build/cpp05_exercise -- -j20 -l20
[0.062s] Invoking command in '/home/xiaofang/ROS2_WS/ws02_tool/build/cpp05_exercise': CMAKE_PREFIX_PATH=${CMAKE_PREFIX_PATH}:/opt/cv_bridge_fix_link-humble/install/opencv_tests:/opt/ros/humble /usr/bin/cmake --install /home/xiaofang/ROS2_WS/ws02_tool/build/cpp05_exercise
[0.066s] -- Install configuration: ""
[0.066s] -- Up-to-date: /home/xiaofang/ROS2_WS/ws02_tool/install/cpp05_exercise/lib/cpp05_exercise/exer01_spawn
[0.066s] -- Up-to-date: /home/xiaofang/ROS2_WS/ws02_tool/install/cpp05_exercise/lib/cpp05_exercise/exer02_tf_broadcaster
[0.066s] -- Up-to-date: /home/xiaofang/ROS2_WS/ws02_tool/install/cpp05_exercise/lib/cpp05_exercise/exer03_tf_listener
[0.066s] -- Up-to-date: /home/xiaofang/ROS2_WS/ws02_tool/install/cpp05_exercise/share/cpp05_exercise/launch
[0.066s] -- Installing: /home/xiaofang/ROS2_WS/ws02_tool/install/cpp05_exercise/share/cpp05_exercise/launch/follow_launch.py
[0.066s] -- Up-to-date: /home/xiaofang/ROS2_WS/ws02_tool/install/cpp05_exercise/share/ament_index/resource_index/package_run_dependencies/cpp05_exercise
[0.066s] -- Up-to-date: /home/xiaofang/ROS2_WS/ws02_tool/install/cpp05_exercise/share/ament_index/resource_index/parent_prefix_path/cpp05_exercise
[0.066s] -- Up-to-date: /home/xiaofang/ROS2_WS/ws02_tool/install/cpp05_exercise/share/cpp05_exercise/environment/ament_prefix_path.sh
[0.066s] -- Up-to-date: /home/xiaofang/ROS2_WS/ws02_tool/install/cpp05_exercise/share/cpp05_exercise/environment/ament_prefix_path.dsv
[0.066s] -- Up-to-date: /home/xiaofang/ROS2_WS/ws02_tool/install/cpp05_exercise/share/cpp05_exercise/environment/path.sh
[0.066s] -- Up-to-date: /home/xiaofang/ROS2_WS/ws02_tool/install/cpp05_exercise/share/cpp05_exercise/environment/path.dsv
[0.066s] -- Up-to-date: /home/xiaofang/ROS2_WS/ws02_tool/install/cpp05_exercise/share/cpp05_exercise/local_setup.bash
[0.066s] -- Up-to-date: /home/xiaofang/ROS2_WS/ws02_tool/install/cpp05_exercise/share/cpp05_exercise/local_setup.sh
[0.066s] -- Up-to-date: /home/xiaofang/ROS2_WS/ws02_tool/install/cpp05_exercise/share/cpp05_exercise/local_setup.zsh
[0.066s] -- Up-to-date: /home/xiaofang/ROS2_WS/ws02_tool/install/cpp05_exercise/share/cpp05_exercise/local_setup.dsv
[0.066s] -- Installing: /home/xiaofang/ROS2_WS/ws02_tool/install/cpp05_exercise/share/cpp05_exercise/package.dsv
[0.066s] -- Up-to-date: /home/xiaofang/ROS2_WS/ws02_tool/install/cpp05_exercise/share/ament_index/resource_index/packages/cpp05_exercise
[0.066s] -- Up-to-date: /home/xiaofang/ROS2_WS/ws02_tool/install/cpp05_exercise/share/cpp05_exercise/cmake/cpp05_exerciseConfig.cmake
[0.066s] -- Up-to-date: /home/xiaofang/ROS2_WS/ws02_tool/install/cpp05_exercise/share/cpp05_exercise/cmake/cpp05_exerciseConfig-version.cmake
[0.066s] -- Up-to-date: /home/xiaofang/ROS2_WS/ws02_tool/install/cpp05_exercise/share/cpp05_exercise/package.xml
[0.067s] Invoked command in '/home/xiaofang/ROS2_WS/ws02_tool/build/cpp05_exercise' returned '0': CMAKE_PREFIX_PATH=${CMAKE_PREFIX_PATH}:/opt/cv_bridge_fix_link-humble/install/opencv_tests:/opt/ros/humble /usr/bin/cmake --install /home/xiaofang/ROS2_WS/ws02_tool/build/cpp05_exercise
