[0.017s] Invoking command in '/home/xiaofang/ROS2_WS/ws03_nav_sim/build/mycar_slam_slam_toolbox': CMAKE_PREFIX_PATH=${CMAKE_PREFIX_PATH}:/opt/cv_bridge_fix_link-humble/install/opencv_tests:/opt/ros/humble /usr/bin/cmake --build /home/xiaofang/ROS2_WS/ws03_nav_sim/build/mycar_slam_slam_toolbox -- -j20 -l20
[0.068s] Invoked command in '/home/xiaofang/ROS2_WS/ws03_nav_sim/build/mycar_slam_slam_toolbox' returned '0': CMAKE_PREFIX_PATH=${CMAKE_PREFIX_PATH}:/opt/cv_bridge_fix_link-humble/install/opencv_tests:/opt/ros/humble /usr/bin/cmake --build /home/xiaofang/ROS2_WS/ws03_nav_sim/build/mycar_slam_slam_toolbox -- -j20 -l20
[0.069s] Invoking command in '/home/xiaofang/ROS2_WS/ws03_nav_sim/build/mycar_slam_slam_toolbox': CMAKE_PREFIX_PATH=${CMAKE_PREFIX_PATH}:/opt/cv_bridge_fix_link-humble/install/opencv_tests:/opt/ros/humble /usr/bin/cmake --install /home/xiaofang/ROS2_WS/ws03_nav_sim/build/mycar_slam_slam_toolbox
[0.074s] -- Install configuration: ""
[0.074s] -- Up-to-date: /home/xiaofang/ROS2_WS/ws03_nav_sim/install/mycar_slam_slam_toolbox/share/mycar_slam_slam_toolbox/launch
[0.074s] -- Up-to-date: /home/xiaofang/ROS2_WS/ws03_nav_sim/install/mycar_slam_slam_toolbox/share/mycar_slam_slam_toolbox/launch/online_sync_launch.py
[0.074s] -- Up-to-date: /home/xiaofang/ROS2_WS/ws03_nav_sim/install/mycar_slam_slam_toolbox/share/mycar_slam_slam_toolbox/params
[0.074s] -- Up-to-date: /home/xiaofang/ROS2_WS/ws03_nav_sim/install/mycar_slam_slam_toolbox/share/mycar_slam_slam_toolbox/params/mapper_params_online_sync.yaml
[0.074s] -- Up-to-date: /home/xiaofang/ROS2_WS/ws03_nav_sim/install/mycar_slam_slam_toolbox/share/ament_index/resource_index/package_run_dependencies/mycar_slam_slam_toolbox
[0.074s] -- Up-to-date: /home/xiaofang/ROS2_WS/ws03_nav_sim/install/mycar_slam_slam_toolbox/share/ament_index/resource_index/parent_prefix_path/mycar_slam_slam_toolbox
[0.074s] -- Up-to-date: /home/xiaofang/ROS2_WS/ws03_nav_sim/install/mycar_slam_slam_toolbox/share/mycar_slam_slam_toolbox/environment/ament_prefix_path.sh
[0.074s] -- Up-to-date: /home/xiaofang/ROS2_WS/ws03_nav_sim/install/mycar_slam_slam_toolbox/share/mycar_slam_slam_toolbox/environment/ament_prefix_path.dsv
[0.074s] -- Up-to-date: /home/xiaofang/ROS2_WS/ws03_nav_sim/install/mycar_slam_slam_toolbox/share/mycar_slam_slam_toolbox/environment/path.sh
[0.074s] -- Up-to-date: /home/xiaofang/ROS2_WS/ws03_nav_sim/install/mycar_slam_slam_toolbox/share/mycar_slam_slam_toolbox/environment/path.dsv
[0.074s] -- Up-to-date: /home/xiaofang/ROS2_WS/ws03_nav_sim/install/mycar_slam_slam_toolbox/share/mycar_slam_slam_toolbox/local_setup.bash
[0.074s] -- Up-to-date: /home/xiaofang/ROS2_WS/ws03_nav_sim/install/mycar_slam_slam_toolbox/share/mycar_slam_slam_toolbox/local_setup.sh
[0.075s] -- Up-to-date: /home/xiaofang/ROS2_WS/ws03_nav_sim/install/mycar_slam_slam_toolbox/share/mycar_slam_slam_toolbox/local_setup.zsh
[0.075s] -- Up-to-date: /home/xiaofang/ROS2_WS/ws03_nav_sim/install/mycar_slam_slam_toolbox/share/mycar_slam_slam_toolbox/local_setup.dsv
[0.075s] -- Up-to-date: /home/xiaofang/ROS2_WS/ws03_nav_sim/install/mycar_slam_slam_toolbox/share/mycar_slam_slam_toolbox/package.dsv
[0.075s] -- Up-to-date: /home/xiaofang/ROS2_WS/ws03_nav_sim/install/mycar_slam_slam_toolbox/share/ament_index/resource_index/packages/mycar_slam_slam_toolbox
[0.076s] -- Up-to-date: /home/xiaofang/ROS2_WS/ws03_nav_sim/install/mycar_slam_slam_toolbox/share/mycar_slam_slam_toolbox/cmake/mycar_slam_slam_toolboxConfig.cmake
[0.076s] -- Up-to-date: /home/xiaofang/ROS2_WS/ws03_nav_sim/install/mycar_slam_slam_toolbox/share/mycar_slam_slam_toolbox/cmake/mycar_slam_slam_toolboxConfig-version.cmake
[0.076s] -- Up-to-date: /home/xiaofang/ROS2_WS/ws03_nav_sim/install/mycar_slam_slam_toolbox/share/mycar_slam_slam_toolbox/package.xml
[0.085s] Invoked command in '/home/xiaofang/ROS2_WS/ws03_nav_sim/build/mycar_slam_slam_toolbox' returned '0': CMAKE_PREFIX_PATH=${CMAKE_PREFIX_PATH}:/opt/cv_bridge_fix_link-humble/install/opencv_tests:/opt/ros/humble /usr/bin/cmake --install /home/xiaofang/ROS2_WS/ws03_nav_sim/build/mycar_slam_slam_toolbox
