[0.008s] Invoking command in '/home/xiaofang/ROS2_WS/ws02_tool/build/cpp05_exercise': CMAKE_PREFIX_PATH=${CMAKE_PREFIX_PATH}:/opt/cv_bridge_fix_link-humble/install/opencv_tests:/opt/ros/humble /usr/bin/cmake --build /home/xiaofang/ROS2_WS/ws02_tool/build/cpp05_exercise -- -j20 -l20
[0.071s] [ 66%] Built target exer01_spawn
[0.072s] [ 66%] Built target exer03_tf_listener
[0.072s] [ 83%] [32mBuilding CXX object CMakeFiles/exer02_tf_broadcaster.dir/src/exer02_tf_broadcaster.cpp.o[0m
[4.563s] [100%] [32m[1mLinking CXX executable exer02_tf_broadcaster[0m
[4.812s] [100%] Built target exer02_tf_broadcaster
[4.820s] Invoked command in '/home/xiaofang/ROS2_WS/ws02_tool/build/cpp05_exercise' returned '0': CMAKE_PREFIX_PATH=${CMAKE_PREFIX_PATH}:/opt/cv_bridge_fix_link-humble/install/opencv_tests:/opt/ros/humble /usr/bin/cmake --build /home/xiaofang/ROS2_WS/ws02_tool/build/cpp05_exercise -- -j20 -l20
[4.828s] Invoking command in '/home/xiaofang/ROS2_WS/ws02_tool/build/cpp05_exercise': CMAKE_PREFIX_PATH=${CMAKE_PREFIX_PATH}:/opt/cv_bridge_fix_link-humble/install/opencv_tests:/opt/ros/humble /usr/bin/cmake --install /home/xiaofang/ROS2_WS/ws02_tool/build/cpp05_exercise
[4.833s] -- Install configuration: ""
[4.833s] -- Up-to-date: /home/xiaofang/ROS2_WS/ws02_tool/install/cpp05_exercise/lib/cpp05_exercise/exer01_spawn
[4.834s] -- Installing: /home/xiaofang/ROS2_WS/ws02_tool/install/cpp05_exercise/lib/cpp05_exercise/exer02_tf_broadcaster
[4.835s] -- Set runtime path of "/home/xiaofang/ROS2_WS/ws02_tool/install/cpp05_exercise/lib/cpp05_exercise/exer02_tf_broadcaster" to ""
[4.835s] -- Up-to-date: /home/xiaofang/ROS2_WS/ws02_tool/install/cpp05_exercise/lib/cpp05_exercise/exer03_tf_listener
[4.835s] -- Up-to-date: /home/xiaofang/ROS2_WS/ws02_tool/install/cpp05_exercise/share/cpp05_exercise/launch
[4.835s] -- Installing: /home/xiaofang/ROS2_WS/ws02_tool/install/cpp05_exercise/share/cpp05_exercise/launch/follow_launch.py
[4.836s] -- Up-to-date: /home/xiaofang/ROS2_WS/ws02_tool/install/cpp05_exercise/share/ament_index/resource_index/package_run_dependencies/cpp05_exercise
[4.836s] -- Up-to-date: /home/xiaofang/ROS2_WS/ws02_tool/install/cpp05_exercise/share/ament_index/resource_index/parent_prefix_path/cpp05_exercise
[4.836s] -- Up-to-date: /home/xiaofang/ROS2_WS/ws02_tool/install/cpp05_exercise/share/cpp05_exercise/environment/ament_prefix_path.sh
[4.836s] -- Up-to-date: /home/xiaofang/ROS2_WS/ws02_tool/install/cpp05_exercise/share/cpp05_exercise/environment/ament_prefix_path.dsv
[4.836s] -- Up-to-date: /home/xiaofang/ROS2_WS/ws02_tool/install/cpp05_exercise/share/cpp05_exercise/environment/path.sh
[4.836s] -- Up-to-date: /home/xiaofang/ROS2_WS/ws02_tool/install/cpp05_exercise/share/cpp05_exercise/environment/path.dsv
[4.836s] -- Up-to-date: /home/xiaofang/ROS2_WS/ws02_tool/install/cpp05_exercise/share/cpp05_exercise/local_setup.bash
[4.836s] -- Up-to-date: /home/xiaofang/ROS2_WS/ws02_tool/install/cpp05_exercise/share/cpp05_exercise/local_setup.sh
[4.836s] -- Up-to-date: /home/xiaofang/ROS2_WS/ws02_tool/install/cpp05_exercise/share/cpp05_exercise/local_setup.zsh
[4.836s] -- Up-to-date: /home/xiaofang/ROS2_WS/ws02_tool/install/cpp05_exercise/share/cpp05_exercise/local_setup.dsv
[4.836s] -- Installing: /home/xiaofang/ROS2_WS/ws02_tool/install/cpp05_exercise/share/cpp05_exercise/package.dsv
[4.836s] -- Up-to-date: /home/xiaofang/ROS2_WS/ws02_tool/install/cpp05_exercise/share/ament_index/resource_index/packages/cpp05_exercise
[4.837s] -- Up-to-date: /home/xiaofang/ROS2_WS/ws02_tool/install/cpp05_exercise/share/cpp05_exercise/cmake/cpp05_exerciseConfig.cmake
[4.837s] -- Up-to-date: /home/xiaofang/ROS2_WS/ws02_tool/install/cpp05_exercise/share/cpp05_exercise/cmake/cpp05_exerciseConfig-version.cmake
[4.837s] -- Up-to-date: /home/xiaofang/ROS2_WS/ws02_tool/install/cpp05_exercise/share/cpp05_exercise/package.xml
[4.837s] Invoked command in '/home/xiaofang/ROS2_WS/ws02_tool/build/cpp05_exercise' returned '0': CMAKE_PREFIX_PATH=${CMAKE_PREFIX_PATH}:/opt/cv_bridge_fix_link-humble/install/opencv_tests:/opt/ros/humble /usr/bin/cmake --install /home/xiaofang/ROS2_WS/ws02_tool/build/cpp05_exercise
