[0.007s] Invoking command in '/home/xiaofang/ROS2_WS/HelloWorld_cpp/build/pkg02_hellovscode_cpp': CMAKE_PREFIX_PATH=/opt/ros/humble /usr/bin/cmake /home/xiaofang/ROS2_WS/HelloWorld_cpp/src/pkg02_hellovscode_cpp -DCMAKE_EXPORT_COMPILE_COMMANDS=ON -DCMAKE_INSTALL_PREFIX=/home/xiaofang/ROS2_WS/HelloWorld_cpp/install/pkg02_hellovscode_cpp
[0.014s] -- Found ament_cmake: 1.3.11 (/opt/ros/humble/share/ament_cmake/cmake)
[0.099s] -- Found rclcpp: 16.0.11 (/opt/ros/humble/share/rclcpp/cmake)
[0.123s] -- Found rosidl_generator_c: 3.1.6 (/opt/ros/humble/share/rosidl_generator_c/cmake)
[0.125s] -- Found rosidl_adapter: 3.1.6 (/opt/ros/humble/share/rosidl_adapter/cmake)
[0.130s] -- Found rosidl_generator_cpp: 3.1.6 (/opt/ros/humble/share/rosidl_generator_cpp/cmake)
[0.137s] -- Using all available rosidl_typesupport_c: rosidl_typesupport_fastrtps_c;rosidl_typesupport_introspection_c
[0.145s] -- Using all available rosidl_typesupport_cpp: rosidl_typesupport_fastrtps_cpp;rosidl_typesupport_introspection_cpp
[0.171s] -- Found rmw_implementation_cmake: 6.1.2 (/opt/ros/humble/share/rmw_implementation_cmake/cmake)
[0.172s] -- Found rmw_fastrtps_cpp: 6.2.7 (/opt/ros/humble/share/rmw_fastrtps_cpp/cmake)
[0.251s] -- Using RMW implementation 'rmw_fastrtps_cpp' as default
[0.286s] -- Found ament_lint_auto: 0.12.11 (/opt/ros/humble/share/ament_lint_auto/cmake)
[0.328s] -- Added test 'cppcheck' to perform static code analysis on C / C++ code
[0.328s] -- Configured cppcheck include dirs: $<BUILD_INTERFACE:/home/xiaofang/ROS2_WS/HelloWorld_cpp/src/pkg02_hellovscode_cpp/include>
[0.328s] -- Configured cppcheck exclude dirs and/or files: 
[0.328s] -- Added test 'lint_cmake' to check CMake code style
[0.328s] -- Added test 'uncrustify' to check C / C++ code style
[0.328s] -- Configured uncrustify additional arguments: 
[0.328s] -- Added test 'xmllint' to check XML markup files
[0.329s] -- Configuring done
[0.335s] -- Generating done
[0.337s] -- Build files have been written to: /home/xiaofang/ROS2_WS/HelloWorld_cpp/build/pkg02_hellovscode_cpp
[0.341s] Invoked command in '/home/xiaofang/ROS2_WS/HelloWorld_cpp/build/pkg02_hellovscode_cpp' returned '0': CMAKE_PREFIX_PATH=/opt/ros/humble /usr/bin/cmake /home/xiaofang/ROS2_WS/HelloWorld_cpp/src/pkg02_hellovscode_cpp -DCMAKE_EXPORT_COMPILE_COMMANDS=ON -DCMAKE_INSTALL_PREFIX=/home/xiaofang/ROS2_WS/HelloWorld_cpp/install/pkg02_hellovscode_cpp
[0.342s] Invoking command in '/home/xiaofang/ROS2_WS/HelloWorld_cpp/build/pkg02_hellovscode_cpp': CMAKE_PREFIX_PATH=/opt/ros/humble /usr/bin/cmake --build /home/xiaofang/ROS2_WS/HelloWorld_cpp/build/pkg02_hellovscode_cpp -- -j20 -l20
[0.370s] [35m[1mConsolidate compiler generated dependencies of target hellovscode[0m
[0.381s] [100%] Built target hellovscode
[0.393s] Invoked command in '/home/xiaofang/ROS2_WS/HelloWorld_cpp/build/pkg02_hellovscode_cpp' returned '0': CMAKE_PREFIX_PATH=/opt/ros/humble /usr/bin/cmake --build /home/xiaofang/ROS2_WS/HelloWorld_cpp/build/pkg02_hellovscode_cpp -- -j20 -l20
[0.394s] Invoking command in '/home/xiaofang/ROS2_WS/HelloWorld_cpp/build/pkg02_hellovscode_cpp': CMAKE_PREFIX_PATH=/opt/ros/humble /usr/bin/cmake --install /home/xiaofang/ROS2_WS/HelloWorld_cpp/build/pkg02_hellovscode_cpp
[0.397s] -- Install configuration: ""
[0.398s] -- Up-to-date: /home/xiaofang/ROS2_WS/HelloWorld_cpp/install/pkg02_hellovscode_cpp/lib/pkg02_hellovscode_cpp/hellovscode
[0.398s] -- Up-to-date: /home/xiaofang/ROS2_WS/HelloWorld_cpp/install/pkg02_hellovscode_cpp/share/ament_index/resource_index/package_run_dependencies/pkg02_hellovscode_cpp
[0.398s] -- Up-to-date: /home/xiaofang/ROS2_WS/HelloWorld_cpp/install/pkg02_hellovscode_cpp/share/ament_index/resource_index/parent_prefix_path/pkg02_hellovscode_cpp
[0.398s] -- Up-to-date: /home/xiaofang/ROS2_WS/HelloWorld_cpp/install/pkg02_hellovscode_cpp/share/pkg02_hellovscode_cpp/environment/ament_prefix_path.sh
[0.398s] -- Installing: /home/xiaofang/ROS2_WS/HelloWorld_cpp/install/pkg02_hellovscode_cpp/share/pkg02_hellovscode_cpp/environment/ament_prefix_path.dsv
[0.398s] -- Up-to-date: /home/xiaofang/ROS2_WS/HelloWorld_cpp/install/pkg02_hellovscode_cpp/share/pkg02_hellovscode_cpp/environment/path.sh
[0.398s] -- Installing: /home/xiaofang/ROS2_WS/HelloWorld_cpp/install/pkg02_hellovscode_cpp/share/pkg02_hellovscode_cpp/environment/path.dsv
[0.398s] -- Up-to-date: /home/xiaofang/ROS2_WS/HelloWorld_cpp/install/pkg02_hellovscode_cpp/share/pkg02_hellovscode_cpp/local_setup.bash
[0.398s] -- Up-to-date: /home/xiaofang/ROS2_WS/HelloWorld_cpp/install/pkg02_hellovscode_cpp/share/pkg02_hellovscode_cpp/local_setup.sh
[0.398s] -- Up-to-date: /home/xiaofang/ROS2_WS/HelloWorld_cpp/install/pkg02_hellovscode_cpp/share/pkg02_hellovscode_cpp/local_setup.zsh
[0.398s] -- Installing: /home/xiaofang/ROS2_WS/HelloWorld_cpp/install/pkg02_hellovscode_cpp/share/pkg02_hellovscode_cpp/local_setup.dsv
[0.398s] -- Installing: /home/xiaofang/ROS2_WS/HelloWorld_cpp/install/pkg02_hellovscode_cpp/share/pkg02_hellovscode_cpp/package.dsv
[0.398s] -- Up-to-date: /home/xiaofang/ROS2_WS/HelloWorld_cpp/install/pkg02_hellovscode_cpp/share/ament_index/resource_index/packages/pkg02_hellovscode_cpp
[0.398s] -- Up-to-date: /home/xiaofang/ROS2_WS/HelloWorld_cpp/install/pkg02_hellovscode_cpp/share/pkg02_hellovscode_cpp/cmake/pkg02_hellovscode_cppConfig.cmake
[0.398s] -- Up-to-date: /home/xiaofang/ROS2_WS/HelloWorld_cpp/install/pkg02_hellovscode_cpp/share/pkg02_hellovscode_cpp/cmake/pkg02_hellovscode_cppConfig-version.cmake
[0.398s] -- Up-to-date: /home/xiaofang/ROS2_WS/HelloWorld_cpp/install/pkg02_hellovscode_cpp/share/pkg02_hellovscode_cpp/package.xml
[0.407s] Invoked command in '/home/xiaofang/ROS2_WS/HelloWorld_cpp/build/pkg02_hellovscode_cpp' returned '0': CMAKE_PREFIX_PATH=/opt/ros/humble /usr/bin/cmake --install /home/xiaofang/ROS2_WS/HelloWorld_cpp/build/pkg02_hellovscode_cpp
