[0.057s] DEBUG:colcon:Command line arguments: ['/usr/bin/colcon', 'build', '--packages-select', 'cpp04_tf_listener']
[0.057s] DEBUG:colcon:Parsed command line arguments: Namespace(log_base=None, log_level=None, verb_name='build', build_base='build', install_base='install', merge_install=False, symlink_install=False, test_result_base=None, continue_on_error=False, executor='parallel', parallel_workers=20, event_handlers=None, ignore_user_meta=False, metas=['./colcon.meta'], base_paths=['.'], packages_ignore=None, packages_ignore_regex=None, paths=None, packages_up_to=None, packages_up_to_regex=None, packages_above=None, packages_above_and_dependencies=None, packages_above_depth=None, packages_select_by_dep=None, packages_skip_by_dep=None, packages_skip_up_to=None, packages_select_build_failed=False, packages_skip_build_finished=False, packages_select_test_failures=False, packages_skip_test_passed=False, packages_select=['cpp04_tf_listener'], packages_skip=None, packages_select_regex=None, packages_skip_regex=None, packages_start=None, packages_end=None, allow_overriding=[], cmake_args=['-DCMAKE_EXPORT_COMPILE_COMMANDS=ON'], cmake_target=None, cmake_target_skip_unavailable=False, cmake_clean_cache=False, cmake_clean_first=False, cmake_force_configure=False, ament_cmake_args=None, catkin_cmake_args=None, catkin_skip_building_tests=False, mixin_files=None, mixin=None, verb_parser=<colcon_mixin.mixin.mixin_argument.MixinArgumentDecorator object at 0x7fe1984f1e70>, verb_extension=<colcon_core.verb.build.BuildVerb object at 0x7fe1984f1810>, main=<bound method BuildVerb.main of <colcon_core.verb.build.BuildVerb object at 0x7fe1984f1810>>, mixin_verb=('build',))
[0.133s] Level 1:colcon.colcon_core.package_discovery:discover_packages(colcon_meta) check parameters
[0.133s] Level 1:colcon.colcon_core.package_discovery:discover_packages(recursive) check parameters
[0.133s] Level 1:colcon.colcon_core.package_discovery:discover_packages(ignore) check parameters
[0.133s] Level 1:colcon.colcon_core.package_discovery:discover_packages(path) check parameters
[0.133s] Level 1:colcon.colcon_core.package_discovery:discover_packages(colcon_meta) discover
[0.133s] Level 1:colcon.colcon_core.package_discovery:discover_packages(recursive) discover
[0.133s] INFO:colcon.colcon_core.package_discovery:Crawling recursively for packages in '/home/xiaofang/ROS2_WS/ws02_tool'
[0.133s] Level 1:colcon.colcon_core.package_identification:_identify(.) by extensions ['ignore', 'ignore_ament_install']
[0.133s] Level 1:colcon.colcon_core.package_identification:_identify(.) by extension 'ignore'
[0.133s] Level 1:colcon.colcon_core.package_identification:_identify(.) by extension 'ignore_ament_install'
[0.134s] Level 1:colcon.colcon_core.package_identification:_identify(.) by extensions ['colcon_pkg']
[0.134s] Level 1:colcon.colcon_core.package_identification:_identify(.) by extension 'colcon_pkg'
[0.134s] Level 1:colcon.colcon_core.package_identification:_identify(.) by extensions ['colcon_meta']
[0.134s] Level 1:colcon.colcon_core.package_identification:_identify(.) by extension 'colcon_meta'
[0.134s] Level 1:colcon.colcon_core.package_identification:_identify(.) by extensions ['ros']
[0.134s] Level 1:colcon.colcon_core.package_identification:_identify(.) by extension 'ros'
[0.140s] Level 1:colcon.colcon_core.package_identification:_identify(.) by extensions ['cmake', 'python']
[0.140s] Level 1:colcon.colcon_core.package_identification:_identify(.) by extension 'cmake'
[0.140s] Level 1:colcon.colcon_core.package_identification:_identify(.) by extension 'python'
[0.140s] Level 1:colcon.colcon_core.package_identification:_identify(.) by extensions ['python_setup_py']
[0.140s] Level 1:colcon.colcon_core.package_identification:_identify(.) by extension 'python_setup_py'
[0.140s] Level 1:colcon.colcon_core.package_identification:_identify(build) by extensions ['ignore', 'ignore_ament_install']
[0.140s] Level 1:colcon.colcon_core.package_identification:_identify(build) by extension 'ignore'
[0.140s] Level 1:colcon.colcon_core.package_identification:_identify(build) ignored
[0.140s] Level 1:colcon.colcon_core.package_identification:_identify(install) by extensions ['ignore', 'ignore_ament_install']
[0.140s] Level 1:colcon.colcon_core.package_identification:_identify(install) by extension 'ignore'
[0.140s] Level 1:colcon.colcon_core.package_identification:_identify(install) ignored
[0.140s] Level 1:colcon.colcon_core.package_identification:_identify(log) by extensions ['ignore', 'ignore_ament_install']
[0.140s] Level 1:colcon.colcon_core.package_identification:_identify(log) by extension 'ignore'
[0.140s] Level 1:colcon.colcon_core.package_identification:_identify(log) ignored
[0.140s] Level 1:colcon.colcon_core.package_identification:_identify(my_bag) by extensions ['ignore', 'ignore_ament_install']
[0.140s] Level 1:colcon.colcon_core.package_identification:_identify(my_bag) by extension 'ignore'
[0.140s] Level 1:colcon.colcon_core.package_identification:_identify(my_bag) by extension 'ignore_ament_install'
[0.140s] Level 1:colcon.colcon_core.package_identification:_identify(my_bag) by extensions ['colcon_pkg']
[0.140s] Level 1:colcon.colcon_core.package_identification:_identify(my_bag) by extension 'colcon_pkg'
[0.140s] Level 1:colcon.colcon_core.package_identification:_identify(my_bag) by extensions ['colcon_meta']
[0.140s] Level 1:colcon.colcon_core.package_identification:_identify(my_bag) by extension 'colcon_meta'
[0.140s] Level 1:colcon.colcon_core.package_identification:_identify(my_bag) by extensions ['ros']
[0.141s] Level 1:colcon.colcon_core.package_identification:_identify(my_bag) by extension 'ros'
[0.141s] Level 1:colcon.colcon_core.package_identification:_identify(my_bag) by extensions ['cmake', 'python']
[0.141s] Level 1:colcon.colcon_core.package_identification:_identify(my_bag) by extension 'cmake'
[0.141s] Level 1:colcon.colcon_core.package_identification:_identify(my_bag) by extension 'python'
[0.141s] Level 1:colcon.colcon_core.package_identification:_identify(my_bag) by extensions ['python_setup_py']
[0.141s] Level 1:colcon.colcon_core.package_identification:_identify(my_bag) by extension 'python_setup_py'
[0.141s] Level 1:colcon.colcon_core.package_identification:_identify(src) by extensions ['ignore', 'ignore_ament_install']
[0.141s] Level 1:colcon.colcon_core.package_identification:_identify(src) by extension 'ignore'
[0.141s] Level 1:colcon.colcon_core.package_identification:_identify(src) by extension 'ignore_ament_install'
[0.141s] Level 1:colcon.colcon_core.package_identification:_identify(src) by extensions ['colcon_pkg']
[0.141s] Level 1:colcon.colcon_core.package_identification:_identify(src) by extension 'colcon_pkg'
[0.141s] Level 1:colcon.colcon_core.package_identification:_identify(src) by extensions ['colcon_meta']
[0.141s] Level 1:colcon.colcon_core.package_identification:_identify(src) by extension 'colcon_meta'
[0.141s] Level 1:colcon.colcon_core.package_identification:_identify(src) by extensions ['ros']
[0.141s] Level 1:colcon.colcon_core.package_identification:_identify(src) by extension 'ros'
[0.141s] Level 1:colcon.colcon_core.package_identification:_identify(src) by extensions ['cmake', 'python']
[0.141s] Level 1:colcon.colcon_core.package_identification:_identify(src) by extension 'cmake'
[0.141s] Level 1:colcon.colcon_core.package_identification:_identify(src) by extension 'python'
[0.141s] Level 1:colcon.colcon_core.package_identification:_identify(src) by extensions ['python_setup_py']
[0.141s] Level 1:colcon.colcon_core.package_identification:_identify(src) by extension 'python_setup_py'
[0.141s] Level 1:colcon.colcon_core.package_identification:_identify(src/cpp01_launch) by extensions ['ignore', 'ignore_ament_install']
[0.141s] Level 1:colcon.colcon_core.package_identification:_identify(src/cpp01_launch) by extension 'ignore'
[0.141s] Level 1:colcon.colcon_core.package_identification:_identify(src/cpp01_launch) by extension 'ignore_ament_install'
[0.141s] Level 1:colcon.colcon_core.package_identification:_identify(src/cpp01_launch) by extensions ['colcon_pkg']
[0.141s] Level 1:colcon.colcon_core.package_identification:_identify(src/cpp01_launch) by extension 'colcon_pkg'
[0.141s] Level 1:colcon.colcon_core.package_identification:_identify(src/cpp01_launch) by extensions ['colcon_meta']
[0.141s] Level 1:colcon.colcon_core.package_identification:_identify(src/cpp01_launch) by extension 'colcon_meta'
[0.141s] Level 1:colcon.colcon_core.package_identification:_identify(src/cpp01_launch) by extensions ['ros']
[0.141s] Level 1:colcon.colcon_core.package_identification:_identify(src/cpp01_launch) by extension 'ros'
[0.143s] DEBUG:colcon.colcon_core.package_identification:Package 'src/cpp01_launch' with type 'ros.ament_cmake' and name 'cpp01_launch'
[0.143s] Level 1:colcon.colcon_core.package_identification:_identify(src/cpp02_rosbag) by extensions ['ignore', 'ignore_ament_install']
[0.143s] Level 1:colcon.colcon_core.package_identification:_identify(src/cpp02_rosbag) by extension 'ignore'
[0.143s] Level 1:colcon.colcon_core.package_identification:_identify(src/cpp02_rosbag) by extension 'ignore_ament_install'
[0.143s] Level 1:colcon.colcon_core.package_identification:_identify(src/cpp02_rosbag) by extensions ['colcon_pkg']
[0.143s] Level 1:colcon.colcon_core.package_identification:_identify(src/cpp02_rosbag) by extension 'colcon_pkg'
[0.143s] Level 1:colcon.colcon_core.package_identification:_identify(src/cpp02_rosbag) by extensions ['colcon_meta']
[0.143s] Level 1:colcon.colcon_core.package_identification:_identify(src/cpp02_rosbag) by extension 'colcon_meta'
[0.143s] Level 1:colcon.colcon_core.package_identification:_identify(src/cpp02_rosbag) by extensions ['ros']
[0.143s] Level 1:colcon.colcon_core.package_identification:_identify(src/cpp02_rosbag) by extension 'ros'
[0.143s] DEBUG:colcon.colcon_core.package_identification:Package 'src/cpp02_rosbag' with type 'ros.ament_cmake' and name 'cpp02_rosbag'
[0.143s] Level 1:colcon.colcon_core.package_identification:_identify(src/cpp03_tf_broadcaster) by extensions ['ignore', 'ignore_ament_install']
[0.143s] Level 1:colcon.colcon_core.package_identification:_identify(src/cpp03_tf_broadcaster) by extension 'ignore'
[0.143s] Level 1:colcon.colcon_core.package_identification:_identify(src/cpp03_tf_broadcaster) by extension 'ignore_ament_install'
[0.143s] Level 1:colcon.colcon_core.package_identification:_identify(src/cpp03_tf_broadcaster) by extensions ['colcon_pkg']
[0.143s] Level 1:colcon.colcon_core.package_identification:_identify(src/cpp03_tf_broadcaster) by extension 'colcon_pkg'
[0.143s] Level 1:colcon.colcon_core.package_identification:_identify(src/cpp03_tf_broadcaster) by extensions ['colcon_meta']
[0.144s] Level 1:colcon.colcon_core.package_identification:_identify(src/cpp03_tf_broadcaster) by extension 'colcon_meta'
[0.144s] Level 1:colcon.colcon_core.package_identification:_identify(src/cpp03_tf_broadcaster) by extensions ['ros']
[0.144s] Level 1:colcon.colcon_core.package_identification:_identify(src/cpp03_tf_broadcaster) by extension 'ros'
[0.144s] DEBUG:colcon.colcon_core.package_identification:Package 'src/cpp03_tf_broadcaster' with type 'ros.ament_cmake' and name 'cpp03_tf_broadcaster'
[0.144s] Level 1:colcon.colcon_core.package_identification:_identify(src/cpp04_tf_listener) by extensions ['ignore', 'ignore_ament_install']
[0.144s] Level 1:colcon.colcon_core.package_identification:_identify(src/cpp04_tf_listener) by extension 'ignore'
[0.144s] Level 1:colcon.colcon_core.package_identification:_identify(src/cpp04_tf_listener) by extension 'ignore_ament_install'
[0.144s] Level 1:colcon.colcon_core.package_identification:_identify(src/cpp04_tf_listener) by extensions ['colcon_pkg']
[0.144s] Level 1:colcon.colcon_core.package_identification:_identify(src/cpp04_tf_listener) by extension 'colcon_pkg'
[0.144s] Level 1:colcon.colcon_core.package_identification:_identify(src/cpp04_tf_listener) by extensions ['colcon_meta']
[0.144s] Level 1:colcon.colcon_core.package_identification:_identify(src/cpp04_tf_listener) by extension 'colcon_meta'
[0.144s] Level 1:colcon.colcon_core.package_identification:_identify(src/cpp04_tf_listener) by extensions ['ros']
[0.144s] Level 1:colcon.colcon_core.package_identification:_identify(src/cpp04_tf_listener) by extension 'ros'
[0.145s] DEBUG:colcon.colcon_core.package_identification:Package 'src/cpp04_tf_listener' with type 'ros.ament_cmake' and name 'cpp04_tf_listener'
[0.145s] Level 1:colcon.colcon_core.package_discovery:discover_packages(recursive) using defaults
[0.145s] Level 1:colcon.colcon_core.package_discovery:discover_packages(ignore) discover
[0.145s] Level 1:colcon.colcon_core.package_discovery:discover_packages(ignore) using defaults
[0.145s] Level 1:colcon.colcon_core.package_discovery:discover_packages(path) discover
[0.145s] Level 1:colcon.colcon_core.package_discovery:discover_packages(path) using defaults
[0.160s] INFO:colcon.colcon_core.package_selection:Skipping not selected package 'cpp01_launch' in 'src/cpp01_launch'
[0.160s] INFO:colcon.colcon_core.package_selection:Skipping not selected package 'cpp02_rosbag' in 'src/cpp02_rosbag'
[0.160s] INFO:colcon.colcon_core.package_selection:Skipping not selected package 'cpp03_tf_broadcaster' in 'src/cpp03_tf_broadcaster'
[0.160s] Level 1:colcon.colcon_core.package_discovery:discover_packages(prefix_path) check parameters
[0.160s] Level 1:colcon.colcon_core.package_discovery:discover_packages(prefix_path) discover
[0.161s] DEBUG:colcon.colcon_installed_package_information.package_discovery:Found 4 installed packages in /home/xiaofang/ROS2_WS/ws02_tool/install
[0.162s] DEBUG:colcon.colcon_installed_package_information.package_discovery:Found 4 installed packages in /opt/cv_bridge_fix_link-humble/install
[0.162s] DEBUG:colcon.colcon_installed_package_information.package_discovery:Found 340 installed packages in /opt/ros/humble
[0.163s] Level 1:colcon.colcon_core.package_discovery:discover_packages(prefix_path) using defaults
[0.187s] Level 5:colcon.colcon_core.verb:set package 'cpp04_tf_listener' build argument 'cmake_args' from command line to '['-DCMAKE_EXPORT_COMPILE_COMMANDS=ON']'
[0.187s] Level 5:colcon.colcon_core.verb:set package 'cpp04_tf_listener' build argument 'cmake_target' from command line to 'None'
[0.187s] Level 5:colcon.colcon_core.verb:set package 'cpp04_tf_listener' build argument 'cmake_target_skip_unavailable' from command line to 'False'
[0.187s] Level 5:colcon.colcon_core.verb:set package 'cpp04_tf_listener' build argument 'cmake_clean_cache' from command line to 'False'
[0.187s] Level 5:colcon.colcon_core.verb:set package 'cpp04_tf_listener' build argument 'cmake_clean_first' from command line to 'False'
[0.187s] Level 5:colcon.colcon_core.verb:set package 'cpp04_tf_listener' build argument 'cmake_force_configure' from command line to 'False'
[0.187s] Level 5:colcon.colcon_core.verb:set package 'cpp04_tf_listener' build argument 'ament_cmake_args' from command line to 'None'
[0.187s] Level 5:colcon.colcon_core.verb:set package 'cpp04_tf_listener' build argument 'catkin_cmake_args' from command line to 'None'
[0.187s] Level 5:colcon.colcon_core.verb:set package 'cpp04_tf_listener' build argument 'catkin_skip_building_tests' from command line to 'False'
[0.187s] DEBUG:colcon.colcon_core.verb:Building package 'cpp04_tf_listener' with the following arguments: {'ament_cmake_args': None, 'build_base': '/home/xiaofang/ROS2_WS/ws02_tool/build/cpp04_tf_listener', 'catkin_cmake_args': None, 'catkin_skip_building_tests': False, 'cmake_args': ['-DCMAKE_EXPORT_COMPILE_COMMANDS=ON'], 'cmake_clean_cache': False, 'cmake_clean_first': False, 'cmake_force_configure': False, 'cmake_target': None, 'cmake_target_skip_unavailable': False, 'install_base': '/home/xiaofang/ROS2_WS/ws02_tool/install/cpp04_tf_listener', 'merge_install': False, 'path': '/home/xiaofang/ROS2_WS/ws02_tool/src/cpp04_tf_listener', 'symlink_install': False, 'test_result_base': None}
[0.187s] INFO:colcon.colcon_core.executor:Executing jobs using 'parallel' executor
[0.188s] DEBUG:colcon.colcon_parallel_executor.executor.parallel:run_until_complete
[0.188s] INFO:colcon.colcon_ros.task.ament_cmake.build:Building ROS package in '/home/xiaofang/ROS2_WS/ws02_tool/src/cpp04_tf_listener' with build type 'ament_cmake'
[0.188s] INFO:colcon.colcon_cmake.task.cmake.build:Building CMake package in '/home/xiaofang/ROS2_WS/ws02_tool/src/cpp04_tf_listener'
[0.189s] INFO:colcon.colcon_core.plugin_system:Skipping extension 'colcon_core.shell.bat': Not used on non-Windows systems
[0.189s] INFO:colcon.colcon_core.shell:Skip shell extension 'powershell' for command environment: Not usable outside of PowerShell
[0.189s] DEBUG:colcon.colcon_core.shell:Skip shell extension 'dsv' for command environment
[0.196s] DEBUG:colcon.colcon_core.event_handler.log_command:Invoking command in '/home/xiaofang/ROS2_WS/ws02_tool/build/cpp04_tf_listener': CMAKE_PREFIX_PATH=${CMAKE_PREFIX_PATH}:/opt/cv_bridge_fix_link-humble/install/opencv_tests:/opt/ros/humble /usr/bin/cmake --build /home/xiaofang/ROS2_WS/ws02_tool/build/cpp04_tf_listener -- -j20 -l20
[5.296s] DEBUG:colcon.colcon_core.event_handler.log_command:Invoked command in '/home/xiaofang/ROS2_WS/ws02_tool/build/cpp04_tf_listener' returned '0': CMAKE_PREFIX_PATH=${CMAKE_PREFIX_PATH}:/opt/cv_bridge_fix_link-humble/install/opencv_tests:/opt/ros/humble /usr/bin/cmake --build /home/xiaofang/ROS2_WS/ws02_tool/build/cpp04_tf_listener -- -j20 -l20
[5.304s] DEBUG:colcon.colcon_core.event_handler.log_command:Invoking command in '/home/xiaofang/ROS2_WS/ws02_tool/build/cpp04_tf_listener': CMAKE_PREFIX_PATH=${CMAKE_PREFIX_PATH}:/opt/cv_bridge_fix_link-humble/install/opencv_tests:/opt/ros/humble /usr/bin/cmake --install /home/xiaofang/ROS2_WS/ws02_tool/build/cpp04_tf_listener
[5.312s] Level 1:colcon.colcon_core.environment:create_environment_scripts_only(cpp04_tf_listener)
[5.312s] DEBUG:colcon.colcon_core.event_handler.log_command:Invoked command in '/home/xiaofang/ROS2_WS/ws02_tool/build/cpp04_tf_listener' returned '0': CMAKE_PREFIX_PATH=${CMAKE_PREFIX_PATH}:/opt/cv_bridge_fix_link-humble/install/opencv_tests:/opt/ros/humble /usr/bin/cmake --install /home/xiaofang/ROS2_WS/ws02_tool/build/cpp04_tf_listener
[5.314s] Level 1:colcon.colcon_core.environment:checking '/home/xiaofang/ROS2_WS/ws02_tool/install/cpp04_tf_listener' for CMake module files
[5.314s] Level 1:colcon.colcon_core.environment:checking '/home/xiaofang/ROS2_WS/ws02_tool/install/cpp04_tf_listener' for CMake config files
[5.314s] Level 1:colcon.colcon_core.shell:create_environment_hook('cpp04_tf_listener', 'cmake_prefix_path')
[5.314s] INFO:colcon.colcon_core.shell:Creating environment hook '/home/xiaofang/ROS2_WS/ws02_tool/install/cpp04_tf_listener/share/cpp04_tf_listener/hook/cmake_prefix_path.ps1'
[5.315s] INFO:colcon.colcon_core.shell:Creating environment descriptor '/home/xiaofang/ROS2_WS/ws02_tool/install/cpp04_tf_listener/share/cpp04_tf_listener/hook/cmake_prefix_path.dsv'
[5.315s] INFO:colcon.colcon_core.shell:Creating environment hook '/home/xiaofang/ROS2_WS/ws02_tool/install/cpp04_tf_listener/share/cpp04_tf_listener/hook/cmake_prefix_path.sh'
[5.315s] Level 1:colcon.colcon_core.environment:checking '/home/xiaofang/ROS2_WS/ws02_tool/install/cpp04_tf_listener/lib'
[5.315s] Level 1:colcon.colcon_core.environment:checking '/home/xiaofang/ROS2_WS/ws02_tool/install/cpp04_tf_listener/bin'
[5.315s] Level 1:colcon.colcon_core.environment:checking '/home/xiaofang/ROS2_WS/ws02_tool/install/cpp04_tf_listener/lib/pkgconfig/cpp04_tf_listener.pc'
[5.316s] Level 1:colcon.colcon_core.environment:checking '/home/xiaofang/ROS2_WS/ws02_tool/install/cpp04_tf_listener/lib/python3.10/site-packages'
[5.316s] Level 1:colcon.colcon_core.environment:checking '/home/xiaofang/ROS2_WS/ws02_tool/install/cpp04_tf_listener/bin'
[5.316s] INFO:colcon.colcon_core.shell:Creating package script '/home/xiaofang/ROS2_WS/ws02_tool/install/cpp04_tf_listener/share/cpp04_tf_listener/package.ps1'
[5.316s] INFO:colcon.colcon_core.shell:Creating package descriptor '/home/xiaofang/ROS2_WS/ws02_tool/install/cpp04_tf_listener/share/cpp04_tf_listener/package.dsv'
[5.316s] INFO:colcon.colcon_core.shell:Creating package script '/home/xiaofang/ROS2_WS/ws02_tool/install/cpp04_tf_listener/share/cpp04_tf_listener/package.sh'
[5.317s] INFO:colcon.colcon_core.shell:Creating package script '/home/xiaofang/ROS2_WS/ws02_tool/install/cpp04_tf_listener/share/cpp04_tf_listener/package.bash'
[5.317s] INFO:colcon.colcon_core.shell:Creating package script '/home/xiaofang/ROS2_WS/ws02_tool/install/cpp04_tf_listener/share/cpp04_tf_listener/package.zsh'
[5.317s] Level 1:colcon.colcon_core.environment:create_file_with_runtime_dependencies(/home/xiaofang/ROS2_WS/ws02_tool/install/cpp04_tf_listener/share/colcon-core/packages/cpp04_tf_listener)
[5.318s] Level 1:colcon.colcon_core.environment:create_environment_scripts_only(cpp04_tf_listener)
[5.318s] Level 1:colcon.colcon_core.environment:checking '/home/xiaofang/ROS2_WS/ws02_tool/install/cpp04_tf_listener' for CMake module files
[5.318s] Level 1:colcon.colcon_core.environment:checking '/home/xiaofang/ROS2_WS/ws02_tool/install/cpp04_tf_listener' for CMake config files
[5.318s] Level 1:colcon.colcon_core.shell:create_environment_hook('cpp04_tf_listener', 'cmake_prefix_path')
[5.318s] INFO:colcon.colcon_core.shell:Creating environment hook '/home/xiaofang/ROS2_WS/ws02_tool/install/cpp04_tf_listener/share/cpp04_tf_listener/hook/cmake_prefix_path.ps1'
[5.318s] INFO:colcon.colcon_core.shell:Creating environment descriptor '/home/xiaofang/ROS2_WS/ws02_tool/install/cpp04_tf_listener/share/cpp04_tf_listener/hook/cmake_prefix_path.dsv'
[5.318s] INFO:colcon.colcon_core.shell:Creating environment hook '/home/xiaofang/ROS2_WS/ws02_tool/install/cpp04_tf_listener/share/cpp04_tf_listener/hook/cmake_prefix_path.sh'
[5.319s] Level 1:colcon.colcon_core.environment:checking '/home/xiaofang/ROS2_WS/ws02_tool/install/cpp04_tf_listener/lib'
[5.319s] Level 1:colcon.colcon_core.environment:checking '/home/xiaofang/ROS2_WS/ws02_tool/install/cpp04_tf_listener/bin'
[5.319s] Level 1:colcon.colcon_core.environment:checking '/home/xiaofang/ROS2_WS/ws02_tool/install/cpp04_tf_listener/lib/pkgconfig/cpp04_tf_listener.pc'
[5.319s] Level 1:colcon.colcon_core.environment:checking '/home/xiaofang/ROS2_WS/ws02_tool/install/cpp04_tf_listener/lib/python3.10/site-packages'
[5.319s] Level 1:colcon.colcon_core.environment:checking '/home/xiaofang/ROS2_WS/ws02_tool/install/cpp04_tf_listener/bin'
[5.319s] INFO:colcon.colcon_core.shell:Creating package script '/home/xiaofang/ROS2_WS/ws02_tool/install/cpp04_tf_listener/share/cpp04_tf_listener/package.ps1'
[5.319s] INFO:colcon.colcon_core.shell:Creating package descriptor '/home/xiaofang/ROS2_WS/ws02_tool/install/cpp04_tf_listener/share/cpp04_tf_listener/package.dsv'
[5.320s] INFO:colcon.colcon_core.shell:Creating package script '/home/xiaofang/ROS2_WS/ws02_tool/install/cpp04_tf_listener/share/cpp04_tf_listener/package.sh'
[5.320s] INFO:colcon.colcon_core.shell:Creating package script '/home/xiaofang/ROS2_WS/ws02_tool/install/cpp04_tf_listener/share/cpp04_tf_listener/package.bash'
[5.320s] INFO:colcon.colcon_core.shell:Creating package script '/home/xiaofang/ROS2_WS/ws02_tool/install/cpp04_tf_listener/share/cpp04_tf_listener/package.zsh'
[5.320s] Level 1:colcon.colcon_core.environment:create_file_with_runtime_dependencies(/home/xiaofang/ROS2_WS/ws02_tool/install/cpp04_tf_listener/share/colcon-core/packages/cpp04_tf_listener)
[5.320s] DEBUG:colcon.colcon_parallel_executor.executor.parallel:closing loop
[5.320s] DEBUG:colcon.colcon_parallel_executor.executor.parallel:loop closed
[5.321s] DEBUG:colcon.colcon_parallel_executor.executor.parallel:run_until_complete finished with '0'
[5.321s] DEBUG:colcon.colcon_core.event_reactor:joining thread
[5.324s] INFO:colcon.colcon_core.plugin_system:Skipping extension 'colcon_notification.desktop_notification.notify_send': Could not find 'notify-send'
[5.324s] INFO:colcon.colcon_core.plugin_system:Skipping extension 'colcon_notification.desktop_notification.terminal_notifier': Not used on non-Darwin systems
[5.324s] INFO:colcon.colcon_core.plugin_system:Skipping extension 'colcon_notification.desktop_notification.win32': Not used on non-Windows systems
[5.324s] INFO:colcon.colcon_notification.desktop_notification:Sending desktop notification using 'notify2'
[5.325s] DEBUG:colcon.colcon_notification.desktop_notification.notify2:Failed to initialize notify2: org.freedesktop.DBus.Error.Spawn.ExecFailed: /usr/bin/dbus-launch terminated abnormally without any error message
[5.325s] DEBUG:colcon.colcon_core.event_reactor:joined thread
[5.326s] INFO:colcon.colcon_core.shell:Creating prefix script '/home/xiaofang/ROS2_WS/ws02_tool/install/local_setup.ps1'
[5.326s] INFO:colcon.colcon_core.shell:Creating prefix util module '/home/xiaofang/ROS2_WS/ws02_tool/install/_local_setup_util_ps1.py'
[5.327s] INFO:colcon.colcon_core.shell:Creating prefix chain script '/home/xiaofang/ROS2_WS/ws02_tool/install/setup.ps1'
[5.327s] INFO:colcon.colcon_core.shell:Creating prefix script '/home/xiaofang/ROS2_WS/ws02_tool/install/local_setup.sh'
[5.328s] INFO:colcon.colcon_core.shell:Creating prefix util module '/home/xiaofang/ROS2_WS/ws02_tool/install/_local_setup_util_sh.py'
[5.328s] INFO:colcon.colcon_core.shell:Creating prefix chain script '/home/xiaofang/ROS2_WS/ws02_tool/install/setup.sh'
[5.329s] INFO:colcon.colcon_core.shell:Creating prefix script '/home/xiaofang/ROS2_WS/ws02_tool/install/local_setup.bash'
[5.329s] INFO:colcon.colcon_core.shell:Creating prefix chain script '/home/xiaofang/ROS2_WS/ws02_tool/install/setup.bash'
[5.330s] INFO:colcon.colcon_core.shell:Creating prefix script '/home/xiaofang/ROS2_WS/ws02_tool/install/local_setup.zsh'
[5.330s] INFO:colcon.colcon_core.shell:Creating prefix chain script '/home/xiaofang/ROS2_WS/ws02_tool/install/setup.zsh'
