[0.053s] DEBUG:colcon:Command line arguments: ['/usr/bin/colcon', 'build']
[0.053s] DEBUG:colcon:Parsed command line arguments: Namespace(log_base=None, log_level=None, verb_name='build', build_base='build', install_base='install', merge_install=False, symlink_install=False, test_result_base=None, continue_on_error=False, executor='parallel', parallel_workers=20, event_handlers=None, ignore_user_meta=False, metas=['./colcon.meta'], base_paths=['.'], packages_ignore=None, packages_ignore_regex=None, paths=None, packages_up_to=None, packages_up_to_regex=None, packages_above=None, packages_above_and_dependencies=None, packages_above_depth=None, packages_select_by_dep=None, packages_skip_by_dep=None, packages_skip_up_to=None, packages_select_build_failed=False, packages_skip_build_finished=False, packages_select_test_failures=False, packages_skip_test_passed=False, packages_select=None, packages_skip=None, packages_select_regex=None, packages_skip_regex=None, packages_start=None, packages_end=None, allow_overriding=[], cmake_args=None, cmake_target=None, cmake_target_skip_unavailable=False, cmake_clean_cache=False, cmake_clean_first=False, cmake_force_configure=False, ament_cmake_args=None, catkin_cmake_args=None, catkin_skip_building_tests=False, mixin_files=None, mixin=None, verb_parser=<colcon_mixin.mixin.mixin_argument.MixinArgumentDecorator object at 0x7fd12e607d30>, verb_extension=<colcon_core.verb.build.BuildVerb object at 0x7fd12e74cd90>, main=<bound method BuildVerb.main of <colcon_core.verb.build.BuildVerb object at 0x7fd12e74cd90>>, mixin_verb=('build',))
[0.122s] Level 1:colcon.colcon_core.package_discovery:discover_packages(colcon_meta) check parameters
[0.122s] Level 1:colcon.colcon_core.package_discovery:discover_packages(recursive) check parameters
[0.122s] Level 1:colcon.colcon_core.package_discovery:discover_packages(ignore) check parameters
[0.122s] Level 1:colcon.colcon_core.package_discovery:discover_packages(path) check parameters
[0.122s] Level 1:colcon.colcon_core.package_discovery:discover_packages(colcon_meta) discover
[0.122s] Level 1:colcon.colcon_core.package_discovery:discover_packages(recursive) discover
[0.122s] INFO:colcon.colcon_core.package_discovery:Crawling recursively for packages in '/home/xiaofang/ROS2_WS/HelloWorld_cpp'
[0.122s] Level 1:colcon.colcon_core.package_identification:_identify(.) by extensions ['ignore', 'ignore_ament_install']
[0.122s] Level 1:colcon.colcon_core.package_identification:_identify(.) by extension 'ignore'
[0.122s] Level 1:colcon.colcon_core.package_identification:_identify(.) by extension 'ignore_ament_install'
[0.122s] Level 1:colcon.colcon_core.package_identification:_identify(.) by extensions ['colcon_pkg']
[0.122s] Level 1:colcon.colcon_core.package_identification:_identify(.) by extension 'colcon_pkg'
[0.122s] Level 1:colcon.colcon_core.package_identification:_identify(.) by extensions ['colcon_meta']
[0.122s] Level 1:colcon.colcon_core.package_identification:_identify(.) by extension 'colcon_meta'
[0.122s] Level 1:colcon.colcon_core.package_identification:_identify(.) by extensions ['ros']
[0.122s] Level 1:colcon.colcon_core.package_identification:_identify(.) by extension 'ros'
[0.128s] Level 1:colcon.colcon_core.package_identification:_identify(.) by extensions ['cmake', 'python']
[0.128s] Level 1:colcon.colcon_core.package_identification:_identify(.) by extension 'cmake'
[0.128s] Level 1:colcon.colcon_core.package_identification:_identify(.) by extension 'python'
[0.128s] Level 1:colcon.colcon_core.package_identification:_identify(.) by extensions ['python_setup_py']
[0.128s] Level 1:colcon.colcon_core.package_identification:_identify(.) by extension 'python_setup_py'
[0.128s] Level 1:colcon.colcon_core.package_identification:_identify(build) by extensions ['ignore', 'ignore_ament_install']
[0.128s] Level 1:colcon.colcon_core.package_identification:_identify(build) by extension 'ignore'
[0.128s] Level 1:colcon.colcon_core.package_identification:_identify(build) ignored
[0.128s] Level 1:colcon.colcon_core.package_identification:_identify(install) by extensions ['ignore', 'ignore_ament_install']
[0.128s] Level 1:colcon.colcon_core.package_identification:_identify(install) by extension 'ignore'
[0.128s] Level 1:colcon.colcon_core.package_identification:_identify(install) ignored
[0.128s] Level 1:colcon.colcon_core.package_identification:_identify(log) by extensions ['ignore', 'ignore_ament_install']
[0.128s] Level 1:colcon.colcon_core.package_identification:_identify(log) by extension 'ignore'
[0.128s] Level 1:colcon.colcon_core.package_identification:_identify(log) ignored
[0.128s] Level 1:colcon.colcon_core.package_identification:_identify(src) by extensions ['ignore', 'ignore_ament_install']
[0.128s] Level 1:colcon.colcon_core.package_identification:_identify(src) by extension 'ignore'
[0.128s] Level 1:colcon.colcon_core.package_identification:_identify(src) by extension 'ignore_ament_install'
[0.128s] Level 1:colcon.colcon_core.package_identification:_identify(src) by extensions ['colcon_pkg']
[0.128s] Level 1:colcon.colcon_core.package_identification:_identify(src) by extension 'colcon_pkg'
[0.128s] Level 1:colcon.colcon_core.package_identification:_identify(src) by extensions ['colcon_meta']
[0.128s] Level 1:colcon.colcon_core.package_identification:_identify(src) by extension 'colcon_meta'
[0.128s] Level 1:colcon.colcon_core.package_identification:_identify(src) by extensions ['ros']
[0.128s] Level 1:colcon.colcon_core.package_identification:_identify(src) by extension 'ros'
[0.128s] Level 1:colcon.colcon_core.package_identification:_identify(src) by extensions ['cmake', 'python']
[0.128s] Level 1:colcon.colcon_core.package_identification:_identify(src) by extension 'cmake'
[0.128s] Level 1:colcon.colcon_core.package_identification:_identify(src) by extension 'python'
[0.128s] Level 1:colcon.colcon_core.package_identification:_identify(src) by extensions ['python_setup_py']
[0.128s] Level 1:colcon.colcon_core.package_identification:_identify(src) by extension 'python_setup_py'
[0.128s] Level 1:colcon.colcon_core.package_identification:_identify(src/pkg01_helloworld_cpp) by extensions ['ignore', 'ignore_ament_install']
[0.128s] Level 1:colcon.colcon_core.package_identification:_identify(src/pkg01_helloworld_cpp) by extension 'ignore'
[0.128s] Level 1:colcon.colcon_core.package_identification:_identify(src/pkg01_helloworld_cpp) by extension 'ignore_ament_install'
[0.128s] Level 1:colcon.colcon_core.package_identification:_identify(src/pkg01_helloworld_cpp) by extensions ['colcon_pkg']
[0.128s] Level 1:colcon.colcon_core.package_identification:_identify(src/pkg01_helloworld_cpp) by extension 'colcon_pkg'
[0.128s] Level 1:colcon.colcon_core.package_identification:_identify(src/pkg01_helloworld_cpp) by extensions ['colcon_meta']
[0.129s] Level 1:colcon.colcon_core.package_identification:_identify(src/pkg01_helloworld_cpp) by extension 'colcon_meta'
[0.129s] Level 1:colcon.colcon_core.package_identification:_identify(src/pkg01_helloworld_cpp) by extensions ['ros']
[0.129s] Level 1:colcon.colcon_core.package_identification:_identify(src/pkg01_helloworld_cpp) by extension 'ros'
[0.130s] DEBUG:colcon.colcon_core.package_identification:Package 'src/pkg01_helloworld_cpp' with type 'ros.ament_cmake' and name 'pkg01_helloworld_cpp'
[0.130s] Level 1:colcon.colcon_core.package_identification:_identify(src/pkg02_hellovscode_cpp) by extensions ['ignore', 'ignore_ament_install']
[0.130s] Level 1:colcon.colcon_core.package_identification:_identify(src/pkg02_hellovscode_cpp) by extension 'ignore'
[0.130s] Level 1:colcon.colcon_core.package_identification:_identify(src/pkg02_hellovscode_cpp) by extension 'ignore_ament_install'
[0.130s] Level 1:colcon.colcon_core.package_identification:_identify(src/pkg02_hellovscode_cpp) by extensions ['colcon_pkg']
[0.130s] Level 1:colcon.colcon_core.package_identification:_identify(src/pkg02_hellovscode_cpp) by extension 'colcon_pkg'
[0.130s] Level 1:colcon.colcon_core.package_identification:_identify(src/pkg02_hellovscode_cpp) by extensions ['colcon_meta']
[0.130s] Level 1:colcon.colcon_core.package_identification:_identify(src/pkg02_hellovscode_cpp) by extension 'colcon_meta'
[0.130s] Level 1:colcon.colcon_core.package_identification:_identify(src/pkg02_hellovscode_cpp) by extensions ['ros']
[0.130s] Level 1:colcon.colcon_core.package_identification:_identify(src/pkg02_hellovscode_cpp) by extension 'ros'
[0.130s] DEBUG:colcon.colcon_core.package_identification:Package 'src/pkg02_hellovscode_cpp' with type 'ros.ament_cmake' and name 'pkg02_hellovscode_cpp'
[0.130s] Level 1:colcon.colcon_core.package_discovery:discover_packages(recursive) using defaults
[0.130s] Level 1:colcon.colcon_core.package_discovery:discover_packages(ignore) discover
[0.130s] Level 1:colcon.colcon_core.package_discovery:discover_packages(ignore) using defaults
[0.130s] Level 1:colcon.colcon_core.package_discovery:discover_packages(path) discover
[0.130s] Level 1:colcon.colcon_core.package_discovery:discover_packages(path) using defaults
[0.142s] Level 1:colcon.colcon_core.package_discovery:discover_packages(prefix_path) check parameters
[0.142s] Level 1:colcon.colcon_core.package_discovery:discover_packages(prefix_path) discover
[0.150s] DEBUG:colcon.colcon_installed_package_information.package_discovery:Found 339 installed packages in /opt/ros/humble
[0.151s] Level 1:colcon.colcon_core.package_discovery:discover_packages(prefix_path) using defaults
[0.171s] Level 5:colcon.colcon_core.verb:set package 'pkg01_helloworld_cpp' build argument 'cmake_args' from command line to 'None'
[0.171s] Level 5:colcon.colcon_core.verb:set package 'pkg01_helloworld_cpp' build argument 'cmake_target' from command line to 'None'
[0.171s] Level 5:colcon.colcon_core.verb:set package 'pkg01_helloworld_cpp' build argument 'cmake_target_skip_unavailable' from command line to 'False'
[0.171s] Level 5:colcon.colcon_core.verb:set package 'pkg01_helloworld_cpp' build argument 'cmake_clean_cache' from command line to 'False'
[0.171s] Level 5:colcon.colcon_core.verb:set package 'pkg01_helloworld_cpp' build argument 'cmake_clean_first' from command line to 'False'
[0.171s] Level 5:colcon.colcon_core.verb:set package 'pkg01_helloworld_cpp' build argument 'cmake_force_configure' from command line to 'False'
[0.171s] Level 5:colcon.colcon_core.verb:set package 'pkg01_helloworld_cpp' build argument 'ament_cmake_args' from command line to 'None'
[0.171s] Level 5:colcon.colcon_core.verb:set package 'pkg01_helloworld_cpp' build argument 'catkin_cmake_args' from command line to 'None'
[0.171s] Level 5:colcon.colcon_core.verb:set package 'pkg01_helloworld_cpp' build argument 'catkin_skip_building_tests' from command line to 'False'
[0.171s] DEBUG:colcon.colcon_core.verb:Building package 'pkg01_helloworld_cpp' with the following arguments: {'ament_cmake_args': None, 'build_base': '/home/xiaofang/ROS2_WS/HelloWorld_cpp/build/pkg01_helloworld_cpp', 'catkin_cmake_args': None, 'catkin_skip_building_tests': False, 'cmake_args': None, 'cmake_clean_cache': False, 'cmake_clean_first': False, 'cmake_force_configure': False, 'cmake_target': None, 'cmake_target_skip_unavailable': False, 'install_base': '/home/xiaofang/ROS2_WS/HelloWorld_cpp/install/pkg01_helloworld_cpp', 'merge_install': False, 'path': '/home/xiaofang/ROS2_WS/HelloWorld_cpp/src/pkg01_helloworld_cpp', 'symlink_install': False, 'test_result_base': None}
[0.171s] Level 5:colcon.colcon_core.verb:set package 'pkg02_hellovscode_cpp' build argument 'cmake_args' from command line to 'None'
[0.171s] Level 5:colcon.colcon_core.verb:set package 'pkg02_hellovscode_cpp' build argument 'cmake_target' from command line to 'None'
[0.171s] Level 5:colcon.colcon_core.verb:set package 'pkg02_hellovscode_cpp' build argument 'cmake_target_skip_unavailable' from command line to 'False'
[0.171s] Level 5:colcon.colcon_core.verb:set package 'pkg02_hellovscode_cpp' build argument 'cmake_clean_cache' from command line to 'False'
[0.171s] Level 5:colcon.colcon_core.verb:set package 'pkg02_hellovscode_cpp' build argument 'cmake_clean_first' from command line to 'False'
[0.171s] Level 5:colcon.colcon_core.verb:set package 'pkg02_hellovscode_cpp' build argument 'cmake_force_configure' from command line to 'False'
[0.171s] Level 5:colcon.colcon_core.verb:set package 'pkg02_hellovscode_cpp' build argument 'ament_cmake_args' from command line to 'None'
[0.172s] Level 5:colcon.colcon_core.verb:set package 'pkg02_hellovscode_cpp' build argument 'catkin_cmake_args' from command line to 'None'
[0.172s] Level 5:colcon.colcon_core.verb:set package 'pkg02_hellovscode_cpp' build argument 'catkin_skip_building_tests' from command line to 'False'
[0.172s] DEBUG:colcon.colcon_core.verb:Building package 'pkg02_hellovscode_cpp' with the following arguments: {'ament_cmake_args': None, 'build_base': '/home/xiaofang/ROS2_WS/HelloWorld_cpp/build/pkg02_hellovscode_cpp', 'catkin_cmake_args': None, 'catkin_skip_building_tests': False, 'cmake_args': None, 'cmake_clean_cache': False, 'cmake_clean_first': False, 'cmake_force_configure': False, 'cmake_target': None, 'cmake_target_skip_unavailable': False, 'install_base': '/home/xiaofang/ROS2_WS/HelloWorld_cpp/install/pkg02_hellovscode_cpp', 'merge_install': False, 'path': '/home/xiaofang/ROS2_WS/HelloWorld_cpp/src/pkg02_hellovscode_cpp', 'symlink_install': False, 'test_result_base': None}
[0.172s] INFO:colcon.colcon_core.executor:Executing jobs using 'parallel' executor
[0.172s] DEBUG:colcon.colcon_parallel_executor.executor.parallel:run_until_complete
[0.173s] INFO:colcon.colcon_ros.task.ament_cmake.build:Building ROS package in '/home/xiaofang/ROS2_WS/HelloWorld_cpp/src/pkg01_helloworld_cpp' with build type 'ament_cmake'
[0.173s] INFO:colcon.colcon_cmake.task.cmake.build:Building CMake package in '/home/xiaofang/ROS2_WS/HelloWorld_cpp/src/pkg01_helloworld_cpp'
[0.174s] INFO:colcon.colcon_core.plugin_system:Skipping extension 'colcon_core.shell.bat': Not used on non-Windows systems
[0.174s] INFO:colcon.colcon_core.shell:Skip shell extension 'powershell' for command environment: Not usable outside of PowerShell
[0.174s] DEBUG:colcon.colcon_core.shell:Skip shell extension 'dsv' for command environment
[0.176s] INFO:colcon.colcon_ros.task.ament_cmake.build:Building ROS package in '/home/xiaofang/ROS2_WS/HelloWorld_cpp/src/pkg02_hellovscode_cpp' with build type 'ament_cmake'
[0.176s] INFO:colcon.colcon_cmake.task.cmake.build:Building CMake package in '/home/xiaofang/ROS2_WS/HelloWorld_cpp/src/pkg02_hellovscode_cpp'
[0.176s] INFO:colcon.colcon_core.shell:Skip shell extension 'powershell' for command environment: Not usable outside of PowerShell
[0.176s] DEBUG:colcon.colcon_core.shell:Skip shell extension 'dsv' for command environment
[0.181s] DEBUG:colcon.colcon_core.event_handler.log_command:Invoking command in '/home/xiaofang/ROS2_WS/HelloWorld_cpp/build/pkg01_helloworld_cpp': CMAKE_PREFIX_PATH=/opt/ros/humble /usr/bin/cmake /home/xiaofang/ROS2_WS/HelloWorld_cpp/src/pkg01_helloworld_cpp -DCMAKE_INSTALL_PREFIX=/home/xiaofang/ROS2_WS/HelloWorld_cpp/install/pkg01_helloworld_cpp
[0.182s] DEBUG:colcon.colcon_core.event_handler.log_command:Invoking command in '/home/xiaofang/ROS2_WS/HelloWorld_cpp/build/pkg02_hellovscode_cpp': CMAKE_PREFIX_PATH=/opt/ros/humble /usr/bin/cmake /home/xiaofang/ROS2_WS/HelloWorld_cpp/src/pkg02_hellovscode_cpp -DCMAKE_INSTALL_PREFIX=/home/xiaofang/ROS2_WS/HelloWorld_cpp/install/pkg02_hellovscode_cpp
[1.036s] DEBUG:colcon.colcon_core.event_handler.log_command:Invoked command in '/home/xiaofang/ROS2_WS/HelloWorld_cpp/build/pkg02_hellovscode_cpp' returned '0': CMAKE_PREFIX_PATH=/opt/ros/humble /usr/bin/cmake /home/xiaofang/ROS2_WS/HelloWorld_cpp/src/pkg02_hellovscode_cpp -DCMAKE_INSTALL_PREFIX=/home/xiaofang/ROS2_WS/HelloWorld_cpp/install/pkg02_hellovscode_cpp
[1.038s] DEBUG:colcon.colcon_core.event_handler.log_command:Invoking command in '/home/xiaofang/ROS2_WS/HelloWorld_cpp/build/pkg02_hellovscode_cpp': CMAKE_PREFIX_PATH=/opt/ros/humble /usr/bin/cmake --build /home/xiaofang/ROS2_WS/HelloWorld_cpp/build/pkg02_hellovscode_cpp -- -j20 -l20
[1.038s] DEBUG:colcon.colcon_core.event_handler.log_command:Invoked command in '/home/xiaofang/ROS2_WS/HelloWorld_cpp/build/pkg01_helloworld_cpp' returned '0': CMAKE_PREFIX_PATH=/opt/ros/humble /usr/bin/cmake /home/xiaofang/ROS2_WS/HelloWorld_cpp/src/pkg01_helloworld_cpp -DCMAKE_INSTALL_PREFIX=/home/xiaofang/ROS2_WS/HelloWorld_cpp/install/pkg01_helloworld_cpp
[1.039s] DEBUG:colcon.colcon_core.event_handler.log_command:Invoking command in '/home/xiaofang/ROS2_WS/HelloWorld_cpp/build/pkg01_helloworld_cpp': CMAKE_PREFIX_PATH=/opt/ros/humble /usr/bin/cmake --build /home/xiaofang/ROS2_WS/HelloWorld_cpp/build/pkg01_helloworld_cpp -- -j20 -l20
[2.870s] DEBUG:colcon.colcon_core.event_handler.log_command:Invoked command in '/home/xiaofang/ROS2_WS/HelloWorld_cpp/build/pkg02_hellovscode_cpp' returned '0': CMAKE_PREFIX_PATH=/opt/ros/humble /usr/bin/cmake --build /home/xiaofang/ROS2_WS/HelloWorld_cpp/build/pkg02_hellovscode_cpp -- -j20 -l20
[2.877s] DEBUG:colcon.colcon_core.event_handler.log_command:Invoking command in '/home/xiaofang/ROS2_WS/HelloWorld_cpp/build/pkg02_hellovscode_cpp': CMAKE_PREFIX_PATH=/opt/ros/humble /usr/bin/cmake --install /home/xiaofang/ROS2_WS/HelloWorld_cpp/build/pkg02_hellovscode_cpp
[2.880s] DEBUG:colcon.colcon_core.event_handler.log_command:Invoked command in '/home/xiaofang/ROS2_WS/HelloWorld_cpp/build/pkg01_helloworld_cpp' returned '0': CMAKE_PREFIX_PATH=/opt/ros/humble /usr/bin/cmake --build /home/xiaofang/ROS2_WS/HelloWorld_cpp/build/pkg01_helloworld_cpp -- -j20 -l20
[2.881s] DEBUG:colcon.colcon_core.event_handler.log_command:Invoking command in '/home/xiaofang/ROS2_WS/HelloWorld_cpp/build/pkg01_helloworld_cpp': CMAKE_PREFIX_PATH=/opt/ros/humble /usr/bin/cmake --install /home/xiaofang/ROS2_WS/HelloWorld_cpp/build/pkg01_helloworld_cpp
[2.887s] Level 1:colcon.colcon_core.environment:create_environment_scripts_only(pkg02_hellovscode_cpp)
[2.888s] DEBUG:colcon.colcon_core.event_handler.log_command:Invoked command in '/home/xiaofang/ROS2_WS/HelloWorld_cpp/build/pkg02_hellovscode_cpp' returned '0': CMAKE_PREFIX_PATH=/opt/ros/humble /usr/bin/cmake --install /home/xiaofang/ROS2_WS/HelloWorld_cpp/build/pkg02_hellovscode_cpp
[2.891s] Level 1:colcon.colcon_core.environment:checking '/home/xiaofang/ROS2_WS/HelloWorld_cpp/install/pkg02_hellovscode_cpp' for CMake module files
[2.891s] Level 1:colcon.colcon_core.environment:checking '/home/xiaofang/ROS2_WS/HelloWorld_cpp/install/pkg02_hellovscode_cpp' for CMake config files
[2.891s] Level 1:colcon.colcon_core.shell:create_environment_hook('pkg02_hellovscode_cpp', 'cmake_prefix_path')
[2.892s] INFO:colcon.colcon_core.shell:Creating environment hook '/home/xiaofang/ROS2_WS/HelloWorld_cpp/install/pkg02_hellovscode_cpp/share/pkg02_hellovscode_cpp/hook/cmake_prefix_path.ps1'
[2.892s] INFO:colcon.colcon_core.shell:Creating environment descriptor '/home/xiaofang/ROS2_WS/HelloWorld_cpp/install/pkg02_hellovscode_cpp/share/pkg02_hellovscode_cpp/hook/cmake_prefix_path.dsv'
[2.892s] INFO:colcon.colcon_core.shell:Creating environment hook '/home/xiaofang/ROS2_WS/HelloWorld_cpp/install/pkg02_hellovscode_cpp/share/pkg02_hellovscode_cpp/hook/cmake_prefix_path.sh'
[2.893s] Level 1:colcon.colcon_core.environment:checking '/home/xiaofang/ROS2_WS/HelloWorld_cpp/install/pkg02_hellovscode_cpp/lib'
[2.893s] Level 1:colcon.colcon_core.environment:checking '/home/xiaofang/ROS2_WS/HelloWorld_cpp/install/pkg02_hellovscode_cpp/bin'
[2.893s] Level 1:colcon.colcon_core.environment:checking '/home/xiaofang/ROS2_WS/HelloWorld_cpp/install/pkg02_hellovscode_cpp/lib/pkgconfig/pkg02_hellovscode_cpp.pc'
[2.893s] Level 1:colcon.colcon_core.environment:checking '/home/xiaofang/ROS2_WS/HelloWorld_cpp/install/pkg02_hellovscode_cpp/lib/python3.10/site-packages'
[2.893s] Level 1:colcon.colcon_core.environment:checking '/home/xiaofang/ROS2_WS/HelloWorld_cpp/install/pkg02_hellovscode_cpp/bin'
[2.894s] INFO:colcon.colcon_core.shell:Creating package script '/home/xiaofang/ROS2_WS/HelloWorld_cpp/install/pkg02_hellovscode_cpp/share/pkg02_hellovscode_cpp/package.ps1'
[2.894s] INFO:colcon.colcon_core.shell:Creating package descriptor '/home/xiaofang/ROS2_WS/HelloWorld_cpp/install/pkg02_hellovscode_cpp/share/pkg02_hellovscode_cpp/package.dsv'
[2.895s] INFO:colcon.colcon_core.shell:Creating package script '/home/xiaofang/ROS2_WS/HelloWorld_cpp/install/pkg02_hellovscode_cpp/share/pkg02_hellovscode_cpp/package.sh'
[2.895s] INFO:colcon.colcon_core.shell:Creating package script '/home/xiaofang/ROS2_WS/HelloWorld_cpp/install/pkg02_hellovscode_cpp/share/pkg02_hellovscode_cpp/package.bash'
[2.895s] INFO:colcon.colcon_core.shell:Creating package script '/home/xiaofang/ROS2_WS/HelloWorld_cpp/install/pkg02_hellovscode_cpp/share/pkg02_hellovscode_cpp/package.zsh'
[2.896s] Level 1:colcon.colcon_core.environment:create_file_with_runtime_dependencies(/home/xiaofang/ROS2_WS/HelloWorld_cpp/install/pkg02_hellovscode_cpp/share/colcon-core/packages/pkg02_hellovscode_cpp)
[2.896s] Level 1:colcon.colcon_core.environment:create_environment_scripts_only(pkg02_hellovscode_cpp)
[2.896s] Level 1:colcon.colcon_core.environment:checking '/home/xiaofang/ROS2_WS/HelloWorld_cpp/install/pkg02_hellovscode_cpp' for CMake module files
[2.897s] Level 1:colcon.colcon_core.environment:checking '/home/xiaofang/ROS2_WS/HelloWorld_cpp/install/pkg02_hellovscode_cpp' for CMake config files
[2.897s] Level 1:colcon.colcon_core.shell:create_environment_hook('pkg02_hellovscode_cpp', 'cmake_prefix_path')
[2.897s] INFO:colcon.colcon_core.shell:Creating environment hook '/home/xiaofang/ROS2_WS/HelloWorld_cpp/install/pkg02_hellovscode_cpp/share/pkg02_hellovscode_cpp/hook/cmake_prefix_path.ps1'
[2.897s] INFO:colcon.colcon_core.shell:Creating environment descriptor '/home/xiaofang/ROS2_WS/HelloWorld_cpp/install/pkg02_hellovscode_cpp/share/pkg02_hellovscode_cpp/hook/cmake_prefix_path.dsv'
[2.897s] INFO:colcon.colcon_core.shell:Creating environment hook '/home/xiaofang/ROS2_WS/HelloWorld_cpp/install/pkg02_hellovscode_cpp/share/pkg02_hellovscode_cpp/hook/cmake_prefix_path.sh'
[2.897s] Level 1:colcon.colcon_core.environment:checking '/home/xiaofang/ROS2_WS/HelloWorld_cpp/install/pkg02_hellovscode_cpp/lib'
[2.897s] Level 1:colcon.colcon_core.environment:checking '/home/xiaofang/ROS2_WS/HelloWorld_cpp/install/pkg02_hellovscode_cpp/bin'
[2.897s] Level 1:colcon.colcon_core.environment:checking '/home/xiaofang/ROS2_WS/HelloWorld_cpp/install/pkg02_hellovscode_cpp/lib/pkgconfig/pkg02_hellovscode_cpp.pc'
[2.898s] Level 1:colcon.colcon_core.environment:checking '/home/xiaofang/ROS2_WS/HelloWorld_cpp/install/pkg02_hellovscode_cpp/lib/python3.10/site-packages'
[2.898s] Level 1:colcon.colcon_core.environment:checking '/home/xiaofang/ROS2_WS/HelloWorld_cpp/install/pkg02_hellovscode_cpp/bin'
[2.898s] INFO:colcon.colcon_core.shell:Creating package script '/home/xiaofang/ROS2_WS/HelloWorld_cpp/install/pkg02_hellovscode_cpp/share/pkg02_hellovscode_cpp/package.ps1'
[2.898s] INFO:colcon.colcon_core.shell:Creating package descriptor '/home/xiaofang/ROS2_WS/HelloWorld_cpp/install/pkg02_hellovscode_cpp/share/pkg02_hellovscode_cpp/package.dsv'
[2.898s] INFO:colcon.colcon_core.shell:Creating package script '/home/xiaofang/ROS2_WS/HelloWorld_cpp/install/pkg02_hellovscode_cpp/share/pkg02_hellovscode_cpp/package.sh'
[2.898s] INFO:colcon.colcon_core.shell:Creating package script '/home/xiaofang/ROS2_WS/HelloWorld_cpp/install/pkg02_hellovscode_cpp/share/pkg02_hellovscode_cpp/package.bash'
[2.899s] INFO:colcon.colcon_core.shell:Creating package script '/home/xiaofang/ROS2_WS/HelloWorld_cpp/install/pkg02_hellovscode_cpp/share/pkg02_hellovscode_cpp/package.zsh'
[2.899s] Level 1:colcon.colcon_core.environment:create_file_with_runtime_dependencies(/home/xiaofang/ROS2_WS/HelloWorld_cpp/install/pkg02_hellovscode_cpp/share/colcon-core/packages/pkg02_hellovscode_cpp)
[2.899s] Level 1:colcon.colcon_core.environment:create_environment_scripts_only(pkg01_helloworld_cpp)
[2.899s] Level 1:colcon.colcon_core.environment:checking '/home/xiaofang/ROS2_WS/HelloWorld_cpp/install/pkg01_helloworld_cpp' for CMake module files
[2.900s] DEBUG:colcon.colcon_core.event_handler.log_command:Invoked command in '/home/xiaofang/ROS2_WS/HelloWorld_cpp/build/pkg01_helloworld_cpp' returned '0': CMAKE_PREFIX_PATH=/opt/ros/humble /usr/bin/cmake --install /home/xiaofang/ROS2_WS/HelloWorld_cpp/build/pkg01_helloworld_cpp
[2.900s] Level 1:colcon.colcon_core.environment:checking '/home/xiaofang/ROS2_WS/HelloWorld_cpp/install/pkg01_helloworld_cpp' for CMake config files
[2.900s] Level 1:colcon.colcon_core.shell:create_environment_hook('pkg01_helloworld_cpp', 'cmake_prefix_path')
[2.900s] INFO:colcon.colcon_core.shell:Creating environment hook '/home/xiaofang/ROS2_WS/HelloWorld_cpp/install/pkg01_helloworld_cpp/share/pkg01_helloworld_cpp/hook/cmake_prefix_path.ps1'
[2.901s] INFO:colcon.colcon_core.shell:Creating environment descriptor '/home/xiaofang/ROS2_WS/HelloWorld_cpp/install/pkg01_helloworld_cpp/share/pkg01_helloworld_cpp/hook/cmake_prefix_path.dsv'
[2.901s] INFO:colcon.colcon_core.shell:Creating environment hook '/home/xiaofang/ROS2_WS/HelloWorld_cpp/install/pkg01_helloworld_cpp/share/pkg01_helloworld_cpp/hook/cmake_prefix_path.sh'
[2.901s] Level 1:colcon.colcon_core.environment:checking '/home/xiaofang/ROS2_WS/HelloWorld_cpp/install/pkg01_helloworld_cpp/lib'
[2.901s] Level 1:colcon.colcon_core.environment:checking '/home/xiaofang/ROS2_WS/HelloWorld_cpp/install/pkg01_helloworld_cpp/bin'
[2.901s] Level 1:colcon.colcon_core.environment:checking '/home/xiaofang/ROS2_WS/HelloWorld_cpp/install/pkg01_helloworld_cpp/lib/pkgconfig/pkg01_helloworld_cpp.pc'
[2.901s] Level 1:colcon.colcon_core.environment:checking '/home/xiaofang/ROS2_WS/HelloWorld_cpp/install/pkg01_helloworld_cpp/lib/python3.10/site-packages'
[2.901s] Level 1:colcon.colcon_core.environment:checking '/home/xiaofang/ROS2_WS/HelloWorld_cpp/install/pkg01_helloworld_cpp/bin'
[2.901s] INFO:colcon.colcon_core.shell:Creating package script '/home/xiaofang/ROS2_WS/HelloWorld_cpp/install/pkg01_helloworld_cpp/share/pkg01_helloworld_cpp/package.ps1'
[2.902s] INFO:colcon.colcon_core.shell:Creating package descriptor '/home/xiaofang/ROS2_WS/HelloWorld_cpp/install/pkg01_helloworld_cpp/share/pkg01_helloworld_cpp/package.dsv'
[2.902s] INFO:colcon.colcon_core.shell:Creating package script '/home/xiaofang/ROS2_WS/HelloWorld_cpp/install/pkg01_helloworld_cpp/share/pkg01_helloworld_cpp/package.sh'
[2.902s] INFO:colcon.colcon_core.shell:Creating package script '/home/xiaofang/ROS2_WS/HelloWorld_cpp/install/pkg01_helloworld_cpp/share/pkg01_helloworld_cpp/package.bash'
[2.902s] INFO:colcon.colcon_core.shell:Creating package script '/home/xiaofang/ROS2_WS/HelloWorld_cpp/install/pkg01_helloworld_cpp/share/pkg01_helloworld_cpp/package.zsh'
[2.902s] Level 1:colcon.colcon_core.environment:create_file_with_runtime_dependencies(/home/xiaofang/ROS2_WS/HelloWorld_cpp/install/pkg01_helloworld_cpp/share/colcon-core/packages/pkg01_helloworld_cpp)
[2.903s] Level 1:colcon.colcon_core.environment:create_environment_scripts_only(pkg01_helloworld_cpp)
[2.903s] Level 1:colcon.colcon_core.environment:checking '/home/xiaofang/ROS2_WS/HelloWorld_cpp/install/pkg01_helloworld_cpp' for CMake module files
[2.903s] Level 1:colcon.colcon_core.environment:checking '/home/xiaofang/ROS2_WS/HelloWorld_cpp/install/pkg01_helloworld_cpp' for CMake config files
[2.903s] Level 1:colcon.colcon_core.shell:create_environment_hook('pkg01_helloworld_cpp', 'cmake_prefix_path')
[2.903s] INFO:colcon.colcon_core.shell:Creating environment hook '/home/xiaofang/ROS2_WS/HelloWorld_cpp/install/pkg01_helloworld_cpp/share/pkg01_helloworld_cpp/hook/cmake_prefix_path.ps1'
[2.903s] INFO:colcon.colcon_core.shell:Creating environment descriptor '/home/xiaofang/ROS2_WS/HelloWorld_cpp/install/pkg01_helloworld_cpp/share/pkg01_helloworld_cpp/hook/cmake_prefix_path.dsv'
[2.903s] INFO:colcon.colcon_core.shell:Creating environment hook '/home/xiaofang/ROS2_WS/HelloWorld_cpp/install/pkg01_helloworld_cpp/share/pkg01_helloworld_cpp/hook/cmake_prefix_path.sh'
[2.904s] Level 1:colcon.colcon_core.environment:checking '/home/xiaofang/ROS2_WS/HelloWorld_cpp/install/pkg01_helloworld_cpp/lib'
[2.904s] Level 1:colcon.colcon_core.environment:checking '/home/xiaofang/ROS2_WS/HelloWorld_cpp/install/pkg01_helloworld_cpp/bin'
[2.904s] Level 1:colcon.colcon_core.environment:checking '/home/xiaofang/ROS2_WS/HelloWorld_cpp/install/pkg01_helloworld_cpp/lib/pkgconfig/pkg01_helloworld_cpp.pc'
[2.904s] Level 1:colcon.colcon_core.environment:checking '/home/xiaofang/ROS2_WS/HelloWorld_cpp/install/pkg01_helloworld_cpp/lib/python3.10/site-packages'
[2.904s] Level 1:colcon.colcon_core.environment:checking '/home/xiaofang/ROS2_WS/HelloWorld_cpp/install/pkg01_helloworld_cpp/bin'
[2.904s] INFO:colcon.colcon_core.shell:Creating package script '/home/xiaofang/ROS2_WS/HelloWorld_cpp/install/pkg01_helloworld_cpp/share/pkg01_helloworld_cpp/package.ps1'
[2.904s] INFO:colcon.colcon_core.shell:Creating package descriptor '/home/xiaofang/ROS2_WS/HelloWorld_cpp/install/pkg01_helloworld_cpp/share/pkg01_helloworld_cpp/package.dsv'
[2.905s] INFO:colcon.colcon_core.shell:Creating package script '/home/xiaofang/ROS2_WS/HelloWorld_cpp/install/pkg01_helloworld_cpp/share/pkg01_helloworld_cpp/package.sh'
[2.905s] INFO:colcon.colcon_core.shell:Creating package script '/home/xiaofang/ROS2_WS/HelloWorld_cpp/install/pkg01_helloworld_cpp/share/pkg01_helloworld_cpp/package.bash'
[2.905s] INFO:colcon.colcon_core.shell:Creating package script '/home/xiaofang/ROS2_WS/HelloWorld_cpp/install/pkg01_helloworld_cpp/share/pkg01_helloworld_cpp/package.zsh'
[2.905s] Level 1:colcon.colcon_core.environment:create_file_with_runtime_dependencies(/home/xiaofang/ROS2_WS/HelloWorld_cpp/install/pkg01_helloworld_cpp/share/colcon-core/packages/pkg01_helloworld_cpp)
[2.905s] DEBUG:colcon.colcon_parallel_executor.executor.parallel:closing loop
[2.905s] DEBUG:colcon.colcon_parallel_executor.executor.parallel:loop closed
[2.905s] DEBUG:colcon.colcon_parallel_executor.executor.parallel:run_until_complete finished with '0'
[2.905s] DEBUG:colcon.colcon_core.event_reactor:joining thread
[2.910s] INFO:colcon.colcon_core.plugin_system:Skipping extension 'colcon_notification.desktop_notification.notify_send': Could not find 'notify-send'
[2.910s] INFO:colcon.colcon_core.plugin_system:Skipping extension 'colcon_notification.desktop_notification.terminal_notifier': Not used on non-Darwin systems
[2.910s] INFO:colcon.colcon_core.plugin_system:Skipping extension 'colcon_notification.desktop_notification.win32': Not used on non-Windows systems
[2.910s] INFO:colcon.colcon_notification.desktop_notification:Sending desktop notification using 'notify2'
[2.913s] DEBUG:colcon.colcon_notification.desktop_notification.notify2:Failed to initialize notify2: org.freedesktop.DBus.Error.Spawn.ExecFailed: /usr/bin/dbus-launch terminated abnormally without any error message
[2.913s] DEBUG:colcon.colcon_core.event_reactor:joined thread
[2.913s] INFO:colcon.colcon_core.shell:Creating prefix script '/home/xiaofang/ROS2_WS/HelloWorld_cpp/install/local_setup.ps1'
[2.914s] INFO:colcon.colcon_core.shell:Creating prefix util module '/home/xiaofang/ROS2_WS/HelloWorld_cpp/install/_local_setup_util_ps1.py'
[2.915s] INFO:colcon.colcon_core.shell:Creating prefix chain script '/home/xiaofang/ROS2_WS/HelloWorld_cpp/install/setup.ps1'
[2.916s] INFO:colcon.colcon_core.shell:Creating prefix script '/home/xiaofang/ROS2_WS/HelloWorld_cpp/install/local_setup.sh'
[2.916s] INFO:colcon.colcon_core.shell:Creating prefix util module '/home/xiaofang/ROS2_WS/HelloWorld_cpp/install/_local_setup_util_sh.py'
[2.917s] INFO:colcon.colcon_core.shell:Creating prefix chain script '/home/xiaofang/ROS2_WS/HelloWorld_cpp/install/setup.sh'
[2.917s] INFO:colcon.colcon_core.shell:Creating prefix script '/home/xiaofang/ROS2_WS/HelloWorld_cpp/install/local_setup.bash'
[2.918s] INFO:colcon.colcon_core.shell:Creating prefix chain script '/home/xiaofang/ROS2_WS/HelloWorld_cpp/install/setup.bash'
[2.918s] INFO:colcon.colcon_core.shell:Creating prefix script '/home/xiaofang/ROS2_WS/HelloWorld_cpp/install/local_setup.zsh'
[2.919s] INFO:colcon.colcon_core.shell:Creating prefix chain script '/home/xiaofang/ROS2_WS/HelloWorld_cpp/install/setup.zsh'
