[0.012s] Invoking command in '/home/xiaofang/ROS2_WS/ws01_plumbing/build/base_interfaces_demo': CMAKE_PREFIX_PATH=${CMAKE_PREFIX_PATH}:/opt/ros/humble /usr/bin/cmake --build /home/xiaofang/ROS2_WS/ws01_plumbing/build/base_interfaces_demo -- -j20 -l20
[0.040s] -- Found ament_cmake: 1.3.11 (/opt/ros/humble/share/ament_cmake/cmake)
[0.140s] -- Found ament_lint_auto: 0.12.11 (/opt/ros/humble/share/ament_lint_auto/cmake)
[0.188s] -- Configuring done
[0.190s] -- Generating done
[0.191s] -- Build files have been written to: /home/xiaofang/ROS2_WS/ws01_plumbing/build/base_interfaces_demo
[0.209s] Invoked command in '/home/xiaofang/ROS2_WS/ws01_plumbing/build/base_interfaces_demo' returned '0': CMAKE_PREFIX_PATH=${CMAKE_PREFIX_PATH}:/opt/ros/humble /usr/bin/cmake --build /home/xiaofang/ROS2_WS/ws01_plumbing/build/base_interfaces_demo -- -j20 -l20
[0.216s] Invoking command in '/home/xiaofang/ROS2_WS/ws01_plumbing/build/base_interfaces_demo': CMAKE_PREFIX_PATH=${CMAKE_PREFIX_PATH}:/opt/ros/humble /usr/bin/cmake --install /home/xiaofang/ROS2_WS/ws01_plumbing/build/base_interfaces_demo
[0.223s] -- Install configuration: ""
[0.224s] -- Installing: /home/xiaofang/ROS2_WS/ws01_plumbing/install/base_interfaces_demo/share/ament_index/resource_index/package_run_dependencies/base_interfaces_demo
[0.224s] -- Installing: /home/xiaofang/ROS2_WS/ws01_plumbing/install/base_interfaces_demo/share/ament_index/resource_index/parent_prefix_path/base_interfaces_demo
[0.224s] -- Up-to-date: /home/xiaofang/ROS2_WS/ws01_plumbing/install/base_interfaces_demo/share/base_interfaces_demo/environment/ament_prefix_path.sh
[0.224s] -- Installing: /home/xiaofang/ROS2_WS/ws01_plumbing/install/base_interfaces_demo/share/base_interfaces_demo/environment/ament_prefix_path.dsv
[0.224s] -- Up-to-date: /home/xiaofang/ROS2_WS/ws01_plumbing/install/base_interfaces_demo/share/base_interfaces_demo/environment/path.sh
[0.224s] -- Installing: /home/xiaofang/ROS2_WS/ws01_plumbing/install/base_interfaces_demo/share/base_interfaces_demo/environment/path.dsv
[0.224s] -- Up-to-date: /home/xiaofang/ROS2_WS/ws01_plumbing/install/base_interfaces_demo/share/base_interfaces_demo/local_setup.bash
[0.225s] -- Up-to-date: /home/xiaofang/ROS2_WS/ws01_plumbing/install/base_interfaces_demo/share/base_interfaces_demo/local_setup.sh
[0.225s] -- Up-to-date: /home/xiaofang/ROS2_WS/ws01_plumbing/install/base_interfaces_demo/share/base_interfaces_demo/local_setup.zsh
[0.225s] -- Installing: /home/xiaofang/ROS2_WS/ws01_plumbing/install/base_interfaces_demo/share/base_interfaces_demo/local_setup.dsv
[0.225s] -- Installing: /home/xiaofang/ROS2_WS/ws01_plumbing/install/base_interfaces_demo/share/base_interfaces_demo/package.dsv
[0.225s] -- Up-to-date: /home/xiaofang/ROS2_WS/ws01_plumbing/install/base_interfaces_demo/share/ament_index/resource_index/packages/base_interfaces_demo
[0.225s] -- Up-to-date: /home/xiaofang/ROS2_WS/ws01_plumbing/install/base_interfaces_demo/share/base_interfaces_demo/cmake/base_interfaces_demoConfig.cmake
[0.225s] -- Up-to-date: /home/xiaofang/ROS2_WS/ws01_plumbing/install/base_interfaces_demo/share/base_interfaces_demo/cmake/base_interfaces_demoConfig-version.cmake
[0.225s] -- Installing: /home/xiaofang/ROS2_WS/ws01_plumbing/install/base_interfaces_demo/share/base_interfaces_demo/package.xml
[0.227s] Invoked command in '/home/xiaofang/ROS2_WS/ws01_plumbing/build/base_interfaces_demo' returned '0': CMAKE_PREFIX_PATH=${CMAKE_PREFIX_PATH}:/opt/ros/humble /usr/bin/cmake --install /home/xiaofang/ROS2_WS/ws01_plumbing/build/base_interfaces_demo
