[0.006s] Invoking command in '/home/xiaofang/ROS2_WS/ws02_tool/build/cpp05_exercise': CMAKE_PREFIX_PATH=${CMAKE_PREFIX_PATH}:/opt/cv_bridge_fix_link-humble/install/opencv_tests:/opt/ros/humble /usr/bin/cmake /home/xiaofang/ROS2_WS/ws02_tool/src/cpp05_exercise -DCMAKE_EXPORT_COMPILE_COMMANDS=ON -DCMAKE_INSTALL_PREFIX=/home/xiaofang/ROS2_WS/ws02_tool/install/cpp05_exercise
[0.053s] -- The C compiler identification is GNU 11.4.0
[0.088s] -- The CXX compiler identification is GNU 11.4.0
[0.094s] -- Detecting C compiler ABI info
[0.139s] -- Detecting C compiler ABI info - done
[0.143s] -- Check for working C compiler: /usr/bin/cc - skipped
[0.144s] -- Detecting C compile features
[0.144s] -- Detecting C compile features - done
[0.147s] -- Detecting CXX compiler ABI info
[0.199s] -- Detecting CXX compiler ABI info - done
[0.203s] -- Check for working CXX compiler: /usr/bin/c++ - skipped
[0.203s] -- Detecting CXX compile features
[0.204s] -- Detecting CXX compile features - done
[0.207s] -- Found ament_cmake: 1.3.11 (/opt/ros/humble/share/ament_cmake/cmake)
[0.309s] -- Found Python3: /usr/bin/python3 (found version "3.10.12") found components: Interpreter 
[0.371s] -- Found rclcpp: 16.0.12 (/opt/ros/humble/share/rclcpp/cmake)
[0.402s] -- Found rosidl_generator_c: 3.1.6 (/opt/ros/humble/share/rosidl_generator_c/cmake)
[0.405s] -- Found rosidl_adapter: 3.1.6 (/opt/ros/humble/share/rosidl_adapter/cmake)
[0.412s] -- Found rosidl_generator_cpp: 3.1.6 (/opt/ros/humble/share/rosidl_generator_cpp/cmake)
[0.421s] -- Using all available rosidl_typesupport_c: rosidl_typesupport_fastrtps_c;rosidl_typesupport_introspection_c
[0.433s] -- Using all available rosidl_typesupport_cpp: rosidl_typesupport_fastrtps_cpp;rosidl_typesupport_introspection_cpp
[0.465s] -- Found rmw_implementation_cmake: 6.1.2 (/opt/ros/humble/share/rmw_implementation_cmake/cmake)
[0.467s] -- Found rmw_fastrtps_cpp: 6.2.7 (/opt/ros/humble/share/rmw_fastrtps_cpp/cmake)
[0.535s] -- Found OpenSSL: /usr/lib/x86_64-linux-gnu/libcrypto.so (found version "3.0.2")  
[0.558s] -- Found FastRTPS: /opt/ros/humble/include  
[0.589s] -- Using RMW implementation 'rmw_fastrtps_cpp' as default
[0.596s] -- Looking for pthread.h
[0.642s] -- Looking for pthread.h - found
[0.643s] -- Performing Test CMAKE_HAVE_LIBC_PTHREAD
[0.690s] -- Performing Test CMAKE_HAVE_LIBC_PTHREAD - Success
[0.691s] -- Found Threads: TRUE  
[0.727s] -- Found tf2: 0.25.12 (/opt/ros/humble/share/tf2/cmake)
[0.744s] -- Found tf2_ros: 0.25.12 (/opt/ros/humble/share/tf2_ros/cmake)
[0.804s] -- Found turtlesim: 1.4.2 (/opt/ros/humble/share/turtlesim/cmake)
[0.817s] -- Found ament_lint_auto: 0.12.12 (/opt/ros/humble/share/ament_lint_auto/cmake)
[0.869s] -- Added test 'cppcheck' to perform static code analysis on C / C++ code
[0.869s] -- Configured cppcheck include dirs: $<BUILD_INTERFACE:/home/xiaofang/ROS2_WS/ws02_tool/src/cpp05_exercise/include>
[0.869s] -- Configured cppcheck exclude dirs and/or files: 
[0.869s] -- Added test 'lint_cmake' to check CMake code style
[0.870s] -- Added test 'uncrustify' to check C / C++ code style
[0.870s] -- Configured uncrustify additional arguments: 
[0.871s] -- Added test 'xmllint' to check XML markup files
[0.872s] -- Configuring done
[0.881s] -- Generating done
[0.885s] -- Build files have been written to: /home/xiaofang/ROS2_WS/ws02_tool/build/cpp05_exercise
[0.891s] Invoked command in '/home/xiaofang/ROS2_WS/ws02_tool/build/cpp05_exercise' returned '0': CMAKE_PREFIX_PATH=${CMAKE_PREFIX_PATH}:/opt/cv_bridge_fix_link-humble/install/opencv_tests:/opt/ros/humble /usr/bin/cmake /home/xiaofang/ROS2_WS/ws02_tool/src/cpp05_exercise -DCMAKE_EXPORT_COMPILE_COMMANDS=ON -DCMAKE_INSTALL_PREFIX=/home/xiaofang/ROS2_WS/ws02_tool/install/cpp05_exercise
[0.892s] Invoking command in '/home/xiaofang/ROS2_WS/ws02_tool/build/cpp05_exercise': CMAKE_PREFIX_PATH=${CMAKE_PREFIX_PATH}:/opt/cv_bridge_fix_link-humble/install/opencv_tests:/opt/ros/humble /usr/bin/cmake --build /home/xiaofang/ROS2_WS/ws02_tool/build/cpp05_exercise -- -j20 -l20
[0.926s] [ 33%] [32mBuilding CXX object CMakeFiles/exer03_tf_listener.dir/src/exer03_tf_listener.cpp.o[0m
[0.926s] [ 33%] [32mBuilding CXX object CMakeFiles/exer02_tf_broadcaster.dir/src/exer02_tf_broadcaster.cpp.o[0m
[0.926s] [ 50%] [32mBuilding CXX object CMakeFiles/exer01_spawn.dir/src/exer01_spawn.cpp.o[0m
[0.949s] [ 66%] [32m[1mLinking CXX executable exer01_spawn[0m
[1.018s] [ 66%] Built target exer01_spawn
[2.389s] [ 83%] [32m[1mLinking CXX executable exer02_tf_broadcaster[0m
[2.400s] [100%] [32m[1mLinking CXX executable exer03_tf_listener[0m
[2.461s] [100%] Built target exer02_tf_broadcaster
[2.471s] [100%] Built target exer03_tf_listener
[2.479s] Invoked command in '/home/xiaofang/ROS2_WS/ws02_tool/build/cpp05_exercise' returned '0': CMAKE_PREFIX_PATH=${CMAKE_PREFIX_PATH}:/opt/cv_bridge_fix_link-humble/install/opencv_tests:/opt/ros/humble /usr/bin/cmake --build /home/xiaofang/ROS2_WS/ws02_tool/build/cpp05_exercise -- -j20 -l20
[2.484s] Invoking command in '/home/xiaofang/ROS2_WS/ws02_tool/build/cpp05_exercise': CMAKE_PREFIX_PATH=${CMAKE_PREFIX_PATH}:/opt/cv_bridge_fix_link-humble/install/opencv_tests:/opt/ros/humble /usr/bin/cmake --install /home/xiaofang/ROS2_WS/ws02_tool/build/cpp05_exercise
[2.487s] -- Install configuration: ""
[2.487s] -- Installing: /home/xiaofang/ROS2_WS/ws02_tool/install/cpp05_exercise/lib/cpp05_exercise/exer01_spawn
[2.487s] -- Set runtime path of "/home/xiaofang/ROS2_WS/ws02_tool/install/cpp05_exercise/lib/cpp05_exercise/exer01_spawn" to ""
[2.487s] -- Installing: /home/xiaofang/ROS2_WS/ws02_tool/install/cpp05_exercise/lib/cpp05_exercise/exer02_tf_broadcaster
[2.488s] -- Set runtime path of "/home/xiaofang/ROS2_WS/ws02_tool/install/cpp05_exercise/lib/cpp05_exercise/exer02_tf_broadcaster" to ""
[2.488s] -- Installing: /home/xiaofang/ROS2_WS/ws02_tool/install/cpp05_exercise/lib/cpp05_exercise/exer03_tf_listener
[2.488s] -- Set runtime path of "/home/xiaofang/ROS2_WS/ws02_tool/install/cpp05_exercise/lib/cpp05_exercise/exer03_tf_listener" to ""
[2.488s] -- Installing: /home/xiaofang/ROS2_WS/ws02_tool/install/cpp05_exercise/share/cpp05_exercise/launch
[2.488s] -- Installing: /home/xiaofang/ROS2_WS/ws02_tool/install/cpp05_exercise/share/cpp05_exercise/launch/py
[2.488s] -- Installing: /home/xiaofang/ROS2_WS/ws02_tool/install/cpp05_exercise/share/cpp05_exercise/launch/xml
[2.488s] -- Installing: /home/xiaofang/ROS2_WS/ws02_tool/install/cpp05_exercise/share/cpp05_exercise/launch/yaml
[2.488s] -- Installing: /home/xiaofang/ROS2_WS/ws02_tool/install/cpp05_exercise/share/ament_index/resource_index/package_run_dependencies/cpp05_exercise
[2.488s] -- Installing: /home/xiaofang/ROS2_WS/ws02_tool/install/cpp05_exercise/share/ament_index/resource_index/parent_prefix_path/cpp05_exercise
[2.488s] -- Installing: /home/xiaofang/ROS2_WS/ws02_tool/install/cpp05_exercise/share/cpp05_exercise/environment/ament_prefix_path.sh
[2.488s] -- Installing: /home/xiaofang/ROS2_WS/ws02_tool/install/cpp05_exercise/share/cpp05_exercise/environment/ament_prefix_path.dsv
[2.488s] -- Installing: /home/xiaofang/ROS2_WS/ws02_tool/install/cpp05_exercise/share/cpp05_exercise/environment/path.sh
[2.488s] -- Installing: /home/xiaofang/ROS2_WS/ws02_tool/install/cpp05_exercise/share/cpp05_exercise/environment/path.dsv
[2.488s] -- Installing: /home/xiaofang/ROS2_WS/ws02_tool/install/cpp05_exercise/share/cpp05_exercise/local_setup.bash
[2.488s] -- Installing: /home/xiaofang/ROS2_WS/ws02_tool/install/cpp05_exercise/share/cpp05_exercise/local_setup.sh
[2.489s] -- Installing: /home/xiaofang/ROS2_WS/ws02_tool/install/cpp05_exercise/share/cpp05_exercise/local_setup.zsh
[2.489s] -- Installing: /home/xiaofang/ROS2_WS/ws02_tool/install/cpp05_exercise/share/cpp05_exercise/local_setup.dsv
[2.489s] -- Installing: /home/xiaofang/ROS2_WS/ws02_tool/install/cpp05_exercise/share/cpp05_exercise/package.dsv
[2.489s] -- Installing: /home/xiaofang/ROS2_WS/ws02_tool/install/cpp05_exercise/share/ament_index/resource_index/packages/cpp05_exercise
[2.489s] -- Installing: /home/xiaofang/ROS2_WS/ws02_tool/install/cpp05_exercise/share/cpp05_exercise/cmake/cpp05_exerciseConfig.cmake
[2.489s] -- Installing: /home/xiaofang/ROS2_WS/ws02_tool/install/cpp05_exercise/share/cpp05_exercise/cmake/cpp05_exerciseConfig-version.cmake
[2.489s] -- Installing: /home/xiaofang/ROS2_WS/ws02_tool/install/cpp05_exercise/share/cpp05_exercise/package.xml
[2.490s] Invoked command in '/home/xiaofang/ROS2_WS/ws02_tool/build/cpp05_exercise' returned '0': CMAKE_PREFIX_PATH=${CMAKE_PREFIX_PATH}:/opt/cv_bridge_fix_link-humble/install/opencv_tests:/opt/ros/humble /usr/bin/cmake --install /home/xiaofang/ROS2_WS/ws02_tool/build/cpp05_exercise
