[0.118s] DEBUG:colcon:Command line arguments: ['/usr/bin/colcon', 'build']
[0.118s] DEBUG:colcon:Parsed command line arguments: Namespace(log_base=None, log_level=None, verb_name='build', build_base='build', install_base='install', merge_install=False, symlink_install=False, test_result_base=None, continue_on_error=False, executor='parallel', parallel_workers=20, event_handlers=None, ignore_user_meta=False, metas=['./colcon.meta'], base_paths=['.'], packages_ignore=None, packages_ignore_regex=None, paths=None, packages_up_to=None, packages_up_to_regex=None, packages_above=None, packages_above_and_dependencies=None, packages_above_depth=None, packages_select_by_dep=None, packages_skip_by_dep=None, packages_skip_up_to=None, packages_select_build_failed=False, packages_skip_build_finished=False, packages_select_test_failures=False, packages_skip_test_passed=False, packages_select=None, packages_skip=None, packages_select_regex=None, packages_skip_regex=None, packages_start=None, packages_end=None, allow_overriding=[], cmake_args=['-DCMAKE_EXPORT_COMPILE_COMMANDS=ON'], cmake_target=None, cmake_target_skip_unavailable=False, cmake_clean_cache=False, cmake_clean_first=False, cmake_force_configure=False, ament_cmake_args=None, catkin_cmake_args=None, catkin_skip_building_tests=False, mixin_files=None, mixin=None, verb_parser=<colcon_mixin.mixin.mixin_argument.MixinArgumentDecorator object at 0x7fe55f639e40>, verb_extension=<colcon_core.verb.build.BuildVerb object at 0x7fe55f6397e0>, main=<bound method BuildVerb.main of <colcon_core.verb.build.BuildVerb object at 0x7fe55f6397e0>>, mixin_verb=('build',))
[0.246s] Level 1:colcon.colcon_core.package_discovery:discover_packages(colcon_meta) check parameters
[0.246s] Level 1:colcon.colcon_core.package_discovery:discover_packages(recursive) check parameters
[0.246s] Level 1:colcon.colcon_core.package_discovery:discover_packages(ignore) check parameters
[0.246s] Level 1:colcon.colcon_core.package_discovery:discover_packages(path) check parameters
[0.246s] Level 1:colcon.colcon_core.package_discovery:discover_packages(colcon_meta) discover
[0.246s] Level 1:colcon.colcon_core.package_discovery:discover_packages(recursive) discover
[0.246s] INFO:colcon.colcon_core.package_discovery:Crawling recursively for packages in '/home/xiaofang/ROS2_WS/ws03_nav_sim'
[0.246s] Level 1:colcon.colcon_core.package_identification:_identify(.) by extensions ['ignore', 'ignore_ament_install']
[0.246s] Level 1:colcon.colcon_core.package_identification:_identify(.) by extension 'ignore'
[0.246s] Level 1:colcon.colcon_core.package_identification:_identify(.) by extension 'ignore_ament_install'
[0.246s] Level 1:colcon.colcon_core.package_identification:_identify(.) by extensions ['colcon_pkg']
[0.246s] Level 1:colcon.colcon_core.package_identification:_identify(.) by extension 'colcon_pkg'
[0.246s] Level 1:colcon.colcon_core.package_identification:_identify(.) by extensions ['colcon_meta']
[0.246s] Level 1:colcon.colcon_core.package_identification:_identify(.) by extension 'colcon_meta'
[0.246s] Level 1:colcon.colcon_core.package_identification:_identify(.) by extensions ['ros']
[0.246s] Level 1:colcon.colcon_core.package_identification:_identify(.) by extension 'ros'
[0.255s] Level 1:colcon.colcon_core.package_identification:_identify(.) by extensions ['cmake', 'python']
[0.255s] Level 1:colcon.colcon_core.package_identification:_identify(.) by extension 'cmake'
[0.255s] Level 1:colcon.colcon_core.package_identification:_identify(.) by extension 'python'
[0.255s] Level 1:colcon.colcon_core.package_identification:_identify(.) by extensions ['python_setup_py']
[0.255s] Level 1:colcon.colcon_core.package_identification:_identify(.) by extension 'python_setup_py'
[0.255s] Level 1:colcon.colcon_core.package_identification:_identify(build) by extensions ['ignore', 'ignore_ament_install']
[0.255s] Level 1:colcon.colcon_core.package_identification:_identify(build) by extension 'ignore'
[0.255s] Level 1:colcon.colcon_core.package_identification:_identify(build) ignored
[0.255s] Level 1:colcon.colcon_core.package_identification:_identify(ign_models) by extensions ['ignore', 'ignore_ament_install']
[0.255s] Level 1:colcon.colcon_core.package_identification:_identify(ign_models) by extension 'ignore'
[0.255s] Level 1:colcon.colcon_core.package_identification:_identify(ign_models) by extension 'ignore_ament_install'
[0.255s] Level 1:colcon.colcon_core.package_identification:_identify(ign_models) by extensions ['colcon_pkg']
[0.255s] Level 1:colcon.colcon_core.package_identification:_identify(ign_models) by extension 'colcon_pkg'
[0.255s] Level 1:colcon.colcon_core.package_identification:_identify(ign_models) by extensions ['colcon_meta']
[0.255s] Level 1:colcon.colcon_core.package_identification:_identify(ign_models) by extension 'colcon_meta'
[0.255s] Level 1:colcon.colcon_core.package_identification:_identify(ign_models) by extensions ['ros']
[0.255s] Level 1:colcon.colcon_core.package_identification:_identify(ign_models) by extension 'ros'
[0.255s] Level 1:colcon.colcon_core.package_identification:_identify(ign_models) by extensions ['cmake', 'python']
[0.255s] Level 1:colcon.colcon_core.package_identification:_identify(ign_models) by extension 'cmake'
[0.255s] Level 1:colcon.colcon_core.package_identification:_identify(ign_models) by extension 'python'
[0.255s] Level 1:colcon.colcon_core.package_identification:_identify(ign_models) by extensions ['python_setup_py']
[0.255s] Level 1:colcon.colcon_core.package_identification:_identify(ign_models) by extension 'python_setup_py'
[0.255s] Level 1:colcon.colcon_core.package_identification:_identify(ign_models/Desk) by extensions ['ignore', 'ignore_ament_install']
[0.255s] Level 1:colcon.colcon_core.package_identification:_identify(ign_models/Desk) by extension 'ignore'
[0.255s] Level 1:colcon.colcon_core.package_identification:_identify(ign_models/Desk) by extension 'ignore_ament_install'
[0.256s] Level 1:colcon.colcon_core.package_identification:_identify(ign_models/Desk) by extensions ['colcon_pkg']
[0.256s] Level 1:colcon.colcon_core.package_identification:_identify(ign_models/Desk) by extension 'colcon_pkg'
[0.256s] Level 1:colcon.colcon_core.package_identification:_identify(ign_models/Desk) by extensions ['colcon_meta']
[0.256s] Level 1:colcon.colcon_core.package_identification:_identify(ign_models/Desk) by extension 'colcon_meta'
[0.256s] Level 1:colcon.colcon_core.package_identification:_identify(ign_models/Desk) by extensions ['ros']
[0.256s] Level 1:colcon.colcon_core.package_identification:_identify(ign_models/Desk) by extension 'ros'
[0.256s] Level 1:colcon.colcon_core.package_identification:_identify(ign_models/Desk) by extensions ['cmake', 'python']
[0.256s] Level 1:colcon.colcon_core.package_identification:_identify(ign_models/Desk) by extension 'cmake'
[0.256s] Level 1:colcon.colcon_core.package_identification:_identify(ign_models/Desk) by extension 'python'
[0.256s] Level 1:colcon.colcon_core.package_identification:_identify(ign_models/Desk) by extensions ['python_setup_py']
[0.256s] Level 1:colcon.colcon_core.package_identification:_identify(ign_models/Desk) by extension 'python_setup_py'
[0.256s] Level 1:colcon.colcon_core.package_identification:_identify(ign_models/Desk/meshes) by extensions ['ignore', 'ignore_ament_install']
[0.256s] Level 1:colcon.colcon_core.package_identification:_identify(ign_models/Desk/meshes) by extension 'ignore'
[0.256s] Level 1:colcon.colcon_core.package_identification:_identify(ign_models/Desk/meshes) by extension 'ignore_ament_install'
[0.256s] Level 1:colcon.colcon_core.package_identification:_identify(ign_models/Desk/meshes) by extensions ['colcon_pkg']
[0.256s] Level 1:colcon.colcon_core.package_identification:_identify(ign_models/Desk/meshes) by extension 'colcon_pkg'
[0.256s] Level 1:colcon.colcon_core.package_identification:_identify(ign_models/Desk/meshes) by extensions ['colcon_meta']
[0.256s] Level 1:colcon.colcon_core.package_identification:_identify(ign_models/Desk/meshes) by extension 'colcon_meta'
[0.256s] Level 1:colcon.colcon_core.package_identification:_identify(ign_models/Desk/meshes) by extensions ['ros']
[0.256s] Level 1:colcon.colcon_core.package_identification:_identify(ign_models/Desk/meshes) by extension 'ros'
[0.256s] Level 1:colcon.colcon_core.package_identification:_identify(ign_models/Desk/meshes) by extensions ['cmake', 'python']
[0.256s] Level 1:colcon.colcon_core.package_identification:_identify(ign_models/Desk/meshes) by extension 'cmake'
[0.256s] Level 1:colcon.colcon_core.package_identification:_identify(ign_models/Desk/meshes) by extension 'python'
[0.256s] Level 1:colcon.colcon_core.package_identification:_identify(ign_models/Desk/meshes) by extensions ['python_setup_py']
[0.256s] Level 1:colcon.colcon_core.package_identification:_identify(ign_models/Desk/meshes) by extension 'python_setup_py'
[0.256s] Level 1:colcon.colcon_core.package_identification:_identify(ign_models/Desk/thumbnails) by extensions ['ignore', 'ignore_ament_install']
[0.256s] Level 1:colcon.colcon_core.package_identification:_identify(ign_models/Desk/thumbnails) by extension 'ignore'
[0.256s] Level 1:colcon.colcon_core.package_identification:_identify(ign_models/Desk/thumbnails) by extension 'ignore_ament_install'
[0.256s] Level 1:colcon.colcon_core.package_identification:_identify(ign_models/Desk/thumbnails) by extensions ['colcon_pkg']
[0.256s] Level 1:colcon.colcon_core.package_identification:_identify(ign_models/Desk/thumbnails) by extension 'colcon_pkg'
[0.256s] Level 1:colcon.colcon_core.package_identification:_identify(ign_models/Desk/thumbnails) by extensions ['colcon_meta']
[0.256s] Level 1:colcon.colcon_core.package_identification:_identify(ign_models/Desk/thumbnails) by extension 'colcon_meta'
[0.256s] Level 1:colcon.colcon_core.package_identification:_identify(ign_models/Desk/thumbnails) by extensions ['ros']
[0.256s] Level 1:colcon.colcon_core.package_identification:_identify(ign_models/Desk/thumbnails) by extension 'ros'
[0.256s] Level 1:colcon.colcon_core.package_identification:_identify(ign_models/Desk/thumbnails) by extensions ['cmake', 'python']
[0.256s] Level 1:colcon.colcon_core.package_identification:_identify(ign_models/Desk/thumbnails) by extension 'cmake'
[0.256s] Level 1:colcon.colcon_core.package_identification:_identify(ign_models/Desk/thumbnails) by extension 'python'
[0.256s] Level 1:colcon.colcon_core.package_identification:_identify(ign_models/Desk/thumbnails) by extensions ['python_setup_py']
[0.256s] Level 1:colcon.colcon_core.package_identification:_identify(ign_models/Desk/thumbnails) by extension 'python_setup_py'
[0.257s] Level 1:colcon.colcon_core.package_identification:_identify(ign_models/NormalBed) by extensions ['ignore', 'ignore_ament_install']
[0.257s] Level 1:colcon.colcon_core.package_identification:_identify(ign_models/NormalBed) by extension 'ignore'
[0.257s] Level 1:colcon.colcon_core.package_identification:_identify(ign_models/NormalBed) by extension 'ignore_ament_install'
[0.257s] Level 1:colcon.colcon_core.package_identification:_identify(ign_models/NormalBed) by extensions ['colcon_pkg']
[0.257s] Level 1:colcon.colcon_core.package_identification:_identify(ign_models/NormalBed) by extension 'colcon_pkg'
[0.257s] Level 1:colcon.colcon_core.package_identification:_identify(ign_models/NormalBed) by extensions ['colcon_meta']
[0.257s] Level 1:colcon.colcon_core.package_identification:_identify(ign_models/NormalBed) by extension 'colcon_meta'
[0.257s] Level 1:colcon.colcon_core.package_identification:_identify(ign_models/NormalBed) by extensions ['ros']
[0.257s] Level 1:colcon.colcon_core.package_identification:_identify(ign_models/NormalBed) by extension 'ros'
[0.257s] Level 1:colcon.colcon_core.package_identification:_identify(ign_models/NormalBed) by extensions ['cmake', 'python']
[0.257s] Level 1:colcon.colcon_core.package_identification:_identify(ign_models/NormalBed) by extension 'cmake'
[0.257s] Level 1:colcon.colcon_core.package_identification:_identify(ign_models/NormalBed) by extension 'python'
[0.257s] Level 1:colcon.colcon_core.package_identification:_identify(ign_models/NormalBed) by extensions ['python_setup_py']
[0.257s] Level 1:colcon.colcon_core.package_identification:_identify(ign_models/NormalBed) by extension 'python_setup_py'
[0.257s] Level 1:colcon.colcon_core.package_identification:_identify(ign_models/NormalBed/meshes) by extensions ['ignore', 'ignore_ament_install']
[0.257s] Level 1:colcon.colcon_core.package_identification:_identify(ign_models/NormalBed/meshes) by extension 'ignore'
[0.257s] Level 1:colcon.colcon_core.package_identification:_identify(ign_models/NormalBed/meshes) by extension 'ignore_ament_install'
[0.257s] Level 1:colcon.colcon_core.package_identification:_identify(ign_models/NormalBed/meshes) by extensions ['colcon_pkg']
[0.257s] Level 1:colcon.colcon_core.package_identification:_identify(ign_models/NormalBed/meshes) by extension 'colcon_pkg'
[0.257s] Level 1:colcon.colcon_core.package_identification:_identify(ign_models/NormalBed/meshes) by extensions ['colcon_meta']
[0.257s] Level 1:colcon.colcon_core.package_identification:_identify(ign_models/NormalBed/meshes) by extension 'colcon_meta'
[0.257s] Level 1:colcon.colcon_core.package_identification:_identify(ign_models/NormalBed/meshes) by extensions ['ros']
[0.257s] Level 1:colcon.colcon_core.package_identification:_identify(ign_models/NormalBed/meshes) by extension 'ros'
[0.257s] Level 1:colcon.colcon_core.package_identification:_identify(ign_models/NormalBed/meshes) by extensions ['cmake', 'python']
[0.257s] Level 1:colcon.colcon_core.package_identification:_identify(ign_models/NormalBed/meshes) by extension 'cmake'
[0.257s] Level 1:colcon.colcon_core.package_identification:_identify(ign_models/NormalBed/meshes) by extension 'python'
[0.257s] Level 1:colcon.colcon_core.package_identification:_identify(ign_models/NormalBed/meshes) by extensions ['python_setup_py']
[0.257s] Level 1:colcon.colcon_core.package_identification:_identify(ign_models/NormalBed/meshes) by extension 'python_setup_py'
[0.257s] Level 1:colcon.colcon_core.package_identification:_identify(ign_models/NormalBed/thumbnails) by extensions ['ignore', 'ignore_ament_install']
[0.257s] Level 1:colcon.colcon_core.package_identification:_identify(ign_models/NormalBed/thumbnails) by extension 'ignore'
[0.257s] Level 1:colcon.colcon_core.package_identification:_identify(ign_models/NormalBed/thumbnails) by extension 'ignore_ament_install'
[0.257s] Level 1:colcon.colcon_core.package_identification:_identify(ign_models/NormalBed/thumbnails) by extensions ['colcon_pkg']
[0.257s] Level 1:colcon.colcon_core.package_identification:_identify(ign_models/NormalBed/thumbnails) by extension 'colcon_pkg'
[0.257s] Level 1:colcon.colcon_core.package_identification:_identify(ign_models/NormalBed/thumbnails) by extensions ['colcon_meta']
[0.257s] Level 1:colcon.colcon_core.package_identification:_identify(ign_models/NormalBed/thumbnails) by extension 'colcon_meta'
[0.257s] Level 1:colcon.colcon_core.package_identification:_identify(ign_models/NormalBed/thumbnails) by extensions ['ros']
[0.257s] Level 1:colcon.colcon_core.package_identification:_identify(ign_models/NormalBed/thumbnails) by extension 'ros'
[0.257s] Level 1:colcon.colcon_core.package_identification:_identify(ign_models/NormalBed/thumbnails) by extensions ['cmake', 'python']
[0.258s] Level 1:colcon.colcon_core.package_identification:_identify(ign_models/NormalBed/thumbnails) by extension 'cmake'
[0.258s] Level 1:colcon.colcon_core.package_identification:_identify(ign_models/NormalBed/thumbnails) by extension 'python'
[0.258s] Level 1:colcon.colcon_core.package_identification:_identify(ign_models/NormalBed/thumbnails) by extensions ['python_setup_py']
[0.258s] Level 1:colcon.colcon_core.package_identification:_identify(ign_models/NormalBed/thumbnails) by extension 'python_setup_py'
[0.258s] Level 1:colcon.colcon_core.package_identification:_identify(ign_models/Reflective table) by extensions ['ignore', 'ignore_ament_install']
[0.258s] Level 1:colcon.colcon_core.package_identification:_identify(ign_models/Reflective table) by extension 'ignore'
[0.258s] Level 1:colcon.colcon_core.package_identification:_identify(ign_models/Reflective table) by extension 'ignore_ament_install'
[0.258s] Level 1:colcon.colcon_core.package_identification:_identify(ign_models/Reflective table) by extensions ['colcon_pkg']
[0.258s] Level 1:colcon.colcon_core.package_identification:_identify(ign_models/Reflective table) by extension 'colcon_pkg'
[0.258s] Level 1:colcon.colcon_core.package_identification:_identify(ign_models/Reflective table) by extensions ['colcon_meta']
[0.258s] Level 1:colcon.colcon_core.package_identification:_identify(ign_models/Reflective table) by extension 'colcon_meta'
[0.258s] Level 1:colcon.colcon_core.package_identification:_identify(ign_models/Reflective table) by extensions ['ros']
[0.258s] Level 1:colcon.colcon_core.package_identification:_identify(ign_models/Reflective table) by extension 'ros'
[0.258s] Level 1:colcon.colcon_core.package_identification:_identify(ign_models/Reflective table) by extensions ['cmake', 'python']
[0.258s] Level 1:colcon.colcon_core.package_identification:_identify(ign_models/Reflective table) by extension 'cmake'
[0.258s] Level 1:colcon.colcon_core.package_identification:_identify(ign_models/Reflective table) by extension 'python'
[0.258s] Level 1:colcon.colcon_core.package_identification:_identify(ign_models/Reflective table) by extensions ['python_setup_py']
[0.258s] Level 1:colcon.colcon_core.package_identification:_identify(ign_models/Reflective table) by extension 'python_setup_py'
[0.258s] Level 1:colcon.colcon_core.package_identification:_identify(ign_models/Reflective table/materials) by extensions ['ignore', 'ignore_ament_install']
[0.258s] Level 1:colcon.colcon_core.package_identification:_identify(ign_models/Reflective table/materials) by extension 'ignore'
[0.258s] Level 1:colcon.colcon_core.package_identification:_identify(ign_models/Reflective table/materials) by extension 'ignore_ament_install'
[0.258s] Level 1:colcon.colcon_core.package_identification:_identify(ign_models/Reflective table/materials) by extensions ['colcon_pkg']
[0.258s] Level 1:colcon.colcon_core.package_identification:_identify(ign_models/Reflective table/materials) by extension 'colcon_pkg'
[0.258s] Level 1:colcon.colcon_core.package_identification:_identify(ign_models/Reflective table/materials) by extensions ['colcon_meta']
[0.258s] Level 1:colcon.colcon_core.package_identification:_identify(ign_models/Reflective table/materials) by extension 'colcon_meta'
[0.258s] Level 1:colcon.colcon_core.package_identification:_identify(ign_models/Reflective table/materials) by extensions ['ros']
[0.258s] Level 1:colcon.colcon_core.package_identification:_identify(ign_models/Reflective table/materials) by extension 'ros'
[0.258s] Level 1:colcon.colcon_core.package_identification:_identify(ign_models/Reflective table/materials) by extensions ['cmake', 'python']
[0.258s] Level 1:colcon.colcon_core.package_identification:_identify(ign_models/Reflective table/materials) by extension 'cmake'
[0.258s] Level 1:colcon.colcon_core.package_identification:_identify(ign_models/Reflective table/materials) by extension 'python'
[0.258s] Level 1:colcon.colcon_core.package_identification:_identify(ign_models/Reflective table/materials) by extensions ['python_setup_py']
[0.258s] Level 1:colcon.colcon_core.package_identification:_identify(ign_models/Reflective table/materials) by extension 'python_setup_py'
[0.258s] Level 1:colcon.colcon_core.package_identification:_identify(ign_models/Reflective table/materials/textures) by extensions ['ignore', 'ignore_ament_install']
[0.258s] Level 1:colcon.colcon_core.package_identification:_identify(ign_models/Reflective table/materials/textures) by extension 'ignore'
[0.258s] Level 1:colcon.colcon_core.package_identification:_identify(ign_models/Reflective table/materials/textures) by extension 'ignore_ament_install'
[0.258s] Level 1:colcon.colcon_core.package_identification:_identify(ign_models/Reflective table/materials/textures) by extensions ['colcon_pkg']
[0.258s] Level 1:colcon.colcon_core.package_identification:_identify(ign_models/Reflective table/materials/textures) by extension 'colcon_pkg'
[0.258s] Level 1:colcon.colcon_core.package_identification:_identify(ign_models/Reflective table/materials/textures) by extensions ['colcon_meta']
[0.258s] Level 1:colcon.colcon_core.package_identification:_identify(ign_models/Reflective table/materials/textures) by extension 'colcon_meta'
[0.259s] Level 1:colcon.colcon_core.package_identification:_identify(ign_models/Reflective table/materials/textures) by extensions ['ros']
[0.259s] Level 1:colcon.colcon_core.package_identification:_identify(ign_models/Reflective table/materials/textures) by extension 'ros'
[0.259s] Level 1:colcon.colcon_core.package_identification:_identify(ign_models/Reflective table/materials/textures) by extensions ['cmake', 'python']
[0.259s] Level 1:colcon.colcon_core.package_identification:_identify(ign_models/Reflective table/materials/textures) by extension 'cmake'
[0.259s] Level 1:colcon.colcon_core.package_identification:_identify(ign_models/Reflective table/materials/textures) by extension 'python'
[0.259s] Level 1:colcon.colcon_core.package_identification:_identify(ign_models/Reflective table/materials/textures) by extensions ['python_setup_py']
[0.259s] Level 1:colcon.colcon_core.package_identification:_identify(ign_models/Reflective table/materials/textures) by extension 'python_setup_py'
[0.259s] Level 1:colcon.colcon_core.package_identification:_identify(ign_models/Reflective table/meshes) by extensions ['ignore', 'ignore_ament_install']
[0.259s] Level 1:colcon.colcon_core.package_identification:_identify(ign_models/Reflective table/meshes) by extension 'ignore'
[0.259s] Level 1:colcon.colcon_core.package_identification:_identify(ign_models/Reflective table/meshes) by extension 'ignore_ament_install'
[0.259s] Level 1:colcon.colcon_core.package_identification:_identify(ign_models/Reflective table/meshes) by extensions ['colcon_pkg']
[0.259s] Level 1:colcon.colcon_core.package_identification:_identify(ign_models/Reflective table/meshes) by extension 'colcon_pkg'
[0.259s] Level 1:colcon.colcon_core.package_identification:_identify(ign_models/Reflective table/meshes) by extensions ['colcon_meta']
[0.259s] Level 1:colcon.colcon_core.package_identification:_identify(ign_models/Reflective table/meshes) by extension 'colcon_meta'
[0.259s] Level 1:colcon.colcon_core.package_identification:_identify(ign_models/Reflective table/meshes) by extensions ['ros']
[0.259s] Level 1:colcon.colcon_core.package_identification:_identify(ign_models/Reflective table/meshes) by extension 'ros'
[0.259s] Level 1:colcon.colcon_core.package_identification:_identify(ign_models/Reflective table/meshes) by extensions ['cmake', 'python']
[0.259s] Level 1:colcon.colcon_core.package_identification:_identify(ign_models/Reflective table/meshes) by extension 'cmake'
[0.259s] Level 1:colcon.colcon_core.package_identification:_identify(ign_models/Reflective table/meshes) by extension 'python'
[0.259s] Level 1:colcon.colcon_core.package_identification:_identify(ign_models/Reflective table/meshes) by extensions ['python_setup_py']
[0.259s] Level 1:colcon.colcon_core.package_identification:_identify(ign_models/Reflective table/meshes) by extension 'python_setup_py'
[0.259s] Level 1:colcon.colcon_core.package_identification:_identify(ign_models/Reflective table/thumbnails) by extensions ['ignore', 'ignore_ament_install']
[0.259s] Level 1:colcon.colcon_core.package_identification:_identify(ign_models/Reflective table/thumbnails) by extension 'ignore'
[0.259s] Level 1:colcon.colcon_core.package_identification:_identify(ign_models/Reflective table/thumbnails) by extension 'ignore_ament_install'
[0.259s] Level 1:colcon.colcon_core.package_identification:_identify(ign_models/Reflective table/thumbnails) by extensions ['colcon_pkg']
[0.259s] Level 1:colcon.colcon_core.package_identification:_identify(ign_models/Reflective table/thumbnails) by extension 'colcon_pkg'
[0.259s] Level 1:colcon.colcon_core.package_identification:_identify(ign_models/Reflective table/thumbnails) by extensions ['colcon_meta']
[0.259s] Level 1:colcon.colcon_core.package_identification:_identify(ign_models/Reflective table/thumbnails) by extension 'colcon_meta'
[0.259s] Level 1:colcon.colcon_core.package_identification:_identify(ign_models/Reflective table/thumbnails) by extensions ['ros']
[0.259s] Level 1:colcon.colcon_core.package_identification:_identify(ign_models/Reflective table/thumbnails) by extension 'ros'
[0.259s] Level 1:colcon.colcon_core.package_identification:_identify(ign_models/Reflective table/thumbnails) by extensions ['cmake', 'python']
[0.259s] Level 1:colcon.colcon_core.package_identification:_identify(ign_models/Reflective table/thumbnails) by extension 'cmake'
[0.259s] Level 1:colcon.colcon_core.package_identification:_identify(ign_models/Reflective table/thumbnails) by extension 'python'
[0.259s] Level 1:colcon.colcon_core.package_identification:_identify(ign_models/Reflective table/thumbnails) by extensions ['python_setup_py']
[0.259s] Level 1:colcon.colcon_core.package_identification:_identify(ign_models/Reflective table/thumbnails) by extension 'python_setup_py'
[0.259s] Level 1:colcon.colcon_core.package_identification:_identify(ign_models/Sofa) by extensions ['ignore', 'ignore_ament_install']
[0.259s] Level 1:colcon.colcon_core.package_identification:_identify(ign_models/Sofa) by extension 'ignore'
[0.260s] Level 1:colcon.colcon_core.package_identification:_identify(ign_models/Sofa) by extension 'ignore_ament_install'
[0.260s] Level 1:colcon.colcon_core.package_identification:_identify(ign_models/Sofa) by extensions ['colcon_pkg']
[0.260s] Level 1:colcon.colcon_core.package_identification:_identify(ign_models/Sofa) by extension 'colcon_pkg'
[0.260s] Level 1:colcon.colcon_core.package_identification:_identify(ign_models/Sofa) by extensions ['colcon_meta']
[0.260s] Level 1:colcon.colcon_core.package_identification:_identify(ign_models/Sofa) by extension 'colcon_meta'
[0.260s] Level 1:colcon.colcon_core.package_identification:_identify(ign_models/Sofa) by extensions ['ros']
[0.260s] Level 1:colcon.colcon_core.package_identification:_identify(ign_models/Sofa) by extension 'ros'
[0.260s] Level 1:colcon.colcon_core.package_identification:_identify(ign_models/Sofa) by extensions ['cmake', 'python']
[0.260s] Level 1:colcon.colcon_core.package_identification:_identify(ign_models/Sofa) by extension 'cmake'
[0.260s] Level 1:colcon.colcon_core.package_identification:_identify(ign_models/Sofa) by extension 'python'
[0.260s] Level 1:colcon.colcon_core.package_identification:_identify(ign_models/Sofa) by extensions ['python_setup_py']
[0.260s] Level 1:colcon.colcon_core.package_identification:_identify(ign_models/Sofa) by extension 'python_setup_py'
[0.260s] Level 1:colcon.colcon_core.package_identification:_identify(ign_models/Sofa/meshes) by extensions ['ignore', 'ignore_ament_install']
[0.260s] Level 1:colcon.colcon_core.package_identification:_identify(ign_models/Sofa/meshes) by extension 'ignore'
[0.260s] Level 1:colcon.colcon_core.package_identification:_identify(ign_models/Sofa/meshes) by extension 'ignore_ament_install'
[0.260s] Level 1:colcon.colcon_core.package_identification:_identify(ign_models/Sofa/meshes) by extensions ['colcon_pkg']
[0.260s] Level 1:colcon.colcon_core.package_identification:_identify(ign_models/Sofa/meshes) by extension 'colcon_pkg'
[0.260s] Level 1:colcon.colcon_core.package_identification:_identify(ign_models/Sofa/meshes) by extensions ['colcon_meta']
[0.260s] Level 1:colcon.colcon_core.package_identification:_identify(ign_models/Sofa/meshes) by extension 'colcon_meta'
[0.260s] Level 1:colcon.colcon_core.package_identification:_identify(ign_models/Sofa/meshes) by extensions ['ros']
[0.260s] Level 1:colcon.colcon_core.package_identification:_identify(ign_models/Sofa/meshes) by extension 'ros'
[0.260s] Level 1:colcon.colcon_core.package_identification:_identify(ign_models/Sofa/meshes) by extensions ['cmake', 'python']
[0.260s] Level 1:colcon.colcon_core.package_identification:_identify(ign_models/Sofa/meshes) by extension 'cmake'
[0.260s] Level 1:colcon.colcon_core.package_identification:_identify(ign_models/Sofa/meshes) by extension 'python'
[0.260s] Level 1:colcon.colcon_core.package_identification:_identify(ign_models/Sofa/meshes) by extensions ['python_setup_py']
[0.260s] Level 1:colcon.colcon_core.package_identification:_identify(ign_models/Sofa/meshes) by extension 'python_setup_py'
[0.260s] Level 1:colcon.colcon_core.package_identification:_identify(ign_models/Sofa/thumbnails) by extensions ['ignore', 'ignore_ament_install']
[0.260s] Level 1:colcon.colcon_core.package_identification:_identify(ign_models/Sofa/thumbnails) by extension 'ignore'
[0.260s] Level 1:colcon.colcon_core.package_identification:_identify(ign_models/Sofa/thumbnails) by extension 'ignore_ament_install'
[0.260s] Level 1:colcon.colcon_core.package_identification:_identify(ign_models/Sofa/thumbnails) by extensions ['colcon_pkg']
[0.260s] Level 1:colcon.colcon_core.package_identification:_identify(ign_models/Sofa/thumbnails) by extension 'colcon_pkg'
[0.260s] Level 1:colcon.colcon_core.package_identification:_identify(ign_models/Sofa/thumbnails) by extensions ['colcon_meta']
[0.260s] Level 1:colcon.colcon_core.package_identification:_identify(ign_models/Sofa/thumbnails) by extension 'colcon_meta'
[0.260s] Level 1:colcon.colcon_core.package_identification:_identify(ign_models/Sofa/thumbnails) by extensions ['ros']
[0.260s] Level 1:colcon.colcon_core.package_identification:_identify(ign_models/Sofa/thumbnails) by extension 'ros'
[0.260s] Level 1:colcon.colcon_core.package_identification:_identify(ign_models/Sofa/thumbnails) by extensions ['cmake', 'python']
[0.260s] Level 1:colcon.colcon_core.package_identification:_identify(ign_models/Sofa/thumbnails) by extension 'cmake'
[0.260s] Level 1:colcon.colcon_core.package_identification:_identify(ign_models/Sofa/thumbnails) by extension 'python'
[0.260s] Level 1:colcon.colcon_core.package_identification:_identify(ign_models/Sofa/thumbnails) by extensions ['python_setup_py']
[0.260s] Level 1:colcon.colcon_core.package_identification:_identify(ign_models/Sofa/thumbnails) by extension 'python_setup_py'
[0.260s] Level 1:colcon.colcon_core.package_identification:_identify(ign_models/VisitorChair) by extensions ['ignore', 'ignore_ament_install']
[0.261s] Level 1:colcon.colcon_core.package_identification:_identify(ign_models/VisitorChair) by extension 'ignore'
[0.261s] Level 1:colcon.colcon_core.package_identification:_identify(ign_models/VisitorChair) by extension 'ignore_ament_install'
[0.261s] Level 1:colcon.colcon_core.package_identification:_identify(ign_models/VisitorChair) by extensions ['colcon_pkg']
[0.261s] Level 1:colcon.colcon_core.package_identification:_identify(ign_models/VisitorChair) by extension 'colcon_pkg'
[0.261s] Level 1:colcon.colcon_core.package_identification:_identify(ign_models/VisitorChair) by extensions ['colcon_meta']
[0.261s] Level 1:colcon.colcon_core.package_identification:_identify(ign_models/VisitorChair) by extension 'colcon_meta'
[0.261s] Level 1:colcon.colcon_core.package_identification:_identify(ign_models/VisitorChair) by extensions ['ros']
[0.261s] Level 1:colcon.colcon_core.package_identification:_identify(ign_models/VisitorChair) by extension 'ros'
[0.261s] Level 1:colcon.colcon_core.package_identification:_identify(ign_models/VisitorChair) by extensions ['cmake', 'python']
[0.261s] Level 1:colcon.colcon_core.package_identification:_identify(ign_models/VisitorChair) by extension 'cmake'
[0.261s] Level 1:colcon.colcon_core.package_identification:_identify(ign_models/VisitorChair) by extension 'python'
[0.261s] Level 1:colcon.colcon_core.package_identification:_identify(ign_models/VisitorChair) by extensions ['python_setup_py']
[0.261s] Level 1:colcon.colcon_core.package_identification:_identify(ign_models/VisitorChair) by extension 'python_setup_py'
[0.261s] Level 1:colcon.colcon_core.package_identification:_identify(ign_models/VisitorChair/meshes) by extensions ['ignore', 'ignore_ament_install']
[0.261s] Level 1:colcon.colcon_core.package_identification:_identify(ign_models/VisitorChair/meshes) by extension 'ignore'
[0.261s] Level 1:colcon.colcon_core.package_identification:_identify(ign_models/VisitorChair/meshes) by extension 'ignore_ament_install'
[0.261s] Level 1:colcon.colcon_core.package_identification:_identify(ign_models/VisitorChair/meshes) by extensions ['colcon_pkg']
[0.261s] Level 1:colcon.colcon_core.package_identification:_identify(ign_models/VisitorChair/meshes) by extension 'colcon_pkg'
[0.261s] Level 1:colcon.colcon_core.package_identification:_identify(ign_models/VisitorChair/meshes) by extensions ['colcon_meta']
[0.261s] Level 1:colcon.colcon_core.package_identification:_identify(ign_models/VisitorChair/meshes) by extension 'colcon_meta'
[0.261s] Level 1:colcon.colcon_core.package_identification:_identify(ign_models/VisitorChair/meshes) by extensions ['ros']
[0.261s] Level 1:colcon.colcon_core.package_identification:_identify(ign_models/VisitorChair/meshes) by extension 'ros'
[0.261s] Level 1:colcon.colcon_core.package_identification:_identify(ign_models/VisitorChair/meshes) by extensions ['cmake', 'python']
[0.261s] Level 1:colcon.colcon_core.package_identification:_identify(ign_models/VisitorChair/meshes) by extension 'cmake'
[0.261s] Level 1:colcon.colcon_core.package_identification:_identify(ign_models/VisitorChair/meshes) by extension 'python'
[0.261s] Level 1:colcon.colcon_core.package_identification:_identify(ign_models/VisitorChair/meshes) by extensions ['python_setup_py']
[0.261s] Level 1:colcon.colcon_core.package_identification:_identify(ign_models/VisitorChair/meshes) by extension 'python_setup_py'
[0.261s] Level 1:colcon.colcon_core.package_identification:_identify(ign_models/VisitorChair/thumbnails) by extensions ['ignore', 'ignore_ament_install']
[0.261s] Level 1:colcon.colcon_core.package_identification:_identify(ign_models/VisitorChair/thumbnails) by extension 'ignore'
[0.261s] Level 1:colcon.colcon_core.package_identification:_identify(ign_models/VisitorChair/thumbnails) by extension 'ignore_ament_install'
[0.261s] Level 1:colcon.colcon_core.package_identification:_identify(ign_models/VisitorChair/thumbnails) by extensions ['colcon_pkg']
[0.261s] Level 1:colcon.colcon_core.package_identification:_identify(ign_models/VisitorChair/thumbnails) by extension 'colcon_pkg'
[0.261s] Level 1:colcon.colcon_core.package_identification:_identify(ign_models/VisitorChair/thumbnails) by extensions ['colcon_meta']
[0.261s] Level 1:colcon.colcon_core.package_identification:_identify(ign_models/VisitorChair/thumbnails) by extension 'colcon_meta'
[0.261s] Level 1:colcon.colcon_core.package_identification:_identify(ign_models/VisitorChair/thumbnails) by extensions ['ros']
[0.261s] Level 1:colcon.colcon_core.package_identification:_identify(ign_models/VisitorChair/thumbnails) by extension 'ros'
[0.261s] Level 1:colcon.colcon_core.package_identification:_identify(ign_models/VisitorChair/thumbnails) by extensions ['cmake', 'python']
[0.261s] Level 1:colcon.colcon_core.package_identification:_identify(ign_models/VisitorChair/thumbnails) by extension 'cmake'
[0.261s] Level 1:colcon.colcon_core.package_identification:_identify(ign_models/VisitorChair/thumbnails) by extension 'python'
[0.262s] Level 1:colcon.colcon_core.package_identification:_identify(ign_models/VisitorChair/thumbnails) by extensions ['python_setup_py']
[0.262s] Level 1:colcon.colcon_core.package_identification:_identify(ign_models/VisitorChair/thumbnails) by extension 'python_setup_py'
[0.262s] Level 1:colcon.colcon_core.package_identification:_identify(ign_models/mycar_description) by extensions ['ignore', 'ignore_ament_install']
[0.262s] Level 1:colcon.colcon_core.package_identification:_identify(ign_models/mycar_description) by extension 'ignore'
[0.262s] Level 1:colcon.colcon_core.package_identification:_identify(ign_models/mycar_description) by extension 'ignore_ament_install'
[0.262s] Level 1:colcon.colcon_core.package_identification:_identify(ign_models/mycar_description) by extensions ['colcon_pkg']
[0.262s] Level 1:colcon.colcon_core.package_identification:_identify(ign_models/mycar_description) by extension 'colcon_pkg'
[0.262s] Level 1:colcon.colcon_core.package_identification:_identify(ign_models/mycar_description) by extensions ['colcon_meta']
[0.262s] Level 1:colcon.colcon_core.package_identification:_identify(ign_models/mycar_description) by extension 'colcon_meta'
[0.262s] Level 1:colcon.colcon_core.package_identification:_identify(ign_models/mycar_description) by extensions ['ros']
[0.262s] Level 1:colcon.colcon_core.package_identification:_identify(ign_models/mycar_description) by extension 'ros'
[0.262s] Level 1:colcon.colcon_core.package_identification:_identify(ign_models/mycar_description) by extensions ['cmake', 'python']
[0.262s] Level 1:colcon.colcon_core.package_identification:_identify(ign_models/mycar_description) by extension 'cmake'
[0.262s] Level 1:colcon.colcon_core.package_identification:_identify(ign_models/mycar_description) by extension 'python'
[0.262s] Level 1:colcon.colcon_core.package_identification:_identify(ign_models/mycar_description) by extensions ['python_setup_py']
[0.262s] Level 1:colcon.colcon_core.package_identification:_identify(ign_models/mycar_description) by extension 'python_setup_py'
[0.262s] Level 1:colcon.colcon_core.package_identification:_identify(install) by extensions ['ignore', 'ignore_ament_install']
[0.262s] Level 1:colcon.colcon_core.package_identification:_identify(install) by extension 'ignore'
[0.262s] Level 1:colcon.colcon_core.package_identification:_identify(install) ignored
[0.262s] Level 1:colcon.colcon_core.package_identification:_identify(log) by extensions ['ignore', 'ignore_ament_install']
[0.262s] Level 1:colcon.colcon_core.package_identification:_identify(log) by extension 'ignore'
[0.262s] Level 1:colcon.colcon_core.package_identification:_identify(log) ignored
[0.262s] Level 1:colcon.colcon_core.package_identification:_identify(src) by extensions ['ignore', 'ignore_ament_install']
[0.262s] Level 1:colcon.colcon_core.package_identification:_identify(src) by extension 'ignore'
[0.262s] Level 1:colcon.colcon_core.package_identification:_identify(src) by extension 'ignore_ament_install'
[0.262s] Level 1:colcon.colcon_core.package_identification:_identify(src) by extensions ['colcon_pkg']
[0.262s] Level 1:colcon.colcon_core.package_identification:_identify(src) by extension 'colcon_pkg'
[0.262s] Level 1:colcon.colcon_core.package_identification:_identify(src) by extensions ['colcon_meta']
[0.262s] Level 1:colcon.colcon_core.package_identification:_identify(src) by extension 'colcon_meta'
[0.262s] Level 1:colcon.colcon_core.package_identification:_identify(src) by extensions ['ros']
[0.262s] Level 1:colcon.colcon_core.package_identification:_identify(src) by extension 'ros'
[0.262s] Level 1:colcon.colcon_core.package_identification:_identify(src) by extensions ['cmake', 'python']
[0.262s] Level 1:colcon.colcon_core.package_identification:_identify(src) by extension 'cmake'
[0.262s] Level 1:colcon.colcon_core.package_identification:_identify(src) by extension 'python'
[0.262s] Level 1:colcon.colcon_core.package_identification:_identify(src) by extensions ['python_setup_py']
[0.262s] Level 1:colcon.colcon_core.package_identification:_identify(src) by extension 'python_setup_py'
[0.263s] Level 1:colcon.colcon_core.package_identification:_identify(src/demo_gazebo_sim) by extensions ['ignore', 'ignore_ament_install']
[0.263s] Level 1:colcon.colcon_core.package_identification:_identify(src/demo_gazebo_sim) by extension 'ignore'
[0.263s] Level 1:colcon.colcon_core.package_identification:_identify(src/demo_gazebo_sim) by extension 'ignore_ament_install'
[0.263s] Level 1:colcon.colcon_core.package_identification:_identify(src/demo_gazebo_sim) by extensions ['colcon_pkg']
[0.263s] Level 1:colcon.colcon_core.package_identification:_identify(src/demo_gazebo_sim) by extension 'colcon_pkg'
[0.263s] Level 1:colcon.colcon_core.package_identification:_identify(src/demo_gazebo_sim) by extensions ['colcon_meta']
[0.263s] Level 1:colcon.colcon_core.package_identification:_identify(src/demo_gazebo_sim) by extension 'colcon_meta'
[0.263s] Level 1:colcon.colcon_core.package_identification:_identify(src/demo_gazebo_sim) by extensions ['ros']
[0.263s] Level 1:colcon.colcon_core.package_identification:_identify(src/demo_gazebo_sim) by extension 'ros'
[0.265s] DEBUG:colcon.colcon_core.package_identification:Package 'src/demo_gazebo_sim' with type 'ros.ament_cmake' and name 'demo_gazebo_sim'
[0.265s] Level 1:colcon.colcon_core.package_identification:_identify(src/mycar_description) by extensions ['ignore', 'ignore_ament_install']
[0.265s] Level 1:colcon.colcon_core.package_identification:_identify(src/mycar_description) by extension 'ignore'
[0.265s] Level 1:colcon.colcon_core.package_identification:_identify(src/mycar_description) by extension 'ignore_ament_install'
[0.265s] Level 1:colcon.colcon_core.package_identification:_identify(src/mycar_description) by extensions ['colcon_pkg']
[0.265s] Level 1:colcon.colcon_core.package_identification:_identify(src/mycar_description) by extension 'colcon_pkg'
[0.265s] Level 1:colcon.colcon_core.package_identification:_identify(src/mycar_description) by extensions ['colcon_meta']
[0.265s] Level 1:colcon.colcon_core.package_identification:_identify(src/mycar_description) by extension 'colcon_meta'
[0.265s] Level 1:colcon.colcon_core.package_identification:_identify(src/mycar_description) by extensions ['ros']
[0.265s] Level 1:colcon.colcon_core.package_identification:_identify(src/mycar_description) by extension 'ros'
[0.265s] DEBUG:colcon.colcon_core.package_identification:Package 'src/mycar_description' with type 'ros.ament_cmake' and name 'mycar_description'
[0.265s] Level 1:colcon.colcon_core.package_discovery:discover_packages(recursive) using defaults
[0.266s] Level 1:colcon.colcon_core.package_discovery:discover_packages(ignore) discover
[0.266s] Level 1:colcon.colcon_core.package_discovery:discover_packages(ignore) using defaults
[0.266s] Level 1:colcon.colcon_core.package_discovery:discover_packages(path) discover
[0.266s] Level 1:colcon.colcon_core.package_discovery:discover_packages(path) using defaults
[0.287s] Level 1:colcon.colcon_core.package_discovery:discover_packages(prefix_path) check parameters
[0.287s] Level 1:colcon.colcon_core.package_discovery:discover_packages(prefix_path) discover
[0.289s] DEBUG:colcon.colcon_installed_package_information.package_discovery:Found 4 installed packages in /opt/cv_bridge_fix_link-humble/install
[0.289s] DEBUG:colcon.colcon_installed_package_information.package_discovery:Found 340 installed packages in /opt/ros/humble
[0.291s] Level 1:colcon.colcon_core.package_discovery:discover_packages(prefix_path) using defaults
[0.317s] Level 5:colcon.colcon_core.verb:set package 'demo_gazebo_sim' build argument 'cmake_args' from command line to '['-DCMAKE_EXPORT_COMPILE_COMMANDS=ON']'
[0.317s] Level 5:colcon.colcon_core.verb:set package 'demo_gazebo_sim' build argument 'cmake_target' from command line to 'None'
[0.317s] Level 5:colcon.colcon_core.verb:set package 'demo_gazebo_sim' build argument 'cmake_target_skip_unavailable' from command line to 'False'
[0.317s] Level 5:colcon.colcon_core.verb:set package 'demo_gazebo_sim' build argument 'cmake_clean_cache' from command line to 'False'
[0.317s] Level 5:colcon.colcon_core.verb:set package 'demo_gazebo_sim' build argument 'cmake_clean_first' from command line to 'False'
[0.317s] Level 5:colcon.colcon_core.verb:set package 'demo_gazebo_sim' build argument 'cmake_force_configure' from command line to 'False'
[0.317s] Level 5:colcon.colcon_core.verb:set package 'demo_gazebo_sim' build argument 'ament_cmake_args' from command line to 'None'
[0.317s] Level 5:colcon.colcon_core.verb:set package 'demo_gazebo_sim' build argument 'catkin_cmake_args' from command line to 'None'
[0.317s] Level 5:colcon.colcon_core.verb:set package 'demo_gazebo_sim' build argument 'catkin_skip_building_tests' from command line to 'False'
[0.317s] DEBUG:colcon.colcon_core.verb:Building package 'demo_gazebo_sim' with the following arguments: {'ament_cmake_args': None, 'build_base': '/home/xiaofang/ROS2_WS/ws03_nav_sim/build/demo_gazebo_sim', 'catkin_cmake_args': None, 'catkin_skip_building_tests': False, 'cmake_args': ['-DCMAKE_EXPORT_COMPILE_COMMANDS=ON'], 'cmake_clean_cache': False, 'cmake_clean_first': False, 'cmake_force_configure': False, 'cmake_target': None, 'cmake_target_skip_unavailable': False, 'install_base': '/home/xiaofang/ROS2_WS/ws03_nav_sim/install/demo_gazebo_sim', 'merge_install': False, 'path': '/home/xiaofang/ROS2_WS/ws03_nav_sim/src/demo_gazebo_sim', 'symlink_install': False, 'test_result_base': None}
[0.317s] Level 5:colcon.colcon_core.verb:set package 'mycar_description' build argument 'cmake_args' from command line to '['-DCMAKE_EXPORT_COMPILE_COMMANDS=ON']'
[0.317s] Level 5:colcon.colcon_core.verb:set package 'mycar_description' build argument 'cmake_target' from command line to 'None'
[0.317s] Level 5:colcon.colcon_core.verb:set package 'mycar_description' build argument 'cmake_target_skip_unavailable' from command line to 'False'
[0.317s] Level 5:colcon.colcon_core.verb:set package 'mycar_description' build argument 'cmake_clean_cache' from command line to 'False'
[0.317s] Level 5:colcon.colcon_core.verb:set package 'mycar_description' build argument 'cmake_clean_first' from command line to 'False'
[0.317s] Level 5:colcon.colcon_core.verb:set package 'mycar_description' build argument 'cmake_force_configure' from command line to 'False'
[0.317s] Level 5:colcon.colcon_core.verb:set package 'mycar_description' build argument 'ament_cmake_args' from command line to 'None'
[0.317s] Level 5:colcon.colcon_core.verb:set package 'mycar_description' build argument 'catkin_cmake_args' from command line to 'None'
[0.317s] Level 5:colcon.colcon_core.verb:set package 'mycar_description' build argument 'catkin_skip_building_tests' from command line to 'False'
[0.317s] DEBUG:colcon.colcon_core.verb:Building package 'mycar_description' with the following arguments: {'ament_cmake_args': None, 'build_base': '/home/xiaofang/ROS2_WS/ws03_nav_sim/build/mycar_description', 'catkin_cmake_args': None, 'catkin_skip_building_tests': False, 'cmake_args': ['-DCMAKE_EXPORT_COMPILE_COMMANDS=ON'], 'cmake_clean_cache': False, 'cmake_clean_first': False, 'cmake_force_configure': False, 'cmake_target': None, 'cmake_target_skip_unavailable': False, 'install_base': '/home/xiaofang/ROS2_WS/ws03_nav_sim/install/mycar_description', 'merge_install': False, 'path': '/home/xiaofang/ROS2_WS/ws03_nav_sim/src/mycar_description', 'symlink_install': False, 'test_result_base': None}
[0.317s] INFO:colcon.colcon_core.executor:Executing jobs using 'parallel' executor
[0.318s] DEBUG:colcon.colcon_parallel_executor.executor.parallel:run_until_complete
[0.318s] INFO:colcon.colcon_ros.task.ament_cmake.build:Building ROS package in '/home/xiaofang/ROS2_WS/ws03_nav_sim/src/demo_gazebo_sim' with build type 'ament_cmake'
[0.318s] INFO:colcon.colcon_cmake.task.cmake.build:Building CMake package in '/home/xiaofang/ROS2_WS/ws03_nav_sim/src/demo_gazebo_sim'
[0.320s] INFO:colcon.colcon_core.plugin_system:Skipping extension 'colcon_core.shell.bat': Not used on non-Windows systems
[0.320s] INFO:colcon.colcon_core.shell:Skip shell extension 'powershell' for command environment: Not usable outside of PowerShell
[0.320s] DEBUG:colcon.colcon_core.shell:Skip shell extension 'dsv' for command environment
[0.323s] INFO:colcon.colcon_ros.task.ament_cmake.build:Building ROS package in '/home/xiaofang/ROS2_WS/ws03_nav_sim/src/mycar_description' with build type 'ament_cmake'
[0.323s] INFO:colcon.colcon_cmake.task.cmake.build:Building CMake package in '/home/xiaofang/ROS2_WS/ws03_nav_sim/src/mycar_description'
[0.323s] INFO:colcon.colcon_core.shell:Skip shell extension 'powershell' for command environment: Not usable outside of PowerShell
[0.323s] DEBUG:colcon.colcon_core.shell:Skip shell extension 'dsv' for command environment
[0.330s] DEBUG:colcon.colcon_core.event_handler.log_command:Invoking command in '/home/xiaofang/ROS2_WS/ws03_nav_sim/build/demo_gazebo_sim': CMAKE_PREFIX_PATH=${CMAKE_PREFIX_PATH}:/opt/cv_bridge_fix_link-humble/install/opencv_tests:/opt/ros/humble /usr/bin/cmake --build /home/xiaofang/ROS2_WS/ws03_nav_sim/build/demo_gazebo_sim -- -j20 -l20
[0.334s] DEBUG:colcon.colcon_core.event_handler.log_command:Invoking command in '/home/xiaofang/ROS2_WS/ws03_nav_sim/build/mycar_description': CMAKE_PREFIX_PATH=${CMAKE_PREFIX_PATH}:/opt/cv_bridge_fix_link-humble/install/opencv_tests:/opt/ros/humble /usr/bin/cmake /home/xiaofang/ROS2_WS/ws03_nav_sim/src/mycar_description -DCMAKE_EXPORT_COMPILE_COMMANDS=ON -DCMAKE_INSTALL_PREFIX=/home/xiaofang/ROS2_WS/ws03_nav_sim/install/mycar_description
[0.365s] DEBUG:colcon.colcon_core.event_handler.log_command:Invoked command in '/home/xiaofang/ROS2_WS/ws03_nav_sim/build/demo_gazebo_sim' returned '0': CMAKE_PREFIX_PATH=${CMAKE_PREFIX_PATH}:/opt/cv_bridge_fix_link-humble/install/opencv_tests:/opt/ros/humble /usr/bin/cmake --build /home/xiaofang/ROS2_WS/ws03_nav_sim/build/demo_gazebo_sim -- -j20 -l20
[0.376s] DEBUG:colcon.colcon_core.event_handler.log_command:Invoking command in '/home/xiaofang/ROS2_WS/ws03_nav_sim/build/demo_gazebo_sim': CMAKE_PREFIX_PATH=${CMAKE_PREFIX_PATH}:/opt/cv_bridge_fix_link-humble/install/opencv_tests:/opt/ros/humble /usr/bin/cmake --install /home/xiaofang/ROS2_WS/ws03_nav_sim/build/demo_gazebo_sim
[0.385s] Level 1:colcon.colcon_core.environment:create_environment_scripts_only(demo_gazebo_sim)
[0.386s] DEBUG:colcon.colcon_core.event_handler.log_command:Invoked command in '/home/xiaofang/ROS2_WS/ws03_nav_sim/build/demo_gazebo_sim' returned '0': CMAKE_PREFIX_PATH=${CMAKE_PREFIX_PATH}:/opt/cv_bridge_fix_link-humble/install/opencv_tests:/opt/ros/humble /usr/bin/cmake --install /home/xiaofang/ROS2_WS/ws03_nav_sim/build/demo_gazebo_sim
[0.391s] Level 1:colcon.colcon_core.environment:checking '/home/xiaofang/ROS2_WS/ws03_nav_sim/install/demo_gazebo_sim' for CMake module files
[0.392s] Level 1:colcon.colcon_core.environment:checking '/home/xiaofang/ROS2_WS/ws03_nav_sim/install/demo_gazebo_sim' for CMake config files
[0.393s] Level 1:colcon.colcon_core.shell:create_environment_hook('demo_gazebo_sim', 'cmake_prefix_path')
[0.393s] INFO:colcon.colcon_core.shell:Creating environment hook '/home/xiaofang/ROS2_WS/ws03_nav_sim/install/demo_gazebo_sim/share/demo_gazebo_sim/hook/cmake_prefix_path.ps1'
[0.394s] INFO:colcon.colcon_core.shell:Creating environment descriptor '/home/xiaofang/ROS2_WS/ws03_nav_sim/install/demo_gazebo_sim/share/demo_gazebo_sim/hook/cmake_prefix_path.dsv'
[0.394s] INFO:colcon.colcon_core.shell:Creating environment hook '/home/xiaofang/ROS2_WS/ws03_nav_sim/install/demo_gazebo_sim/share/demo_gazebo_sim/hook/cmake_prefix_path.sh'
[0.396s] Level 1:colcon.colcon_core.environment:checking '/home/xiaofang/ROS2_WS/ws03_nav_sim/install/demo_gazebo_sim/bin'
[0.396s] Level 1:colcon.colcon_core.environment:checking '/home/xiaofang/ROS2_WS/ws03_nav_sim/install/demo_gazebo_sim/lib/pkgconfig/demo_gazebo_sim.pc'
[0.396s] Level 1:colcon.colcon_core.environment:checking '/home/xiaofang/ROS2_WS/ws03_nav_sim/install/demo_gazebo_sim/lib/python3.10/site-packages'
[0.397s] Level 1:colcon.colcon_core.environment:checking '/home/xiaofang/ROS2_WS/ws03_nav_sim/install/demo_gazebo_sim/bin'
[0.397s] INFO:colcon.colcon_core.shell:Creating package script '/home/xiaofang/ROS2_WS/ws03_nav_sim/install/demo_gazebo_sim/share/demo_gazebo_sim/package.ps1'
[0.398s] INFO:colcon.colcon_core.shell:Creating package descriptor '/home/xiaofang/ROS2_WS/ws03_nav_sim/install/demo_gazebo_sim/share/demo_gazebo_sim/package.dsv'
[0.399s] INFO:colcon.colcon_core.shell:Creating package script '/home/xiaofang/ROS2_WS/ws03_nav_sim/install/demo_gazebo_sim/share/demo_gazebo_sim/package.sh'
[0.400s] INFO:colcon.colcon_core.shell:Creating package script '/home/xiaofang/ROS2_WS/ws03_nav_sim/install/demo_gazebo_sim/share/demo_gazebo_sim/package.bash'
[0.401s] INFO:colcon.colcon_core.shell:Creating package script '/home/xiaofang/ROS2_WS/ws03_nav_sim/install/demo_gazebo_sim/share/demo_gazebo_sim/package.zsh'
[0.402s] Level 1:colcon.colcon_core.environment:create_file_with_runtime_dependencies(/home/xiaofang/ROS2_WS/ws03_nav_sim/install/demo_gazebo_sim/share/colcon-core/packages/demo_gazebo_sim)
[0.403s] Level 1:colcon.colcon_core.environment:create_environment_scripts_only(demo_gazebo_sim)
[0.403s] Level 1:colcon.colcon_core.environment:checking '/home/xiaofang/ROS2_WS/ws03_nav_sim/install/demo_gazebo_sim' for CMake module files
[0.404s] Level 1:colcon.colcon_core.environment:checking '/home/xiaofang/ROS2_WS/ws03_nav_sim/install/demo_gazebo_sim' for CMake config files
[0.404s] Level 1:colcon.colcon_core.shell:create_environment_hook('demo_gazebo_sim', 'cmake_prefix_path')
[0.404s] INFO:colcon.colcon_core.shell:Creating environment hook '/home/xiaofang/ROS2_WS/ws03_nav_sim/install/demo_gazebo_sim/share/demo_gazebo_sim/hook/cmake_prefix_path.ps1'
[0.405s] INFO:colcon.colcon_core.shell:Creating environment descriptor '/home/xiaofang/ROS2_WS/ws03_nav_sim/install/demo_gazebo_sim/share/demo_gazebo_sim/hook/cmake_prefix_path.dsv'
[0.405s] INFO:colcon.colcon_core.shell:Creating environment hook '/home/xiaofang/ROS2_WS/ws03_nav_sim/install/demo_gazebo_sim/share/demo_gazebo_sim/hook/cmake_prefix_path.sh'
[0.405s] Level 1:colcon.colcon_core.environment:checking '/home/xiaofang/ROS2_WS/ws03_nav_sim/install/demo_gazebo_sim/bin'
[0.406s] Level 1:colcon.colcon_core.environment:checking '/home/xiaofang/ROS2_WS/ws03_nav_sim/install/demo_gazebo_sim/lib/pkgconfig/demo_gazebo_sim.pc'
[0.406s] Level 1:colcon.colcon_core.environment:checking '/home/xiaofang/ROS2_WS/ws03_nav_sim/install/demo_gazebo_sim/lib/python3.10/site-packages'
[0.406s] Level 1:colcon.colcon_core.environment:checking '/home/xiaofang/ROS2_WS/ws03_nav_sim/install/demo_gazebo_sim/bin'
[0.406s] INFO:colcon.colcon_core.shell:Creating package script '/home/xiaofang/ROS2_WS/ws03_nav_sim/install/demo_gazebo_sim/share/demo_gazebo_sim/package.ps1'
[0.407s] INFO:colcon.colcon_core.shell:Creating package descriptor '/home/xiaofang/ROS2_WS/ws03_nav_sim/install/demo_gazebo_sim/share/demo_gazebo_sim/package.dsv'
[0.407s] INFO:colcon.colcon_core.shell:Creating package script '/home/xiaofang/ROS2_WS/ws03_nav_sim/install/demo_gazebo_sim/share/demo_gazebo_sim/package.sh'
[0.408s] INFO:colcon.colcon_core.shell:Creating package script '/home/xiaofang/ROS2_WS/ws03_nav_sim/install/demo_gazebo_sim/share/demo_gazebo_sim/package.bash'
[0.408s] INFO:colcon.colcon_core.shell:Creating package script '/home/xiaofang/ROS2_WS/ws03_nav_sim/install/demo_gazebo_sim/share/demo_gazebo_sim/package.zsh'
[0.408s] Level 1:colcon.colcon_core.environment:create_file_with_runtime_dependencies(/home/xiaofang/ROS2_WS/ws03_nav_sim/install/demo_gazebo_sim/share/colcon-core/packages/demo_gazebo_sim)
[1.049s] DEBUG:colcon.colcon_core.event_handler.log_command:Invoked command in '/home/xiaofang/ROS2_WS/ws03_nav_sim/build/mycar_description' returned '0': CMAKE_PREFIX_PATH=${CMAKE_PREFIX_PATH}:/opt/cv_bridge_fix_link-humble/install/opencv_tests:/opt/ros/humble /usr/bin/cmake /home/xiaofang/ROS2_WS/ws03_nav_sim/src/mycar_description -DCMAKE_EXPORT_COMPILE_COMMANDS=ON -DCMAKE_INSTALL_PREFIX=/home/xiaofang/ROS2_WS/ws03_nav_sim/install/mycar_description
[1.051s] DEBUG:colcon.colcon_core.event_handler.log_command:Invoking command in '/home/xiaofang/ROS2_WS/ws03_nav_sim/build/mycar_description': CMAKE_PREFIX_PATH=${CMAKE_PREFIX_PATH}:/opt/cv_bridge_fix_link-humble/install/opencv_tests:/opt/ros/humble /usr/bin/cmake --build /home/xiaofang/ROS2_WS/ws03_nav_sim/build/mycar_description -- -j20 -l20
[1.084s] DEBUG:colcon.colcon_core.event_handler.log_command:Invoked command in '/home/xiaofang/ROS2_WS/ws03_nav_sim/build/mycar_description' returned '0': CMAKE_PREFIX_PATH=${CMAKE_PREFIX_PATH}:/opt/cv_bridge_fix_link-humble/install/opencv_tests:/opt/ros/humble /usr/bin/cmake --build /home/xiaofang/ROS2_WS/ws03_nav_sim/build/mycar_description -- -j20 -l20
[1.086s] DEBUG:colcon.colcon_core.event_handler.log_command:Invoking command in '/home/xiaofang/ROS2_WS/ws03_nav_sim/build/mycar_description': CMAKE_PREFIX_PATH=${CMAKE_PREFIX_PATH}:/opt/cv_bridge_fix_link-humble/install/opencv_tests:/opt/ros/humble /usr/bin/cmake --install /home/xiaofang/ROS2_WS/ws03_nav_sim/build/mycar_description
[1.103s] Level 1:colcon.colcon_core.environment:create_environment_scripts_only(mycar_description)
[1.104s] DEBUG:colcon.colcon_core.event_handler.log_command:Invoked command in '/home/xiaofang/ROS2_WS/ws03_nav_sim/build/mycar_description' returned '0': CMAKE_PREFIX_PATH=${CMAKE_PREFIX_PATH}:/opt/cv_bridge_fix_link-humble/install/opencv_tests:/opt/ros/humble /usr/bin/cmake --install /home/xiaofang/ROS2_WS/ws03_nav_sim/build/mycar_description
[1.104s] Level 1:colcon.colcon_core.environment:checking '/home/xiaofang/ROS2_WS/ws03_nav_sim/install/mycar_description' for CMake module files
[1.105s] Level 1:colcon.colcon_core.environment:checking '/home/xiaofang/ROS2_WS/ws03_nav_sim/install/mycar_description' for CMake config files
[1.106s] Level 1:colcon.colcon_core.shell:create_environment_hook('mycar_description', 'cmake_prefix_path')
[1.106s] INFO:colcon.colcon_core.shell:Creating environment hook '/home/xiaofang/ROS2_WS/ws03_nav_sim/install/mycar_description/share/mycar_description/hook/cmake_prefix_path.ps1'
[1.106s] INFO:colcon.colcon_core.shell:Creating environment descriptor '/home/xiaofang/ROS2_WS/ws03_nav_sim/install/mycar_description/share/mycar_description/hook/cmake_prefix_path.dsv'
[1.107s] INFO:colcon.colcon_core.shell:Creating environment hook '/home/xiaofang/ROS2_WS/ws03_nav_sim/install/mycar_description/share/mycar_description/hook/cmake_prefix_path.sh'
[1.108s] Level 1:colcon.colcon_core.environment:checking '/home/xiaofang/ROS2_WS/ws03_nav_sim/install/mycar_description/bin'
[1.108s] Level 1:colcon.colcon_core.environment:checking '/home/xiaofang/ROS2_WS/ws03_nav_sim/install/mycar_description/lib/pkgconfig/mycar_description.pc'
[1.108s] Level 1:colcon.colcon_core.environment:checking '/home/xiaofang/ROS2_WS/ws03_nav_sim/install/mycar_description/lib/python3.10/site-packages'
[1.108s] Level 1:colcon.colcon_core.environment:checking '/home/xiaofang/ROS2_WS/ws03_nav_sim/install/mycar_description/bin'
[1.109s] INFO:colcon.colcon_core.shell:Creating package script '/home/xiaofang/ROS2_WS/ws03_nav_sim/install/mycar_description/share/mycar_description/package.ps1'
[1.109s] INFO:colcon.colcon_core.shell:Creating package descriptor '/home/xiaofang/ROS2_WS/ws03_nav_sim/install/mycar_description/share/mycar_description/package.dsv'
[1.110s] INFO:colcon.colcon_core.shell:Creating package script '/home/xiaofang/ROS2_WS/ws03_nav_sim/install/mycar_description/share/mycar_description/package.sh'
[1.110s] INFO:colcon.colcon_core.shell:Creating package script '/home/xiaofang/ROS2_WS/ws03_nav_sim/install/mycar_description/share/mycar_description/package.bash'
[1.111s] INFO:colcon.colcon_core.shell:Creating package script '/home/xiaofang/ROS2_WS/ws03_nav_sim/install/mycar_description/share/mycar_description/package.zsh'
[1.111s] Level 1:colcon.colcon_core.environment:create_file_with_runtime_dependencies(/home/xiaofang/ROS2_WS/ws03_nav_sim/install/mycar_description/share/colcon-core/packages/mycar_description)
[1.112s] Level 1:colcon.colcon_core.environment:create_environment_scripts_only(mycar_description)
[1.112s] Level 1:colcon.colcon_core.environment:checking '/home/xiaofang/ROS2_WS/ws03_nav_sim/install/mycar_description' for CMake module files
[1.113s] Level 1:colcon.colcon_core.environment:checking '/home/xiaofang/ROS2_WS/ws03_nav_sim/install/mycar_description' for CMake config files
[1.113s] Level 1:colcon.colcon_core.shell:create_environment_hook('mycar_description', 'cmake_prefix_path')
[1.113s] INFO:colcon.colcon_core.shell:Creating environment hook '/home/xiaofang/ROS2_WS/ws03_nav_sim/install/mycar_description/share/mycar_description/hook/cmake_prefix_path.ps1'
[1.114s] INFO:colcon.colcon_core.shell:Creating environment descriptor '/home/xiaofang/ROS2_WS/ws03_nav_sim/install/mycar_description/share/mycar_description/hook/cmake_prefix_path.dsv'
[1.114s] INFO:colcon.colcon_core.shell:Creating environment hook '/home/xiaofang/ROS2_WS/ws03_nav_sim/install/mycar_description/share/mycar_description/hook/cmake_prefix_path.sh'
[1.114s] Level 1:colcon.colcon_core.environment:checking '/home/xiaofang/ROS2_WS/ws03_nav_sim/install/mycar_description/bin'
[1.114s] Level 1:colcon.colcon_core.environment:checking '/home/xiaofang/ROS2_WS/ws03_nav_sim/install/mycar_description/lib/pkgconfig/mycar_description.pc'
[1.114s] Level 1:colcon.colcon_core.environment:checking '/home/xiaofang/ROS2_WS/ws03_nav_sim/install/mycar_description/lib/python3.10/site-packages'
[1.114s] Level 1:colcon.colcon_core.environment:checking '/home/xiaofang/ROS2_WS/ws03_nav_sim/install/mycar_description/bin'
[1.115s] INFO:colcon.colcon_core.shell:Creating package script '/home/xiaofang/ROS2_WS/ws03_nav_sim/install/mycar_description/share/mycar_description/package.ps1'
[1.115s] INFO:colcon.colcon_core.shell:Creating package descriptor '/home/xiaofang/ROS2_WS/ws03_nav_sim/install/mycar_description/share/mycar_description/package.dsv'
[1.115s] INFO:colcon.colcon_core.shell:Creating package script '/home/xiaofang/ROS2_WS/ws03_nav_sim/install/mycar_description/share/mycar_description/package.sh'
[1.115s] INFO:colcon.colcon_core.shell:Creating package script '/home/xiaofang/ROS2_WS/ws03_nav_sim/install/mycar_description/share/mycar_description/package.bash'
[1.116s] INFO:colcon.colcon_core.shell:Creating package script '/home/xiaofang/ROS2_WS/ws03_nav_sim/install/mycar_description/share/mycar_description/package.zsh'
[1.116s] Level 1:colcon.colcon_core.environment:create_file_with_runtime_dependencies(/home/xiaofang/ROS2_WS/ws03_nav_sim/install/mycar_description/share/colcon-core/packages/mycar_description)
[1.116s] DEBUG:colcon.colcon_parallel_executor.executor.parallel:closing loop
[1.116s] DEBUG:colcon.colcon_parallel_executor.executor.parallel:loop closed
[1.116s] DEBUG:colcon.colcon_parallel_executor.executor.parallel:run_until_complete finished with '0'
[1.116s] DEBUG:colcon.colcon_core.event_reactor:joining thread
[1.121s] INFO:colcon.colcon_core.plugin_system:Skipping extension 'colcon_notification.desktop_notification.notify_send': Could not find 'notify-send'
[1.121s] INFO:colcon.colcon_core.plugin_system:Skipping extension 'colcon_notification.desktop_notification.terminal_notifier': Not used on non-Darwin systems
[1.121s] INFO:colcon.colcon_core.plugin_system:Skipping extension 'colcon_notification.desktop_notification.win32': Not used on non-Windows systems
[1.121s] INFO:colcon.colcon_notification.desktop_notification:Sending desktop notification using 'notify2'
[1.124s] DEBUG:colcon.colcon_notification.desktop_notification.notify2:Failed to initialize notify2: org.freedesktop.DBus.Error.Spawn.ExecFailed: /usr/bin/dbus-launch terminated abnormally without any error message
[1.124s] DEBUG:colcon.colcon_core.event_reactor:joined thread
[1.125s] INFO:colcon.colcon_core.shell:Creating prefix script '/home/xiaofang/ROS2_WS/ws03_nav_sim/install/local_setup.ps1'
[1.127s] INFO:colcon.colcon_core.shell:Creating prefix util module '/home/xiaofang/ROS2_WS/ws03_nav_sim/install/_local_setup_util_ps1.py'
[1.129s] INFO:colcon.colcon_core.shell:Creating prefix chain script '/home/xiaofang/ROS2_WS/ws03_nav_sim/install/setup.ps1'
[1.131s] INFO:colcon.colcon_core.shell:Creating prefix script '/home/xiaofang/ROS2_WS/ws03_nav_sim/install/local_setup.sh'
[1.132s] INFO:colcon.colcon_core.shell:Creating prefix util module '/home/xiaofang/ROS2_WS/ws03_nav_sim/install/_local_setup_util_sh.py'
[1.132s] INFO:colcon.colcon_core.shell:Creating prefix chain script '/home/xiaofang/ROS2_WS/ws03_nav_sim/install/setup.sh'
[1.133s] INFO:colcon.colcon_core.shell:Creating prefix script '/home/xiaofang/ROS2_WS/ws03_nav_sim/install/local_setup.bash'
[1.133s] INFO:colcon.colcon_core.shell:Creating prefix chain script '/home/xiaofang/ROS2_WS/ws03_nav_sim/install/setup.bash'
[1.134s] INFO:colcon.colcon_core.shell:Creating prefix script '/home/xiaofang/ROS2_WS/ws03_nav_sim/install/local_setup.zsh'
[1.134s] INFO:colcon.colcon_core.shell:Creating prefix chain script '/home/xiaofang/ROS2_WS/ws03_nav_sim/install/setup.zsh'
