[0.021s] Invoking command in '/home/xiaofang/ROS2_WS/ws02_tool/build/cpp03_tf_broadcaster': CMAKE_PREFIX_PATH=${CMAKE_PREFIX_PATH}:/opt/cv_bridge_fix_link-humble/install/opencv_tests:/opt/ros/humble /usr/bin/cmake --build /home/xiaofang/ROS2_WS/ws02_tool/build/cpp03_tf_broadcaster -- -j20 -l20
[0.078s] [35m[1mConsolidate compiler generated dependencies of target demo03_point_tf_broadcaster[0m
[0.096s] [ 33%] Built target demo01_static_tf_broadcaster
[0.101s] [ 50%] [32mBuilding CXX object CMakeFiles/demo02_dynamic_broadcaster.dir/src/demo02_dynamic_broadcaster.cpp.o[0m
[0.102s] [ 83%] Built target demo03_point_tf_broadcaster
[5.452s] [100%] [32m[1mLinking CXX executable demo02_dynamic_broadcaster[0m
[5.770s] [100%] Built target demo02_dynamic_broadcaster
[5.779s] Invoked command in '/home/xiaofang/ROS2_WS/ws02_tool/build/cpp03_tf_broadcaster' returned '0': CMAKE_PREFIX_PATH=${CMAKE_PREFIX_PATH}:/opt/cv_bridge_fix_link-humble/install/opencv_tests:/opt/ros/humble /usr/bin/cmake --build /home/xiaofang/ROS2_WS/ws02_tool/build/cpp03_tf_broadcaster -- -j20 -l20
[5.781s] Invoking command in '/home/xiaofang/ROS2_WS/ws02_tool/build/cpp03_tf_broadcaster': CMAKE_PREFIX_PATH=${CMAKE_PREFIX_PATH}:/opt/cv_bridge_fix_link-humble/install/opencv_tests:/opt/ros/humble /usr/bin/cmake --install /home/xiaofang/ROS2_WS/ws02_tool/build/cpp03_tf_broadcaster
[5.791s] -- Install configuration: ""
[5.791s] -- Up-to-date: /home/xiaofang/ROS2_WS/ws02_tool/install/cpp03_tf_broadcaster/lib/cpp03_tf_broadcaster/demo01_static_tf_broadcaster
[5.791s] -- Installing: /home/xiaofang/ROS2_WS/ws02_tool/install/cpp03_tf_broadcaster/lib/cpp03_tf_broadcaster/demo02_dynamic_broadcaster
[5.796s] -- Set runtime path of "/home/xiaofang/ROS2_WS/ws02_tool/install/cpp03_tf_broadcaster/lib/cpp03_tf_broadcaster/demo02_dynamic_broadcaster" to ""
[5.796s] -- Up-to-date: /home/xiaofang/ROS2_WS/ws02_tool/install/cpp03_tf_broadcaster/lib/cpp03_tf_broadcaster/demo03_point_tf_broadcaster
[5.796s] -- Up-to-date: /home/xiaofang/ROS2_WS/ws02_tool/install/cpp03_tf_broadcaster/share/ament_index/resource_index/package_run_dependencies/cpp03_tf_broadcaster
[5.796s] -- Up-to-date: /home/xiaofang/ROS2_WS/ws02_tool/install/cpp03_tf_broadcaster/share/ament_index/resource_index/parent_prefix_path/cpp03_tf_broadcaster
[5.797s] -- Up-to-date: /home/xiaofang/ROS2_WS/ws02_tool/install/cpp03_tf_broadcaster/share/cpp03_tf_broadcaster/environment/ament_prefix_path.sh
[5.797s] -- Up-to-date: /home/xiaofang/ROS2_WS/ws02_tool/install/cpp03_tf_broadcaster/share/cpp03_tf_broadcaster/environment/ament_prefix_path.dsv
[5.797s] -- Up-to-date: /home/xiaofang/ROS2_WS/ws02_tool/install/cpp03_tf_broadcaster/share/cpp03_tf_broadcaster/environment/path.sh
[5.797s] -- Up-to-date: /home/xiaofang/ROS2_WS/ws02_tool/install/cpp03_tf_broadcaster/share/cpp03_tf_broadcaster/environment/path.dsv
[5.797s] -- Up-to-date: /home/xiaofang/ROS2_WS/ws02_tool/install/cpp03_tf_broadcaster/share/cpp03_tf_broadcaster/local_setup.bash
[5.797s] -- Up-to-date: /home/xiaofang/ROS2_WS/ws02_tool/install/cpp03_tf_broadcaster/share/cpp03_tf_broadcaster/local_setup.sh
[5.797s] -- Up-to-date: /home/xiaofang/ROS2_WS/ws02_tool/install/cpp03_tf_broadcaster/share/cpp03_tf_broadcaster/local_setup.zsh
[5.797s] -- Up-to-date: /home/xiaofang/ROS2_WS/ws02_tool/install/cpp03_tf_broadcaster/share/cpp03_tf_broadcaster/local_setup.dsv
[5.798s] -- Installing: /home/xiaofang/ROS2_WS/ws02_tool/install/cpp03_tf_broadcaster/share/cpp03_tf_broadcaster/package.dsv
[5.798s] -- Up-to-date: /home/xiaofang/ROS2_WS/ws02_tool/install/cpp03_tf_broadcaster/share/ament_index/resource_index/packages/cpp03_tf_broadcaster
[5.798s] -- Up-to-date: /home/xiaofang/ROS2_WS/ws02_tool/install/cpp03_tf_broadcaster/share/cpp03_tf_broadcaster/cmake/cpp03_tf_broadcasterConfig.cmake
[5.798s] -- Up-to-date: /home/xiaofang/ROS2_WS/ws02_tool/install/cpp03_tf_broadcaster/share/cpp03_tf_broadcaster/cmake/cpp03_tf_broadcasterConfig-version.cmake
[5.798s] -- Up-to-date: /home/xiaofang/ROS2_WS/ws02_tool/install/cpp03_tf_broadcaster/share/cpp03_tf_broadcaster/package.xml
[5.800s] Invoked command in '/home/xiaofang/ROS2_WS/ws02_tool/build/cpp03_tf_broadcaster' returned '0': CMAKE_PREFIX_PATH=${CMAKE_PREFIX_PATH}:/opt/cv_bridge_fix_link-humble/install/opencv_tests:/opt/ros/humble /usr/bin/cmake --install /home/xiaofang/ROS2_WS/ws02_tool/build/cpp03_tf_broadcaster
