[0.008s] Invoking command in '/home/xiaofang/ROS2_WS/HelloWorld_cpp/build/pkg01_helloworld_cpp': CMAKE_PREFIX_PATH=/opt/ros/humble /usr/bin/cmake /home/xiaofang/ROS2_WS/HelloWorld_cpp/src/pkg01_helloworld_cpp -DCMAKE_EXPORT_COMPILE_COMMANDS=ON -DCMAKE_INSTALL_PREFIX=/home/xiaofang/ROS2_WS/HelloWorld_cpp/install/pkg01_helloworld_cpp
[0.018s] -- Found ament_cmake: 1.3.11 (/opt/ros/humble/share/ament_cmake/cmake)
[0.103s] -- Found rclcpp: 16.0.11 (/opt/ros/humble/share/rclcpp/cmake)
[0.127s] -- Found rosidl_generator_c: 3.1.6 (/opt/ros/humble/share/rosidl_generator_c/cmake)
[0.129s] -- Found rosidl_adapter: 3.1.6 (/opt/ros/humble/share/rosidl_adapter/cmake)
[0.134s] -- Found rosidl_generator_cpp: 3.1.6 (/opt/ros/humble/share/rosidl_generator_cpp/cmake)
[0.141s] -- Using all available rosidl_typesupport_c: rosidl_typesupport_fastrtps_c;rosidl_typesupport_introspection_c
[0.149s] -- Using all available rosidl_typesupport_cpp: rosidl_typesupport_fastrtps_cpp;rosidl_typesupport_introspection_cpp
[0.175s] -- Found rmw_implementation_cmake: 6.1.2 (/opt/ros/humble/share/rmw_implementation_cmake/cmake)
[0.176s] -- Found rmw_fastrtps_cpp: 6.2.7 (/opt/ros/humble/share/rmw_fastrtps_cpp/cmake)
[0.254s] -- Using RMW implementation 'rmw_fastrtps_cpp' as default
[0.290s] -- Found ament_lint_auto: 0.12.11 (/opt/ros/humble/share/ament_lint_auto/cmake)
[0.332s] -- Added test 'cppcheck' to perform static code analysis on C / C++ code
[0.332s] -- Configured cppcheck include dirs: $<BUILD_INTERFACE:/home/xiaofang/ROS2_WS/HelloWorld_cpp/src/pkg01_helloworld_cpp/include>
[0.332s] -- Configured cppcheck exclude dirs and/or files: 
[0.332s] -- Added test 'lint_cmake' to check CMake code style
[0.332s] -- Added test 'uncrustify' to check C / C++ code style
[0.332s] -- Configured uncrustify additional arguments: 
[0.333s] -- Added test 'xmllint' to check XML markup files
[0.334s] -- Configuring done
[0.340s] -- Generating done
[0.342s] -- Build files have been written to: /home/xiaofang/ROS2_WS/HelloWorld_cpp/build/pkg01_helloworld_cpp
[0.347s] Invoked command in '/home/xiaofang/ROS2_WS/HelloWorld_cpp/build/pkg01_helloworld_cpp' returned '0': CMAKE_PREFIX_PATH=/opt/ros/humble /usr/bin/cmake /home/xiaofang/ROS2_WS/HelloWorld_cpp/src/pkg01_helloworld_cpp -DCMAKE_EXPORT_COMPILE_COMMANDS=ON -DCMAKE_INSTALL_PREFIX=/home/xiaofang/ROS2_WS/HelloWorld_cpp/install/pkg01_helloworld_cpp
[0.348s] Invoking command in '/home/xiaofang/ROS2_WS/HelloWorld_cpp/build/pkg01_helloworld_cpp': CMAKE_PREFIX_PATH=/opt/ros/humble /usr/bin/cmake --build /home/xiaofang/ROS2_WS/HelloWorld_cpp/build/pkg01_helloworld_cpp -- -j20 -l20
[0.374s] [35m[1mConsolidate compiler generated dependencies of target helloworld[0m
[0.385s] [100%] Built target helloworld
[0.391s] Invoked command in '/home/xiaofang/ROS2_WS/HelloWorld_cpp/build/pkg01_helloworld_cpp' returned '0': CMAKE_PREFIX_PATH=/opt/ros/humble /usr/bin/cmake --build /home/xiaofang/ROS2_WS/HelloWorld_cpp/build/pkg01_helloworld_cpp -- -j20 -l20
[0.397s] Invoking command in '/home/xiaofang/ROS2_WS/HelloWorld_cpp/build/pkg01_helloworld_cpp': CMAKE_PREFIX_PATH=/opt/ros/humble /usr/bin/cmake --install /home/xiaofang/ROS2_WS/HelloWorld_cpp/build/pkg01_helloworld_cpp
[0.401s] -- Install configuration: ""
[0.401s] -- Up-to-date: /home/xiaofang/ROS2_WS/HelloWorld_cpp/install/pkg01_helloworld_cpp/lib/pkg01_helloworld_cpp/helloworld
[0.401s] -- Up-to-date: /home/xiaofang/ROS2_WS/HelloWorld_cpp/install/pkg01_helloworld_cpp/share/ament_index/resource_index/package_run_dependencies/pkg01_helloworld_cpp
[0.401s] -- Up-to-date: /home/xiaofang/ROS2_WS/HelloWorld_cpp/install/pkg01_helloworld_cpp/share/ament_index/resource_index/parent_prefix_path/pkg01_helloworld_cpp
[0.401s] -- Up-to-date: /home/xiaofang/ROS2_WS/HelloWorld_cpp/install/pkg01_helloworld_cpp/share/pkg01_helloworld_cpp/environment/ament_prefix_path.sh
[0.401s] -- Installing: /home/xiaofang/ROS2_WS/HelloWorld_cpp/install/pkg01_helloworld_cpp/share/pkg01_helloworld_cpp/environment/ament_prefix_path.dsv
[0.401s] -- Up-to-date: /home/xiaofang/ROS2_WS/HelloWorld_cpp/install/pkg01_helloworld_cpp/share/pkg01_helloworld_cpp/environment/path.sh
[0.401s] -- Installing: /home/xiaofang/ROS2_WS/HelloWorld_cpp/install/pkg01_helloworld_cpp/share/pkg01_helloworld_cpp/environment/path.dsv
[0.401s] -- Up-to-date: /home/xiaofang/ROS2_WS/HelloWorld_cpp/install/pkg01_helloworld_cpp/share/pkg01_helloworld_cpp/local_setup.bash
[0.401s] -- Up-to-date: /home/xiaofang/ROS2_WS/HelloWorld_cpp/install/pkg01_helloworld_cpp/share/pkg01_helloworld_cpp/local_setup.sh
[0.401s] -- Up-to-date: /home/xiaofang/ROS2_WS/HelloWorld_cpp/install/pkg01_helloworld_cpp/share/pkg01_helloworld_cpp/local_setup.zsh
[0.401s] -- Installing: /home/xiaofang/ROS2_WS/HelloWorld_cpp/install/pkg01_helloworld_cpp/share/pkg01_helloworld_cpp/local_setup.dsv
[0.401s] -- Installing: /home/xiaofang/ROS2_WS/HelloWorld_cpp/install/pkg01_helloworld_cpp/share/pkg01_helloworld_cpp/package.dsv
[0.401s] -- Up-to-date: /home/xiaofang/ROS2_WS/HelloWorld_cpp/install/pkg01_helloworld_cpp/share/ament_index/resource_index/packages/pkg01_helloworld_cpp
[0.401s] -- Up-to-date: /home/xiaofang/ROS2_WS/HelloWorld_cpp/install/pkg01_helloworld_cpp/share/pkg01_helloworld_cpp/cmake/pkg01_helloworld_cppConfig.cmake
[0.401s] -- Up-to-date: /home/xiaofang/ROS2_WS/HelloWorld_cpp/install/pkg01_helloworld_cpp/share/pkg01_helloworld_cpp/cmake/pkg01_helloworld_cppConfig-version.cmake
[0.401s] -- Up-to-date: /home/xiaofang/ROS2_WS/HelloWorld_cpp/install/pkg01_helloworld_cpp/share/pkg01_helloworld_cpp/package.xml
[0.403s] Invoked command in '/home/xiaofang/ROS2_WS/HelloWorld_cpp/build/pkg01_helloworld_cpp' returned '0': CMAKE_PREFIX_PATH=/opt/ros/humble /usr/bin/cmake --install /home/xiaofang/ROS2_WS/HelloWorld_cpp/build/pkg01_helloworld_cpp
