[0.019s] Invoking command in '/home/xiaofang/ROS2_WS/ws03_nav_sim/build/mycar_description': CMAKE_PREFIX_PATH=${CMAKE_PREFIX_PATH}:/opt/cv_bridge_fix_link-humble/install/opencv_tests:/opt/ros/humble /usr/bin/cmake --build /home/xiaofang/ROS2_WS/ws03_nav_sim/build/mycar_description -- -j20 -l20
[0.053s] -- Found ament_cmake: 1.3.11 (/opt/ros/humble/share/ament_cmake/cmake)
[0.160s] -- Found ament_lint_auto: 0.12.12 (/opt/ros/humble/share/ament_lint_auto/cmake)
[0.208s] -- Added test 'flake8' to check Python code syntax and style conventions
[0.208s] -- Added test 'lint_cmake' to check CMake code style
[0.208s] -- Added test 'pep257' to check Python code against some of the docstring style conventions in PEP 257
[0.209s] -- Added test 'xmllint' to check XML markup files
[0.210s] -- Configuring done
[0.213s] -- Generating done
[0.214s] -- Build files have been written to: /home/xiaofang/ROS2_WS/ws03_nav_sim/build/mycar_description
[0.229s] Invoked command in '/home/xiaofang/ROS2_WS/ws03_nav_sim/build/mycar_description' returned '0': CMAKE_PREFIX_PATH=${CMAKE_PREFIX_PATH}:/opt/cv_bridge_fix_link-humble/install/opencv_tests:/opt/ros/humble /usr/bin/cmake --build /home/xiaofang/ROS2_WS/ws03_nav_sim/build/mycar_description -- -j20 -l20
[0.230s] Invoking command in '/home/xiaofang/ROS2_WS/ws03_nav_sim/build/mycar_description': CMAKE_PREFIX_PATH=${CMAKE_PREFIX_PATH}:/opt/cv_bridge_fix_link-humble/install/opencv_tests:/opt/ros/humble /usr/bin/cmake --install /home/xiaofang/ROS2_WS/ws03_nav_sim/build/mycar_description
[0.240s] -- Install configuration: ""
[0.241s] -- Up-to-date: /home/xiaofang/ROS2_WS/ws03_nav_sim/install/mycar_description/share/mycar_description/launch
[0.241s] -- Up-to-date: /home/xiaofang/ROS2_WS/ws03_nav_sim/install/mycar_description/share/mycar_description/launch/display.launch.py
[0.241s] -- Up-to-date: /home/xiaofang/ROS2_WS/ws03_nav_sim/install/mycar_description/share/mycar_description/launch/mycar_desc_sim.launch.py
[0.241s] -- Installing: /home/xiaofang/ROS2_WS/ws03_nav_sim/install/mycar_description/share/mycar_description/launch/mycar_desc_sim.launch_xacro.py
[0.241s] -- Up-to-date: /home/xiaofang/ROS2_WS/ws03_nav_sim/install/mycar_description/share/mycar_description/urdf
[0.241s] -- Up-to-date: /home/xiaofang/ROS2_WS/ws03_nav_sim/install/mycar_description/share/mycar_description/urdf/xacro
[0.241s] -- Up-to-date: /home/xiaofang/ROS2_WS/ws03_nav_sim/install/mycar_description/share/mycar_description/urdf/xacro/car.urdf.xacro
[0.241s] -- Up-to-date: /home/xiaofang/ROS2_WS/ws03_nav_sim/install/mycar_description/share/mycar_description/urdf/xacro/gazebo
[0.241s] -- Up-to-date: /home/xiaofang/ROS2_WS/ws03_nav_sim/install/mycar_description/share/mycar_description/urdf/xacro/gazebo/move_control.urdf.xacro
[0.241s] -- Up-to-date: /home/xiaofang/ROS2_WS/ws03_nav_sim/install/mycar_description/share/mycar_description/urdf/urdf
[0.241s] -- Up-to-date: /home/xiaofang/ROS2_WS/ws03_nav_sim/install/mycar_description/share/mycar_description/urdf/urdf/demo02_CyberNaviRobot.urdf
[0.242s] -- Up-to-date: /home/xiaofang/ROS2_WS/ws03_nav_sim/install/mycar_description/share/mycar_description/urdf/urdf/CyberNaviRobot.urdf
[0.242s] -- Up-to-date: /home/xiaofang/ROS2_WS/ws03_nav_sim/install/mycar_description/share/mycar_description/urdf/urdf/demo01_CyberNaviRobot.urdf
[0.242s] -- Up-to-date: /home/xiaofang/ROS2_WS/ws03_nav_sim/install/mycar_description/share/mycar_description/urdf/urdf/CyberNaviRobot.csv
[0.242s] -- Up-to-date: /home/xiaofang/ROS2_WS/ws03_nav_sim/install/mycar_description/share/mycar_description/rviz
[0.242s] -- Up-to-date: /home/xiaofang/ROS2_WS/ws03_nav_sim/install/mycar_description/share/mycar_description/rviz/.gitkeep
[0.242s] -- Up-to-date: /home/xiaofang/ROS2_WS/ws03_nav_sim/install/mycar_description/share/mycar_description/meshes
[0.242s] -- Up-to-date: /home/xiaofang/ROS2_WS/ws03_nav_sim/install/mycar_description/share/mycar_description/meshes/left_front_wheel_link.STL
[0.242s] -- Up-to-date: /home/xiaofang/ROS2_WS/ws03_nav_sim/install/mycar_description/share/mycar_description/meshes/right_rear_wheel_link.STL
[0.242s] -- Up-to-date: /home/xiaofang/ROS2_WS/ws03_nav_sim/install/mycar_description/share/mycar_description/meshes/right_front_wheel_link.STL
[0.242s] -- Up-to-date: /home/xiaofang/ROS2_WS/ws03_nav_sim/install/mycar_description/share/mycar_description/meshes/demo1_base_link.STL
[0.242s] -- Up-to-date: /home/xiaofang/ROS2_WS/ws03_nav_sim/install/mycar_description/share/mycar_description/meshes/left_rear_wheel_link.STL
[0.242s] -- Up-to-date: /home/xiaofang/ROS2_WS/ws03_nav_sim/install/mycar_description/share/mycar_description/meshes/base_link.STL
[0.243s] -- Up-to-date: /home/xiaofang/ROS2_WS/ws03_nav_sim/install/mycar_description/share/ament_index/resource_index/package_run_dependencies/mycar_description
[0.243s] -- Installing: /home/xiaofang/ROS2_WS/ws03_nav_sim/install/mycar_description/share/ament_index/resource_index/parent_prefix_path/mycar_description
[0.243s] -- Up-to-date: /home/xiaofang/ROS2_WS/ws03_nav_sim/install/mycar_description/share/mycar_description/environment/ament_prefix_path.sh
[0.243s] -- Installing: /home/xiaofang/ROS2_WS/ws03_nav_sim/install/mycar_description/share/mycar_description/environment/ament_prefix_path.dsv
[0.243s] -- Up-to-date: /home/xiaofang/ROS2_WS/ws03_nav_sim/install/mycar_description/share/mycar_description/environment/path.sh
[0.243s] -- Installing: /home/xiaofang/ROS2_WS/ws03_nav_sim/install/mycar_description/share/mycar_description/environment/path.dsv
[0.243s] -- Up-to-date: /home/xiaofang/ROS2_WS/ws03_nav_sim/install/mycar_description/share/mycar_description/local_setup.bash
[0.243s] -- Up-to-date: /home/xiaofang/ROS2_WS/ws03_nav_sim/install/mycar_description/share/mycar_description/local_setup.sh
[0.243s] -- Up-to-date: /home/xiaofang/ROS2_WS/ws03_nav_sim/install/mycar_description/share/mycar_description/local_setup.zsh
[0.243s] -- Installing: /home/xiaofang/ROS2_WS/ws03_nav_sim/install/mycar_description/share/mycar_description/local_setup.dsv
[0.243s] -- Installing: /home/xiaofang/ROS2_WS/ws03_nav_sim/install/mycar_description/share/mycar_description/package.dsv
[0.243s] -- Up-to-date: /home/xiaofang/ROS2_WS/ws03_nav_sim/install/mycar_description/share/ament_index/resource_index/packages/mycar_description
[0.243s] -- Up-to-date: /home/xiaofang/ROS2_WS/ws03_nav_sim/install/mycar_description/share/mycar_description/cmake/mycar_descriptionConfig.cmake
[0.243s] -- Up-to-date: /home/xiaofang/ROS2_WS/ws03_nav_sim/install/mycar_description/share/mycar_description/cmake/mycar_descriptionConfig-version.cmake
[0.243s] -- Up-to-date: /home/xiaofang/ROS2_WS/ws03_nav_sim/install/mycar_description/share/mycar_description/package.xml
[0.245s] Invoked command in '/home/xiaofang/ROS2_WS/ws03_nav_sim/build/mycar_description' returned '0': CMAKE_PREFIX_PATH=${CMAKE_PREFIX_PATH}:/opt/cv_bridge_fix_link-humble/install/opencv_tests:/opt/ros/humble /usr/bin/cmake --install /home/xiaofang/ROS2_WS/ws03_nav_sim/build/mycar_description
