[0.007s] Invoking command in '/home/xiaofang/ROS2_WS/ws02_tool/build/cpp01_launch': CMAKE_PREFIX_PATH=${CMAKE_PREFIX_PATH}:/opt/cv_bridge_fix_link-humble/install/opencv_tests:/opt/ros/humble /usr/bin/cmake /home/xiaofang/ROS2_WS/ws02_tool/src/cpp01_launch -DCMAKE_EXPORT_COMPILE_COMMANDS=ON -DCMAKE_INSTALL_PREFIX=/home/xiaofang/ROS2_WS/ws02_tool/install/cpp01_launch
[0.060s] -- The C compiler identification is GNU 11.4.0
[0.108s] -- The CXX compiler identification is GNU 11.4.0
[0.114s] -- Detecting C compiler ABI info
[0.162s] -- Detecting C compiler ABI info - done
[0.166s] -- Check for working C compiler: /usr/bin/cc - skipped
[0.167s] -- Detecting C compile features
[0.167s] -- Detecting C compile features - done
[0.169s] -- Detecting CXX compiler ABI info
[0.222s] -- Detecting CXX compiler ABI info - done
[0.226s] -- Check for working CXX compiler: /usr/bin/c++ - skipped
[0.226s] -- Detecting CXX compile features
[0.226s] -- Detecting CXX compile features - done
[0.230s] -- Found ament_cmake: 1.3.11 (/opt/ros/humble/share/ament_cmake/cmake)
[0.329s] -- Found Python3: /usr/bin/python3 (found version "3.10.12") found components: Interpreter 
[0.389s] -- Found rclcpp: 16.0.12 (/opt/ros/humble/share/rclcpp/cmake)
[0.427s] -- Found rosidl_generator_c: 3.1.6 (/opt/ros/humble/share/rosidl_generator_c/cmake)
[0.432s] -- Found rosidl_adapter: 3.1.6 (/opt/ros/humble/share/rosidl_adapter/cmake)
[0.439s] -- Found rosidl_generator_cpp: 3.1.6 (/opt/ros/humble/share/rosidl_generator_cpp/cmake)
[0.448s] -- Using all available rosidl_typesupport_c: rosidl_typesupport_fastrtps_c;rosidl_typesupport_introspection_c
[0.460s] -- Using all available rosidl_typesupport_cpp: rosidl_typesupport_fastrtps_cpp;rosidl_typesupport_introspection_cpp
[0.494s] -- Found rmw_implementation_cmake: 6.1.2 (/opt/ros/humble/share/rmw_implementation_cmake/cmake)
[0.496s] -- Found rmw_fastrtps_cpp: 6.2.7 (/opt/ros/humble/share/rmw_fastrtps_cpp/cmake)
[0.565s] -- Found OpenSSL: /usr/lib/x86_64-linux-gnu/libcrypto.so (found version "3.0.2")  
[0.591s] -- Found FastRTPS: /opt/ros/humble/include  
[0.627s] -- Using RMW implementation 'rmw_fastrtps_cpp' as default
[0.636s] -- Looking for pthread.h
[0.684s] -- Looking for pthread.h - found
[0.685s] -- Performing Test CMAKE_HAVE_LIBC_PTHREAD
[0.733s] -- Performing Test CMAKE_HAVE_LIBC_PTHREAD - Success
[0.734s] -- Found Threads: TRUE  
[0.771s] -- Found ament_lint_auto: 0.12.12 (/opt/ros/humble/share/ament_lint_auto/cmake)
[0.821s] -- Added test 'flake8' to check Python code syntax and style conventions
[0.821s] -- Added test 'lint_cmake' to check CMake code style
[0.821s] -- Added test 'pep257' to check Python code against some of the docstring style conventions in PEP 257
[0.822s] -- Added test 'xmllint' to check XML markup files
[0.823s] -- Configuring done
[0.825s] -- Generating done
[0.826s] [33mCMake Warning:
[0.826s]   Manually-specified variables were not used by the project:
[0.826s] 
[0.826s]     CMAKE_EXPORT_COMPILE_COMMANDS
[0.826s] 
[0.826s] [0m
[0.826s] -- Build files have been written to: /home/xiaofang/ROS2_WS/ws02_tool/build/cpp01_launch
[0.831s] Invoked command in '/home/xiaofang/ROS2_WS/ws02_tool/build/cpp01_launch' returned '0': CMAKE_PREFIX_PATH=${CMAKE_PREFIX_PATH}:/opt/cv_bridge_fix_link-humble/install/opencv_tests:/opt/ros/humble /usr/bin/cmake /home/xiaofang/ROS2_WS/ws02_tool/src/cpp01_launch -DCMAKE_EXPORT_COMPILE_COMMANDS=ON -DCMAKE_INSTALL_PREFIX=/home/xiaofang/ROS2_WS/ws02_tool/install/cpp01_launch
[0.833s] Invoking command in '/home/xiaofang/ROS2_WS/ws02_tool/build/cpp01_launch': CMAKE_PREFIX_PATH=${CMAKE_PREFIX_PATH}:/opt/cv_bridge_fix_link-humble/install/opencv_tests:/opt/ros/humble /usr/bin/cmake --build /home/xiaofang/ROS2_WS/ws02_tool/build/cpp01_launch -- -j20 -l20
[0.857s] Invoked command in '/home/xiaofang/ROS2_WS/ws02_tool/build/cpp01_launch' returned '0': CMAKE_PREFIX_PATH=${CMAKE_PREFIX_PATH}:/opt/cv_bridge_fix_link-humble/install/opencv_tests:/opt/ros/humble /usr/bin/cmake --build /home/xiaofang/ROS2_WS/ws02_tool/build/cpp01_launch -- -j20 -l20
[0.864s] Invoking command in '/home/xiaofang/ROS2_WS/ws02_tool/build/cpp01_launch': CMAKE_PREFIX_PATH=${CMAKE_PREFIX_PATH}:/opt/cv_bridge_fix_link-humble/install/opencv_tests:/opt/ros/humble /usr/bin/cmake --install /home/xiaofang/ROS2_WS/ws02_tool/build/cpp01_launch
[0.868s] -- Install configuration: ""
[0.868s] -- Installing: /home/xiaofang/ROS2_WS/ws02_tool/install/cpp01_launch/share/cpp01_launch/launch
[0.868s] -- Installing: /home/xiaofang/ROS2_WS/ws02_tool/install/cpp01_launch/share/cpp01_launch/launch/py
[0.868s] -- Installing: /home/xiaofang/ROS2_WS/ws02_tool/install/cpp01_launch/share/cpp01_launch/launch/py/py01_hello_launch.py
[0.868s] -- Installing: /home/xiaofang/ROS2_WS/ws02_tool/install/cpp01_launch/share/cpp01_launch/launch/xml
[0.868s] -- Installing: /home/xiaofang/ROS2_WS/ws02_tool/install/cpp01_launch/share/cpp01_launch/launch/yaml
[0.868s] -- Installing: /home/xiaofang/ROS2_WS/ws02_tool/install/cpp01_launch/share/ament_index/resource_index/package_run_dependencies/cpp01_launch
[0.868s] -- Installing: /home/xiaofang/ROS2_WS/ws02_tool/install/cpp01_launch/share/ament_index/resource_index/parent_prefix_path/cpp01_launch
[0.868s] -- Installing: /home/xiaofang/ROS2_WS/ws02_tool/install/cpp01_launch/share/cpp01_launch/environment/ament_prefix_path.sh
[0.869s] -- Installing: /home/xiaofang/ROS2_WS/ws02_tool/install/cpp01_launch/share/cpp01_launch/environment/ament_prefix_path.dsv
[0.869s] -- Installing: /home/xiaofang/ROS2_WS/ws02_tool/install/cpp01_launch/share/cpp01_launch/environment/path.sh
[0.869s] -- Installing: /home/xiaofang/ROS2_WS/ws02_tool/install/cpp01_launch/share/cpp01_launch/environment/path.dsv
[0.869s] -- Installing: /home/xiaofang/ROS2_WS/ws02_tool/install/cpp01_launch/share/cpp01_launch/local_setup.bash
[0.869s] -- Installing: /home/xiaofang/ROS2_WS/ws02_tool/install/cpp01_launch/share/cpp01_launch/local_setup.sh
[0.869s] -- Installing: /home/xiaofang/ROS2_WS/ws02_tool/install/cpp01_launch/share/cpp01_launch/local_setup.zsh
[0.869s] -- Installing: /home/xiaofang/ROS2_WS/ws02_tool/install/cpp01_launch/share/cpp01_launch/local_setup.dsv
[0.869s] -- Installing: /home/xiaofang/ROS2_WS/ws02_tool/install/cpp01_launch/share/cpp01_launch/package.dsv
[0.869s] -- Installing: /home/xiaofang/ROS2_WS/ws02_tool/install/cpp01_launch/share/ament_index/resource_index/packages/cpp01_launch
[0.869s] -- Installing: /home/xiaofang/ROS2_WS/ws02_tool/install/cpp01_launch/share/cpp01_launch/cmake/cpp01_launchConfig.cmake
[0.869s] -- Installing: /home/xiaofang/ROS2_WS/ws02_tool/install/cpp01_launch/share/cpp01_launch/cmake/cpp01_launchConfig-version.cmake
[0.869s] -- Installing: /home/xiaofang/ROS2_WS/ws02_tool/install/cpp01_launch/share/cpp01_launch/package.xml
[0.870s] Invoked command in '/home/xiaofang/ROS2_WS/ws02_tool/build/cpp01_launch' returned '0': CMAKE_PREFIX_PATH=${CMAKE_PREFIX_PATH}:/opt/cv_bridge_fix_link-humble/install/opencv_tests:/opt/ros/humble /usr/bin/cmake --install /home/xiaofang/ROS2_WS/ws02_tool/build/cpp01_launch
