[0.012s] Invoking command in '/home/xiaofang/ROS2_WS/ws03_nav_sim/build/demo_gazebo_sim': CMAKE_PREFIX_PATH=${CMAKE_PREFIX_PATH}:/opt/cv_bridge_fix_link-humble/install/opencv_tests:/opt/ros/humble /usr/bin/cmake --build /home/xiaofang/ROS2_WS/ws03_nav_sim/build/demo_gazebo_sim -- -j20 -l20
[0.046s] Invoked command in '/home/xiaofang/ROS2_WS/ws03_nav_sim/build/demo_gazebo_sim' returned '0': CMAKE_PREFIX_PATH=${CMAKE_PREFIX_PATH}:/opt/cv_bridge_fix_link-humble/install/opencv_tests:/opt/ros/humble /usr/bin/cmake --build /home/xiaofang/ROS2_WS/ws03_nav_sim/build/demo_gazebo_sim -- -j20 -l20
[0.057s] Invoking command in '/home/xiaofang/ROS2_WS/ws03_nav_sim/build/demo_gazebo_sim': CMAKE_PREFIX_PATH=${CMAKE_PREFIX_PATH}:/opt/cv_bridge_fix_link-humble/install/opencv_tests:/opt/ros/humble /usr/bin/cmake --install /home/xiaofang/ROS2_WS/ws03_nav_sim/build/demo_gazebo_sim
[0.065s] -- Install configuration: ""
[0.065s] -- Up-to-date: /home/xiaofang/ROS2_WS/ws03_nav_sim/install/demo_gazebo_sim/share/demo_gazebo_sim/rviz
[0.065s] -- Up-to-date: /home/xiaofang/ROS2_WS/ws03_nav_sim/install/demo_gazebo_sim/share/demo_gazebo_sim/rviz/sim.rviz
[0.065s] -- Up-to-date: /home/xiaofang/ROS2_WS/ws03_nav_sim/install/demo_gazebo_sim/share/demo_gazebo_sim/world
[0.065s] -- Installing: /home/xiaofang/ROS2_WS/ws03_nav_sim/install/demo_gazebo_sim/share/demo_gazebo_sim/world/house.sdf
[0.065s] -- Up-to-date: /home/xiaofang/ROS2_WS/ws03_nav_sim/install/demo_gazebo_sim/share/demo_gazebo_sim/world/visualize_lidar.sdf
[0.065s] -- Up-to-date: /home/xiaofang/ROS2_WS/ws03_nav_sim/install/demo_gazebo_sim/share/demo_gazebo_sim/launch
[0.065s] -- Up-to-date: /home/xiaofang/ROS2_WS/ws03_nav_sim/install/demo_gazebo_sim/share/demo_gazebo_sim/launch/gazebo_sim_demo.launch.py
[0.065s] -- Installing: /home/xiaofang/ROS2_WS/ws03_nav_sim/install/demo_gazebo_sim/share/demo_gazebo_sim/launch/gazebo_sim_world.launch.py
[0.065s] -- Up-to-date: /home/xiaofang/ROS2_WS/ws03_nav_sim/install/demo_gazebo_sim/share/ament_index/resource_index/package_run_dependencies/demo_gazebo_sim
[0.065s] -- Up-to-date: /home/xiaofang/ROS2_WS/ws03_nav_sim/install/demo_gazebo_sim/share/ament_index/resource_index/parent_prefix_path/demo_gazebo_sim
[0.065s] -- Up-to-date: /home/xiaofang/ROS2_WS/ws03_nav_sim/install/demo_gazebo_sim/share/demo_gazebo_sim/environment/ament_prefix_path.sh
[0.065s] -- Up-to-date: /home/xiaofang/ROS2_WS/ws03_nav_sim/install/demo_gazebo_sim/share/demo_gazebo_sim/environment/ament_prefix_path.dsv
[0.065s] -- Up-to-date: /home/xiaofang/ROS2_WS/ws03_nav_sim/install/demo_gazebo_sim/share/demo_gazebo_sim/environment/path.sh
[0.065s] -- Up-to-date: /home/xiaofang/ROS2_WS/ws03_nav_sim/install/demo_gazebo_sim/share/demo_gazebo_sim/environment/path.dsv
[0.066s] -- Up-to-date: /home/xiaofang/ROS2_WS/ws03_nav_sim/install/demo_gazebo_sim/share/demo_gazebo_sim/local_setup.bash
[0.066s] -- Up-to-date: /home/xiaofang/ROS2_WS/ws03_nav_sim/install/demo_gazebo_sim/share/demo_gazebo_sim/local_setup.sh
[0.066s] -- Up-to-date: /home/xiaofang/ROS2_WS/ws03_nav_sim/install/demo_gazebo_sim/share/demo_gazebo_sim/local_setup.zsh
[0.066s] -- Up-to-date: /home/xiaofang/ROS2_WS/ws03_nav_sim/install/demo_gazebo_sim/share/demo_gazebo_sim/local_setup.dsv
[0.066s] -- Installing: /home/xiaofang/ROS2_WS/ws03_nav_sim/install/demo_gazebo_sim/share/demo_gazebo_sim/package.dsv
[0.066s] -- Up-to-date: /home/xiaofang/ROS2_WS/ws03_nav_sim/install/demo_gazebo_sim/share/ament_index/resource_index/packages/demo_gazebo_sim
[0.066s] -- Up-to-date: /home/xiaofang/ROS2_WS/ws03_nav_sim/install/demo_gazebo_sim/share/demo_gazebo_sim/cmake/demo_gazebo_simConfig.cmake
[0.066s] -- Up-to-date: /home/xiaofang/ROS2_WS/ws03_nav_sim/install/demo_gazebo_sim/share/demo_gazebo_sim/cmake/demo_gazebo_simConfig-version.cmake
[0.066s] -- Up-to-date: /home/xiaofang/ROS2_WS/ws03_nav_sim/install/demo_gazebo_sim/share/demo_gazebo_sim/package.xml
[0.067s] Invoked command in '/home/xiaofang/ROS2_WS/ws03_nav_sim/build/demo_gazebo_sim' returned '0': CMAKE_PREFIX_PATH=${CMAKE_PREFIX_PATH}:/opt/cv_bridge_fix_link-humble/install/opencv_tests:/opt/ros/humble /usr/bin/cmake --install /home/xiaofang/ROS2_WS/ws03_nav_sim/build/demo_gazebo_sim
