[0.008s] Invoking command in '/home/xiaofang/ROS2_WS/ws01_plumbing/build/cpp01_topic': CMAKE_PREFIX_PATH=/home/xiaofang/ROS2_WS/ws01_plumbing/install/base_interfaces_demo:/home/xiaofang/ROS2_WS/ws01_plumbing/install/cpp01_topic:/opt/ros/humble /usr/bin/cmake --build /home/xiaofang/ROS2_WS/ws01_plumbing/build/cpp01_topic -- -j20 -l20
[0.031s] -- Found ament_cmake: 1.3.11 (/opt/ros/humble/share/ament_cmake/cmake)
[0.129s] -- Found rclcpp: 16.0.11 (/opt/ros/humble/share/rclcpp/cmake)
[0.150s] -- Found rosidl_generator_c: 3.1.6 (/opt/ros/humble/share/rosidl_generator_c/cmake)
[0.152s] -- Found rosidl_adapter: 3.1.6 (/opt/ros/humble/share/rosidl_adapter/cmake)
[0.156s] -- Found rosidl_generator_cpp: 3.1.6 (/opt/ros/humble/share/rosidl_generator_cpp/cmake)
[0.165s] -- Using all available rosidl_typesupport_c: rosidl_typesupport_fastrtps_c;rosidl_typesupport_introspection_c
[0.174s] -- Using all available rosidl_typesupport_cpp: rosidl_typesupport_fastrtps_cpp;rosidl_typesupport_introspection_cpp
[0.199s] -- Found rmw_implementation_cmake: 6.1.2 (/opt/ros/humble/share/rmw_implementation_cmake/cmake)
[0.201s] -- Found rmw_fastrtps_cpp: 6.2.7 (/opt/ros/humble/share/rmw_fastrtps_cpp/cmake)
[0.301s] -- Using RMW implementation 'rmw_fastrtps_cpp' as default
[0.335s] -- Found base_interfaces_demo: 0.0.0 (/home/xiaofang/ROS2_WS/ws01_plumbing/install/base_interfaces_demo/share/base_interfaces_demo/cmake)
[0.344s] -- Found ament_lint_auto: 0.12.11 (/opt/ros/humble/share/ament_lint_auto/cmake)
[0.392s] -- Added test 'cppcheck' to perform static code analysis on C / C++ code
[0.392s] -- Configured cppcheck include dirs: 
[0.392s] -- Configured cppcheck exclude dirs and/or files: 
[0.392s] -- Added test 'lint_cmake' to check CMake code style
[0.392s] -- Added test 'uncrustify' to check C / C++ code style
[0.392s] -- Configured uncrustify additional arguments: 
[0.393s] -- Added test 'xmllint' to check XML markup files
[0.393s] -- Configuring done
[0.407s] -- Generating done
[0.412s] -- Build files have been written to: /home/xiaofang/ROS2_WS/ws01_plumbing/build/cpp01_topic
[0.431s] [35m[1mConsolidate compiler generated dependencies of target demo01_talker_str[0m
[0.431s] [35m[1mConsolidate compiler generated dependencies of target demo02_listener_str[0m
[0.438s] [ 12%] [32mBuilding CXX object CMakeFiles/demo04_listener_stu.dir/src/demo04_listener_stu.cpp.o[0m
[0.440s] [ 25%] [32mBuilding CXX object CMakeFiles/demo03_talker_stu.dir/src/demo03_talker_stu.cpp.o[0m
[0.444s] [ 50%] Built target demo02_listener_str
[0.447s] [ 75%] Built target demo01_talker_str
[2.373s] [ 87%] [32m[1mLinking CXX executable demo04_listener_stu[0m
[2.402s] [100%] [32m[1mLinking CXX executable demo03_talker_stu[0m
[2.463s] [100%] Built target demo04_listener_stu
[2.489s] [100%] Built target demo03_talker_stu
[2.498s] Invoked command in '/home/xiaofang/ROS2_WS/ws01_plumbing/build/cpp01_topic' returned '0': CMAKE_PREFIX_PATH=/home/xiaofang/ROS2_WS/ws01_plumbing/install/base_interfaces_demo:/home/xiaofang/ROS2_WS/ws01_plumbing/install/cpp01_topic:/opt/ros/humble /usr/bin/cmake --build /home/xiaofang/ROS2_WS/ws01_plumbing/build/cpp01_topic -- -j20 -l20
[2.499s] Invoking command in '/home/xiaofang/ROS2_WS/ws01_plumbing/build/cpp01_topic': CMAKE_PREFIX_PATH=/home/xiaofang/ROS2_WS/ws01_plumbing/install/base_interfaces_demo:/home/xiaofang/ROS2_WS/ws01_plumbing/install/cpp01_topic:/opt/ros/humble /usr/bin/cmake --install /home/xiaofang/ROS2_WS/ws01_plumbing/build/cpp01_topic
[2.505s] -- Install configuration: ""
[2.505s] -- Installing: /home/xiaofang/ROS2_WS/ws01_plumbing/install/cpp01_topic/lib/cpp01_topic/demo01_talker_str
[2.506s] -- Set runtime path of "/home/xiaofang/ROS2_WS/ws01_plumbing/install/cpp01_topic/lib/cpp01_topic/demo01_talker_str" to ""
[2.507s] -- Installing: /home/xiaofang/ROS2_WS/ws01_plumbing/install/cpp01_topic/lib/cpp01_topic/demo02_listener_str
[2.509s] -- Set runtime path of "/home/xiaofang/ROS2_WS/ws01_plumbing/install/cpp01_topic/lib/cpp01_topic/demo02_listener_str" to ""
[2.509s] -- Installing: /home/xiaofang/ROS2_WS/ws01_plumbing/install/cpp01_topic/lib/cpp01_topic/demo03_talker_stu
[2.509s] -- Set runtime path of "/home/xiaofang/ROS2_WS/ws01_plumbing/install/cpp01_topic/lib/cpp01_topic/demo03_talker_stu" to ""
[2.509s] -- Installing: /home/xiaofang/ROS2_WS/ws01_plumbing/install/cpp01_topic/lib/cpp01_topic/demo04_listener_stu
[2.510s] -- Set runtime path of "/home/xiaofang/ROS2_WS/ws01_plumbing/install/cpp01_topic/lib/cpp01_topic/demo04_listener_stu" to ""
[2.510s] -- Up-to-date: /home/xiaofang/ROS2_WS/ws01_plumbing/install/cpp01_topic/share/ament_index/resource_index/package_run_dependencies/cpp01_topic
[2.510s] -- Installing: /home/xiaofang/ROS2_WS/ws01_plumbing/install/cpp01_topic/share/ament_index/resource_index/parent_prefix_path/cpp01_topic
[2.510s] -- Up-to-date: /home/xiaofang/ROS2_WS/ws01_plumbing/install/cpp01_topic/share/cpp01_topic/environment/ament_prefix_path.sh
[2.510s] -- Installing: /home/xiaofang/ROS2_WS/ws01_plumbing/install/cpp01_topic/share/cpp01_topic/environment/ament_prefix_path.dsv
[2.510s] -- Up-to-date: /home/xiaofang/ROS2_WS/ws01_plumbing/install/cpp01_topic/share/cpp01_topic/environment/path.sh
[2.510s] -- Installing: /home/xiaofang/ROS2_WS/ws01_plumbing/install/cpp01_topic/share/cpp01_topic/environment/path.dsv
[2.510s] -- Up-to-date: /home/xiaofang/ROS2_WS/ws01_plumbing/install/cpp01_topic/share/cpp01_topic/local_setup.bash
[2.510s] -- Up-to-date: /home/xiaofang/ROS2_WS/ws01_plumbing/install/cpp01_topic/share/cpp01_topic/local_setup.sh
[2.510s] -- Up-to-date: /home/xiaofang/ROS2_WS/ws01_plumbing/install/cpp01_topic/share/cpp01_topic/local_setup.zsh
[2.511s] -- Installing: /home/xiaofang/ROS2_WS/ws01_plumbing/install/cpp01_topic/share/cpp01_topic/local_setup.dsv
[2.511s] -- Installing: /home/xiaofang/ROS2_WS/ws01_plumbing/install/cpp01_topic/share/cpp01_topic/package.dsv
[2.511s] -- Up-to-date: /home/xiaofang/ROS2_WS/ws01_plumbing/install/cpp01_topic/share/ament_index/resource_index/packages/cpp01_topic
[2.511s] -- Up-to-date: /home/xiaofang/ROS2_WS/ws01_plumbing/install/cpp01_topic/share/cpp01_topic/cmake/cpp01_topicConfig.cmake
[2.511s] -- Up-to-date: /home/xiaofang/ROS2_WS/ws01_plumbing/install/cpp01_topic/share/cpp01_topic/cmake/cpp01_topicConfig-version.cmake
[2.511s] -- Up-to-date: /home/xiaofang/ROS2_WS/ws01_plumbing/install/cpp01_topic/share/cpp01_topic/package.xml
[2.513s] Invoked command in '/home/xiaofang/ROS2_WS/ws01_plumbing/build/cpp01_topic' returned '0': CMAKE_PREFIX_PATH=/home/xiaofang/ROS2_WS/ws01_plumbing/install/base_interfaces_demo:/home/xiaofang/ROS2_WS/ws01_plumbing/install/cpp01_topic:/opt/ros/humble /usr/bin/cmake --install /home/xiaofang/ROS2_WS/ws01_plumbing/build/cpp01_topic
