[0.008s] Invoking command in '/home/xiaofang/ROS2_WS/ws01_plumbing/build/cpp04_param': CMAKE_PREFIX_PATH=${CMAKE_PREFIX_PATH}:/opt/cv_bridge_fix_link-humble/install/opencv_tests:/opt/ros/humble /usr/bin/cmake --build /home/xiaofang/ROS2_WS/ws01_plumbing/build/cpp04_param -- -j20 -l20
[0.039s] -- Found ament_cmake: 1.3.11 (/opt/ros/humble/share/ament_cmake/cmake)
[0.130s] -- Found rclcpp: 16.0.12 (/opt/ros/humble/share/rclcpp/cmake)
[0.152s] -- Found rosidl_generator_c: 3.1.6 (/opt/ros/humble/share/rosidl_generator_c/cmake)
[0.154s] -- Found rosidl_adapter: 3.1.6 (/opt/ros/humble/share/rosidl_adapter/cmake)
[0.158s] -- Found rosidl_generator_cpp: 3.1.6 (/opt/ros/humble/share/rosidl_generator_cpp/cmake)
[0.165s] -- Using all available rosidl_typesupport_c: rosidl_typesupport_fastrtps_c;rosidl_typesupport_introspection_c
[0.174s] -- Using all available rosidl_typesupport_cpp: rosidl_typesupport_fastrtps_cpp;rosidl_typesupport_introspection_cpp
[0.196s] -- Found rmw_implementation_cmake: 6.1.2 (/opt/ros/humble/share/rmw_implementation_cmake/cmake)
[0.198s] -- Found rmw_fastrtps_cpp: 6.2.7 (/opt/ros/humble/share/rmw_fastrtps_cpp/cmake)
[0.277s] -- Using RMW implementation 'rmw_fastrtps_cpp' as default
[0.311s] -- Found ament_lint_auto: 0.12.12 (/opt/ros/humble/share/ament_lint_auto/cmake)
[0.353s] -- Added test 'cppcheck' to perform static code analysis on C / C++ code
[0.353s] -- Configured cppcheck include dirs: 
[0.353s] -- Configured cppcheck exclude dirs and/or files: 
[0.354s] -- Added test 'lint_cmake' to check CMake code style
[0.354s] -- Added test 'uncrustify' to check C / C++ code style
[0.354s] -- Configured uncrustify additional arguments: 
[0.354s] -- Added test 'xmllint' to check XML markup files
[0.355s] -- Configuring done
[0.363s] -- Generating done
[0.365s] -- Build files have been written to: /home/xiaofang/ROS2_WS/ws01_plumbing/build/cpp04_param
[0.382s] [35m[1mConsolidate compiler generated dependencies of target demo00_param[0m
[0.389s] [ 16%] [32mBuilding CXX object CMakeFiles/demo01_param_server.dir/src/demo01_param_server.cpp.o[0m
[0.389s] [ 33%] [32mBuilding CXX object CMakeFiles/demo02_param_client.dir/src/demo02_param_client.cpp.o[0m
[0.395s] [ 66%] Built target demo00_param
[1.831s] [ 83%] [32m[1mLinking CXX executable demo02_param_client[0m
[1.892s] [100%] [32m[1mLinking CXX executable demo01_param_server[0m
[1.904s] [100%] Built target demo02_param_client
[1.953s] [100%] Built target demo01_param_server
[1.959s] Invoked command in '/home/xiaofang/ROS2_WS/ws01_plumbing/build/cpp04_param' returned '0': CMAKE_PREFIX_PATH=${CMAKE_PREFIX_PATH}:/opt/cv_bridge_fix_link-humble/install/opencv_tests:/opt/ros/humble /usr/bin/cmake --build /home/xiaofang/ROS2_WS/ws01_plumbing/build/cpp04_param -- -j20 -l20
[1.964s] Invoking command in '/home/xiaofang/ROS2_WS/ws01_plumbing/build/cpp04_param': CMAKE_PREFIX_PATH=${CMAKE_PREFIX_PATH}:/opt/cv_bridge_fix_link-humble/install/opencv_tests:/opt/ros/humble /usr/bin/cmake --install /home/xiaofang/ROS2_WS/ws01_plumbing/build/cpp04_param
[1.969s] -- Install configuration: ""
[1.970s] -- Up-to-date: /home/xiaofang/ROS2_WS/ws01_plumbing/install/cpp04_param/lib/cpp04_param/demo00_param
[1.970s] -- Installing: /home/xiaofang/ROS2_WS/ws01_plumbing/install/cpp04_param/lib/cpp04_param/demo01_param_server
[1.970s] -- Set runtime path of "/home/xiaofang/ROS2_WS/ws01_plumbing/install/cpp04_param/lib/cpp04_param/demo01_param_server" to ""
[1.970s] -- Installing: /home/xiaofang/ROS2_WS/ws01_plumbing/install/cpp04_param/lib/cpp04_param/demo02_param_client
[1.970s] -- Set runtime path of "/home/xiaofang/ROS2_WS/ws01_plumbing/install/cpp04_param/lib/cpp04_param/demo02_param_client" to ""
[1.970s] -- Up-to-date: /home/xiaofang/ROS2_WS/ws01_plumbing/install/cpp04_param/share/ament_index/resource_index/package_run_dependencies/cpp04_param
[1.970s] -- Installing: /home/xiaofang/ROS2_WS/ws01_plumbing/install/cpp04_param/share/ament_index/resource_index/parent_prefix_path/cpp04_param
[1.970s] -- Up-to-date: /home/xiaofang/ROS2_WS/ws01_plumbing/install/cpp04_param/share/cpp04_param/environment/ament_prefix_path.sh
[1.970s] -- Installing: /home/xiaofang/ROS2_WS/ws01_plumbing/install/cpp04_param/share/cpp04_param/environment/ament_prefix_path.dsv
[1.970s] -- Up-to-date: /home/xiaofang/ROS2_WS/ws01_plumbing/install/cpp04_param/share/cpp04_param/environment/path.sh
[1.970s] -- Installing: /home/xiaofang/ROS2_WS/ws01_plumbing/install/cpp04_param/share/cpp04_param/environment/path.dsv
[1.970s] -- Up-to-date: /home/xiaofang/ROS2_WS/ws01_plumbing/install/cpp04_param/share/cpp04_param/local_setup.bash
[1.970s] -- Up-to-date: /home/xiaofang/ROS2_WS/ws01_plumbing/install/cpp04_param/share/cpp04_param/local_setup.sh
[1.970s] -- Up-to-date: /home/xiaofang/ROS2_WS/ws01_plumbing/install/cpp04_param/share/cpp04_param/local_setup.zsh
[1.970s] -- Installing: /home/xiaofang/ROS2_WS/ws01_plumbing/install/cpp04_param/share/cpp04_param/local_setup.dsv
[1.970s] -- Installing: /home/xiaofang/ROS2_WS/ws01_plumbing/install/cpp04_param/share/cpp04_param/package.dsv
[1.971s] -- Up-to-date: /home/xiaofang/ROS2_WS/ws01_plumbing/install/cpp04_param/share/ament_index/resource_index/packages/cpp04_param
[1.971s] -- Up-to-date: /home/xiaofang/ROS2_WS/ws01_plumbing/install/cpp04_param/share/cpp04_param/cmake/cpp04_paramConfig.cmake
[1.971s] -- Up-to-date: /home/xiaofang/ROS2_WS/ws01_plumbing/install/cpp04_param/share/cpp04_param/cmake/cpp04_paramConfig-version.cmake
[1.971s] -- Up-to-date: /home/xiaofang/ROS2_WS/ws01_plumbing/install/cpp04_param/share/cpp04_param/package.xml
[1.973s] Invoked command in '/home/xiaofang/ROS2_WS/ws01_plumbing/build/cpp04_param' returned '0': CMAKE_PREFIX_PATH=${CMAKE_PREFIX_PATH}:/opt/cv_bridge_fix_link-humble/install/opencv_tests:/opt/ros/humble /usr/bin/cmake --install /home/xiaofang/ROS2_WS/ws01_plumbing/build/cpp04_param
