[0.006s] Invoking command in '/home/xiaofang/ROS2_WS/ws01_plumbing/build/cpp04_param': CMAKE_PREFIX_PATH=${CMAKE_PREFIX_PATH}:/opt/cv_bridge_fix_link-humble/install/opencv_tests:/opt/ros/humble /usr/bin/cmake --build /home/xiaofang/ROS2_WS/ws01_plumbing/build/cpp04_param -- -j20 -l20
[0.029s] -- Found ament_cmake: 1.3.11 (/opt/ros/humble/share/ament_cmake/cmake)
[0.104s] -- Found rclcpp: 16.0.12 (/opt/ros/humble/share/rclcpp/cmake)
[0.120s] -- Found rosidl_generator_c: 3.1.6 (/opt/ros/humble/share/rosidl_generator_c/cmake)
[0.121s] -- Found rosidl_adapter: 3.1.6 (/opt/ros/humble/share/rosidl_adapter/cmake)
[0.124s] -- Found rosidl_generator_cpp: 3.1.6 (/opt/ros/humble/share/rosidl_generator_cpp/cmake)
[0.129s] -- Using all available rosidl_typesupport_c: rosidl_typesupport_fastrtps_c;rosidl_typesupport_introspection_c
[0.136s] -- Using all available rosidl_typesupport_cpp: rosidl_typesupport_fastrtps_cpp;rosidl_typesupport_introspection_cpp
[0.153s] -- Found rmw_implementation_cmake: 6.1.2 (/opt/ros/humble/share/rmw_implementation_cmake/cmake)
[0.154s] -- Found rmw_fastrtps_cpp: 6.2.7 (/opt/ros/humble/share/rmw_fastrtps_cpp/cmake)
[0.229s] -- Using RMW implementation 'rmw_fastrtps_cpp' as default
[0.258s] -- Found ament_lint_auto: 0.12.12 (/opt/ros/humble/share/ament_lint_auto/cmake)
[0.302s] -- Added test 'cppcheck' to perform static code analysis on C / C++ code
[0.302s] -- Configured cppcheck include dirs: 
[0.302s] -- Configured cppcheck exclude dirs and/or files: 
[0.303s] -- Added test 'lint_cmake' to check CMake code style
[0.303s] -- Added test 'uncrustify' to check C / C++ code style
[0.303s] -- Configured uncrustify additional arguments: 
[0.304s] -- Added test 'xmllint' to check XML markup files
[0.304s] -- Configuring done
[0.311s] -- Generating done
[0.313s] -- Build files have been written to: /home/xiaofang/ROS2_WS/ws01_plumbing/build/cpp04_param
[0.337s] [ 50%] [32mBuilding CXX object CMakeFiles/demo00_param.dir/src/demo00_param.cpp.o[0m
[1.930s] [100%] [32m[1mLinking CXX executable demo00_param[0m
[1.996s] [100%] Built target demo00_param
[2.002s] Invoked command in '/home/xiaofang/ROS2_WS/ws01_plumbing/build/cpp04_param' returned '0': CMAKE_PREFIX_PATH=${CMAKE_PREFIX_PATH}:/opt/cv_bridge_fix_link-humble/install/opencv_tests:/opt/ros/humble /usr/bin/cmake --build /home/xiaofang/ROS2_WS/ws01_plumbing/build/cpp04_param -- -j20 -l20
[2.009s] Invoking command in '/home/xiaofang/ROS2_WS/ws01_plumbing/build/cpp04_param': CMAKE_PREFIX_PATH=${CMAKE_PREFIX_PATH}:/opt/cv_bridge_fix_link-humble/install/opencv_tests:/opt/ros/humble /usr/bin/cmake --install /home/xiaofang/ROS2_WS/ws01_plumbing/build/cpp04_param
[2.013s] -- Install configuration: ""
[2.013s] -- Installing: /home/xiaofang/ROS2_WS/ws01_plumbing/install/cpp04_param/lib/cpp04_param/demo00_param
[2.013s] -- Set runtime path of "/home/xiaofang/ROS2_WS/ws01_plumbing/install/cpp04_param/lib/cpp04_param/demo00_param" to ""
[2.013s] -- Up-to-date: /home/xiaofang/ROS2_WS/ws01_plumbing/install/cpp04_param/share/ament_index/resource_index/package_run_dependencies/cpp04_param
[2.013s] -- Installing: /home/xiaofang/ROS2_WS/ws01_plumbing/install/cpp04_param/share/ament_index/resource_index/parent_prefix_path/cpp04_param
[2.013s] -- Up-to-date: /home/xiaofang/ROS2_WS/ws01_plumbing/install/cpp04_param/share/cpp04_param/environment/ament_prefix_path.sh
[2.014s] -- Installing: /home/xiaofang/ROS2_WS/ws01_plumbing/install/cpp04_param/share/cpp04_param/environment/ament_prefix_path.dsv
[2.014s] -- Up-to-date: /home/xiaofang/ROS2_WS/ws01_plumbing/install/cpp04_param/share/cpp04_param/environment/path.sh
[2.014s] -- Installing: /home/xiaofang/ROS2_WS/ws01_plumbing/install/cpp04_param/share/cpp04_param/environment/path.dsv
[2.014s] -- Up-to-date: /home/xiaofang/ROS2_WS/ws01_plumbing/install/cpp04_param/share/cpp04_param/local_setup.bash
[2.014s] -- Up-to-date: /home/xiaofang/ROS2_WS/ws01_plumbing/install/cpp04_param/share/cpp04_param/local_setup.sh
[2.014s] -- Up-to-date: /home/xiaofang/ROS2_WS/ws01_plumbing/install/cpp04_param/share/cpp04_param/local_setup.zsh
[2.014s] -- Installing: /home/xiaofang/ROS2_WS/ws01_plumbing/install/cpp04_param/share/cpp04_param/local_setup.dsv
[2.014s] -- Installing: /home/xiaofang/ROS2_WS/ws01_plumbing/install/cpp04_param/share/cpp04_param/package.dsv
[2.014s] -- Up-to-date: /home/xiaofang/ROS2_WS/ws01_plumbing/install/cpp04_param/share/ament_index/resource_index/packages/cpp04_param
[2.014s] -- Up-to-date: /home/xiaofang/ROS2_WS/ws01_plumbing/install/cpp04_param/share/cpp04_param/cmake/cpp04_paramConfig.cmake
[2.014s] -- Up-to-date: /home/xiaofang/ROS2_WS/ws01_plumbing/install/cpp04_param/share/cpp04_param/cmake/cpp04_paramConfig-version.cmake
[2.014s] -- Up-to-date: /home/xiaofang/ROS2_WS/ws01_plumbing/install/cpp04_param/share/cpp04_param/package.xml
[2.015s] Invoked command in '/home/xiaofang/ROS2_WS/ws01_plumbing/build/cpp04_param' returned '0': CMAKE_PREFIX_PATH=${CMAKE_PREFIX_PATH}:/opt/cv_bridge_fix_link-humble/install/opencv_tests:/opt/ros/humble /usr/bin/cmake --install /home/xiaofang/ROS2_WS/ws01_plumbing/build/cpp04_param
