[0.006s] Invoking command in '/home/xiaofang/ROS2_WS/HelloWorld_cpp/build/pkg02_hellovscode_cpp': CMAKE_PREFIX_PATH=/opt/ros/humble /usr/bin/cmake /home/xiaofang/ROS2_WS/HelloWorld_cpp/src/pkg02_hellovscode_cpp -DCMAKE_INSTALL_PREFIX=/home/xiaofang/ROS2_WS/HelloWorld_cpp/install/pkg02_hellovscode_cpp
[0.077s] -- The C compiler identification is GNU 11.4.0
[0.117s] -- The CXX compiler identification is GNU 11.4.0
[0.124s] -- Detecting C compiler ABI info
[0.173s] -- Detecting C compiler ABI info - done
[0.177s] -- Check for working C compiler: /usr/bin/cc - skipped
[0.178s] -- Detecting C compile features
[0.179s] -- Detecting C compile features - done
[0.181s] -- Detecting CXX compiler ABI info
[0.235s] -- Detecting CXX compiler ABI info - done
[0.239s] -- Check for working CXX compiler: /usr/bin/c++ - skipped
[0.239s] -- Detecting CXX compile features
[0.239s] -- Detecting CXX compile features - done
[0.244s] -- Found ament_cmake: 1.3.11 (/opt/ros/humble/share/ament_cmake/cmake)
[0.347s] -- Found Python3: /usr/bin/python3 (found version "3.10.12") found components: Interpreter 
[0.417s] -- Found rclcpp: 16.0.11 (/opt/ros/humble/share/rclcpp/cmake)
[0.452s] -- Found rosidl_generator_c: 3.1.6 (/opt/ros/humble/share/rosidl_generator_c/cmake)
[0.456s] -- Found rosidl_adapter: 3.1.6 (/opt/ros/humble/share/rosidl_adapter/cmake)
[0.463s] -- Found rosidl_generator_cpp: 3.1.6 (/opt/ros/humble/share/rosidl_generator_cpp/cmake)
[0.474s] -- Using all available rosidl_typesupport_c: rosidl_typesupport_fastrtps_c;rosidl_typesupport_introspection_c
[0.488s] -- Using all available rosidl_typesupport_cpp: rosidl_typesupport_fastrtps_cpp;rosidl_typesupport_introspection_cpp
[0.524s] -- Found rmw_implementation_cmake: 6.1.2 (/opt/ros/humble/share/rmw_implementation_cmake/cmake)
[0.526s] -- Found rmw_fastrtps_cpp: 6.2.7 (/opt/ros/humble/share/rmw_fastrtps_cpp/cmake)
[0.597s] -- Found OpenSSL: /usr/lib/x86_64-linux-gnu/libcrypto.so (found version "3.0.2")  
[0.619s] -- Found FastRTPS: /opt/ros/humble/include  
[0.649s] -- Using RMW implementation 'rmw_fastrtps_cpp' as default
[0.656s] -- Looking for pthread.h
[0.706s] -- Looking for pthread.h - found
[0.706s] -- Performing Test CMAKE_HAVE_LIBC_PTHREAD
[0.754s] -- Performing Test CMAKE_HAVE_LIBC_PTHREAD - Success
[0.754s] -- Found Threads: TRUE  
[0.793s] -- Found ament_lint_auto: 0.12.11 (/opt/ros/humble/share/ament_lint_auto/cmake)
[0.844s] -- Added test 'cppcheck' to perform static code analysis on C / C++ code
[0.844s] -- Configured cppcheck include dirs: $<BUILD_INTERFACE:/home/xiaofang/ROS2_WS/HelloWorld_cpp/src/pkg02_hellovscode_cpp/include>
[0.844s] -- Configured cppcheck exclude dirs and/or files: 
[0.844s] -- Added test 'lint_cmake' to check CMake code style
[0.845s] -- Added test 'uncrustify' to check C / C++ code style
[0.845s] -- Configured uncrustify additional arguments: 
[0.845s] -- Added test 'xmllint' to check XML markup files
[0.846s] -- Configuring done
[0.851s] -- Generating done
[0.853s] -- Build files have been written to: /home/xiaofang/ROS2_WS/HelloWorld_cpp/build/pkg02_hellovscode_cpp
[0.860s] Invoked command in '/home/xiaofang/ROS2_WS/HelloWorld_cpp/build/pkg02_hellovscode_cpp' returned '0': CMAKE_PREFIX_PATH=/opt/ros/humble /usr/bin/cmake /home/xiaofang/ROS2_WS/HelloWorld_cpp/src/pkg02_hellovscode_cpp -DCMAKE_INSTALL_PREFIX=/home/xiaofang/ROS2_WS/HelloWorld_cpp/install/pkg02_hellovscode_cpp
[0.862s] Invoking command in '/home/xiaofang/ROS2_WS/HelloWorld_cpp/build/pkg02_hellovscode_cpp': CMAKE_PREFIX_PATH=/opt/ros/humble /usr/bin/cmake --build /home/xiaofang/ROS2_WS/HelloWorld_cpp/build/pkg02_hellovscode_cpp -- -j20 -l20
[0.899s] [ 50%] [32mBuilding CXX object CMakeFiles/hellovscode.dir/src/hellovscode.cpp.o[0m
[2.609s] [100%] [32m[1mLinking CXX executable hellovscode[0m
[2.686s] [100%] Built target hellovscode
[2.694s] Invoked command in '/home/xiaofang/ROS2_WS/HelloWorld_cpp/build/pkg02_hellovscode_cpp' returned '0': CMAKE_PREFIX_PATH=/opt/ros/humble /usr/bin/cmake --build /home/xiaofang/ROS2_WS/HelloWorld_cpp/build/pkg02_hellovscode_cpp -- -j20 -l20
[2.701s] Invoking command in '/home/xiaofang/ROS2_WS/HelloWorld_cpp/build/pkg02_hellovscode_cpp': CMAKE_PREFIX_PATH=/opt/ros/humble /usr/bin/cmake --install /home/xiaofang/ROS2_WS/HelloWorld_cpp/build/pkg02_hellovscode_cpp
[2.707s] -- Install configuration: ""
[2.707s] -- Installing: /home/xiaofang/ROS2_WS/HelloWorld_cpp/install/pkg02_hellovscode_cpp/lib/pkg02_hellovscode_cpp/hellovscode
[2.707s] -- Set runtime path of "/home/xiaofang/ROS2_WS/HelloWorld_cpp/install/pkg02_hellovscode_cpp/lib/pkg02_hellovscode_cpp/hellovscode" to ""
[2.708s] -- Installing: /home/xiaofang/ROS2_WS/HelloWorld_cpp/install/pkg02_hellovscode_cpp/share/ament_index/resource_index/package_run_dependencies/pkg02_hellovscode_cpp
[2.708s] -- Installing: /home/xiaofang/ROS2_WS/HelloWorld_cpp/install/pkg02_hellovscode_cpp/share/ament_index/resource_index/parent_prefix_path/pkg02_hellovscode_cpp
[2.708s] -- Installing: /home/xiaofang/ROS2_WS/HelloWorld_cpp/install/pkg02_hellovscode_cpp/share/pkg02_hellovscode_cpp/environment/ament_prefix_path.sh
[2.708s] -- Installing: /home/xiaofang/ROS2_WS/HelloWorld_cpp/install/pkg02_hellovscode_cpp/share/pkg02_hellovscode_cpp/environment/ament_prefix_path.dsv
[2.708s] -- Installing: /home/xiaofang/ROS2_WS/HelloWorld_cpp/install/pkg02_hellovscode_cpp/share/pkg02_hellovscode_cpp/environment/path.sh
[2.708s] -- Installing: /home/xiaofang/ROS2_WS/HelloWorld_cpp/install/pkg02_hellovscode_cpp/share/pkg02_hellovscode_cpp/environment/path.dsv
[2.708s] -- Installing: /home/xiaofang/ROS2_WS/HelloWorld_cpp/install/pkg02_hellovscode_cpp/share/pkg02_hellovscode_cpp/local_setup.bash
[2.708s] -- Installing: /home/xiaofang/ROS2_WS/HelloWorld_cpp/install/pkg02_hellovscode_cpp/share/pkg02_hellovscode_cpp/local_setup.sh
[2.708s] -- Installing: /home/xiaofang/ROS2_WS/HelloWorld_cpp/install/pkg02_hellovscode_cpp/share/pkg02_hellovscode_cpp/local_setup.zsh
[2.708s] -- Installing: /home/xiaofang/ROS2_WS/HelloWorld_cpp/install/pkg02_hellovscode_cpp/share/pkg02_hellovscode_cpp/local_setup.dsv
[2.708s] -- Installing: /home/xiaofang/ROS2_WS/HelloWorld_cpp/install/pkg02_hellovscode_cpp/share/pkg02_hellovscode_cpp/package.dsv
[2.708s] -- Installing: /home/xiaofang/ROS2_WS/HelloWorld_cpp/install/pkg02_hellovscode_cpp/share/ament_index/resource_index/packages/pkg02_hellovscode_cpp
[2.708s] -- Installing: /home/xiaofang/ROS2_WS/HelloWorld_cpp/install/pkg02_hellovscode_cpp/share/pkg02_hellovscode_cpp/cmake/pkg02_hellovscode_cppConfig.cmake
[2.708s] -- Installing: /home/xiaofang/ROS2_WS/HelloWorld_cpp/install/pkg02_hellovscode_cpp/share/pkg02_hellovscode_cpp/cmake/pkg02_hellovscode_cppConfig-version.cmake
[2.709s] -- Installing: /home/xiaofang/ROS2_WS/HelloWorld_cpp/install/pkg02_hellovscode_cpp/share/pkg02_hellovscode_cpp/package.xml
[2.712s] Invoked command in '/home/xiaofang/ROS2_WS/HelloWorld_cpp/build/pkg02_hellovscode_cpp' returned '0': CMAKE_PREFIX_PATH=/opt/ros/humble /usr/bin/cmake --install /home/xiaofang/ROS2_WS/HelloWorld_cpp/build/pkg02_hellovscode_cpp
