[0.009s] Invoking command in '/home/xiaofang/ROS2_WS/ws01_plumbing/build/cpp02_service': CMAKE_PREFIX_PATH=/home/xiaofang/ROS2_WS/ws01_plumbing/install/base_interfaces_demo:/home/xiaofang/ROS2_WS/ws01_plumbing/install/cpp02_service:/home/xiaofang/ROS2_WS/ws01_plumbing/install/cpp01_topic:/opt/cv_bridge_fix_link-humble/install/vision_opencv:/opt/cv_bridge_fix_link-humble/install/image_geometry:/opt/cv_bridge_fix_link-humble/install/cv_bridge:/opt/cv_bridge_fix_link-humble/install/opencv_tests:/opt/ros/humble /usr/bin/cmake --build /home/xiaofang/ROS2_WS/ws01_plumbing/build/cpp02_service -- -j20 -l20
[0.028s] -- Found ament_cmake: 1.3.11 (/opt/ros/humble/share/ament_cmake/cmake)
[0.106s] -- Found rclcpp: 16.0.12 (/opt/ros/humble/share/rclcpp/cmake)
[0.128s] -- Found rosidl_generator_c: 3.1.6 (/opt/ros/humble/share/rosidl_generator_c/cmake)
[0.130s] -- Found rosidl_adapter: 3.1.6 (/opt/ros/humble/share/rosidl_adapter/cmake)
[0.134s] -- Found rosidl_generator_cpp: 3.1.6 (/opt/ros/humble/share/rosidl_generator_cpp/cmake)
[0.141s] -- Using all available rosidl_typesupport_c: rosidl_typesupport_fastrtps_c;rosidl_typesupport_introspection_c
[0.150s] -- Using all available rosidl_typesupport_cpp: rosidl_typesupport_fastrtps_cpp;rosidl_typesupport_introspection_cpp
[0.173s] -- Found rmw_implementation_cmake: 6.1.2 (/opt/ros/humble/share/rmw_implementation_cmake/cmake)
[0.175s] -- Found rmw_fastrtps_cpp: 6.2.7 (/opt/ros/humble/share/rmw_fastrtps_cpp/cmake)
[0.262s] -- Using RMW implementation 'rmw_fastrtps_cpp' as default
[0.298s] -- Found base_interfaces_demo: 0.0.0 (/home/xiaofang/ROS2_WS/ws01_plumbing/install/base_interfaces_demo/share/base_interfaces_demo/cmake)
[0.306s] -- Found ament_lint_auto: 0.12.12 (/opt/ros/humble/share/ament_lint_auto/cmake)
[0.347s] -- Added test 'cppcheck' to perform static code analysis on C / C++ code
[0.348s] -- Configured cppcheck include dirs: $<BUILD_INTERFACE:/home/xiaofang/ROS2_WS/ws01_plumbing/src/cpp02_service/include>
[0.348s] -- Configured cppcheck exclude dirs and/or files: 
[0.348s] -- Added test 'lint_cmake' to check CMake code style
[0.349s] -- Added test 'uncrustify' to check C / C++ code style
[0.349s] -- Configured uncrustify additional arguments: 
[0.349s] -- Added test 'xmllint' to check XML markup files
[0.349s] -- Configuring done
[0.356s] -- Generating done
[0.358s] -- Build files have been written to: /home/xiaofang/ROS2_WS/ws01_plumbing/build/cpp02_service
[0.376s] [35m[1mConsolidate compiler generated dependencies of target demo01_server[0m
[0.376s] [35m[1mConsolidate compiler generated dependencies of target demo02_client[0m
[0.388s] [ 50%] Built target demo01_server
[0.389s] [100%] Built target demo02_client
[0.396s] Invoked command in '/home/xiaofang/ROS2_WS/ws01_plumbing/build/cpp02_service' returned '0': CMAKE_PREFIX_PATH=/home/xiaofang/ROS2_WS/ws01_plumbing/install/base_interfaces_demo:/home/xiaofang/ROS2_WS/ws01_plumbing/install/cpp02_service:/home/xiaofang/ROS2_WS/ws01_plumbing/install/cpp01_topic:/opt/cv_bridge_fix_link-humble/install/vision_opencv:/opt/cv_bridge_fix_link-humble/install/image_geometry:/opt/cv_bridge_fix_link-humble/install/cv_bridge:/opt/cv_bridge_fix_link-humble/install/opencv_tests:/opt/ros/humble /usr/bin/cmake --build /home/xiaofang/ROS2_WS/ws01_plumbing/build/cpp02_service -- -j20 -l20
[0.401s] Invoking command in '/home/xiaofang/ROS2_WS/ws01_plumbing/build/cpp02_service': CMAKE_PREFIX_PATH=/home/xiaofang/ROS2_WS/ws01_plumbing/install/base_interfaces_demo:/home/xiaofang/ROS2_WS/ws01_plumbing/install/cpp02_service:/home/xiaofang/ROS2_WS/ws01_plumbing/install/cpp01_topic:/opt/cv_bridge_fix_link-humble/install/vision_opencv:/opt/cv_bridge_fix_link-humble/install/image_geometry:/opt/cv_bridge_fix_link-humble/install/cv_bridge:/opt/cv_bridge_fix_link-humble/install/opencv_tests:/opt/ros/humble /usr/bin/cmake --install /home/xiaofang/ROS2_WS/ws01_plumbing/build/cpp02_service
[0.405s] -- Install configuration: ""
[0.405s] -- Up-to-date: /home/xiaofang/ROS2_WS/ws01_plumbing/install/cpp02_service/lib/cpp02_service/demo01_server
[0.405s] -- Up-to-date: /home/xiaofang/ROS2_WS/ws01_plumbing/install/cpp02_service/lib/cpp02_service/demo02_client
[0.405s] -- Up-to-date: /home/xiaofang/ROS2_WS/ws01_plumbing/install/cpp02_service/share/ament_index/resource_index/package_run_dependencies/cpp02_service
[0.405s] -- Installing: /home/xiaofang/ROS2_WS/ws01_plumbing/install/cpp02_service/share/ament_index/resource_index/parent_prefix_path/cpp02_service
[0.405s] -- Up-to-date: /home/xiaofang/ROS2_WS/ws01_plumbing/install/cpp02_service/share/cpp02_service/environment/ament_prefix_path.sh
[0.405s] -- Installing: /home/xiaofang/ROS2_WS/ws01_plumbing/install/cpp02_service/share/cpp02_service/environment/ament_prefix_path.dsv
[0.405s] -- Up-to-date: /home/xiaofang/ROS2_WS/ws01_plumbing/install/cpp02_service/share/cpp02_service/environment/path.sh
[0.405s] -- Installing: /home/xiaofang/ROS2_WS/ws01_plumbing/install/cpp02_service/share/cpp02_service/environment/path.dsv
[0.405s] -- Up-to-date: /home/xiaofang/ROS2_WS/ws01_plumbing/install/cpp02_service/share/cpp02_service/local_setup.bash
[0.405s] -- Up-to-date: /home/xiaofang/ROS2_WS/ws01_plumbing/install/cpp02_service/share/cpp02_service/local_setup.sh
[0.405s] -- Up-to-date: /home/xiaofang/ROS2_WS/ws01_plumbing/install/cpp02_service/share/cpp02_service/local_setup.zsh
[0.406s] -- Installing: /home/xiaofang/ROS2_WS/ws01_plumbing/install/cpp02_service/share/cpp02_service/local_setup.dsv
[0.406s] -- Installing: /home/xiaofang/ROS2_WS/ws01_plumbing/install/cpp02_service/share/cpp02_service/package.dsv
[0.406s] -- Up-to-date: /home/xiaofang/ROS2_WS/ws01_plumbing/install/cpp02_service/share/ament_index/resource_index/packages/cpp02_service
[0.406s] -- Up-to-date: /home/xiaofang/ROS2_WS/ws01_plumbing/install/cpp02_service/share/cpp02_service/cmake/cpp02_serviceConfig.cmake
[0.406s] -- Up-to-date: /home/xiaofang/ROS2_WS/ws01_plumbing/install/cpp02_service/share/cpp02_service/cmake/cpp02_serviceConfig-version.cmake
[0.406s] -- Up-to-date: /home/xiaofang/ROS2_WS/ws01_plumbing/install/cpp02_service/share/cpp02_service/package.xml
[0.407s] Invoked command in '/home/xiaofang/ROS2_WS/ws01_plumbing/build/cpp02_service' returned '0': CMAKE_PREFIX_PATH=/home/xiaofang/ROS2_WS/ws01_plumbing/install/base_interfaces_demo:/home/xiaofang/ROS2_WS/ws01_plumbing/install/cpp02_service:/home/xiaofang/ROS2_WS/ws01_plumbing/install/cpp01_topic:/opt/cv_bridge_fix_link-humble/install/vision_opencv:/opt/cv_bridge_fix_link-humble/install/image_geometry:/opt/cv_bridge_fix_link-humble/install/cv_bridge:/opt/cv_bridge_fix_link-humble/install/opencv_tests:/opt/ros/humble /usr/bin/cmake --install /home/xiaofang/ROS2_WS/ws01_plumbing/build/cpp02_service
