[0.009s] Invoking command in '/home/xiaofang/ROS2_WS/ws02_tool/build/cpp03_tf_broadcaster': CMAKE_PREFIX_PATH=${CMAKE_PREFIX_PATH}:/opt/cv_bridge_fix_link-humble/install/opencv_tests:/opt/ros/humble /usr/bin/cmake --build /home/xiaofang/ROS2_WS/ws02_tool/build/cpp03_tf_broadcaster -- -j20 -l20
[0.062s] [35m[1mConsolidate compiler generated dependencies of target demo03_point_tf_broadcaster[0m
[0.071s] [ 33%] Built target demo01_static_tf_broadcaster
[0.073s] [ 83%] Built target demo02_dynamic_broadcaster
[0.073s] [ 83%] [32mBuilding CXX object CMakeFiles/demo03_point_tf_broadcaster.dir/src/demo03_point_tf_broadcaster.cpp.o[0m
[2.418s] [100%] [32m[1mLinking CXX executable demo03_point_tf_broadcaster[0m
[2.554s] [100%] Built target demo03_point_tf_broadcaster
[2.560s] Invoked command in '/home/xiaofang/ROS2_WS/ws02_tool/build/cpp03_tf_broadcaster' returned '0': CMAKE_PREFIX_PATH=${CMAKE_PREFIX_PATH}:/opt/cv_bridge_fix_link-humble/install/opencv_tests:/opt/ros/humble /usr/bin/cmake --build /home/xiaofang/ROS2_WS/ws02_tool/build/cpp03_tf_broadcaster -- -j20 -l20
[2.566s] Invoking command in '/home/xiaofang/ROS2_WS/ws02_tool/build/cpp03_tf_broadcaster': CMAKE_PREFIX_PATH=${CMAKE_PREFIX_PATH}:/opt/cv_bridge_fix_link-humble/install/opencv_tests:/opt/ros/humble /usr/bin/cmake --install /home/xiaofang/ROS2_WS/ws02_tool/build/cpp03_tf_broadcaster
[2.570s] -- Install configuration: ""
[2.570s] -- Up-to-date: /home/xiaofang/ROS2_WS/ws02_tool/install/cpp03_tf_broadcaster/lib/cpp03_tf_broadcaster/demo01_static_tf_broadcaster
[2.571s] -- Up-to-date: /home/xiaofang/ROS2_WS/ws02_tool/install/cpp03_tf_broadcaster/lib/cpp03_tf_broadcaster/demo02_dynamic_broadcaster
[2.571s] -- Installing: /home/xiaofang/ROS2_WS/ws02_tool/install/cpp03_tf_broadcaster/lib/cpp03_tf_broadcaster/demo03_point_tf_broadcaster
[2.572s] -- Set runtime path of "/home/xiaofang/ROS2_WS/ws02_tool/install/cpp03_tf_broadcaster/lib/cpp03_tf_broadcaster/demo03_point_tf_broadcaster" to ""
[2.572s] -- Up-to-date: /home/xiaofang/ROS2_WS/ws02_tool/install/cpp03_tf_broadcaster/share/ament_index/resource_index/package_run_dependencies/cpp03_tf_broadcaster
[2.572s] -- Up-to-date: /home/xiaofang/ROS2_WS/ws02_tool/install/cpp03_tf_broadcaster/share/ament_index/resource_index/parent_prefix_path/cpp03_tf_broadcaster
[2.572s] -- Up-to-date: /home/xiaofang/ROS2_WS/ws02_tool/install/cpp03_tf_broadcaster/share/cpp03_tf_broadcaster/environment/ament_prefix_path.sh
[2.572s] -- Up-to-date: /home/xiaofang/ROS2_WS/ws02_tool/install/cpp03_tf_broadcaster/share/cpp03_tf_broadcaster/environment/ament_prefix_path.dsv
[2.572s] -- Up-to-date: /home/xiaofang/ROS2_WS/ws02_tool/install/cpp03_tf_broadcaster/share/cpp03_tf_broadcaster/environment/path.sh
[2.572s] -- Up-to-date: /home/xiaofang/ROS2_WS/ws02_tool/install/cpp03_tf_broadcaster/share/cpp03_tf_broadcaster/environment/path.dsv
[2.572s] -- Up-to-date: /home/xiaofang/ROS2_WS/ws02_tool/install/cpp03_tf_broadcaster/share/cpp03_tf_broadcaster/local_setup.bash
[2.572s] -- Up-to-date: /home/xiaofang/ROS2_WS/ws02_tool/install/cpp03_tf_broadcaster/share/cpp03_tf_broadcaster/local_setup.sh
[2.572s] -- Up-to-date: /home/xiaofang/ROS2_WS/ws02_tool/install/cpp03_tf_broadcaster/share/cpp03_tf_broadcaster/local_setup.zsh
[2.572s] -- Up-to-date: /home/xiaofang/ROS2_WS/ws02_tool/install/cpp03_tf_broadcaster/share/cpp03_tf_broadcaster/local_setup.dsv
[2.572s] -- Installing: /home/xiaofang/ROS2_WS/ws02_tool/install/cpp03_tf_broadcaster/share/cpp03_tf_broadcaster/package.dsv
[2.572s] -- Up-to-date: /home/xiaofang/ROS2_WS/ws02_tool/install/cpp03_tf_broadcaster/share/ament_index/resource_index/packages/cpp03_tf_broadcaster
[2.572s] -- Up-to-date: /home/xiaofang/ROS2_WS/ws02_tool/install/cpp03_tf_broadcaster/share/cpp03_tf_broadcaster/cmake/cpp03_tf_broadcasterConfig.cmake
[2.572s] -- Up-to-date: /home/xiaofang/ROS2_WS/ws02_tool/install/cpp03_tf_broadcaster/share/cpp03_tf_broadcaster/cmake/cpp03_tf_broadcasterConfig-version.cmake
[2.572s] -- Up-to-date: /home/xiaofang/ROS2_WS/ws02_tool/install/cpp03_tf_broadcaster/share/cpp03_tf_broadcaster/package.xml
[2.573s] Invoked command in '/home/xiaofang/ROS2_WS/ws02_tool/build/cpp03_tf_broadcaster' returned '0': CMAKE_PREFIX_PATH=${CMAKE_PREFIX_PATH}:/opt/cv_bridge_fix_link-humble/install/opencv_tests:/opt/ros/humble /usr/bin/cmake --install /home/xiaofang/ROS2_WS/ws02_tool/build/cpp03_tf_broadcaster
