[0.007s] Invoking command in '/home/xiaofang/ROS2_WS/ws02_tool/build/cpp03_tf_broadcaster': CMAKE_PREFIX_PATH=${CMAKE_PREFIX_PATH}:/opt/cv_bridge_fix_link-humble/install/opencv_tests:/opt/ros/humble /usr/bin/cmake /home/xiaofang/ROS2_WS/ws02_tool/src/cpp03_tf_broadcaster -DCMAKE_EXPORT_COMPILE_COMMANDS=ON -DCMAKE_INSTALL_PREFIX=/home/xiaofang/ROS2_WS/ws02_tool/install/cpp03_tf_broadcaster
[0.059s] -- The C compiler identification is GNU 11.4.0
[0.109s] -- The CXX compiler identification is GNU 11.4.0
[0.115s] -- Detecting C compiler ABI info
[0.160s] -- Detecting C compiler ABI info - done
[0.164s] -- Check for working C compiler: /usr/bin/cc - skipped
[0.165s] -- Detecting C compile features
[0.165s] -- Detecting C compile features - done
[0.167s] -- Detecting CXX compiler ABI info
[0.220s] -- Detecting CXX compiler ABI info - done
[0.224s] -- Check for working CXX compiler: /usr/bin/c++ - skipped
[0.224s] -- Detecting CXX compile features
[0.224s] -- Detecting CXX compile features - done
[0.227s] -- Found ament_cmake: 1.3.11 (/opt/ros/humble/share/ament_cmake/cmake)
[0.325s] -- Found Python3: /usr/bin/python3 (found version "3.10.12") found components: Interpreter 
[0.387s] -- Found rclcpp: 16.0.12 (/opt/ros/humble/share/rclcpp/cmake)
[0.421s] -- Found rosidl_generator_c: 3.1.6 (/opt/ros/humble/share/rosidl_generator_c/cmake)
[0.425s] -- Found rosidl_adapter: 3.1.6 (/opt/ros/humble/share/rosidl_adapter/cmake)
[0.432s] -- Found rosidl_generator_cpp: 3.1.6 (/opt/ros/humble/share/rosidl_generator_cpp/cmake)
[0.441s] -- Using all available rosidl_typesupport_c: rosidl_typesupport_fastrtps_c;rosidl_typesupport_introspection_c
[0.454s] -- Using all available rosidl_typesupport_cpp: rosidl_typesupport_fastrtps_cpp;rosidl_typesupport_introspection_cpp
[0.486s] -- Found rmw_implementation_cmake: 6.1.2 (/opt/ros/humble/share/rmw_implementation_cmake/cmake)
[0.489s] -- Found rmw_fastrtps_cpp: 6.2.7 (/opt/ros/humble/share/rmw_fastrtps_cpp/cmake)
[0.553s] -- Found OpenSSL: /usr/lib/x86_64-linux-gnu/libcrypto.so (found version "3.0.2")  
[0.575s] -- Found FastRTPS: /opt/ros/humble/include  
[0.607s] -- Using RMW implementation 'rmw_fastrtps_cpp' as default
[0.615s] -- Looking for pthread.h
[0.664s] -- Looking for pthread.h - found
[0.664s] -- Performing Test CMAKE_HAVE_LIBC_PTHREAD
[0.713s] -- Performing Test CMAKE_HAVE_LIBC_PTHREAD - Success
[0.714s] -- Found Threads: TRUE  
[0.753s] -- Found tf2: 0.25.12 (/opt/ros/humble/share/tf2/cmake)
[0.771s] -- Found tf2_ros: 0.25.12 (/opt/ros/humble/share/tf2_ros/cmake)
[0.835s] -- Found turtlesim: 1.4.2 (/opt/ros/humble/share/turtlesim/cmake)
[0.845s] -- Found ament_lint_auto: 0.12.12 (/opt/ros/humble/share/ament_lint_auto/cmake)
[0.897s] -- Added test 'cppcheck' to perform static code analysis on C / C++ code
[0.897s] -- Configured cppcheck include dirs: $<BUILD_INTERFACE:/home/xiaofang/ROS2_WS/ws02_tool/src/cpp03_tf_broadcaster/include>
[0.897s] -- Configured cppcheck exclude dirs and/or files: 
[0.897s] -- Added test 'lint_cmake' to check CMake code style
[0.898s] -- Added test 'uncrustify' to check C / C++ code style
[0.898s] -- Configured uncrustify additional arguments: 
[0.898s] -- Added test 'xmllint' to check XML markup files
[0.899s] -- Configuring done
[0.905s] -- Generating done
[0.907s] -- Build files have been written to: /home/xiaofang/ROS2_WS/ws02_tool/build/cpp03_tf_broadcaster
[0.914s] Invoked command in '/home/xiaofang/ROS2_WS/ws02_tool/build/cpp03_tf_broadcaster' returned '0': CMAKE_PREFIX_PATH=${CMAKE_PREFIX_PATH}:/opt/cv_bridge_fix_link-humble/install/opencv_tests:/opt/ros/humble /usr/bin/cmake /home/xiaofang/ROS2_WS/ws02_tool/src/cpp03_tf_broadcaster -DCMAKE_EXPORT_COMPILE_COMMANDS=ON -DCMAKE_INSTALL_PREFIX=/home/xiaofang/ROS2_WS/ws02_tool/install/cpp03_tf_broadcaster
[0.915s] Invoking command in '/home/xiaofang/ROS2_WS/ws02_tool/build/cpp03_tf_broadcaster': CMAKE_PREFIX_PATH=${CMAKE_PREFIX_PATH}:/opt/cv_bridge_fix_link-humble/install/opencv_tests:/opt/ros/humble /usr/bin/cmake --build /home/xiaofang/ROS2_WS/ws02_tool/build/cpp03_tf_broadcaster -- -j20 -l20
[0.946s] [ 50%] [32mBuilding CXX object CMakeFiles/demo01_static_tf_broadcaster.dir/src/demo01_static_tf_broadcaster.cpp.o[0m
[2.977s] [100%] [32m[1mLinking CXX executable demo01_static_tf_broadcaster[0m
[3.101s] [100%] Built target demo01_static_tf_broadcaster
[3.108s] Invoked command in '/home/xiaofang/ROS2_WS/ws02_tool/build/cpp03_tf_broadcaster' returned '0': CMAKE_PREFIX_PATH=${CMAKE_PREFIX_PATH}:/opt/cv_bridge_fix_link-humble/install/opencv_tests:/opt/ros/humble /usr/bin/cmake --build /home/xiaofang/ROS2_WS/ws02_tool/build/cpp03_tf_broadcaster -- -j20 -l20
[3.113s] Invoking command in '/home/xiaofang/ROS2_WS/ws02_tool/build/cpp03_tf_broadcaster': CMAKE_PREFIX_PATH=${CMAKE_PREFIX_PATH}:/opt/cv_bridge_fix_link-humble/install/opencv_tests:/opt/ros/humble /usr/bin/cmake --install /home/xiaofang/ROS2_WS/ws02_tool/build/cpp03_tf_broadcaster
[3.119s] -- Install configuration: ""
[3.119s] -- Installing: /home/xiaofang/ROS2_WS/ws02_tool/install/cpp03_tf_broadcaster/lib/cpp03_tf_broadcaster/demo01_static_tf_broadcaster
[3.119s] -- Set runtime path of "/home/xiaofang/ROS2_WS/ws02_tool/install/cpp03_tf_broadcaster/lib/cpp03_tf_broadcaster/demo01_static_tf_broadcaster" to ""
[3.120s] -- Installing: /home/xiaofang/ROS2_WS/ws02_tool/install/cpp03_tf_broadcaster/share/ament_index/resource_index/package_run_dependencies/cpp03_tf_broadcaster
[3.120s] -- Installing: /home/xiaofang/ROS2_WS/ws02_tool/install/cpp03_tf_broadcaster/share/ament_index/resource_index/parent_prefix_path/cpp03_tf_broadcaster
[3.120s] -- Installing: /home/xiaofang/ROS2_WS/ws02_tool/install/cpp03_tf_broadcaster/share/cpp03_tf_broadcaster/environment/ament_prefix_path.sh
[3.120s] -- Installing: /home/xiaofang/ROS2_WS/ws02_tool/install/cpp03_tf_broadcaster/share/cpp03_tf_broadcaster/environment/ament_prefix_path.dsv
[3.120s] -- Installing: /home/xiaofang/ROS2_WS/ws02_tool/install/cpp03_tf_broadcaster/share/cpp03_tf_broadcaster/environment/path.sh
[3.120s] -- Installing: /home/xiaofang/ROS2_WS/ws02_tool/install/cpp03_tf_broadcaster/share/cpp03_tf_broadcaster/environment/path.dsv
[3.120s] -- Installing: /home/xiaofang/ROS2_WS/ws02_tool/install/cpp03_tf_broadcaster/share/cpp03_tf_broadcaster/local_setup.bash
[3.120s] -- Installing: /home/xiaofang/ROS2_WS/ws02_tool/install/cpp03_tf_broadcaster/share/cpp03_tf_broadcaster/local_setup.sh
[3.120s] -- Installing: /home/xiaofang/ROS2_WS/ws02_tool/install/cpp03_tf_broadcaster/share/cpp03_tf_broadcaster/local_setup.zsh
[3.120s] -- Installing: /home/xiaofang/ROS2_WS/ws02_tool/install/cpp03_tf_broadcaster/share/cpp03_tf_broadcaster/local_setup.dsv
[3.120s] -- Installing: /home/xiaofang/ROS2_WS/ws02_tool/install/cpp03_tf_broadcaster/share/cpp03_tf_broadcaster/package.dsv
[3.120s] -- Installing: /home/xiaofang/ROS2_WS/ws02_tool/install/cpp03_tf_broadcaster/share/ament_index/resource_index/packages/cpp03_tf_broadcaster
[3.120s] -- Installing: /home/xiaofang/ROS2_WS/ws02_tool/install/cpp03_tf_broadcaster/share/cpp03_tf_broadcaster/cmake/cpp03_tf_broadcasterConfig.cmake
[3.120s] -- Installing: /home/xiaofang/ROS2_WS/ws02_tool/install/cpp03_tf_broadcaster/share/cpp03_tf_broadcaster/cmake/cpp03_tf_broadcasterConfig-version.cmake
[3.120s] -- Installing: /home/xiaofang/ROS2_WS/ws02_tool/install/cpp03_tf_broadcaster/share/cpp03_tf_broadcaster/package.xml
[3.122s] Invoked command in '/home/xiaofang/ROS2_WS/ws02_tool/build/cpp03_tf_broadcaster' returned '0': CMAKE_PREFIX_PATH=${CMAKE_PREFIX_PATH}:/opt/cv_bridge_fix_link-humble/install/opencv_tests:/opt/ros/humble /usr/bin/cmake --install /home/xiaofang/ROS2_WS/ws02_tool/build/cpp03_tf_broadcaster
