[0.009s] Invoking command in '/home/xiaofang/ROS2_WS/ws01_plumbing/build/cpp04_param': CMAKE_PREFIX_PATH=${CMAKE_PREFIX_PATH}:/opt/cv_bridge_fix_link-humble/install/opencv_tests:/opt/ros/humble /usr/bin/cmake --build /home/xiaofang/ROS2_WS/ws01_plumbing/build/cpp04_param -- -j20 -l20
[0.034s] Invoked command in '/home/xiaofang/ROS2_WS/ws01_plumbing/build/cpp04_param' returned '0': CMAKE_PREFIX_PATH=${CMAKE_PREFIX_PATH}:/opt/cv_bridge_fix_link-humble/install/opencv_tests:/opt/ros/humble /usr/bin/cmake --build /home/xiaofang/ROS2_WS/ws01_plumbing/build/cpp04_param -- -j20 -l20
[0.043s] Invoking command in '/home/xiaofang/ROS2_WS/ws01_plumbing/build/cpp04_param': CMAKE_PREFIX_PATH=${CMAKE_PREFIX_PATH}:/opt/cv_bridge_fix_link-humble/install/opencv_tests:/opt/ros/humble /usr/bin/cmake --install /home/xiaofang/ROS2_WS/ws01_plumbing/build/cpp04_param
[0.047s] -- Install configuration: ""
[0.047s] -- Up-to-date: /home/xiaofang/ROS2_WS/ws01_plumbing/install/cpp04_param/share/ament_index/resource_index/package_run_dependencies/cpp04_param
[0.047s] -- Up-to-date: /home/xiaofang/ROS2_WS/ws01_plumbing/install/cpp04_param/share/ament_index/resource_index/parent_prefix_path/cpp04_param
[0.047s] -- Up-to-date: /home/xiaofang/ROS2_WS/ws01_plumbing/install/cpp04_param/share/cpp04_param/environment/ament_prefix_path.sh
[0.048s] -- Up-to-date: /home/xiaofang/ROS2_WS/ws01_plumbing/install/cpp04_param/share/cpp04_param/environment/ament_prefix_path.dsv
[0.048s] -- Up-to-date: /home/xiaofang/ROS2_WS/ws01_plumbing/install/cpp04_param/share/cpp04_param/environment/path.sh
[0.048s] -- Up-to-date: /home/xiaofang/ROS2_WS/ws01_plumbing/install/cpp04_param/share/cpp04_param/environment/path.dsv
[0.048s] -- Up-to-date: /home/xiaofang/ROS2_WS/ws01_plumbing/install/cpp04_param/share/cpp04_param/local_setup.bash
[0.048s] -- Up-to-date: /home/xiaofang/ROS2_WS/ws01_plumbing/install/cpp04_param/share/cpp04_param/local_setup.sh
[0.048s] -- Up-to-date: /home/xiaofang/ROS2_WS/ws01_plumbing/install/cpp04_param/share/cpp04_param/local_setup.zsh
[0.048s] -- Up-to-date: /home/xiaofang/ROS2_WS/ws01_plumbing/install/cpp04_param/share/cpp04_param/local_setup.dsv
[0.048s] -- Up-to-date: /home/xiaofang/ROS2_WS/ws01_plumbing/install/cpp04_param/share/cpp04_param/package.dsv
[0.048s] -- Up-to-date: /home/xiaofang/ROS2_WS/ws01_plumbing/install/cpp04_param/share/ament_index/resource_index/packages/cpp04_param
[0.048s] -- Up-to-date: /home/xiaofang/ROS2_WS/ws01_plumbing/install/cpp04_param/share/cpp04_param/cmake/cpp04_paramConfig.cmake
[0.048s] -- Up-to-date: /home/xiaofang/ROS2_WS/ws01_plumbing/install/cpp04_param/share/cpp04_param/cmake/cpp04_paramConfig-version.cmake
[0.048s] -- Up-to-date: /home/xiaofang/ROS2_WS/ws01_plumbing/install/cpp04_param/share/cpp04_param/package.xml
[0.049s] Invoked command in '/home/xiaofang/ROS2_WS/ws01_plumbing/build/cpp04_param' returned '0': CMAKE_PREFIX_PATH=${CMAKE_PREFIX_PATH}:/opt/cv_bridge_fix_link-humble/install/opencv_tests:/opt/ros/humble /usr/bin/cmake --install /home/xiaofang/ROS2_WS/ws01_plumbing/build/cpp04_param
