[0.009s] Invoking command in '/home/xiaofang/ROS2_WS/serial_driver/build/cpp01_serial': CMAKE_PREFIX_PATH=${CMAKE_PREFIX_PATH}:/opt/cv_bridge_fix_link-humble/install/opencv_tests:/opt/ros/humble /usr/bin/cmake /home/xiaofang/ROS2_WS/serial_driver/src/cpp01_serial -DCMAKE_EXPORT_COMPILE_COMMANDS=ON -DCMAKE_INSTALL_PREFIX=/home/xiaofang/ROS2_WS/serial_driver/install/cpp01_serial
[0.049s] -- The C compiler identification is GNU 11.4.0
[0.083s] -- The CXX compiler identification is GNU 11.4.0
[0.088s] -- Detecting C compiler ABI info
[0.133s] -- Detecting C compiler ABI info - done
[0.137s] -- Check for working C compiler: /usr/bin/cc - skipped
[0.138s] -- Detecting C compile features
[0.138s] -- Detecting C compile features - done
[0.140s] -- Detecting CXX compiler ABI info
[0.192s] -- Detecting CXX compiler ABI info - done
[0.197s] -- Check for working CXX compiler: /usr/bin/c++ - skipped
[0.197s] -- Detecting CXX compile features
[0.197s] -- Detecting CXX compile features - done
[0.200s] -- Found ament_cmake: 1.3.11 (/opt/ros/humble/share/ament_cmake/cmake)
[0.297s] -- Found Python3: /usr/bin/python3 (found version "3.10.12") found components: Interpreter 
[0.356s] -- Found rclcpp: 16.0.12 (/opt/ros/humble/share/rclcpp/cmake)
[0.384s] -- Found rosidl_generator_c: 3.1.6 (/opt/ros/humble/share/rosidl_generator_c/cmake)
[0.387s] -- Found rosidl_adapter: 3.1.6 (/opt/ros/humble/share/rosidl_adapter/cmake)
[0.392s] -- Found rosidl_generator_cpp: 3.1.6 (/opt/ros/humble/share/rosidl_generator_cpp/cmake)
[0.400s] -- Using all available rosidl_typesupport_c: rosidl_typesupport_fastrtps_c;rosidl_typesupport_introspection_c
[0.409s] -- Using all available rosidl_typesupport_cpp: rosidl_typesupport_fastrtps_cpp;rosidl_typesupport_introspection_cpp
[0.436s] -- Found rmw_implementation_cmake: 6.1.2 (/opt/ros/humble/share/rmw_implementation_cmake/cmake)
[0.438s] -- Found rmw_fastrtps_cpp: 6.2.7 (/opt/ros/humble/share/rmw_fastrtps_cpp/cmake)
[0.502s] -- Found OpenSSL: /usr/lib/x86_64-linux-gnu/libcrypto.so (found version "3.0.2")  
[0.522s] -- Found FastRTPS: /opt/ros/humble/include  
[0.554s] -- Using RMW implementation 'rmw_fastrtps_cpp' as default
[0.561s] -- Looking for pthread.h
[0.615s] -- Looking for pthread.h - found
[0.615s] -- Performing Test CMAKE_HAVE_LIBC_PTHREAD
[0.666s] -- Performing Test CMAKE_HAVE_LIBC_PTHREAD - Success
[0.667s] -- Found Threads: TRUE  
[0.702s] -- Found serial_driver: 1.2.0 (/opt/ros/humble/share/serial_driver/cmake)
[0.717s] -- Found asio_cmake_module: 1.2.0 (/opt/ros/humble/share/asio_cmake_module/cmake)
[0.719s] -- Found ASIO: /usr/include  
[0.764s] -- Found ament_lint_auto: 0.12.12 (/opt/ros/humble/share/ament_lint_auto/cmake)
[0.813s] -- Added test 'cppcheck' to perform static code analysis on C / C++ code
[0.813s] -- Configured cppcheck include dirs: $<BUILD_INTERFACE:/home/xiaofang/ROS2_WS/serial_driver/src/cpp01_serial/include>
[0.813s] -- Configured cppcheck exclude dirs and/or files: 
[0.813s] -- Added test 'lint_cmake' to check CMake code style
[0.814s] -- Added test 'uncrustify' to check C / C++ code style
[0.814s] -- Configured uncrustify additional arguments: 
[0.814s] -- Added test 'xmllint' to check XML markup files
[0.815s] -- Configuring done
[0.829s] -- Generating done
[0.831s] -- Build files have been written to: /home/xiaofang/ROS2_WS/serial_driver/build/cpp01_serial
[0.837s] Invoked command in '/home/xiaofang/ROS2_WS/serial_driver/build/cpp01_serial' returned '0': CMAKE_PREFIX_PATH=${CMAKE_PREFIX_PATH}:/opt/cv_bridge_fix_link-humble/install/opencv_tests:/opt/ros/humble /usr/bin/cmake /home/xiaofang/ROS2_WS/serial_driver/src/cpp01_serial -DCMAKE_EXPORT_COMPILE_COMMANDS=ON -DCMAKE_INSTALL_PREFIX=/home/xiaofang/ROS2_WS/serial_driver/install/cpp01_serial
[0.839s] Invoking command in '/home/xiaofang/ROS2_WS/serial_driver/build/cpp01_serial': CMAKE_PREFIX_PATH=${CMAKE_PREFIX_PATH}:/opt/cv_bridge_fix_link-humble/install/opencv_tests:/opt/ros/humble /usr/bin/cmake --build /home/xiaofang/ROS2_WS/serial_driver/build/cpp01_serial -- -j20 -l20
[0.872s] [ 50%] [32mBuilding CXX object CMakeFiles/demo01_uart_send.dir/src/demo01_uart_send.cpp.o[0m
[2.275s] [100%] [32m[1mLinking CXX executable demo01_uart_send[0m
[2.349s] [100%] Built target demo01_uart_send
[2.357s] Invoked command in '/home/xiaofang/ROS2_WS/serial_driver/build/cpp01_serial' returned '0': CMAKE_PREFIX_PATH=${CMAKE_PREFIX_PATH}:/opt/cv_bridge_fix_link-humble/install/opencv_tests:/opt/ros/humble /usr/bin/cmake --build /home/xiaofang/ROS2_WS/serial_driver/build/cpp01_serial -- -j20 -l20
[2.362s] Invoking command in '/home/xiaofang/ROS2_WS/serial_driver/build/cpp01_serial': CMAKE_PREFIX_PATH=${CMAKE_PREFIX_PATH}:/opt/cv_bridge_fix_link-humble/install/opencv_tests:/opt/ros/humble /usr/bin/cmake --install /home/xiaofang/ROS2_WS/serial_driver/build/cpp01_serial
[2.365s] -- Install configuration: ""
[2.365s] -- Installing: /home/xiaofang/ROS2_WS/serial_driver/install/cpp01_serial/lib/cpp01_serial/demo01_uart_send
[2.365s] -- Set runtime path of "/home/xiaofang/ROS2_WS/serial_driver/install/cpp01_serial/lib/cpp01_serial/demo01_uart_send" to ""
[2.365s] -- Installing: /home/xiaofang/ROS2_WS/serial_driver/install/cpp01_serial/share/ament_index/resource_index/package_run_dependencies/cpp01_serial
[2.365s] -- Installing: /home/xiaofang/ROS2_WS/serial_driver/install/cpp01_serial/share/ament_index/resource_index/parent_prefix_path/cpp01_serial
[2.365s] -- Installing: /home/xiaofang/ROS2_WS/serial_driver/install/cpp01_serial/share/cpp01_serial/environment/ament_prefix_path.sh
[2.365s] -- Installing: /home/xiaofang/ROS2_WS/serial_driver/install/cpp01_serial/share/cpp01_serial/environment/ament_prefix_path.dsv
[2.365s] -- Installing: /home/xiaofang/ROS2_WS/serial_driver/install/cpp01_serial/share/cpp01_serial/environment/path.sh
[2.366s] -- Installing: /home/xiaofang/ROS2_WS/serial_driver/install/cpp01_serial/share/cpp01_serial/environment/path.dsv
[2.366s] -- Installing: /home/xiaofang/ROS2_WS/serial_driver/install/cpp01_serial/share/cpp01_serial/local_setup.bash
[2.366s] -- Installing: /home/xiaofang/ROS2_WS/serial_driver/install/cpp01_serial/share/cpp01_serial/local_setup.sh
[2.366s] -- Installing: /home/xiaofang/ROS2_WS/serial_driver/install/cpp01_serial/share/cpp01_serial/local_setup.zsh
[2.366s] -- Installing: /home/xiaofang/ROS2_WS/serial_driver/install/cpp01_serial/share/cpp01_serial/local_setup.dsv
[2.366s] -- Installing: /home/xiaofang/ROS2_WS/serial_driver/install/cpp01_serial/share/cpp01_serial/package.dsv
[2.366s] -- Installing: /home/xiaofang/ROS2_WS/serial_driver/install/cpp01_serial/share/ament_index/resource_index/packages/cpp01_serial
[2.366s] -- Installing: /home/xiaofang/ROS2_WS/serial_driver/install/cpp01_serial/share/cpp01_serial/cmake/cpp01_serialConfig.cmake
[2.366s] -- Installing: /home/xiaofang/ROS2_WS/serial_driver/install/cpp01_serial/share/cpp01_serial/cmake/cpp01_serialConfig-version.cmake
[2.366s] -- Installing: /home/xiaofang/ROS2_WS/serial_driver/install/cpp01_serial/share/cpp01_serial/package.xml
[2.367s] Invoked command in '/home/xiaofang/ROS2_WS/serial_driver/build/cpp01_serial' returned '0': CMAKE_PREFIX_PATH=${CMAKE_PREFIX_PATH}:/opt/cv_bridge_fix_link-humble/install/opencv_tests:/opt/ros/humble /usr/bin/cmake --install /home/xiaofang/ROS2_WS/serial_driver/build/cpp01_serial
