[0.021s] Invoking command in '/home/xiaofang/ROS2_WS/ws02_tool/build/cpp02_rosbag': CMAKE_PREFIX_PATH=${CMAKE_PREFIX_PATH}:/opt/cv_bridge_fix_link-humble/install/opencv_tests:/opt/ros/humble /usr/bin/cmake --build /home/xiaofang/ROS2_WS/ws02_tool/build/cpp02_rosbag -- -j20 -l20
[0.077s] [35m[1mConsolidate compiler generated dependencies of target demo02_reader[0m
[0.094s] [ 50%] Built target demo01_writer
[0.105s] [100%] Built target demo02_reader
[0.118s] Invoked command in '/home/xiaofang/ROS2_WS/ws02_tool/build/cpp02_rosbag' returned '0': CMAKE_PREFIX_PATH=${CMAKE_PREFIX_PATH}:/opt/cv_bridge_fix_link-humble/install/opencv_tests:/opt/ros/humble /usr/bin/cmake --build /home/xiaofang/ROS2_WS/ws02_tool/build/cpp02_rosbag -- -j20 -l20
[0.120s] Invoking command in '/home/xiaofang/ROS2_WS/ws02_tool/build/cpp02_rosbag': CMAKE_PREFIX_PATH=${CMAKE_PREFIX_PATH}:/opt/cv_bridge_fix_link-humble/install/opencv_tests:/opt/ros/humble /usr/bin/cmake --install /home/xiaofang/ROS2_WS/ws02_tool/build/cpp02_rosbag
[0.125s] -- Install configuration: ""
[0.126s] -- Up-to-date: /home/xiaofang/ROS2_WS/ws02_tool/install/cpp02_rosbag/lib/cpp02_rosbag/demo01_writer
[0.127s] -- Up-to-date: /home/xiaofang/ROS2_WS/ws02_tool/install/cpp02_rosbag/lib/cpp02_rosbag/demo02_reader
[0.127s] -- Up-to-date: /home/xiaofang/ROS2_WS/ws02_tool/install/cpp02_rosbag/share/ament_index/resource_index/package_run_dependencies/cpp02_rosbag
[0.127s] -- Up-to-date: /home/xiaofang/ROS2_WS/ws02_tool/install/cpp02_rosbag/share/ament_index/resource_index/parent_prefix_path/cpp02_rosbag
[0.127s] -- Up-to-date: /home/xiaofang/ROS2_WS/ws02_tool/install/cpp02_rosbag/share/cpp02_rosbag/environment/ament_prefix_path.sh
[0.127s] -- Up-to-date: /home/xiaofang/ROS2_WS/ws02_tool/install/cpp02_rosbag/share/cpp02_rosbag/environment/ament_prefix_path.dsv
[0.127s] -- Up-to-date: /home/xiaofang/ROS2_WS/ws02_tool/install/cpp02_rosbag/share/cpp02_rosbag/environment/path.sh
[0.127s] -- Up-to-date: /home/xiaofang/ROS2_WS/ws02_tool/install/cpp02_rosbag/share/cpp02_rosbag/environment/path.dsv
[0.127s] -- Up-to-date: /home/xiaofang/ROS2_WS/ws02_tool/install/cpp02_rosbag/share/cpp02_rosbag/local_setup.bash
[0.127s] -- Up-to-date: /home/xiaofang/ROS2_WS/ws02_tool/install/cpp02_rosbag/share/cpp02_rosbag/local_setup.sh
[0.127s] -- Up-to-date: /home/xiaofang/ROS2_WS/ws02_tool/install/cpp02_rosbag/share/cpp02_rosbag/local_setup.zsh
[0.127s] -- Up-to-date: /home/xiaofang/ROS2_WS/ws02_tool/install/cpp02_rosbag/share/cpp02_rosbag/local_setup.dsv
[0.127s] -- Installing: /home/xiaofang/ROS2_WS/ws02_tool/install/cpp02_rosbag/share/cpp02_rosbag/package.dsv
[0.127s] -- Up-to-date: /home/xiaofang/ROS2_WS/ws02_tool/install/cpp02_rosbag/share/ament_index/resource_index/packages/cpp02_rosbag
[0.127s] -- Up-to-date: /home/xiaofang/ROS2_WS/ws02_tool/install/cpp02_rosbag/share/cpp02_rosbag/cmake/cpp02_rosbagConfig.cmake
[0.127s] -- Up-to-date: /home/xiaofang/ROS2_WS/ws02_tool/install/cpp02_rosbag/share/cpp02_rosbag/cmake/cpp02_rosbagConfig-version.cmake
[0.127s] -- Up-to-date: /home/xiaofang/ROS2_WS/ws02_tool/install/cpp02_rosbag/share/cpp02_rosbag/package.xml
[0.135s] Invoked command in '/home/xiaofang/ROS2_WS/ws02_tool/build/cpp02_rosbag' returned '0': CMAKE_PREFIX_PATH=${CMAKE_PREFIX_PATH}:/opt/cv_bridge_fix_link-humble/install/opencv_tests:/opt/ros/humble /usr/bin/cmake --install /home/xiaofang/ROS2_WS/ws02_tool/build/cpp02_rosbag
