[0.060s] DEBUG:colcon:Command line arguments: ['/usr/bin/colcon', 'build', '--cmake-args', '-DCMAKE_EXPORT_COMPILE_COMMANDS=ON']
[0.061s] DEBUG:colcon:Parsed command line arguments: Namespace(log_base=None, log_level=None, verb_name='build', build_base='build', install_base='install', merge_install=False, symlink_install=False, test_result_base=None, continue_on_error=False, executor='parallel', parallel_workers=20, event_handlers=None, ignore_user_meta=False, metas=['./colcon.meta'], base_paths=['.'], packages_ignore=None, packages_ignore_regex=None, paths=None, packages_up_to=None, packages_up_to_regex=None, packages_above=None, packages_above_and_dependencies=None, packages_above_depth=None, packages_select_by_dep=None, packages_skip_by_dep=None, packages_skip_up_to=None, packages_select_build_failed=False, packages_skip_build_finished=False, packages_select_test_failures=False, packages_skip_test_passed=False, packages_select=None, packages_skip=None, packages_select_regex=None, packages_skip_regex=None, packages_start=None, packages_end=None, allow_overriding=[], cmake_args=['-DCMAKE_EXPORT_COMPILE_COMMANDS=ON'], cmake_target=None, cmake_target_skip_unavailable=False, cmake_clean_cache=False, cmake_clean_first=False, cmake_force_configure=False, ament_cmake_args=None, catkin_cmake_args=None, catkin_skip_building_tests=False, mixin_files=None, mixin=None, verb_parser=<colcon_mixin.mixin.mixin_argument.MixinArgumentDecorator object at 0x7fdd191d3d60>, verb_extension=<colcon_core.verb.build.BuildVerb object at 0x7fdd19314dc0>, main=<bound method BuildVerb.main of <colcon_core.verb.build.BuildVerb object at 0x7fdd19314dc0>>, mixin_verb=('build',))
[0.137s] Level 1:colcon.colcon_core.package_discovery:discover_packages(colcon_meta) check parameters
[0.137s] Level 1:colcon.colcon_core.package_discovery:discover_packages(recursive) check parameters
[0.137s] Level 1:colcon.colcon_core.package_discovery:discover_packages(ignore) check parameters
[0.137s] Level 1:colcon.colcon_core.package_discovery:discover_packages(path) check parameters
[0.137s] Level 1:colcon.colcon_core.package_discovery:discover_packages(colcon_meta) discover
[0.137s] Level 1:colcon.colcon_core.package_discovery:discover_packages(recursive) discover
[0.137s] INFO:colcon.colcon_core.package_discovery:Crawling recursively for packages in '/home/xiaofang/ROS2_WS/HelloWorld_cpp'
[0.137s] Level 1:colcon.colcon_core.package_identification:_identify(.) by extensions ['ignore', 'ignore_ament_install']
[0.137s] Level 1:colcon.colcon_core.package_identification:_identify(.) by extension 'ignore'
[0.137s] Level 1:colcon.colcon_core.package_identification:_identify(.) by extension 'ignore_ament_install'
[0.137s] Level 1:colcon.colcon_core.package_identification:_identify(.) by extensions ['colcon_pkg']
[0.137s] Level 1:colcon.colcon_core.package_identification:_identify(.) by extension 'colcon_pkg'
[0.137s] Level 1:colcon.colcon_core.package_identification:_identify(.) by extensions ['colcon_meta']
[0.137s] Level 1:colcon.colcon_core.package_identification:_identify(.) by extension 'colcon_meta'
[0.137s] Level 1:colcon.colcon_core.package_identification:_identify(.) by extensions ['ros']
[0.137s] Level 1:colcon.colcon_core.package_identification:_identify(.) by extension 'ros'
[0.144s] Level 1:colcon.colcon_core.package_identification:_identify(.) by extensions ['cmake', 'python']
[0.144s] Level 1:colcon.colcon_core.package_identification:_identify(.) by extension 'cmake'
[0.144s] Level 1:colcon.colcon_core.package_identification:_identify(.) by extension 'python'
[0.144s] Level 1:colcon.colcon_core.package_identification:_identify(.) by extensions ['python_setup_py']
[0.144s] Level 1:colcon.colcon_core.package_identification:_identify(.) by extension 'python_setup_py'
[0.144s] Level 1:colcon.colcon_core.package_identification:_identify(build) by extensions ['ignore', 'ignore_ament_install']
[0.144s] Level 1:colcon.colcon_core.package_identification:_identify(build) by extension 'ignore'
[0.144s] Level 1:colcon.colcon_core.package_identification:_identify(build) ignored
[0.144s] Level 1:colcon.colcon_core.package_identification:_identify(install) by extensions ['ignore', 'ignore_ament_install']
[0.144s] Level 1:colcon.colcon_core.package_identification:_identify(install) by extension 'ignore'
[0.144s] Level 1:colcon.colcon_core.package_identification:_identify(install) ignored
[0.144s] Level 1:colcon.colcon_core.package_identification:_identify(log) by extensions ['ignore', 'ignore_ament_install']
[0.144s] Level 1:colcon.colcon_core.package_identification:_identify(log) by extension 'ignore'
[0.144s] Level 1:colcon.colcon_core.package_identification:_identify(log) ignored
[0.144s] Level 1:colcon.colcon_core.package_identification:_identify(src) by extensions ['ignore', 'ignore_ament_install']
[0.144s] Level 1:colcon.colcon_core.package_identification:_identify(src) by extension 'ignore'
[0.145s] Level 1:colcon.colcon_core.package_identification:_identify(src) by extension 'ignore_ament_install'
[0.145s] Level 1:colcon.colcon_core.package_identification:_identify(src) by extensions ['colcon_pkg']
[0.145s] Level 1:colcon.colcon_core.package_identification:_identify(src) by extension 'colcon_pkg'
[0.145s] Level 1:colcon.colcon_core.package_identification:_identify(src) by extensions ['colcon_meta']
[0.145s] Level 1:colcon.colcon_core.package_identification:_identify(src) by extension 'colcon_meta'
[0.145s] Level 1:colcon.colcon_core.package_identification:_identify(src) by extensions ['ros']
[0.145s] Level 1:colcon.colcon_core.package_identification:_identify(src) by extension 'ros'
[0.145s] Level 1:colcon.colcon_core.package_identification:_identify(src) by extensions ['cmake', 'python']
[0.145s] Level 1:colcon.colcon_core.package_identification:_identify(src) by extension 'cmake'
[0.145s] Level 1:colcon.colcon_core.package_identification:_identify(src) by extension 'python'
[0.145s] Level 1:colcon.colcon_core.package_identification:_identify(src) by extensions ['python_setup_py']
[0.145s] Level 1:colcon.colcon_core.package_identification:_identify(src) by extension 'python_setup_py'
[0.145s] Level 1:colcon.colcon_core.package_identification:_identify(src/pkg01_helloworld_cpp) by extensions ['ignore', 'ignore_ament_install']
[0.145s] Level 1:colcon.colcon_core.package_identification:_identify(src/pkg01_helloworld_cpp) by extension 'ignore'
[0.145s] Level 1:colcon.colcon_core.package_identification:_identify(src/pkg01_helloworld_cpp) by extension 'ignore_ament_install'
[0.145s] Level 1:colcon.colcon_core.package_identification:_identify(src/pkg01_helloworld_cpp) by extensions ['colcon_pkg']
[0.145s] Level 1:colcon.colcon_core.package_identification:_identify(src/pkg01_helloworld_cpp) by extension 'colcon_pkg'
[0.145s] Level 1:colcon.colcon_core.package_identification:_identify(src/pkg01_helloworld_cpp) by extensions ['colcon_meta']
[0.145s] Level 1:colcon.colcon_core.package_identification:_identify(src/pkg01_helloworld_cpp) by extension 'colcon_meta'
[0.145s] Level 1:colcon.colcon_core.package_identification:_identify(src/pkg01_helloworld_cpp) by extensions ['ros']
[0.145s] Level 1:colcon.colcon_core.package_identification:_identify(src/pkg01_helloworld_cpp) by extension 'ros'
[0.146s] DEBUG:colcon.colcon_core.package_identification:Package 'src/pkg01_helloworld_cpp' with type 'ros.ament_cmake' and name 'pkg01_helloworld_cpp'
[0.146s] Level 1:colcon.colcon_core.package_identification:_identify(src/pkg02_hellovscode_cpp) by extensions ['ignore', 'ignore_ament_install']
[0.146s] Level 1:colcon.colcon_core.package_identification:_identify(src/pkg02_hellovscode_cpp) by extension 'ignore'
[0.147s] Level 1:colcon.colcon_core.package_identification:_identify(src/pkg02_hellovscode_cpp) by extension 'ignore_ament_install'
[0.147s] Level 1:colcon.colcon_core.package_identification:_identify(src/pkg02_hellovscode_cpp) by extensions ['colcon_pkg']
[0.147s] Level 1:colcon.colcon_core.package_identification:_identify(src/pkg02_hellovscode_cpp) by extension 'colcon_pkg'
[0.147s] Level 1:colcon.colcon_core.package_identification:_identify(src/pkg02_hellovscode_cpp) by extensions ['colcon_meta']
[0.147s] Level 1:colcon.colcon_core.package_identification:_identify(src/pkg02_hellovscode_cpp) by extension 'colcon_meta'
[0.147s] Level 1:colcon.colcon_core.package_identification:_identify(src/pkg02_hellovscode_cpp) by extensions ['ros']
[0.147s] Level 1:colcon.colcon_core.package_identification:_identify(src/pkg02_hellovscode_cpp) by extension 'ros'
[0.147s] DEBUG:colcon.colcon_core.package_identification:Package 'src/pkg02_hellovscode_cpp' with type 'ros.ament_cmake' and name 'pkg02_hellovscode_cpp'
[0.147s] Level 1:colcon.colcon_core.package_discovery:discover_packages(recursive) using defaults
[0.147s] Level 1:colcon.colcon_core.package_discovery:discover_packages(ignore) discover
[0.147s] Level 1:colcon.colcon_core.package_discovery:discover_packages(ignore) using defaults
[0.147s] Level 1:colcon.colcon_core.package_discovery:discover_packages(path) discover
[0.147s] Level 1:colcon.colcon_core.package_discovery:discover_packages(path) using defaults
[0.159s] Level 1:colcon.colcon_core.package_discovery:discover_packages(prefix_path) check parameters
[0.159s] Level 1:colcon.colcon_core.package_discovery:discover_packages(prefix_path) discover
[0.165s] DEBUG:colcon.colcon_installed_package_information.package_discovery:Found 339 installed packages in /opt/ros/humble
[0.166s] Level 1:colcon.colcon_core.package_discovery:discover_packages(prefix_path) using defaults
[0.186s] Level 5:colcon.colcon_core.verb:set package 'pkg01_helloworld_cpp' build argument 'cmake_args' from command line to '['-DCMAKE_EXPORT_COMPILE_COMMANDS=ON']'
[0.186s] Level 5:colcon.colcon_core.verb:set package 'pkg01_helloworld_cpp' build argument 'cmake_target' from command line to 'None'
[0.186s] Level 5:colcon.colcon_core.verb:set package 'pkg01_helloworld_cpp' build argument 'cmake_target_skip_unavailable' from command line to 'False'
[0.186s] Level 5:colcon.colcon_core.verb:set package 'pkg01_helloworld_cpp' build argument 'cmake_clean_cache' from command line to 'False'
[0.186s] Level 5:colcon.colcon_core.verb:set package 'pkg01_helloworld_cpp' build argument 'cmake_clean_first' from command line to 'False'
[0.186s] Level 5:colcon.colcon_core.verb:set package 'pkg01_helloworld_cpp' build argument 'cmake_force_configure' from command line to 'False'
[0.186s] Level 5:colcon.colcon_core.verb:set package 'pkg01_helloworld_cpp' build argument 'ament_cmake_args' from command line to 'None'
[0.186s] Level 5:colcon.colcon_core.verb:set package 'pkg01_helloworld_cpp' build argument 'catkin_cmake_args' from command line to 'None'
[0.186s] Level 5:colcon.colcon_core.verb:set package 'pkg01_helloworld_cpp' build argument 'catkin_skip_building_tests' from command line to 'False'
[0.186s] DEBUG:colcon.colcon_core.verb:Building package 'pkg01_helloworld_cpp' with the following arguments: {'ament_cmake_args': None, 'build_base': '/home/xiaofang/ROS2_WS/HelloWorld_cpp/build/pkg01_helloworld_cpp', 'catkin_cmake_args': None, 'catkin_skip_building_tests': False, 'cmake_args': ['-DCMAKE_EXPORT_COMPILE_COMMANDS=ON'], 'cmake_clean_cache': False, 'cmake_clean_first': False, 'cmake_force_configure': False, 'cmake_target': None, 'cmake_target_skip_unavailable': False, 'install_base': '/home/xiaofang/ROS2_WS/HelloWorld_cpp/install/pkg01_helloworld_cpp', 'merge_install': False, 'path': '/home/xiaofang/ROS2_WS/HelloWorld_cpp/src/pkg01_helloworld_cpp', 'symlink_install': False, 'test_result_base': None}
[0.186s] Level 5:colcon.colcon_core.verb:set package 'pkg02_hellovscode_cpp' build argument 'cmake_args' from command line to '['-DCMAKE_EXPORT_COMPILE_COMMANDS=ON']'
[0.186s] Level 5:colcon.colcon_core.verb:set package 'pkg02_hellovscode_cpp' build argument 'cmake_target' from command line to 'None'
[0.186s] Level 5:colcon.colcon_core.verb:set package 'pkg02_hellovscode_cpp' build argument 'cmake_target_skip_unavailable' from command line to 'False'
[0.186s] Level 5:colcon.colcon_core.verb:set package 'pkg02_hellovscode_cpp' build argument 'cmake_clean_cache' from command line to 'False'
[0.186s] Level 5:colcon.colcon_core.verb:set package 'pkg02_hellovscode_cpp' build argument 'cmake_clean_first' from command line to 'False'
[0.186s] Level 5:colcon.colcon_core.verb:set package 'pkg02_hellovscode_cpp' build argument 'cmake_force_configure' from command line to 'False'
[0.186s] Level 5:colcon.colcon_core.verb:set package 'pkg02_hellovscode_cpp' build argument 'ament_cmake_args' from command line to 'None'
[0.186s] Level 5:colcon.colcon_core.verb:set package 'pkg02_hellovscode_cpp' build argument 'catkin_cmake_args' from command line to 'None'
[0.186s] Level 5:colcon.colcon_core.verb:set package 'pkg02_hellovscode_cpp' build argument 'catkin_skip_building_tests' from command line to 'False'
[0.186s] DEBUG:colcon.colcon_core.verb:Building package 'pkg02_hellovscode_cpp' with the following arguments: {'ament_cmake_args': None, 'build_base': '/home/xiaofang/ROS2_WS/HelloWorld_cpp/build/pkg02_hellovscode_cpp', 'catkin_cmake_args': None, 'catkin_skip_building_tests': False, 'cmake_args': ['-DCMAKE_EXPORT_COMPILE_COMMANDS=ON'], 'cmake_clean_cache': False, 'cmake_clean_first': False, 'cmake_force_configure': False, 'cmake_target': None, 'cmake_target_skip_unavailable': False, 'install_base': '/home/xiaofang/ROS2_WS/HelloWorld_cpp/install/pkg02_hellovscode_cpp', 'merge_install': False, 'path': '/home/xiaofang/ROS2_WS/HelloWorld_cpp/src/pkg02_hellovscode_cpp', 'symlink_install': False, 'test_result_base': None}
[0.187s] INFO:colcon.colcon_core.executor:Executing jobs using 'parallel' executor
[0.187s] DEBUG:colcon.colcon_parallel_executor.executor.parallel:run_until_complete
[0.187s] INFO:colcon.colcon_ros.task.ament_cmake.build:Building ROS package in '/home/xiaofang/ROS2_WS/HelloWorld_cpp/src/pkg01_helloworld_cpp' with build type 'ament_cmake'
[0.188s] INFO:colcon.colcon_cmake.task.cmake.build:Building CMake package in '/home/xiaofang/ROS2_WS/HelloWorld_cpp/src/pkg01_helloworld_cpp'
[0.189s] INFO:colcon.colcon_core.plugin_system:Skipping extension 'colcon_core.shell.bat': Not used on non-Windows systems
[0.189s] INFO:colcon.colcon_core.shell:Skip shell extension 'powershell' for command environment: Not usable outside of PowerShell
[0.189s] DEBUG:colcon.colcon_core.shell:Skip shell extension 'dsv' for command environment
[0.191s] INFO:colcon.colcon_ros.task.ament_cmake.build:Building ROS package in '/home/xiaofang/ROS2_WS/HelloWorld_cpp/src/pkg02_hellovscode_cpp' with build type 'ament_cmake'
[0.191s] INFO:colcon.colcon_cmake.task.cmake.build:Building CMake package in '/home/xiaofang/ROS2_WS/HelloWorld_cpp/src/pkg02_hellovscode_cpp'
[0.191s] INFO:colcon.colcon_core.shell:Skip shell extension 'powershell' for command environment: Not usable outside of PowerShell
[0.191s] DEBUG:colcon.colcon_core.shell:Skip shell extension 'dsv' for command environment
[0.196s] DEBUG:colcon.colcon_core.event_handler.log_command:Invoking command in '/home/xiaofang/ROS2_WS/HelloWorld_cpp/build/pkg01_helloworld_cpp': CMAKE_PREFIX_PATH=/opt/ros/humble /usr/bin/cmake /home/xiaofang/ROS2_WS/HelloWorld_cpp/src/pkg01_helloworld_cpp -DCMAKE_EXPORT_COMPILE_COMMANDS=ON -DCMAKE_INSTALL_PREFIX=/home/xiaofang/ROS2_WS/HelloWorld_cpp/install/pkg01_helloworld_cpp
[0.199s] DEBUG:colcon.colcon_core.event_handler.log_command:Invoking command in '/home/xiaofang/ROS2_WS/HelloWorld_cpp/build/pkg02_hellovscode_cpp': CMAKE_PREFIX_PATH=/opt/ros/humble /usr/bin/cmake /home/xiaofang/ROS2_WS/HelloWorld_cpp/src/pkg02_hellovscode_cpp -DCMAKE_EXPORT_COMPILE_COMMANDS=ON -DCMAKE_INSTALL_PREFIX=/home/xiaofang/ROS2_WS/HelloWorld_cpp/install/pkg02_hellovscode_cpp
[0.533s] DEBUG:colcon.colcon_core.event_handler.log_command:Invoked command in '/home/xiaofang/ROS2_WS/HelloWorld_cpp/build/pkg02_hellovscode_cpp' returned '0': CMAKE_PREFIX_PATH=/opt/ros/humble /usr/bin/cmake /home/xiaofang/ROS2_WS/HelloWorld_cpp/src/pkg02_hellovscode_cpp -DCMAKE_EXPORT_COMPILE_COMMANDS=ON -DCMAKE_INSTALL_PREFIX=/home/xiaofang/ROS2_WS/HelloWorld_cpp/install/pkg02_hellovscode_cpp
[0.534s] DEBUG:colcon.colcon_core.event_handler.log_command:Invoking command in '/home/xiaofang/ROS2_WS/HelloWorld_cpp/build/pkg02_hellovscode_cpp': CMAKE_PREFIX_PATH=/opt/ros/humble /usr/bin/cmake --build /home/xiaofang/ROS2_WS/HelloWorld_cpp/build/pkg02_hellovscode_cpp -- -j20 -l20
[0.535s] DEBUG:colcon.colcon_core.event_handler.log_command:Invoked command in '/home/xiaofang/ROS2_WS/HelloWorld_cpp/build/pkg01_helloworld_cpp' returned '0': CMAKE_PREFIX_PATH=/opt/ros/humble /usr/bin/cmake /home/xiaofang/ROS2_WS/HelloWorld_cpp/src/pkg01_helloworld_cpp -DCMAKE_EXPORT_COMPILE_COMMANDS=ON -DCMAKE_INSTALL_PREFIX=/home/xiaofang/ROS2_WS/HelloWorld_cpp/install/pkg01_helloworld_cpp
[0.536s] DEBUG:colcon.colcon_core.event_handler.log_command:Invoking command in '/home/xiaofang/ROS2_WS/HelloWorld_cpp/build/pkg01_helloworld_cpp': CMAKE_PREFIX_PATH=/opt/ros/humble /usr/bin/cmake --build /home/xiaofang/ROS2_WS/HelloWorld_cpp/build/pkg01_helloworld_cpp -- -j20 -l20
[0.579s] DEBUG:colcon.colcon_core.event_handler.log_command:Invoked command in '/home/xiaofang/ROS2_WS/HelloWorld_cpp/build/pkg01_helloworld_cpp' returned '0': CMAKE_PREFIX_PATH=/opt/ros/humble /usr/bin/cmake --build /home/xiaofang/ROS2_WS/HelloWorld_cpp/build/pkg01_helloworld_cpp -- -j20 -l20
[0.585s] DEBUG:colcon.colcon_core.event_handler.log_command:Invoking command in '/home/xiaofang/ROS2_WS/HelloWorld_cpp/build/pkg01_helloworld_cpp': CMAKE_PREFIX_PATH=/opt/ros/humble /usr/bin/cmake --install /home/xiaofang/ROS2_WS/HelloWorld_cpp/build/pkg01_helloworld_cpp
[0.585s] DEBUG:colcon.colcon_core.event_handler.log_command:Invoked command in '/home/xiaofang/ROS2_WS/HelloWorld_cpp/build/pkg02_hellovscode_cpp' returned '0': CMAKE_PREFIX_PATH=/opt/ros/humble /usr/bin/cmake --build /home/xiaofang/ROS2_WS/HelloWorld_cpp/build/pkg02_hellovscode_cpp -- -j20 -l20
[0.586s] DEBUG:colcon.colcon_core.event_handler.log_command:Invoking command in '/home/xiaofang/ROS2_WS/HelloWorld_cpp/build/pkg02_hellovscode_cpp': CMAKE_PREFIX_PATH=/opt/ros/humble /usr/bin/cmake --install /home/xiaofang/ROS2_WS/HelloWorld_cpp/build/pkg02_hellovscode_cpp
[0.590s] Level 1:colcon.colcon_core.environment:create_environment_scripts_only(pkg01_helloworld_cpp)
[0.590s] DEBUG:colcon.colcon_core.event_handler.log_command:Invoked command in '/home/xiaofang/ROS2_WS/HelloWorld_cpp/build/pkg01_helloworld_cpp' returned '0': CMAKE_PREFIX_PATH=/opt/ros/humble /usr/bin/cmake --install /home/xiaofang/ROS2_WS/HelloWorld_cpp/build/pkg01_helloworld_cpp
[0.591s] Level 1:colcon.colcon_core.environment:checking '/home/xiaofang/ROS2_WS/HelloWorld_cpp/install/pkg01_helloworld_cpp' for CMake module files
[0.592s] Level 1:colcon.colcon_core.environment:checking '/home/xiaofang/ROS2_WS/HelloWorld_cpp/install/pkg01_helloworld_cpp' for CMake config files
[0.592s] Level 1:colcon.colcon_core.shell:create_environment_hook('pkg01_helloworld_cpp', 'cmake_prefix_path')
[0.592s] INFO:colcon.colcon_core.shell:Creating environment hook '/home/xiaofang/ROS2_WS/HelloWorld_cpp/install/pkg01_helloworld_cpp/share/pkg01_helloworld_cpp/hook/cmake_prefix_path.ps1'
[0.592s] INFO:colcon.colcon_core.shell:Creating environment descriptor '/home/xiaofang/ROS2_WS/HelloWorld_cpp/install/pkg01_helloworld_cpp/share/pkg01_helloworld_cpp/hook/cmake_prefix_path.dsv'
[0.592s] INFO:colcon.colcon_core.shell:Creating environment hook '/home/xiaofang/ROS2_WS/HelloWorld_cpp/install/pkg01_helloworld_cpp/share/pkg01_helloworld_cpp/hook/cmake_prefix_path.sh'
[0.593s] Level 1:colcon.colcon_core.environment:checking '/home/xiaofang/ROS2_WS/HelloWorld_cpp/install/pkg01_helloworld_cpp/lib'
[0.593s] Level 1:colcon.colcon_core.environment:checking '/home/xiaofang/ROS2_WS/HelloWorld_cpp/install/pkg01_helloworld_cpp/bin'
[0.593s] Level 1:colcon.colcon_core.environment:checking '/home/xiaofang/ROS2_WS/HelloWorld_cpp/install/pkg01_helloworld_cpp/lib/pkgconfig/pkg01_helloworld_cpp.pc'
[0.593s] Level 1:colcon.colcon_core.environment:checking '/home/xiaofang/ROS2_WS/HelloWorld_cpp/install/pkg01_helloworld_cpp/lib/python3.10/site-packages'
[0.593s] Level 1:colcon.colcon_core.environment:checking '/home/xiaofang/ROS2_WS/HelloWorld_cpp/install/pkg01_helloworld_cpp/bin'
[0.593s] INFO:colcon.colcon_core.shell:Creating package script '/home/xiaofang/ROS2_WS/HelloWorld_cpp/install/pkg01_helloworld_cpp/share/pkg01_helloworld_cpp/package.ps1'
[0.594s] INFO:colcon.colcon_core.shell:Creating package descriptor '/home/xiaofang/ROS2_WS/HelloWorld_cpp/install/pkg01_helloworld_cpp/share/pkg01_helloworld_cpp/package.dsv'
[0.594s] INFO:colcon.colcon_core.shell:Creating package script '/home/xiaofang/ROS2_WS/HelloWorld_cpp/install/pkg01_helloworld_cpp/share/pkg01_helloworld_cpp/package.sh'
[0.594s] INFO:colcon.colcon_core.shell:Creating package script '/home/xiaofang/ROS2_WS/HelloWorld_cpp/install/pkg01_helloworld_cpp/share/pkg01_helloworld_cpp/package.bash'
[0.594s] INFO:colcon.colcon_core.shell:Creating package script '/home/xiaofang/ROS2_WS/HelloWorld_cpp/install/pkg01_helloworld_cpp/share/pkg01_helloworld_cpp/package.zsh'
[0.595s] Level 1:colcon.colcon_core.environment:create_file_with_runtime_dependencies(/home/xiaofang/ROS2_WS/HelloWorld_cpp/install/pkg01_helloworld_cpp/share/colcon-core/packages/pkg01_helloworld_cpp)
[0.595s] Level 1:colcon.colcon_core.environment:create_environment_scripts_only(pkg01_helloworld_cpp)
[0.595s] Level 1:colcon.colcon_core.environment:checking '/home/xiaofang/ROS2_WS/HelloWorld_cpp/install/pkg01_helloworld_cpp' for CMake module files
[0.595s] Level 1:colcon.colcon_core.environment:checking '/home/xiaofang/ROS2_WS/HelloWorld_cpp/install/pkg01_helloworld_cpp' for CMake config files
[0.595s] Level 1:colcon.colcon_core.shell:create_environment_hook('pkg01_helloworld_cpp', 'cmake_prefix_path')
[0.596s] INFO:colcon.colcon_core.shell:Creating environment hook '/home/xiaofang/ROS2_WS/HelloWorld_cpp/install/pkg01_helloworld_cpp/share/pkg01_helloworld_cpp/hook/cmake_prefix_path.ps1'
[0.596s] INFO:colcon.colcon_core.shell:Creating environment descriptor '/home/xiaofang/ROS2_WS/HelloWorld_cpp/install/pkg01_helloworld_cpp/share/pkg01_helloworld_cpp/hook/cmake_prefix_path.dsv'
[0.596s] INFO:colcon.colcon_core.shell:Creating environment hook '/home/xiaofang/ROS2_WS/HelloWorld_cpp/install/pkg01_helloworld_cpp/share/pkg01_helloworld_cpp/hook/cmake_prefix_path.sh'
[0.596s] Level 1:colcon.colcon_core.environment:checking '/home/xiaofang/ROS2_WS/HelloWorld_cpp/install/pkg01_helloworld_cpp/lib'
[0.596s] Level 1:colcon.colcon_core.environment:checking '/home/xiaofang/ROS2_WS/HelloWorld_cpp/install/pkg01_helloworld_cpp/bin'
[0.596s] Level 1:colcon.colcon_core.environment:checking '/home/xiaofang/ROS2_WS/HelloWorld_cpp/install/pkg01_helloworld_cpp/lib/pkgconfig/pkg01_helloworld_cpp.pc'
[0.596s] Level 1:colcon.colcon_core.environment:checking '/home/xiaofang/ROS2_WS/HelloWorld_cpp/install/pkg01_helloworld_cpp/lib/python3.10/site-packages'
[0.596s] Level 1:colcon.colcon_core.environment:checking '/home/xiaofang/ROS2_WS/HelloWorld_cpp/install/pkg01_helloworld_cpp/bin'
[0.597s] INFO:colcon.colcon_core.shell:Creating package script '/home/xiaofang/ROS2_WS/HelloWorld_cpp/install/pkg01_helloworld_cpp/share/pkg01_helloworld_cpp/package.ps1'
[0.597s] INFO:colcon.colcon_core.shell:Creating package descriptor '/home/xiaofang/ROS2_WS/HelloWorld_cpp/install/pkg01_helloworld_cpp/share/pkg01_helloworld_cpp/package.dsv'
[0.597s] INFO:colcon.colcon_core.shell:Creating package script '/home/xiaofang/ROS2_WS/HelloWorld_cpp/install/pkg01_helloworld_cpp/share/pkg01_helloworld_cpp/package.sh'
[0.597s] INFO:colcon.colcon_core.shell:Creating package script '/home/xiaofang/ROS2_WS/HelloWorld_cpp/install/pkg01_helloworld_cpp/share/pkg01_helloworld_cpp/package.bash'
[0.598s] INFO:colcon.colcon_core.shell:Creating package script '/home/xiaofang/ROS2_WS/HelloWorld_cpp/install/pkg01_helloworld_cpp/share/pkg01_helloworld_cpp/package.zsh'
[0.598s] Level 1:colcon.colcon_core.environment:create_file_with_runtime_dependencies(/home/xiaofang/ROS2_WS/HelloWorld_cpp/install/pkg01_helloworld_cpp/share/colcon-core/packages/pkg01_helloworld_cpp)
[0.599s] Level 1:colcon.colcon_core.environment:create_environment_scripts_only(pkg02_hellovscode_cpp)
[0.599s] DEBUG:colcon.colcon_core.event_handler.log_command:Invoked command in '/home/xiaofang/ROS2_WS/HelloWorld_cpp/build/pkg02_hellovscode_cpp' returned '0': CMAKE_PREFIX_PATH=/opt/ros/humble /usr/bin/cmake --install /home/xiaofang/ROS2_WS/HelloWorld_cpp/build/pkg02_hellovscode_cpp
[0.599s] Level 1:colcon.colcon_core.environment:checking '/home/xiaofang/ROS2_WS/HelloWorld_cpp/install/pkg02_hellovscode_cpp' for CMake module files
[0.600s] Level 1:colcon.colcon_core.environment:checking '/home/xiaofang/ROS2_WS/HelloWorld_cpp/install/pkg02_hellovscode_cpp' for CMake config files
[0.600s] Level 1:colcon.colcon_core.shell:create_environment_hook('pkg02_hellovscode_cpp', 'cmake_prefix_path')
[0.600s] INFO:colcon.colcon_core.shell:Creating environment hook '/home/xiaofang/ROS2_WS/HelloWorld_cpp/install/pkg02_hellovscode_cpp/share/pkg02_hellovscode_cpp/hook/cmake_prefix_path.ps1'
[0.600s] INFO:colcon.colcon_core.shell:Creating environment descriptor '/home/xiaofang/ROS2_WS/HelloWorld_cpp/install/pkg02_hellovscode_cpp/share/pkg02_hellovscode_cpp/hook/cmake_prefix_path.dsv'
[0.600s] INFO:colcon.colcon_core.shell:Creating environment hook '/home/xiaofang/ROS2_WS/HelloWorld_cpp/install/pkg02_hellovscode_cpp/share/pkg02_hellovscode_cpp/hook/cmake_prefix_path.sh'
[0.600s] Level 1:colcon.colcon_core.environment:checking '/home/xiaofang/ROS2_WS/HelloWorld_cpp/install/pkg02_hellovscode_cpp/lib'
[0.600s] Level 1:colcon.colcon_core.environment:checking '/home/xiaofang/ROS2_WS/HelloWorld_cpp/install/pkg02_hellovscode_cpp/bin'
[0.600s] Level 1:colcon.colcon_core.environment:checking '/home/xiaofang/ROS2_WS/HelloWorld_cpp/install/pkg02_hellovscode_cpp/lib/pkgconfig/pkg02_hellovscode_cpp.pc'
[0.601s] Level 1:colcon.colcon_core.environment:checking '/home/xiaofang/ROS2_WS/HelloWorld_cpp/install/pkg02_hellovscode_cpp/lib/python3.10/site-packages'
[0.601s] Level 1:colcon.colcon_core.environment:checking '/home/xiaofang/ROS2_WS/HelloWorld_cpp/install/pkg02_hellovscode_cpp/bin'
[0.601s] INFO:colcon.colcon_core.shell:Creating package script '/home/xiaofang/ROS2_WS/HelloWorld_cpp/install/pkg02_hellovscode_cpp/share/pkg02_hellovscode_cpp/package.ps1'
[0.601s] INFO:colcon.colcon_core.shell:Creating package descriptor '/home/xiaofang/ROS2_WS/HelloWorld_cpp/install/pkg02_hellovscode_cpp/share/pkg02_hellovscode_cpp/package.dsv'
[0.601s] INFO:colcon.colcon_core.shell:Creating package script '/home/xiaofang/ROS2_WS/HelloWorld_cpp/install/pkg02_hellovscode_cpp/share/pkg02_hellovscode_cpp/package.sh'
[0.601s] INFO:colcon.colcon_core.shell:Creating package script '/home/xiaofang/ROS2_WS/HelloWorld_cpp/install/pkg02_hellovscode_cpp/share/pkg02_hellovscode_cpp/package.bash'
[0.601s] INFO:colcon.colcon_core.shell:Creating package script '/home/xiaofang/ROS2_WS/HelloWorld_cpp/install/pkg02_hellovscode_cpp/share/pkg02_hellovscode_cpp/package.zsh'
[0.602s] Level 1:colcon.colcon_core.environment:create_file_with_runtime_dependencies(/home/xiaofang/ROS2_WS/HelloWorld_cpp/install/pkg02_hellovscode_cpp/share/colcon-core/packages/pkg02_hellovscode_cpp)
[0.602s] Level 1:colcon.colcon_core.environment:create_environment_scripts_only(pkg02_hellovscode_cpp)
[0.602s] Level 1:colcon.colcon_core.environment:checking '/home/xiaofang/ROS2_WS/HelloWorld_cpp/install/pkg02_hellovscode_cpp' for CMake module files
[0.602s] Level 1:colcon.colcon_core.environment:checking '/home/xiaofang/ROS2_WS/HelloWorld_cpp/install/pkg02_hellovscode_cpp' for CMake config files
[0.602s] Level 1:colcon.colcon_core.shell:create_environment_hook('pkg02_hellovscode_cpp', 'cmake_prefix_path')
[0.602s] INFO:colcon.colcon_core.shell:Creating environment hook '/home/xiaofang/ROS2_WS/HelloWorld_cpp/install/pkg02_hellovscode_cpp/share/pkg02_hellovscode_cpp/hook/cmake_prefix_path.ps1'
[0.603s] INFO:colcon.colcon_core.shell:Creating environment descriptor '/home/xiaofang/ROS2_WS/HelloWorld_cpp/install/pkg02_hellovscode_cpp/share/pkg02_hellovscode_cpp/hook/cmake_prefix_path.dsv'
[0.603s] INFO:colcon.colcon_core.shell:Creating environment hook '/home/xiaofang/ROS2_WS/HelloWorld_cpp/install/pkg02_hellovscode_cpp/share/pkg02_hellovscode_cpp/hook/cmake_prefix_path.sh'
[0.603s] Level 1:colcon.colcon_core.environment:checking '/home/xiaofang/ROS2_WS/HelloWorld_cpp/install/pkg02_hellovscode_cpp/lib'
[0.603s] Level 1:colcon.colcon_core.environment:checking '/home/xiaofang/ROS2_WS/HelloWorld_cpp/install/pkg02_hellovscode_cpp/bin'
[0.603s] Level 1:colcon.colcon_core.environment:checking '/home/xiaofang/ROS2_WS/HelloWorld_cpp/install/pkg02_hellovscode_cpp/lib/pkgconfig/pkg02_hellovscode_cpp.pc'
[0.603s] Level 1:colcon.colcon_core.environment:checking '/home/xiaofang/ROS2_WS/HelloWorld_cpp/install/pkg02_hellovscode_cpp/lib/python3.10/site-packages'
[0.603s] Level 1:colcon.colcon_core.environment:checking '/home/xiaofang/ROS2_WS/HelloWorld_cpp/install/pkg02_hellovscode_cpp/bin'
[0.603s] INFO:colcon.colcon_core.shell:Creating package script '/home/xiaofang/ROS2_WS/HelloWorld_cpp/install/pkg02_hellovscode_cpp/share/pkg02_hellovscode_cpp/package.ps1'
[0.604s] INFO:colcon.colcon_core.shell:Creating package descriptor '/home/xiaofang/ROS2_WS/HelloWorld_cpp/install/pkg02_hellovscode_cpp/share/pkg02_hellovscode_cpp/package.dsv'
[0.604s] INFO:colcon.colcon_core.shell:Creating package script '/home/xiaofang/ROS2_WS/HelloWorld_cpp/install/pkg02_hellovscode_cpp/share/pkg02_hellovscode_cpp/package.sh'
[0.604s] INFO:colcon.colcon_core.shell:Creating package script '/home/xiaofang/ROS2_WS/HelloWorld_cpp/install/pkg02_hellovscode_cpp/share/pkg02_hellovscode_cpp/package.bash'
[0.604s] INFO:colcon.colcon_core.shell:Creating package script '/home/xiaofang/ROS2_WS/HelloWorld_cpp/install/pkg02_hellovscode_cpp/share/pkg02_hellovscode_cpp/package.zsh'
[0.604s] Level 1:colcon.colcon_core.environment:create_file_with_runtime_dependencies(/home/xiaofang/ROS2_WS/HelloWorld_cpp/install/pkg02_hellovscode_cpp/share/colcon-core/packages/pkg02_hellovscode_cpp)
[0.604s] DEBUG:colcon.colcon_parallel_executor.executor.parallel:closing loop
[0.604s] DEBUG:colcon.colcon_parallel_executor.executor.parallel:loop closed
[0.604s] DEBUG:colcon.colcon_parallel_executor.executor.parallel:run_until_complete finished with '0'
[0.605s] DEBUG:colcon.colcon_core.event_reactor:joining thread
[0.608s] INFO:colcon.colcon_core.plugin_system:Skipping extension 'colcon_notification.desktop_notification.notify_send': Could not find 'notify-send'
[0.608s] INFO:colcon.colcon_core.plugin_system:Skipping extension 'colcon_notification.desktop_notification.terminal_notifier': Not used on non-Darwin systems
[0.608s] INFO:colcon.colcon_core.plugin_system:Skipping extension 'colcon_notification.desktop_notification.win32': Not used on non-Windows systems
[0.608s] INFO:colcon.colcon_notification.desktop_notification:Sending desktop notification using 'notify2'
[0.610s] DEBUG:colcon.colcon_notification.desktop_notification.notify2:Failed to initialize notify2: org.freedesktop.DBus.Error.Spawn.ExecFailed: /usr/bin/dbus-launch terminated abnormally without any error message
[0.610s] DEBUG:colcon.colcon_core.event_reactor:joined thread
[0.611s] INFO:colcon.colcon_core.shell:Creating prefix script '/home/xiaofang/ROS2_WS/HelloWorld_cpp/install/local_setup.ps1'
[0.611s] INFO:colcon.colcon_core.shell:Creating prefix util module '/home/xiaofang/ROS2_WS/HelloWorld_cpp/install/_local_setup_util_ps1.py'
[0.612s] INFO:colcon.colcon_core.shell:Creating prefix chain script '/home/xiaofang/ROS2_WS/HelloWorld_cpp/install/setup.ps1'
[0.612s] INFO:colcon.colcon_core.shell:Creating prefix script '/home/xiaofang/ROS2_WS/HelloWorld_cpp/install/local_setup.sh'
[0.613s] INFO:colcon.colcon_core.shell:Creating prefix util module '/home/xiaofang/ROS2_WS/HelloWorld_cpp/install/_local_setup_util_sh.py'
[0.613s] INFO:colcon.colcon_core.shell:Creating prefix chain script '/home/xiaofang/ROS2_WS/HelloWorld_cpp/install/setup.sh'
[0.613s] INFO:colcon.colcon_core.shell:Creating prefix script '/home/xiaofang/ROS2_WS/HelloWorld_cpp/install/local_setup.bash'
[0.614s] INFO:colcon.colcon_core.shell:Creating prefix chain script '/home/xiaofang/ROS2_WS/HelloWorld_cpp/install/setup.bash'
[0.614s] INFO:colcon.colcon_core.shell:Creating prefix script '/home/xiaofang/ROS2_WS/HelloWorld_cpp/install/local_setup.zsh'
[0.614s] INFO:colcon.colcon_core.shell:Creating prefix chain script '/home/xiaofang/ROS2_WS/HelloWorld_cpp/install/setup.zsh'
