[0.008s] Invoking command in '/home/xiaofang/ROS2_WS/ws03_nav_sim/build/mycar_description': CMAKE_PREFIX_PATH=${CMAKE_PREFIX_PATH}:/opt/cv_bridge_fix_link-humble/install/opencv_tests:/opt/ros/humble /usr/bin/cmake /home/xiaofang/ROS2_WS/ws03_nav_sim/src/mycar_description -DCMAKE_EXPORT_COMPILE_COMMANDS=ON -DCMAKE_INSTALL_PREFIX=/home/xiaofang/ROS2_WS/ws03_nav_sim/install/mycar_description
[0.056s] -- The C compiler identification is GNU 11.4.0
[0.108s] -- The CXX compiler identification is GNU 11.4.0
[0.115s] -- Detecting C compiler ABI info
[0.179s] -- Detecting C compiler ABI info - done
[0.187s] -- Check for working C compiler: /usr/bin/cc - skipped
[0.187s] -- Detecting C compile features
[0.187s] -- Detecting C compile features - done
[0.189s] -- Detecting CXX compiler ABI info
[0.256s] -- Detecting CXX compiler ABI info - done
[0.261s] -- Check for working CXX compiler: /usr/bin/c++ - skipped
[0.261s] -- Detecting CXX compile features
[0.262s] -- Detecting CXX compile features - done
[0.263s] -- Found ament_cmake: 1.3.11 (/opt/ros/humble/share/ament_cmake/cmake)
[0.389s] -- Found Python3: /usr/bin/python3 (found version "3.10.12") found components: Interpreter 
[0.462s] -- Found ament_lint_auto: 0.12.12 (/opt/ros/humble/share/ament_lint_auto/cmake)
[0.518s] -- Added test 'flake8' to check Python code syntax and style conventions
[0.519s] -- Added test 'lint_cmake' to check CMake code style
[0.519s] -- Added test 'pep257' to check Python code against some of the docstring style conventions in PEP 257
[0.520s] -- Added test 'xmllint' to check XML markup files
[0.521s] -- Configuring done
[0.523s] -- Generating done
[0.523s] [33mCMake Warning:
[0.523s]   Manually-specified variables were not used by the project:
[0.523s] 
[0.523s]     CMAKE_EXPORT_COMPILE_COMMANDS
[0.523s] 
[0.523s] [0m
[0.523s] -- Build files have been written to: /home/xiaofang/ROS2_WS/ws03_nav_sim/build/mycar_description
[0.528s] Invoked command in '/home/xiaofang/ROS2_WS/ws03_nav_sim/build/mycar_description' returned '0': CMAKE_PREFIX_PATH=${CMAKE_PREFIX_PATH}:/opt/cv_bridge_fix_link-humble/install/opencv_tests:/opt/ros/humble /usr/bin/cmake /home/xiaofang/ROS2_WS/ws03_nav_sim/src/mycar_description -DCMAKE_EXPORT_COMPILE_COMMANDS=ON -DCMAKE_INSTALL_PREFIX=/home/xiaofang/ROS2_WS/ws03_nav_sim/install/mycar_description
[0.529s] Invoking command in '/home/xiaofang/ROS2_WS/ws03_nav_sim/build/mycar_description': CMAKE_PREFIX_PATH=${CMAKE_PREFIX_PATH}:/opt/cv_bridge_fix_link-humble/install/opencv_tests:/opt/ros/humble /usr/bin/cmake --build /home/xiaofang/ROS2_WS/ws03_nav_sim/build/mycar_description -- -j20 -l20
[0.567s] Invoked command in '/home/xiaofang/ROS2_WS/ws03_nav_sim/build/mycar_description' returned '0': CMAKE_PREFIX_PATH=${CMAKE_PREFIX_PATH}:/opt/cv_bridge_fix_link-humble/install/opencv_tests:/opt/ros/humble /usr/bin/cmake --build /home/xiaofang/ROS2_WS/ws03_nav_sim/build/mycar_description -- -j20 -l20
[0.568s] Invoking command in '/home/xiaofang/ROS2_WS/ws03_nav_sim/build/mycar_description': CMAKE_PREFIX_PATH=${CMAKE_PREFIX_PATH}:/opt/cv_bridge_fix_link-humble/install/opencv_tests:/opt/ros/humble /usr/bin/cmake --install /home/xiaofang/ROS2_WS/ws03_nav_sim/build/mycar_description
[0.572s] -- Install configuration: ""
[0.572s] -- Installing: /home/xiaofang/ROS2_WS/ws03_nav_sim/install/mycar_description/share/mycar_description/launch
[0.573s] -- Installing: /home/xiaofang/ROS2_WS/ws03_nav_sim/install/mycar_description/share/mycar_description/launch/display.launch.py
[0.573s] -- Installing: /home/xiaofang/ROS2_WS/ws03_nav_sim/install/mycar_description/share/mycar_description/launch/mycar_desc_sim.launch.py
[0.573s] -- Installing: /home/xiaofang/ROS2_WS/ws03_nav_sim/install/mycar_description/share/mycar_description/launch/mycar_desc_sim.launch_xacro.py
[0.573s] -- Installing: /home/xiaofang/ROS2_WS/ws03_nav_sim/install/mycar_description/share/mycar_description/urdf
[0.573s] -- Installing: /home/xiaofang/ROS2_WS/ws03_nav_sim/install/mycar_description/share/mycar_description/urdf/xacro
[0.573s] -- Installing: /home/xiaofang/ROS2_WS/ws03_nav_sim/install/mycar_description/share/mycar_description/urdf/xacro/car.urdf.xacro
[0.573s] -- Installing: /home/xiaofang/ROS2_WS/ws03_nav_sim/install/mycar_description/share/mycar_description/urdf/xacro/gazebo
[0.573s] -- Installing: /home/xiaofang/ROS2_WS/ws03_nav_sim/install/mycar_description/share/mycar_description/urdf/xacro/gazebo/move_control.urdf.xacro
[0.573s] -- Installing: /home/xiaofang/ROS2_WS/ws03_nav_sim/install/mycar_description/share/mycar_description/urdf/urdf
[0.573s] -- Installing: /home/xiaofang/ROS2_WS/ws03_nav_sim/install/mycar_description/share/mycar_description/urdf/urdf/demo02_CyberNaviRobot.urdf
[0.573s] -- Installing: /home/xiaofang/ROS2_WS/ws03_nav_sim/install/mycar_description/share/mycar_description/urdf/urdf/CyberNaviRobot.urdf
[0.573s] -- Installing: /home/xiaofang/ROS2_WS/ws03_nav_sim/install/mycar_description/share/mycar_description/urdf/urdf/demo01_CyberNaviRobot.urdf
[0.573s] -- Installing: /home/xiaofang/ROS2_WS/ws03_nav_sim/install/mycar_description/share/mycar_description/urdf/urdf/CyberNaviRobot.csv
[0.574s] -- Installing: /home/xiaofang/ROS2_WS/ws03_nav_sim/install/mycar_description/share/mycar_description/rviz
[0.574s] -- Installing: /home/xiaofang/ROS2_WS/ws03_nav_sim/install/mycar_description/share/mycar_description/rviz/.gitkeep
[0.575s] -- Installing: /home/xiaofang/ROS2_WS/ws03_nav_sim/install/mycar_description/share/mycar_description/meshes
[0.575s] -- Installing: /home/xiaofang/ROS2_WS/ws03_nav_sim/install/mycar_description/share/mycar_description/meshes/left_front_wheel_link.STL
[0.576s] -- Installing: /home/xiaofang/ROS2_WS/ws03_nav_sim/install/mycar_description/share/mycar_description/meshes/right_rear_wheel_link.STL
[0.577s] -- Installing: /home/xiaofang/ROS2_WS/ws03_nav_sim/install/mycar_description/share/mycar_description/meshes/right_front_wheel_link.STL
[0.579s] -- Installing: /home/xiaofang/ROS2_WS/ws03_nav_sim/install/mycar_description/share/mycar_description/meshes/demo1_base_link.STL
[0.581s] -- Installing: /home/xiaofang/ROS2_WS/ws03_nav_sim/install/mycar_description/share/mycar_description/meshes/left_rear_wheel_link.STL
[0.583s] -- Installing: /home/xiaofang/ROS2_WS/ws03_nav_sim/install/mycar_description/share/mycar_description/meshes/base_link.STL
[0.584s] -- Installing: /home/xiaofang/ROS2_WS/ws03_nav_sim/install/mycar_description/share/ament_index/resource_index/package_run_dependencies/mycar_description
[0.584s] -- Installing: /home/xiaofang/ROS2_WS/ws03_nav_sim/install/mycar_description/share/ament_index/resource_index/parent_prefix_path/mycar_description
[0.584s] -- Installing: /home/xiaofang/ROS2_WS/ws03_nav_sim/install/mycar_description/share/mycar_description/environment/ament_prefix_path.sh
[0.584s] -- Installing: /home/xiaofang/ROS2_WS/ws03_nav_sim/install/mycar_description/share/mycar_description/environment/ament_prefix_path.dsv
[0.584s] -- Installing: /home/xiaofang/ROS2_WS/ws03_nav_sim/install/mycar_description/share/mycar_description/environment/path.sh
[0.584s] -- Installing: /home/xiaofang/ROS2_WS/ws03_nav_sim/install/mycar_description/share/mycar_description/environment/path.dsv
[0.584s] -- Installing: /home/xiaofang/ROS2_WS/ws03_nav_sim/install/mycar_description/share/mycar_description/local_setup.bash
[0.584s] -- Installing: /home/xiaofang/ROS2_WS/ws03_nav_sim/install/mycar_description/share/mycar_description/local_setup.sh
[0.584s] -- Installing: /home/xiaofang/ROS2_WS/ws03_nav_sim/install/mycar_description/share/mycar_description/local_setup.zsh
[0.584s] -- Installing: /home/xiaofang/ROS2_WS/ws03_nav_sim/install/mycar_description/share/mycar_description/local_setup.dsv
[0.584s] -- Installing: /home/xiaofang/ROS2_WS/ws03_nav_sim/install/mycar_description/share/mycar_description/package.dsv
[0.585s] -- Installing: /home/xiaofang/ROS2_WS/ws03_nav_sim/install/mycar_description/share/ament_index/resource_index/packages/mycar_description
[0.585s] -- Installing: /home/xiaofang/ROS2_WS/ws03_nav_sim/install/mycar_description/share/mycar_description/cmake/mycar_descriptionConfig.cmake
[0.585s] -- Installing: /home/xiaofang/ROS2_WS/ws03_nav_sim/install/mycar_description/share/mycar_description/cmake/mycar_descriptionConfig-version.cmake
[0.585s] -- Installing: /home/xiaofang/ROS2_WS/ws03_nav_sim/install/mycar_description/share/mycar_description/package.xml
[0.587s] Invoked command in '/home/xiaofang/ROS2_WS/ws03_nav_sim/build/mycar_description' returned '0': CMAKE_PREFIX_PATH=${CMAKE_PREFIX_PATH}:/opt/cv_bridge_fix_link-humble/install/opencv_tests:/opt/ros/humble /usr/bin/cmake --install /home/xiaofang/ROS2_WS/ws03_nav_sim/build/mycar_description
