[0.007s] Invoking command in '/home/xiaofang/ROS2_WS/ws01_plumbing/build/cpp06_time': CMAKE_PREFIX_PATH=${CMAKE_PREFIX_PATH}:/opt/cv_bridge_fix_link-humble/install/opencv_tests:/opt/ros/humble /usr/bin/cmake /home/xiaofang/ROS2_WS/ws01_plumbing/src/cpp06_time -DCMAKE_EXPORT_COMPILE_COMMANDS=ON -DCMAKE_INSTALL_PREFIX=/home/xiaofang/ROS2_WS/ws01_plumbing/install/cpp06_time
[0.066s] -- The C compiler identification is GNU 11.4.0
[0.104s] -- The CXX compiler identification is GNU 11.4.0
[0.111s] -- Detecting C compiler ABI info
[0.152s] -- Detecting C compiler ABI info - done
[0.156s] -- Check for working C compiler: /usr/bin/cc - skipped
[0.156s] -- Detecting C compile features
[0.156s] -- Detecting C compile features - done
[0.158s] -- Detecting CXX compiler ABI info
[0.211s] -- Detecting CXX compiler ABI info - done
[0.215s] -- Check for working CXX compiler: /usr/bin/c++ - skipped
[0.215s] -- Detecting CXX compile features
[0.215s] -- Detecting CXX compile features - done
[0.219s] -- Found ament_cmake: 1.3.11 (/opt/ros/humble/share/ament_cmake/cmake)
[0.329s] -- Found Python3: /usr/bin/python3 (found version "3.10.12") found components: Interpreter 
[0.393s] -- Found rclcpp: 16.0.12 (/opt/ros/humble/share/rclcpp/cmake)
[0.427s] -- Found rosidl_generator_c: 3.1.6 (/opt/ros/humble/share/rosidl_generator_c/cmake)
[0.431s] -- Found rosidl_adapter: 3.1.6 (/opt/ros/humble/share/rosidl_adapter/cmake)
[0.438s] -- Found rosidl_generator_cpp: 3.1.6 (/opt/ros/humble/share/rosidl_generator_cpp/cmake)
[0.447s] -- Using all available rosidl_typesupport_c: rosidl_typesupport_fastrtps_c;rosidl_typesupport_introspection_c
[0.459s] -- Using all available rosidl_typesupport_cpp: rosidl_typesupport_fastrtps_cpp;rosidl_typesupport_introspection_cpp
[0.492s] -- Found rmw_implementation_cmake: 6.1.2 (/opt/ros/humble/share/rmw_implementation_cmake/cmake)
[0.494s] -- Found rmw_fastrtps_cpp: 6.2.7 (/opt/ros/humble/share/rmw_fastrtps_cpp/cmake)
[0.563s] -- Found OpenSSL: /usr/lib/x86_64-linux-gnu/libcrypto.so (found version "3.0.2")  
[0.583s] -- Found FastRTPS: /opt/ros/humble/include  
[0.615s] -- Using RMW implementation 'rmw_fastrtps_cpp' as default
[0.623s] -- Looking for pthread.h
[0.671s] -- Looking for pthread.h - found
[0.671s] -- Performing Test CMAKE_HAVE_LIBC_PTHREAD
[0.719s] -- Performing Test CMAKE_HAVE_LIBC_PTHREAD - Success
[0.720s] -- Found Threads: TRUE  
[0.756s] -- Found ament_lint_auto: 0.12.12 (/opt/ros/humble/share/ament_lint_auto/cmake)
[0.808s] -- Added test 'cppcheck' to perform static code analysis on C / C++ code
[0.808s] -- Configured cppcheck include dirs: $<BUILD_INTERFACE:/home/xiaofang/ROS2_WS/ws01_plumbing/src/cpp06_time/include>
[0.808s] -- Configured cppcheck exclude dirs and/or files: 
[0.809s] -- Added test 'lint_cmake' to check CMake code style
[0.809s] -- Added test 'uncrustify' to check C / C++ code style
[0.809s] -- Configured uncrustify additional arguments: 
[0.810s] -- Added test 'xmllint' to check XML markup files
[0.811s] -- Configuring done
[0.815s] -- Generating done
[0.817s] -- Build files have been written to: /home/xiaofang/ROS2_WS/ws01_plumbing/build/cpp06_time
[0.823s] Invoked command in '/home/xiaofang/ROS2_WS/ws01_plumbing/build/cpp06_time' returned '0': CMAKE_PREFIX_PATH=${CMAKE_PREFIX_PATH}:/opt/cv_bridge_fix_link-humble/install/opencv_tests:/opt/ros/humble /usr/bin/cmake /home/xiaofang/ROS2_WS/ws01_plumbing/src/cpp06_time -DCMAKE_EXPORT_COMPILE_COMMANDS=ON -DCMAKE_INSTALL_PREFIX=/home/xiaofang/ROS2_WS/ws01_plumbing/install/cpp06_time
[0.824s] Invoking command in '/home/xiaofang/ROS2_WS/ws01_plumbing/build/cpp06_time': CMAKE_PREFIX_PATH=${CMAKE_PREFIX_PATH}:/opt/cv_bridge_fix_link-humble/install/opencv_tests:/opt/ros/humble /usr/bin/cmake --build /home/xiaofang/ROS2_WS/ws01_plumbing/build/cpp06_time -- -j20 -l20
[0.859s] [ 50%] [32mBuilding CXX object CMakeFiles/demo1_time.dir/src/demo1_time.cpp.o[0m
[2.296s] [100%] [32m[1mLinking CXX executable demo1_time[0m
[2.368s] [100%] Built target demo1_time
[2.376s] Invoked command in '/home/xiaofang/ROS2_WS/ws01_plumbing/build/cpp06_time' returned '0': CMAKE_PREFIX_PATH=${CMAKE_PREFIX_PATH}:/opt/cv_bridge_fix_link-humble/install/opencv_tests:/opt/ros/humble /usr/bin/cmake --build /home/xiaofang/ROS2_WS/ws01_plumbing/build/cpp06_time -- -j20 -l20
[2.383s] Invoking command in '/home/xiaofang/ROS2_WS/ws01_plumbing/build/cpp06_time': CMAKE_PREFIX_PATH=${CMAKE_PREFIX_PATH}:/opt/cv_bridge_fix_link-humble/install/opencv_tests:/opt/ros/humble /usr/bin/cmake --install /home/xiaofang/ROS2_WS/ws01_plumbing/build/cpp06_time
[2.388s] -- Install configuration: ""
[2.388s] -- Installing: /home/xiaofang/ROS2_WS/ws01_plumbing/install/cpp06_time/lib/cpp06_time/demo1_time
[2.388s] -- Set runtime path of "/home/xiaofang/ROS2_WS/ws01_plumbing/install/cpp06_time/lib/cpp06_time/demo1_time" to ""
[2.388s] -- Installing: /home/xiaofang/ROS2_WS/ws01_plumbing/install/cpp06_time/share/ament_index/resource_index/package_run_dependencies/cpp06_time
[2.388s] -- Installing: /home/xiaofang/ROS2_WS/ws01_plumbing/install/cpp06_time/share/ament_index/resource_index/parent_prefix_path/cpp06_time
[2.388s] -- Installing: /home/xiaofang/ROS2_WS/ws01_plumbing/install/cpp06_time/share/cpp06_time/environment/ament_prefix_path.sh
[2.388s] -- Installing: /home/xiaofang/ROS2_WS/ws01_plumbing/install/cpp06_time/share/cpp06_time/environment/ament_prefix_path.dsv
[2.388s] -- Installing: /home/xiaofang/ROS2_WS/ws01_plumbing/install/cpp06_time/share/cpp06_time/environment/path.sh
[2.388s] -- Installing: /home/xiaofang/ROS2_WS/ws01_plumbing/install/cpp06_time/share/cpp06_time/environment/path.dsv
[2.388s] -- Installing: /home/xiaofang/ROS2_WS/ws01_plumbing/install/cpp06_time/share/cpp06_time/local_setup.bash
[2.388s] -- Installing: /home/xiaofang/ROS2_WS/ws01_plumbing/install/cpp06_time/share/cpp06_time/local_setup.sh
[2.388s] -- Installing: /home/xiaofang/ROS2_WS/ws01_plumbing/install/cpp06_time/share/cpp06_time/local_setup.zsh
[2.388s] -- Installing: /home/xiaofang/ROS2_WS/ws01_plumbing/install/cpp06_time/share/cpp06_time/local_setup.dsv
[2.388s] -- Installing: /home/xiaofang/ROS2_WS/ws01_plumbing/install/cpp06_time/share/cpp06_time/package.dsv
[2.388s] -- Installing: /home/xiaofang/ROS2_WS/ws01_plumbing/install/cpp06_time/share/ament_index/resource_index/packages/cpp06_time
[2.388s] -- Installing: /home/xiaofang/ROS2_WS/ws01_plumbing/install/cpp06_time/share/cpp06_time/cmake/cpp06_timeConfig.cmake
[2.389s] -- Installing: /home/xiaofang/ROS2_WS/ws01_plumbing/install/cpp06_time/share/cpp06_time/cmake/cpp06_timeConfig-version.cmake
[2.389s] -- Installing: /home/xiaofang/ROS2_WS/ws01_plumbing/install/cpp06_time/share/cpp06_time/package.xml
[2.389s] Invoked command in '/home/xiaofang/ROS2_WS/ws01_plumbing/build/cpp06_time' returned '0': CMAKE_PREFIX_PATH=${CMAKE_PREFIX_PATH}:/opt/cv_bridge_fix_link-humble/install/opencv_tests:/opt/ros/humble /usr/bin/cmake --install /home/xiaofang/ROS2_WS/ws01_plumbing/build/cpp06_time
