[ 50%] [32mBuilding CXX object CMakeFiles/demo1_time.dir/src/demo1_time.cpp.o[0m
[100%] [32m[1mLinking CXX executable demo1_time[0m
[100%] Built target demo1_time
-- Install configuration: ""
-- Installing: /home/xiaofang/ROS2_WS/ws01_plumbing/install/cpp06_time/lib/cpp06_time/demo1_time
-- Set runtime path of "/home/xiaofang/ROS2_WS/ws01_plumbing/install/cpp06_time/lib/cpp06_time/demo1_time" to ""
-- Up-to-date: /home/xiaofang/ROS2_WS/ws01_plumbing/install/cpp06_time/share/ament_index/resource_index/package_run_dependencies/cpp06_time
-- Up-to-date: /home/xiaofang/ROS2_WS/ws01_plumbing/install/cpp06_time/share/ament_index/resource_index/parent_prefix_path/cpp06_time
-- Up-to-date: /home/xiaofang/ROS2_WS/ws01_plumbing/install/cpp06_time/share/cpp06_time/environment/ament_prefix_path.sh
-- Up-to-date: /home/xiaofang/ROS2_WS/ws01_plumbing/install/cpp06_time/share/cpp06_time/environment/ament_prefix_path.dsv
-- Up-to-date: /home/xiaofang/ROS2_WS/ws01_plumbing/install/cpp06_time/share/cpp06_time/environment/path.sh
-- Up-to-date: /home/xiaofang/ROS2_WS/ws01_plumbing/install/cpp06_time/share/cpp06_time/environment/path.dsv
-- Up-to-date: /home/xiaofang/ROS2_WS/ws01_plumbing/install/cpp06_time/share/cpp06_time/local_setup.bash
-- Up-to-date: /home/xiaofang/ROS2_WS/ws01_plumbing/install/cpp06_time/share/cpp06_time/local_setup.sh
-- Up-to-date: /home/xiaofang/ROS2_WS/ws01_plumbing/install/cpp06_time/share/cpp06_time/local_setup.zsh
-- Up-to-date: /home/xiaofang/ROS2_WS/ws01_plumbing/install/cpp06_time/share/cpp06_time/local_setup.dsv
-- Installing: /home/xiaofang/ROS2_WS/ws01_plumbing/install/cpp06_time/share/cpp06_time/package.dsv
-- Up-to-date: /home/xiaofang/ROS2_WS/ws01_plumbing/install/cpp06_time/share/ament_index/resource_index/packages/cpp06_time
-- Up-to-date: /home/xiaofang/ROS2_WS/ws01_plumbing/install/cpp06_time/share/cpp06_time/cmake/cpp06_timeConfig.cmake
-- Up-to-date: /home/xiaofang/ROS2_WS/ws01_plumbing/install/cpp06_time/share/cpp06_time/cmake/cpp06_timeConfig-version.cmake
-- Up-to-date: /home/xiaofang/ROS2_WS/ws01_plumbing/install/cpp06_time/share/cpp06_time/package.xml
