[0.007s] Invoking command in '/home/xiaofang/ROS2_WS/ws03_nav_sim/build/mycar_description': CMAKE_PREFIX_PATH=${CMAKE_PREFIX_PATH}:/opt/cv_bridge_fix_link-humble/install/opencv_tests:/opt/ros/humble /usr/bin/cmake --build /home/xiaofang/ROS2_WS/ws03_nav_sim/build/mycar_description -- -j20 -l20
[0.028s] -- Found ament_cmake: 1.3.11 (/opt/ros/humble/share/ament_cmake/cmake)
[0.174s] -- Found ament_lint_auto: 0.12.12 (/opt/ros/humble/share/ament_lint_auto/cmake)
[0.233s] -- Added test 'flake8' to check Python code syntax and style conventions
[0.234s] -- Added test 'lint_cmake' to check CMake code style
[0.234s] -- Added test 'pep257' to check Python code against some of the docstring style conventions in PEP 257
[0.235s] -- Added test 'xmllint' to check XML markup files
[0.236s] -- Configuring done
[0.238s] -- Generating done
[0.239s] -- Build files have been written to: /home/xiaofang/ROS2_WS/ws03_nav_sim/build/mycar_description
[0.261s] Invoked command in '/home/xiaofang/ROS2_WS/ws03_nav_sim/build/mycar_description' returned '0': CMAKE_PREFIX_PATH=${CMAKE_PREFIX_PATH}:/opt/cv_bridge_fix_link-humble/install/opencv_tests:/opt/ros/humble /usr/bin/cmake --build /home/xiaofang/ROS2_WS/ws03_nav_sim/build/mycar_description -- -j20 -l20
[0.264s] Invoking command in '/home/xiaofang/ROS2_WS/ws03_nav_sim/build/mycar_description': CMAKE_PREFIX_PATH=${CMAKE_PREFIX_PATH}:/opt/cv_bridge_fix_link-humble/install/opencv_tests:/opt/ros/humble /usr/bin/cmake --install /home/xiaofang/ROS2_WS/ws03_nav_sim/build/mycar_description
[0.273s] -- Install configuration: ""
[0.273s] -- Up-to-date: /home/xiaofang/ROS2_WS/ws03_nav_sim/install/mycar_description/share/mycar_description/launch
[0.273s] -- Up-to-date: /home/xiaofang/ROS2_WS/ws03_nav_sim/install/mycar_description/share/mycar_description/launch/display.launch.py
[0.273s] -- Up-to-date: /home/xiaofang/ROS2_WS/ws03_nav_sim/install/mycar_description/share/mycar_description/launch/mycar_desc_sim.launch.py
[0.273s] -- Up-to-date: /home/xiaofang/ROS2_WS/ws03_nav_sim/install/mycar_description/share/mycar_description/launch/mycar_desc_sim.launch_xacro.py
[0.273s] -- Up-to-date: /home/xiaofang/ROS2_WS/ws03_nav_sim/install/mycar_description/share/mycar_description/urdf
[0.273s] -- Up-to-date: /home/xiaofang/ROS2_WS/ws03_nav_sim/install/mycar_description/share/mycar_description/urdf/xacro
[0.273s] -- Up-to-date: /home/xiaofang/ROS2_WS/ws03_nav_sim/install/mycar_description/share/mycar_description/urdf/xacro/car.urdf.xacro
[0.273s] -- Up-to-date: /home/xiaofang/ROS2_WS/ws03_nav_sim/install/mycar_description/share/mycar_description/urdf/xacro/gazebo
[0.274s] -- Up-to-date: /home/xiaofang/ROS2_WS/ws03_nav_sim/install/mycar_description/share/mycar_description/urdf/xacro/gazebo/move_control.urdf.xacro
[0.274s] -- Up-to-date: /home/xiaofang/ROS2_WS/ws03_nav_sim/install/mycar_description/share/mycar_description/urdf/urdf
[0.274s] -- Up-to-date: /home/xiaofang/ROS2_WS/ws03_nav_sim/install/mycar_description/share/mycar_description/urdf/urdf/demo02_CyberNaviRobot.urdf
[0.274s] -- Up-to-date: /home/xiaofang/ROS2_WS/ws03_nav_sim/install/mycar_description/share/mycar_description/urdf/urdf/CyberNaviRobot.urdf
[0.274s] -- Up-to-date: /home/xiaofang/ROS2_WS/ws03_nav_sim/install/mycar_description/share/mycar_description/urdf/urdf/demo01_CyberNaviRobot.urdf
[0.274s] -- Up-to-date: /home/xiaofang/ROS2_WS/ws03_nav_sim/install/mycar_description/share/mycar_description/urdf/urdf/CyberNaviRobot.csv
[0.274s] -- Up-to-date: /home/xiaofang/ROS2_WS/ws03_nav_sim/install/mycar_description/share/mycar_description/rviz
[0.274s] -- Up-to-date: /home/xiaofang/ROS2_WS/ws03_nav_sim/install/mycar_description/share/mycar_description/rviz/.gitkeep
[0.274s] -- Up-to-date: /home/xiaofang/ROS2_WS/ws03_nav_sim/install/mycar_description/share/mycar_description
[0.274s] -- Installing: /home/xiaofang/ROS2_WS/ws03_nav_sim/install/mycar_description/share/mycar_description/left_front_wheel_link.STL
[0.276s] -- Installing: /home/xiaofang/ROS2_WS/ws03_nav_sim/install/mycar_description/share/mycar_description/right_rear_wheel_link.STL
[0.277s] -- Installing: /home/xiaofang/ROS2_WS/ws03_nav_sim/install/mycar_description/share/mycar_description/right_front_wheel_link.STL
[0.279s] -- Installing: /home/xiaofang/ROS2_WS/ws03_nav_sim/install/mycar_description/share/mycar_description/demo1_base_link.STL
[0.282s] -- Installing: /home/xiaofang/ROS2_WS/ws03_nav_sim/install/mycar_description/share/mycar_description/left_rear_wheel_link.STL
[0.283s] -- Installing: /home/xiaofang/ROS2_WS/ws03_nav_sim/install/mycar_description/share/mycar_description/base_link.STL
[0.284s] -- Up-to-date: /home/xiaofang/ROS2_WS/ws03_nav_sim/install/mycar_description/share/ament_index/resource_index/package_run_dependencies/mycar_description
[0.285s] -- Installing: /home/xiaofang/ROS2_WS/ws03_nav_sim/install/mycar_description/share/ament_index/resource_index/parent_prefix_path/mycar_description
[0.285s] -- Up-to-date: /home/xiaofang/ROS2_WS/ws03_nav_sim/install/mycar_description/share/mycar_description/environment/ament_prefix_path.sh
[0.285s] -- Installing: /home/xiaofang/ROS2_WS/ws03_nav_sim/install/mycar_description/share/mycar_description/environment/ament_prefix_path.dsv
[0.285s] -- Up-to-date: /home/xiaofang/ROS2_WS/ws03_nav_sim/install/mycar_description/share/mycar_description/environment/path.sh
[0.285s] -- Installing: /home/xiaofang/ROS2_WS/ws03_nav_sim/install/mycar_description/share/mycar_description/environment/path.dsv
[0.285s] -- Up-to-date: /home/xiaofang/ROS2_WS/ws03_nav_sim/install/mycar_description/share/mycar_description/local_setup.bash
[0.285s] -- Up-to-date: /home/xiaofang/ROS2_WS/ws03_nav_sim/install/mycar_description/share/mycar_description/local_setup.sh
[0.285s] -- Up-to-date: /home/xiaofang/ROS2_WS/ws03_nav_sim/install/mycar_description/share/mycar_description/local_setup.zsh
[0.285s] -- Installing: /home/xiaofang/ROS2_WS/ws03_nav_sim/install/mycar_description/share/mycar_description/local_setup.dsv
[0.285s] -- Installing: /home/xiaofang/ROS2_WS/ws03_nav_sim/install/mycar_description/share/mycar_description/package.dsv
[0.285s] -- Up-to-date: /home/xiaofang/ROS2_WS/ws03_nav_sim/install/mycar_description/share/ament_index/resource_index/packages/mycar_description
[0.285s] -- Up-to-date: /home/xiaofang/ROS2_WS/ws03_nav_sim/install/mycar_description/share/mycar_description/cmake/mycar_descriptionConfig.cmake
[0.285s] -- Up-to-date: /home/xiaofang/ROS2_WS/ws03_nav_sim/install/mycar_description/share/mycar_description/cmake/mycar_descriptionConfig-version.cmake
[0.285s] -- Up-to-date: /home/xiaofang/ROS2_WS/ws03_nav_sim/install/mycar_description/share/mycar_description/package.xml
[0.287s] Invoked command in '/home/xiaofang/ROS2_WS/ws03_nav_sim/build/mycar_description' returned '0': CMAKE_PREFIX_PATH=${CMAKE_PREFIX_PATH}:/opt/cv_bridge_fix_link-humble/install/opencv_tests:/opt/ros/humble /usr/bin/cmake --install /home/xiaofang/ROS2_WS/ws03_nav_sim/build/mycar_description
