[0.055s] DEBUG:colcon:Command line arguments: ['/usr/bin/colcon', 'build', '--packages-select', 'cpp03_action']
[0.055s] DEBUG:colcon:Parsed command line arguments: Namespace(log_base=None, log_level=None, verb_name='build', build_base='build', install_base='install', merge_install=False, symlink_install=False, test_result_base=None, continue_on_error=False, executor='parallel', parallel_workers=20, event_handlers=None, ignore_user_meta=False, metas=['./colcon.meta'], base_paths=['.'], packages_ignore=None, packages_ignore_regex=None, paths=None, packages_up_to=None, packages_up_to_regex=None, packages_above=None, packages_above_and_dependencies=None, packages_above_depth=None, packages_select_by_dep=None, packages_skip_by_dep=None, packages_skip_up_to=None, packages_select_build_failed=False, packages_skip_build_finished=False, packages_select_test_failures=False, packages_skip_test_passed=False, packages_select=['cpp03_action'], packages_skip=None, packages_select_regex=None, packages_skip_regex=None, packages_start=None, packages_end=None, allow_overriding=[], cmake_args=['-DCMAKE_EXPORT_COMPILE_COMMANDS=ON'], cmake_target=None, cmake_target_skip_unavailable=False, cmake_clean_cache=False, cmake_clean_first=False, cmake_force_configure=False, ament_cmake_args=None, catkin_cmake_args=None, catkin_skip_building_tests=False, mixin_files=None, mixin=None, verb_parser=<colcon_mixin.mixin.mixin_argument.MixinArgumentDecorator object at 0x7f344626e140>, verb_extension=<colcon_core.verb.build.BuildVerb object at 0x7f344626dae0>, main=<bound method BuildVerb.main of <colcon_core.verb.build.BuildVerb object at 0x7f344626dae0>>, mixin_verb=('build',))
[0.128s] Level 1:colcon.colcon_core.package_discovery:discover_packages(colcon_meta) check parameters
[0.128s] Level 1:colcon.colcon_core.package_discovery:discover_packages(recursive) check parameters
[0.128s] Level 1:colcon.colcon_core.package_discovery:discover_packages(ignore) check parameters
[0.128s] Level 1:colcon.colcon_core.package_discovery:discover_packages(path) check parameters
[0.128s] Level 1:colcon.colcon_core.package_discovery:discover_packages(colcon_meta) discover
[0.128s] Level 1:colcon.colcon_core.package_discovery:discover_packages(recursive) discover
[0.128s] INFO:colcon.colcon_core.package_discovery:Crawling recursively for packages in '/home/xiaofang/ROS2_WS/ws01_plumbing'
[0.129s] Level 1:colcon.colcon_core.package_identification:_identify(.) by extensions ['ignore', 'ignore_ament_install']
[0.129s] Level 1:colcon.colcon_core.package_identification:_identify(.) by extension 'ignore'
[0.129s] Level 1:colcon.colcon_core.package_identification:_identify(.) by extension 'ignore_ament_install'
[0.129s] Level 1:colcon.colcon_core.package_identification:_identify(.) by extensions ['colcon_pkg']
[0.129s] Level 1:colcon.colcon_core.package_identification:_identify(.) by extension 'colcon_pkg'
[0.129s] Level 1:colcon.colcon_core.package_identification:_identify(.) by extensions ['colcon_meta']
[0.129s] Level 1:colcon.colcon_core.package_identification:_identify(.) by extension 'colcon_meta'
[0.129s] Level 1:colcon.colcon_core.package_identification:_identify(.) by extensions ['ros']
[0.129s] Level 1:colcon.colcon_core.package_identification:_identify(.) by extension 'ros'
[0.135s] Level 1:colcon.colcon_core.package_identification:_identify(.) by extensions ['cmake', 'python']
[0.135s] Level 1:colcon.colcon_core.package_identification:_identify(.) by extension 'cmake'
[0.135s] Level 1:colcon.colcon_core.package_identification:_identify(.) by extension 'python'
[0.135s] Level 1:colcon.colcon_core.package_identification:_identify(.) by extensions ['python_setup_py']
[0.135s] Level 1:colcon.colcon_core.package_identification:_identify(.) by extension 'python_setup_py'
[0.135s] Level 1:colcon.colcon_core.package_identification:_identify(build) by extensions ['ignore', 'ignore_ament_install']
[0.135s] Level 1:colcon.colcon_core.package_identification:_identify(build) by extension 'ignore'
[0.135s] Level 1:colcon.colcon_core.package_identification:_identify(build) ignored
[0.135s] Level 1:colcon.colcon_core.package_identification:_identify(install) by extensions ['ignore', 'ignore_ament_install']
[0.135s] Level 1:colcon.colcon_core.package_identification:_identify(install) by extension 'ignore'
[0.135s] Level 1:colcon.colcon_core.package_identification:_identify(install) ignored
[0.135s] Level 1:colcon.colcon_core.package_identification:_identify(log) by extensions ['ignore', 'ignore_ament_install']
[0.135s] Level 1:colcon.colcon_core.package_identification:_identify(log) by extension 'ignore'
[0.135s] Level 1:colcon.colcon_core.package_identification:_identify(log) ignored
[0.135s] Level 1:colcon.colcon_core.package_identification:_identify(src) by extensions ['ignore', 'ignore_ament_install']
[0.135s] Level 1:colcon.colcon_core.package_identification:_identify(src) by extension 'ignore'
[0.135s] Level 1:colcon.colcon_core.package_identification:_identify(src) by extension 'ignore_ament_install'
[0.136s] Level 1:colcon.colcon_core.package_identification:_identify(src) by extensions ['colcon_pkg']
[0.136s] Level 1:colcon.colcon_core.package_identification:_identify(src) by extension 'colcon_pkg'
[0.136s] Level 1:colcon.colcon_core.package_identification:_identify(src) by extensions ['colcon_meta']
[0.136s] Level 1:colcon.colcon_core.package_identification:_identify(src) by extension 'colcon_meta'
[0.136s] Level 1:colcon.colcon_core.package_identification:_identify(src) by extensions ['ros']
[0.136s] Level 1:colcon.colcon_core.package_identification:_identify(src) by extension 'ros'
[0.136s] Level 1:colcon.colcon_core.package_identification:_identify(src) by extensions ['cmake', 'python']
[0.136s] Level 1:colcon.colcon_core.package_identification:_identify(src) by extension 'cmake'
[0.136s] Level 1:colcon.colcon_core.package_identification:_identify(src) by extension 'python'
[0.136s] Level 1:colcon.colcon_core.package_identification:_identify(src) by extensions ['python_setup_py']
[0.136s] Level 1:colcon.colcon_core.package_identification:_identify(src) by extension 'python_setup_py'
[0.136s] Level 1:colcon.colcon_core.package_identification:_identify(src/base_interfaces_demo) by extensions ['ignore', 'ignore_ament_install']
[0.136s] Level 1:colcon.colcon_core.package_identification:_identify(src/base_interfaces_demo) by extension 'ignore'
[0.136s] Level 1:colcon.colcon_core.package_identification:_identify(src/base_interfaces_demo) by extension 'ignore_ament_install'
[0.136s] Level 1:colcon.colcon_core.package_identification:_identify(src/base_interfaces_demo) by extensions ['colcon_pkg']
[0.136s] Level 1:colcon.colcon_core.package_identification:_identify(src/base_interfaces_demo) by extension 'colcon_pkg'
[0.136s] Level 1:colcon.colcon_core.package_identification:_identify(src/base_interfaces_demo) by extensions ['colcon_meta']
[0.136s] Level 1:colcon.colcon_core.package_identification:_identify(src/base_interfaces_demo) by extension 'colcon_meta'
[0.136s] Level 1:colcon.colcon_core.package_identification:_identify(src/base_interfaces_demo) by extensions ['ros']
[0.136s] Level 1:colcon.colcon_core.package_identification:_identify(src/base_interfaces_demo) by extension 'ros'
[0.137s] DEBUG:colcon.colcon_core.package_identification:Package 'src/base_interfaces_demo' with type 'ros.ament_cmake' and name 'base_interfaces_demo'
[0.137s] Level 1:colcon.colcon_core.package_identification:_identify(src/cpp01_topic) by extensions ['ignore', 'ignore_ament_install']
[0.137s] Level 1:colcon.colcon_core.package_identification:_identify(src/cpp01_topic) by extension 'ignore'
[0.138s] Level 1:colcon.colcon_core.package_identification:_identify(src/cpp01_topic) by extension 'ignore_ament_install'
[0.138s] Level 1:colcon.colcon_core.package_identification:_identify(src/cpp01_topic) by extensions ['colcon_pkg']
[0.138s] Level 1:colcon.colcon_core.package_identification:_identify(src/cpp01_topic) by extension 'colcon_pkg'
[0.138s] Level 1:colcon.colcon_core.package_identification:_identify(src/cpp01_topic) by extensions ['colcon_meta']
[0.138s] Level 1:colcon.colcon_core.package_identification:_identify(src/cpp01_topic) by extension 'colcon_meta'
[0.138s] Level 1:colcon.colcon_core.package_identification:_identify(src/cpp01_topic) by extensions ['ros']
[0.138s] Level 1:colcon.colcon_core.package_identification:_identify(src/cpp01_topic) by extension 'ros'
[0.138s] DEBUG:colcon.colcon_core.package_identification:Package 'src/cpp01_topic' with type 'ros.ament_cmake' and name 'cpp01_topic'
[0.138s] Level 1:colcon.colcon_core.package_identification:_identify(src/cpp02_service) by extensions ['ignore', 'ignore_ament_install']
[0.138s] Level 1:colcon.colcon_core.package_identification:_identify(src/cpp02_service) by extension 'ignore'
[0.138s] Level 1:colcon.colcon_core.package_identification:_identify(src/cpp02_service) by extension 'ignore_ament_install'
[0.138s] Level 1:colcon.colcon_core.package_identification:_identify(src/cpp02_service) by extensions ['colcon_pkg']
[0.138s] Level 1:colcon.colcon_core.package_identification:_identify(src/cpp02_service) by extension 'colcon_pkg'
[0.138s] Level 1:colcon.colcon_core.package_identification:_identify(src/cpp02_service) by extensions ['colcon_meta']
[0.138s] Level 1:colcon.colcon_core.package_identification:_identify(src/cpp02_service) by extension 'colcon_meta'
[0.138s] Level 1:colcon.colcon_core.package_identification:_identify(src/cpp02_service) by extensions ['ros']
[0.138s] Level 1:colcon.colcon_core.package_identification:_identify(src/cpp02_service) by extension 'ros'
[0.139s] DEBUG:colcon.colcon_core.package_identification:Package 'src/cpp02_service' with type 'ros.ament_cmake' and name 'cpp02_service'
[0.139s] Level 1:colcon.colcon_core.package_identification:_identify(src/cpp03_action) by extensions ['ignore', 'ignore_ament_install']
[0.139s] Level 1:colcon.colcon_core.package_identification:_identify(src/cpp03_action) by extension 'ignore'
[0.139s] Level 1:colcon.colcon_core.package_identification:_identify(src/cpp03_action) by extension 'ignore_ament_install'
[0.139s] Level 1:colcon.colcon_core.package_identification:_identify(src/cpp03_action) by extensions ['colcon_pkg']
[0.139s] Level 1:colcon.colcon_core.package_identification:_identify(src/cpp03_action) by extension 'colcon_pkg'
[0.139s] Level 1:colcon.colcon_core.package_identification:_identify(src/cpp03_action) by extensions ['colcon_meta']
[0.139s] Level 1:colcon.colcon_core.package_identification:_identify(src/cpp03_action) by extension 'colcon_meta'
[0.139s] Level 1:colcon.colcon_core.package_identification:_identify(src/cpp03_action) by extensions ['ros']
[0.139s] Level 1:colcon.colcon_core.package_identification:_identify(src/cpp03_action) by extension 'ros'
[0.139s] DEBUG:colcon.colcon_core.package_identification:Package 'src/cpp03_action' with type 'ros.ament_cmake' and name 'cpp03_action'
[0.139s] Level 1:colcon.colcon_core.package_discovery:discover_packages(recursive) using defaults
[0.139s] Level 1:colcon.colcon_core.package_discovery:discover_packages(ignore) discover
[0.139s] Level 1:colcon.colcon_core.package_discovery:discover_packages(ignore) using defaults
[0.139s] Level 1:colcon.colcon_core.package_discovery:discover_packages(path) discover
[0.139s] Level 1:colcon.colcon_core.package_discovery:discover_packages(path) using defaults
[0.156s] INFO:colcon.colcon_core.package_selection:Skipping not selected package 'base_interfaces_demo' in 'src/base_interfaces_demo'
[0.156s] INFO:colcon.colcon_core.package_selection:Skipping not selected package 'cpp01_topic' in 'src/cpp01_topic'
[0.156s] INFO:colcon.colcon_core.package_selection:Skipping not selected package 'cpp02_service' in 'src/cpp02_service'
[0.156s] Level 1:colcon.colcon_core.package_discovery:discover_packages(prefix_path) check parameters
[0.156s] Level 1:colcon.colcon_core.package_discovery:discover_packages(prefix_path) discover
[0.157s] DEBUG:colcon.colcon_installed_package_information.package_discovery:Found 3 installed packages in /home/xiaofang/ROS2_WS/ws01_plumbing/install
[0.157s] DEBUG:colcon.colcon_installed_package_information.package_discovery:Found 4 installed packages in /opt/cv_bridge_fix_link-humble/install
[0.158s] DEBUG:colcon.colcon_installed_package_information.package_discovery:Found 340 installed packages in /opt/ros/humble
[0.159s] Level 1:colcon.colcon_core.package_discovery:discover_packages(prefix_path) using defaults
[0.179s] Level 5:colcon.colcon_core.verb:set package 'cpp03_action' build argument 'cmake_args' from command line to '['-DCMAKE_EXPORT_COMPILE_COMMANDS=ON']'
[0.179s] Level 5:colcon.colcon_core.verb:set package 'cpp03_action' build argument 'cmake_target' from command line to 'None'
[0.179s] Level 5:colcon.colcon_core.verb:set package 'cpp03_action' build argument 'cmake_target_skip_unavailable' from command line to 'False'
[0.179s] Level 5:colcon.colcon_core.verb:set package 'cpp03_action' build argument 'cmake_clean_cache' from command line to 'False'
[0.179s] Level 5:colcon.colcon_core.verb:set package 'cpp03_action' build argument 'cmake_clean_first' from command line to 'False'
[0.179s] Level 5:colcon.colcon_core.verb:set package 'cpp03_action' build argument 'cmake_force_configure' from command line to 'False'
[0.179s] Level 5:colcon.colcon_core.verb:set package 'cpp03_action' build argument 'ament_cmake_args' from command line to 'None'
[0.179s] Level 5:colcon.colcon_core.verb:set package 'cpp03_action' build argument 'catkin_cmake_args' from command line to 'None'
[0.179s] Level 5:colcon.colcon_core.verb:set package 'cpp03_action' build argument 'catkin_skip_building_tests' from command line to 'False'
[0.179s] DEBUG:colcon.colcon_core.verb:Building package 'cpp03_action' with the following arguments: {'ament_cmake_args': None, 'build_base': '/home/xiaofang/ROS2_WS/ws01_plumbing/build/cpp03_action', 'catkin_cmake_args': None, 'catkin_skip_building_tests': False, 'cmake_args': ['-DCMAKE_EXPORT_COMPILE_COMMANDS=ON'], 'cmake_clean_cache': False, 'cmake_clean_first': False, 'cmake_force_configure': False, 'cmake_target': None, 'cmake_target_skip_unavailable': False, 'install_base': '/home/xiaofang/ROS2_WS/ws01_plumbing/install/cpp03_action', 'merge_install': False, 'path': '/home/xiaofang/ROS2_WS/ws01_plumbing/src/cpp03_action', 'symlink_install': False, 'test_result_base': None}
[0.179s] INFO:colcon.colcon_core.executor:Executing jobs using 'parallel' executor
[0.180s] DEBUG:colcon.colcon_parallel_executor.executor.parallel:run_until_complete
[0.180s] INFO:colcon.colcon_ros.task.ament_cmake.build:Building ROS package in '/home/xiaofang/ROS2_WS/ws01_plumbing/src/cpp03_action' with build type 'ament_cmake'
[0.180s] INFO:colcon.colcon_cmake.task.cmake.build:Building CMake package in '/home/xiaofang/ROS2_WS/ws01_plumbing/src/cpp03_action'
[0.181s] INFO:colcon.colcon_core.plugin_system:Skipping extension 'colcon_core.shell.bat': Not used on non-Windows systems
[0.181s] INFO:colcon.colcon_core.shell:Skip shell extension 'powershell' for command environment: Not usable outside of PowerShell
[0.181s] DEBUG:colcon.colcon_core.shell:Skip shell extension 'dsv' for command environment
[0.188s] DEBUG:colcon.colcon_core.event_handler.log_command:Invoking command in '/home/xiaofang/ROS2_WS/ws01_plumbing/build/cpp03_action': CMAKE_PREFIX_PATH=/home/xiaofang/ROS2_WS/ws01_plumbing/install/base_interfaces_demo:/home/xiaofang/ROS2_WS/ws01_plumbing/install/cpp02_service:/home/xiaofang/ROS2_WS/ws01_plumbing/install/cpp01_topic:/opt/cv_bridge_fix_link-humble/install/vision_opencv:/opt/cv_bridge_fix_link-humble/install/image_geometry:/opt/cv_bridge_fix_link-humble/install/cv_bridge:/opt/cv_bridge_fix_link-humble/install/opencv_tests:/opt/ros/humble /usr/bin/cmake /home/xiaofang/ROS2_WS/ws01_plumbing/src/cpp03_action -DCMAKE_EXPORT_COMPILE_COMMANDS=ON -DCMAKE_INSTALL_PREFIX=/home/xiaofang/ROS2_WS/ws01_plumbing/install/cpp03_action
[1.020s] DEBUG:colcon.colcon_core.event_handler.log_command:Invoked command in '/home/xiaofang/ROS2_WS/ws01_plumbing/build/cpp03_action' returned '0': CMAKE_PREFIX_PATH=/home/xiaofang/ROS2_WS/ws01_plumbing/install/base_interfaces_demo:/home/xiaofang/ROS2_WS/ws01_plumbing/install/cpp02_service:/home/xiaofang/ROS2_WS/ws01_plumbing/install/cpp01_topic:/opt/cv_bridge_fix_link-humble/install/vision_opencv:/opt/cv_bridge_fix_link-humble/install/image_geometry:/opt/cv_bridge_fix_link-humble/install/cv_bridge:/opt/cv_bridge_fix_link-humble/install/opencv_tests:/opt/ros/humble /usr/bin/cmake /home/xiaofang/ROS2_WS/ws01_plumbing/src/cpp03_action -DCMAKE_EXPORT_COMPILE_COMMANDS=ON -DCMAKE_INSTALL_PREFIX=/home/xiaofang/ROS2_WS/ws01_plumbing/install/cpp03_action
[1.022s] DEBUG:colcon.colcon_core.event_handler.log_command:Invoking command in '/home/xiaofang/ROS2_WS/ws01_plumbing/build/cpp03_action': CMAKE_PREFIX_PATH=/home/xiaofang/ROS2_WS/ws01_plumbing/install/base_interfaces_demo:/home/xiaofang/ROS2_WS/ws01_plumbing/install/cpp02_service:/home/xiaofang/ROS2_WS/ws01_plumbing/install/cpp01_topic:/opt/cv_bridge_fix_link-humble/install/vision_opencv:/opt/cv_bridge_fix_link-humble/install/image_geometry:/opt/cv_bridge_fix_link-humble/install/cv_bridge:/opt/cv_bridge_fix_link-humble/install/opencv_tests:/opt/ros/humble /usr/bin/cmake --build /home/xiaofang/ROS2_WS/ws01_plumbing/build/cpp03_action -- -j20 -l20
[2.617s] DEBUG:colcon.colcon_core.event_handler.log_command:Invoked command in '/home/xiaofang/ROS2_WS/ws01_plumbing/build/cpp03_action' returned '0': CMAKE_PREFIX_PATH=/home/xiaofang/ROS2_WS/ws01_plumbing/install/base_interfaces_demo:/home/xiaofang/ROS2_WS/ws01_plumbing/install/cpp02_service:/home/xiaofang/ROS2_WS/ws01_plumbing/install/cpp01_topic:/opt/cv_bridge_fix_link-humble/install/vision_opencv:/opt/cv_bridge_fix_link-humble/install/image_geometry:/opt/cv_bridge_fix_link-humble/install/cv_bridge:/opt/cv_bridge_fix_link-humble/install/opencv_tests:/opt/ros/humble /usr/bin/cmake --build /home/xiaofang/ROS2_WS/ws01_plumbing/build/cpp03_action -- -j20 -l20
[2.624s] DEBUG:colcon.colcon_core.event_handler.log_command:Invoking command in '/home/xiaofang/ROS2_WS/ws01_plumbing/build/cpp03_action': CMAKE_PREFIX_PATH=/home/xiaofang/ROS2_WS/ws01_plumbing/install/base_interfaces_demo:/home/xiaofang/ROS2_WS/ws01_plumbing/install/cpp02_service:/home/xiaofang/ROS2_WS/ws01_plumbing/install/cpp01_topic:/opt/cv_bridge_fix_link-humble/install/vision_opencv:/opt/cv_bridge_fix_link-humble/install/image_geometry:/opt/cv_bridge_fix_link-humble/install/cv_bridge:/opt/cv_bridge_fix_link-humble/install/opencv_tests:/opt/ros/humble /usr/bin/cmake --install /home/xiaofang/ROS2_WS/ws01_plumbing/build/cpp03_action
[2.631s] Level 1:colcon.colcon_core.environment:create_environment_scripts_only(cpp03_action)
[2.632s] DEBUG:colcon.colcon_core.event_handler.log_command:Invoked command in '/home/xiaofang/ROS2_WS/ws01_plumbing/build/cpp03_action' returned '0': CMAKE_PREFIX_PATH=/home/xiaofang/ROS2_WS/ws01_plumbing/install/base_interfaces_demo:/home/xiaofang/ROS2_WS/ws01_plumbing/install/cpp02_service:/home/xiaofang/ROS2_WS/ws01_plumbing/install/cpp01_topic:/opt/cv_bridge_fix_link-humble/install/vision_opencv:/opt/cv_bridge_fix_link-humble/install/image_geometry:/opt/cv_bridge_fix_link-humble/install/cv_bridge:/opt/cv_bridge_fix_link-humble/install/opencv_tests:/opt/ros/humble /usr/bin/cmake --install /home/xiaofang/ROS2_WS/ws01_plumbing/build/cpp03_action
[2.634s] Level 1:colcon.colcon_core.environment:checking '/home/xiaofang/ROS2_WS/ws01_plumbing/install/cpp03_action' for CMake module files
[2.634s] Level 1:colcon.colcon_core.environment:checking '/home/xiaofang/ROS2_WS/ws01_plumbing/install/cpp03_action' for CMake config files
[2.634s] Level 1:colcon.colcon_core.shell:create_environment_hook('cpp03_action', 'cmake_prefix_path')
[2.634s] INFO:colcon.colcon_core.shell:Creating environment hook '/home/xiaofang/ROS2_WS/ws01_plumbing/install/cpp03_action/share/cpp03_action/hook/cmake_prefix_path.ps1'
[2.635s] INFO:colcon.colcon_core.shell:Creating environment descriptor '/home/xiaofang/ROS2_WS/ws01_plumbing/install/cpp03_action/share/cpp03_action/hook/cmake_prefix_path.dsv'
[2.635s] INFO:colcon.colcon_core.shell:Creating environment hook '/home/xiaofang/ROS2_WS/ws01_plumbing/install/cpp03_action/share/cpp03_action/hook/cmake_prefix_path.sh'
[2.635s] Level 1:colcon.colcon_core.environment:checking '/home/xiaofang/ROS2_WS/ws01_plumbing/install/cpp03_action/lib'
[2.635s] Level 1:colcon.colcon_core.environment:checking '/home/xiaofang/ROS2_WS/ws01_plumbing/install/cpp03_action/bin'
[2.636s] Level 1:colcon.colcon_core.environment:checking '/home/xiaofang/ROS2_WS/ws01_plumbing/install/cpp03_action/lib/pkgconfig/cpp03_action.pc'
[2.636s] Level 1:colcon.colcon_core.environment:checking '/home/xiaofang/ROS2_WS/ws01_plumbing/install/cpp03_action/lib/python3.10/site-packages'
[2.636s] Level 1:colcon.colcon_core.environment:checking '/home/xiaofang/ROS2_WS/ws01_plumbing/install/cpp03_action/bin'
[2.636s] INFO:colcon.colcon_core.shell:Creating package script '/home/xiaofang/ROS2_WS/ws01_plumbing/install/cpp03_action/share/cpp03_action/package.ps1'
[2.636s] INFO:colcon.colcon_core.shell:Creating package descriptor '/home/xiaofang/ROS2_WS/ws01_plumbing/install/cpp03_action/share/cpp03_action/package.dsv'
[2.637s] INFO:colcon.colcon_core.shell:Creating package script '/home/xiaofang/ROS2_WS/ws01_plumbing/install/cpp03_action/share/cpp03_action/package.sh'
[2.637s] INFO:colcon.colcon_core.shell:Creating package script '/home/xiaofang/ROS2_WS/ws01_plumbing/install/cpp03_action/share/cpp03_action/package.bash'
[2.637s] INFO:colcon.colcon_core.shell:Creating package script '/home/xiaofang/ROS2_WS/ws01_plumbing/install/cpp03_action/share/cpp03_action/package.zsh'
[2.638s] Level 1:colcon.colcon_core.environment:create_file_with_runtime_dependencies(/home/xiaofang/ROS2_WS/ws01_plumbing/install/cpp03_action/share/colcon-core/packages/cpp03_action)
[2.638s] Level 1:colcon.colcon_core.environment:create_environment_scripts_only(cpp03_action)
[2.638s] Level 1:colcon.colcon_core.environment:checking '/home/xiaofang/ROS2_WS/ws01_plumbing/install/cpp03_action' for CMake module files
[2.638s] Level 1:colcon.colcon_core.environment:checking '/home/xiaofang/ROS2_WS/ws01_plumbing/install/cpp03_action' for CMake config files
[2.638s] Level 1:colcon.colcon_core.shell:create_environment_hook('cpp03_action', 'cmake_prefix_path')
[2.638s] INFO:colcon.colcon_core.shell:Creating environment hook '/home/xiaofang/ROS2_WS/ws01_plumbing/install/cpp03_action/share/cpp03_action/hook/cmake_prefix_path.ps1'
[2.639s] INFO:colcon.colcon_core.shell:Creating environment descriptor '/home/xiaofang/ROS2_WS/ws01_plumbing/install/cpp03_action/share/cpp03_action/hook/cmake_prefix_path.dsv'
[2.639s] INFO:colcon.colcon_core.shell:Creating environment hook '/home/xiaofang/ROS2_WS/ws01_plumbing/install/cpp03_action/share/cpp03_action/hook/cmake_prefix_path.sh'
[2.639s] Level 1:colcon.colcon_core.environment:checking '/home/xiaofang/ROS2_WS/ws01_plumbing/install/cpp03_action/lib'
[2.639s] Level 1:colcon.colcon_core.environment:checking '/home/xiaofang/ROS2_WS/ws01_plumbing/install/cpp03_action/bin'
[2.639s] Level 1:colcon.colcon_core.environment:checking '/home/xiaofang/ROS2_WS/ws01_plumbing/install/cpp03_action/lib/pkgconfig/cpp03_action.pc'
[2.639s] Level 1:colcon.colcon_core.environment:checking '/home/xiaofang/ROS2_WS/ws01_plumbing/install/cpp03_action/lib/python3.10/site-packages'
[2.639s] Level 1:colcon.colcon_core.environment:checking '/home/xiaofang/ROS2_WS/ws01_plumbing/install/cpp03_action/bin'
[2.640s] INFO:colcon.colcon_core.shell:Creating package script '/home/xiaofang/ROS2_WS/ws01_plumbing/install/cpp03_action/share/cpp03_action/package.ps1'
[2.640s] INFO:colcon.colcon_core.shell:Creating package descriptor '/home/xiaofang/ROS2_WS/ws01_plumbing/install/cpp03_action/share/cpp03_action/package.dsv'
[2.640s] INFO:colcon.colcon_core.shell:Creating package script '/home/xiaofang/ROS2_WS/ws01_plumbing/install/cpp03_action/share/cpp03_action/package.sh'
[2.640s] INFO:colcon.colcon_core.shell:Creating package script '/home/xiaofang/ROS2_WS/ws01_plumbing/install/cpp03_action/share/cpp03_action/package.bash'
[2.640s] INFO:colcon.colcon_core.shell:Creating package script '/home/xiaofang/ROS2_WS/ws01_plumbing/install/cpp03_action/share/cpp03_action/package.zsh'
[2.641s] Level 1:colcon.colcon_core.environment:create_file_with_runtime_dependencies(/home/xiaofang/ROS2_WS/ws01_plumbing/install/cpp03_action/share/colcon-core/packages/cpp03_action)
[2.641s] DEBUG:colcon.colcon_parallel_executor.executor.parallel:closing loop
[2.641s] DEBUG:colcon.colcon_parallel_executor.executor.parallel:loop closed
[2.641s] DEBUG:colcon.colcon_parallel_executor.executor.parallel:run_until_complete finished with '0'
[2.641s] DEBUG:colcon.colcon_core.event_reactor:joining thread
[2.645s] INFO:colcon.colcon_core.plugin_system:Skipping extension 'colcon_notification.desktop_notification.notify_send': Could not find 'notify-send'
[2.645s] INFO:colcon.colcon_core.plugin_system:Skipping extension 'colcon_notification.desktop_notification.terminal_notifier': Not used on non-Darwin systems
[2.645s] INFO:colcon.colcon_core.plugin_system:Skipping extension 'colcon_notification.desktop_notification.win32': Not used on non-Windows systems
[2.645s] INFO:colcon.colcon_notification.desktop_notification:Sending desktop notification using 'notify2'
[2.648s] DEBUG:colcon.colcon_notification.desktop_notification.notify2:Failed to initialize notify2: org.freedesktop.DBus.Error.Spawn.ExecFailed: /usr/bin/dbus-launch terminated abnormally without any error message
[2.648s] DEBUG:colcon.colcon_core.event_reactor:joined thread
[2.648s] INFO:colcon.colcon_core.shell:Creating prefix script '/home/xiaofang/ROS2_WS/ws01_plumbing/install/local_setup.ps1'
[2.649s] INFO:colcon.colcon_core.shell:Creating prefix util module '/home/xiaofang/ROS2_WS/ws01_plumbing/install/_local_setup_util_ps1.py'
[2.650s] INFO:colcon.colcon_core.shell:Creating prefix chain script '/home/xiaofang/ROS2_WS/ws01_plumbing/install/setup.ps1'
[2.650s] INFO:colcon.colcon_core.shell:Creating prefix script '/home/xiaofang/ROS2_WS/ws01_plumbing/install/local_setup.sh'
[2.651s] INFO:colcon.colcon_core.shell:Creating prefix util module '/home/xiaofang/ROS2_WS/ws01_plumbing/install/_local_setup_util_sh.py'
[2.651s] INFO:colcon.colcon_core.shell:Creating prefix chain script '/home/xiaofang/ROS2_WS/ws01_plumbing/install/setup.sh'
[2.652s] INFO:colcon.colcon_core.shell:Creating prefix script '/home/xiaofang/ROS2_WS/ws01_plumbing/install/local_setup.bash'
[2.652s] INFO:colcon.colcon_core.shell:Creating prefix chain script '/home/xiaofang/ROS2_WS/ws01_plumbing/install/setup.bash'
[2.653s] INFO:colcon.colcon_core.shell:Creating prefix script '/home/xiaofang/ROS2_WS/ws01_plumbing/install/local_setup.zsh'
[2.653s] INFO:colcon.colcon_core.shell:Creating prefix chain script '/home/xiaofang/ROS2_WS/ws01_plumbing/install/setup.zsh'
