[0.009s] Invoking command in '/home/xiaofang/ROS2_WS/ws02_tool/build/cpp03_tf_broadcaster': CMAKE_PREFIX_PATH=${CMAKE_PREFIX_PATH}:/opt/cv_bridge_fix_link-humble/install/opencv_tests:/opt/ros/humble /usr/bin/cmake --build /home/xiaofang/ROS2_WS/ws02_tool/build/cpp03_tf_broadcaster -- -j20 -l20
[0.057s] [35m[1mConsolidate compiler generated dependencies of target demo02_dynamic_broadcaster[0m
[0.067s] [ 50%] Built target demo01_static_tf_broadcaster
[0.068s] [ 75%] [32mBuilding CXX object CMakeFiles/demo02_dynamic_broadcaster.dir/src/demo02_dynamic_broadcaster.cpp.o[0m
[4.348s] [100%] [32m[1mLinking CXX executable demo02_dynamic_broadcaster[0m
[4.604s] [100%] Built target demo02_dynamic_broadcaster
[4.610s] Invoked command in '/home/xiaofang/ROS2_WS/ws02_tool/build/cpp03_tf_broadcaster' returned '0': CMAKE_PREFIX_PATH=${CMAKE_PREFIX_PATH}:/opt/cv_bridge_fix_link-humble/install/opencv_tests:/opt/ros/humble /usr/bin/cmake --build /home/xiaofang/ROS2_WS/ws02_tool/build/cpp03_tf_broadcaster -- -j20 -l20
[4.615s] Invoking command in '/home/xiaofang/ROS2_WS/ws02_tool/build/cpp03_tf_broadcaster': CMAKE_PREFIX_PATH=${CMAKE_PREFIX_PATH}:/opt/cv_bridge_fix_link-humble/install/opencv_tests:/opt/ros/humble /usr/bin/cmake --install /home/xiaofang/ROS2_WS/ws02_tool/build/cpp03_tf_broadcaster
[4.619s] -- Install configuration: ""
[4.620s] -- Up-to-date: /home/xiaofang/ROS2_WS/ws02_tool/install/cpp03_tf_broadcaster/lib/cpp03_tf_broadcaster/demo01_static_tf_broadcaster
[4.620s] -- Installing: /home/xiaofang/ROS2_WS/ws02_tool/install/cpp03_tf_broadcaster/lib/cpp03_tf_broadcaster/demo02_dynamic_broadcaster
[4.622s] -- Set runtime path of "/home/xiaofang/ROS2_WS/ws02_tool/install/cpp03_tf_broadcaster/lib/cpp03_tf_broadcaster/demo02_dynamic_broadcaster" to ""
[4.622s] -- Up-to-date: /home/xiaofang/ROS2_WS/ws02_tool/install/cpp03_tf_broadcaster/share/ament_index/resource_index/package_run_dependencies/cpp03_tf_broadcaster
[4.622s] -- Up-to-date: /home/xiaofang/ROS2_WS/ws02_tool/install/cpp03_tf_broadcaster/share/ament_index/resource_index/parent_prefix_path/cpp03_tf_broadcaster
[4.622s] -- Up-to-date: /home/xiaofang/ROS2_WS/ws02_tool/install/cpp03_tf_broadcaster/share/cpp03_tf_broadcaster/environment/ament_prefix_path.sh
[4.622s] -- Up-to-date: /home/xiaofang/ROS2_WS/ws02_tool/install/cpp03_tf_broadcaster/share/cpp03_tf_broadcaster/environment/ament_prefix_path.dsv
[4.622s] -- Up-to-date: /home/xiaofang/ROS2_WS/ws02_tool/install/cpp03_tf_broadcaster/share/cpp03_tf_broadcaster/environment/path.sh
[4.622s] -- Up-to-date: /home/xiaofang/ROS2_WS/ws02_tool/install/cpp03_tf_broadcaster/share/cpp03_tf_broadcaster/environment/path.dsv
[4.622s] -- Up-to-date: /home/xiaofang/ROS2_WS/ws02_tool/install/cpp03_tf_broadcaster/share/cpp03_tf_broadcaster/local_setup.bash
[4.622s] -- Up-to-date: /home/xiaofang/ROS2_WS/ws02_tool/install/cpp03_tf_broadcaster/share/cpp03_tf_broadcaster/local_setup.sh
[4.622s] -- Up-to-date: /home/xiaofang/ROS2_WS/ws02_tool/install/cpp03_tf_broadcaster/share/cpp03_tf_broadcaster/local_setup.zsh
[4.622s] -- Up-to-date: /home/xiaofang/ROS2_WS/ws02_tool/install/cpp03_tf_broadcaster/share/cpp03_tf_broadcaster/local_setup.dsv
[4.622s] -- Installing: /home/xiaofang/ROS2_WS/ws02_tool/install/cpp03_tf_broadcaster/share/cpp03_tf_broadcaster/package.dsv
[4.622s] -- Up-to-date: /home/xiaofang/ROS2_WS/ws02_tool/install/cpp03_tf_broadcaster/share/ament_index/resource_index/packages/cpp03_tf_broadcaster
[4.622s] -- Up-to-date: /home/xiaofang/ROS2_WS/ws02_tool/install/cpp03_tf_broadcaster/share/cpp03_tf_broadcaster/cmake/cpp03_tf_broadcasterConfig.cmake
[4.622s] -- Up-to-date: /home/xiaofang/ROS2_WS/ws02_tool/install/cpp03_tf_broadcaster/share/cpp03_tf_broadcaster/cmake/cpp03_tf_broadcasterConfig-version.cmake
[4.622s] -- Up-to-date: /home/xiaofang/ROS2_WS/ws02_tool/install/cpp03_tf_broadcaster/share/cpp03_tf_broadcaster/package.xml
[4.623s] Invoked command in '/home/xiaofang/ROS2_WS/ws02_tool/build/cpp03_tf_broadcaster' returned '0': CMAKE_PREFIX_PATH=${CMAKE_PREFIX_PATH}:/opt/cv_bridge_fix_link-humble/install/opencv_tests:/opt/ros/humble /usr/bin/cmake --install /home/xiaofang/ROS2_WS/ws02_tool/build/cpp03_tf_broadcaster
