[ 50%] Built target my_serial_lib
[35m[1mConsolidate compiler generated dependencies of target demo01_uart_send[0m
[100%] Built target demo01_uart_send
-- Install configuration: ""
-- Up-to-date: /home/xiaofang/ROS2_WS/serial_driver/install/cpp01_serial/lib/cpp01_serial/libmy_serial_lib.a
-- Up-to-date: /home/xiaofang/ROS2_WS/serial_driver/install/cpp01_serial/lib/cpp01_serial/demo01_uart_send
-- Up-to-date: /home/xiaofang/ROS2_WS/serial_driver/install/cpp01_serial/include/
-- Up-to-date: /home/xiaofang/ROS2_WS/serial_driver/install/cpp01_serial/include//crc16.h
-- Up-to-date: /home/xiaofang/ROS2_WS/serial_driver/install/cpp01_serial/share/ament_index/resource_index/package_run_dependencies/cpp01_serial
-- Up-to-date: /home/xiaofang/ROS2_WS/serial_driver/install/cpp01_serial/share/ament_index/resource_index/parent_prefix_path/cpp01_serial
-- Up-to-date: /home/xiaofang/ROS2_WS/serial_driver/install/cpp01_serial/share/cpp01_serial/environment/ament_prefix_path.sh
-- Up-to-date: /home/xiaofang/ROS2_WS/serial_driver/install/cpp01_serial/share/cpp01_serial/environment/ament_prefix_path.dsv
-- Up-to-date: /home/xiaofang/ROS2_WS/serial_driver/install/cpp01_serial/share/cpp01_serial/environment/path.sh
-- Up-to-date: /home/xiaofang/ROS2_WS/serial_driver/install/cpp01_serial/share/cpp01_serial/environment/path.dsv
-- Up-to-date: /home/xiaofang/ROS2_WS/serial_driver/install/cpp01_serial/share/cpp01_serial/local_setup.bash
-- Up-to-date: /home/xiaofang/ROS2_WS/serial_driver/install/cpp01_serial/share/cpp01_serial/local_setup.sh
-- Up-to-date: /home/xiaofang/ROS2_WS/serial_driver/install/cpp01_serial/share/cpp01_serial/local_setup.zsh
-- Up-to-date: /home/xiaofang/ROS2_WS/serial_driver/install/cpp01_serial/share/cpp01_serial/local_setup.dsv
-- Installing: /home/xiaofang/ROS2_WS/serial_driver/install/cpp01_serial/share/cpp01_serial/package.dsv
-- Up-to-date: /home/xiaofang/ROS2_WS/serial_driver/install/cpp01_serial/share/ament_index/resource_index/packages/cpp01_serial
-- Up-to-date: /home/xiaofang/ROS2_WS/serial_driver/install/cpp01_serial/share/cpp01_serial/cmake/cpp01_serialConfig.cmake
-- Up-to-date: /home/xiaofang/ROS2_WS/serial_driver/install/cpp01_serial/share/cpp01_serial/cmake/cpp01_serialConfig-version.cmake
-- Up-to-date: /home/xiaofang/ROS2_WS/serial_driver/install/cpp01_serial/share/cpp01_serial/package.xml
