[0.079s] DEBUG:colcon:Command line arguments: ['/usr/bin/colcon', 'build', '--packages-select', 'cpp05_exercise']
[0.079s] DEBUG:colcon:Parsed command line arguments: Namespace(log_base=None, log_level=None, verb_name='build', build_base='build', install_base='install', merge_install=False, symlink_install=False, test_result_base=None, continue_on_error=False, executor='parallel', parallel_workers=20, event_handlers=None, ignore_user_meta=False, metas=['./colcon.meta'], base_paths=['.'], packages_ignore=None, packages_ignore_regex=None, paths=None, packages_up_to=None, packages_up_to_regex=None, packages_above=None, packages_above_and_dependencies=None, packages_above_depth=None, packages_select_by_dep=None, packages_skip_by_dep=None, packages_skip_up_to=None, packages_select_build_failed=False, packages_skip_build_finished=False, packages_select_test_failures=False, packages_skip_test_passed=False, packages_select=['cpp05_exercise'], packages_skip=None, packages_select_regex=None, packages_skip_regex=None, packages_start=None, packages_end=None, allow_overriding=[], cmake_args=['-DCMAKE_EXPORT_COMPILE_COMMANDS=ON'], cmake_target=None, cmake_target_skip_unavailable=False, cmake_clean_cache=False, cmake_clean_first=False, cmake_force_configure=False, ament_cmake_args=None, catkin_cmake_args=None, catkin_skip_building_tests=False, mixin_files=None, mixin=None, verb_parser=<colcon_mixin.mixin.mixin_argument.MixinArgumentDecorator object at 0x7f36b77bde70>, verb_extension=<colcon_core.verb.build.BuildVerb object at 0x7f36b77bd810>, main=<bound method BuildVerb.main of <colcon_core.verb.build.BuildVerb object at 0x7f36b77bd810>>, mixin_verb=('build',))
[0.176s] Level 1:colcon.colcon_core.package_discovery:discover_packages(colcon_meta) check parameters
[0.176s] Level 1:colcon.colcon_core.package_discovery:discover_packages(recursive) check parameters
[0.176s] Level 1:colcon.colcon_core.package_discovery:discover_packages(ignore) check parameters
[0.176s] Level 1:colcon.colcon_core.package_discovery:discover_packages(path) check parameters
[0.176s] Level 1:colcon.colcon_core.package_discovery:discover_packages(colcon_meta) discover
[0.176s] Level 1:colcon.colcon_core.package_discovery:discover_packages(recursive) discover
[0.176s] INFO:colcon.colcon_core.package_discovery:Crawling recursively for packages in '/home/xiaofang/ROS2_WS/ws02_tool'
[0.177s] Level 1:colcon.colcon_core.package_identification:_identify(.) by extensions ['ignore', 'ignore_ament_install']
[0.177s] Level 1:colcon.colcon_core.package_identification:_identify(.) by extension 'ignore'
[0.177s] Level 1:colcon.colcon_core.package_identification:_identify(.) by extension 'ignore_ament_install'
[0.177s] Level 1:colcon.colcon_core.package_identification:_identify(.) by extensions ['colcon_pkg']
[0.177s] Level 1:colcon.colcon_core.package_identification:_identify(.) by extension 'colcon_pkg'
[0.177s] Level 1:colcon.colcon_core.package_identification:_identify(.) by extensions ['colcon_meta']
[0.177s] Level 1:colcon.colcon_core.package_identification:_identify(.) by extension 'colcon_meta'
[0.177s] Level 1:colcon.colcon_core.package_identification:_identify(.) by extensions ['ros']
[0.177s] Level 1:colcon.colcon_core.package_identification:_identify(.) by extension 'ros'
[0.184s] Level 1:colcon.colcon_core.package_identification:_identify(.) by extensions ['cmake', 'python']
[0.184s] Level 1:colcon.colcon_core.package_identification:_identify(.) by extension 'cmake'
[0.185s] Level 1:colcon.colcon_core.package_identification:_identify(.) by extension 'python'
[0.185s] Level 1:colcon.colcon_core.package_identification:_identify(.) by extensions ['python_setup_py']
[0.185s] Level 1:colcon.colcon_core.package_identification:_identify(.) by extension 'python_setup_py'
[0.185s] Level 1:colcon.colcon_core.package_identification:_identify(build) by extensions ['ignore', 'ignore_ament_install']
[0.185s] Level 1:colcon.colcon_core.package_identification:_identify(build) by extension 'ignore'
[0.185s] Level 1:colcon.colcon_core.package_identification:_identify(build) ignored
[0.185s] Level 1:colcon.colcon_core.package_identification:_identify(install) by extensions ['ignore', 'ignore_ament_install']
[0.185s] Level 1:colcon.colcon_core.package_identification:_identify(install) by extension 'ignore'
[0.185s] Level 1:colcon.colcon_core.package_identification:_identify(install) ignored
[0.185s] Level 1:colcon.colcon_core.package_identification:_identify(log) by extensions ['ignore', 'ignore_ament_install']
[0.185s] Level 1:colcon.colcon_core.package_identification:_identify(log) by extension 'ignore'
[0.185s] Level 1:colcon.colcon_core.package_identification:_identify(log) ignored
[0.185s] Level 1:colcon.colcon_core.package_identification:_identify(my_bag) by extensions ['ignore', 'ignore_ament_install']
[0.185s] Level 1:colcon.colcon_core.package_identification:_identify(my_bag) by extension 'ignore'
[0.185s] Level 1:colcon.colcon_core.package_identification:_identify(my_bag) by extension 'ignore_ament_install'
[0.185s] Level 1:colcon.colcon_core.package_identification:_identify(my_bag) by extensions ['colcon_pkg']
[0.185s] Level 1:colcon.colcon_core.package_identification:_identify(my_bag) by extension 'colcon_pkg'
[0.185s] Level 1:colcon.colcon_core.package_identification:_identify(my_bag) by extensions ['colcon_meta']
[0.185s] Level 1:colcon.colcon_core.package_identification:_identify(my_bag) by extension 'colcon_meta'
[0.185s] Level 1:colcon.colcon_core.package_identification:_identify(my_bag) by extensions ['ros']
[0.185s] Level 1:colcon.colcon_core.package_identification:_identify(my_bag) by extension 'ros'
[0.185s] Level 1:colcon.colcon_core.package_identification:_identify(my_bag) by extensions ['cmake', 'python']
[0.185s] Level 1:colcon.colcon_core.package_identification:_identify(my_bag) by extension 'cmake'
[0.185s] Level 1:colcon.colcon_core.package_identification:_identify(my_bag) by extension 'python'
[0.185s] Level 1:colcon.colcon_core.package_identification:_identify(my_bag) by extensions ['python_setup_py']
[0.185s] Level 1:colcon.colcon_core.package_identification:_identify(my_bag) by extension 'python_setup_py'
[0.185s] Level 1:colcon.colcon_core.package_identification:_identify(src) by extensions ['ignore', 'ignore_ament_install']
[0.186s] Level 1:colcon.colcon_core.package_identification:_identify(src) by extension 'ignore'
[0.186s] Level 1:colcon.colcon_core.package_identification:_identify(src) by extension 'ignore_ament_install'
[0.186s] Level 1:colcon.colcon_core.package_identification:_identify(src) by extensions ['colcon_pkg']
[0.186s] Level 1:colcon.colcon_core.package_identification:_identify(src) by extension 'colcon_pkg'
[0.186s] Level 1:colcon.colcon_core.package_identification:_identify(src) by extensions ['colcon_meta']
[0.186s] Level 1:colcon.colcon_core.package_identification:_identify(src) by extension 'colcon_meta'
[0.186s] Level 1:colcon.colcon_core.package_identification:_identify(src) by extensions ['ros']
[0.186s] Level 1:colcon.colcon_core.package_identification:_identify(src) by extension 'ros'
[0.186s] Level 1:colcon.colcon_core.package_identification:_identify(src) by extensions ['cmake', 'python']
[0.186s] Level 1:colcon.colcon_core.package_identification:_identify(src) by extension 'cmake'
[0.186s] Level 1:colcon.colcon_core.package_identification:_identify(src) by extension 'python'
[0.186s] Level 1:colcon.colcon_core.package_identification:_identify(src) by extensions ['python_setup_py']
[0.186s] Level 1:colcon.colcon_core.package_identification:_identify(src) by extension 'python_setup_py'
[0.186s] Level 1:colcon.colcon_core.package_identification:_identify(src/cpp01_launch) by extensions ['ignore', 'ignore_ament_install']
[0.186s] Level 1:colcon.colcon_core.package_identification:_identify(src/cpp01_launch) by extension 'ignore'
[0.186s] Level 1:colcon.colcon_core.package_identification:_identify(src/cpp01_launch) by extension 'ignore_ament_install'
[0.186s] Level 1:colcon.colcon_core.package_identification:_identify(src/cpp01_launch) by extensions ['colcon_pkg']
[0.186s] Level 1:colcon.colcon_core.package_identification:_identify(src/cpp01_launch) by extension 'colcon_pkg'
[0.186s] Level 1:colcon.colcon_core.package_identification:_identify(src/cpp01_launch) by extensions ['colcon_meta']
[0.186s] Level 1:colcon.colcon_core.package_identification:_identify(src/cpp01_launch) by extension 'colcon_meta'
[0.186s] Level 1:colcon.colcon_core.package_identification:_identify(src/cpp01_launch) by extensions ['ros']
[0.186s] Level 1:colcon.colcon_core.package_identification:_identify(src/cpp01_launch) by extension 'ros'
[0.188s] DEBUG:colcon.colcon_core.package_identification:Package 'src/cpp01_launch' with type 'ros.ament_cmake' and name 'cpp01_launch'
[0.188s] Level 1:colcon.colcon_core.package_identification:_identify(src/cpp02_rosbag) by extensions ['ignore', 'ignore_ament_install']
[0.188s] Level 1:colcon.colcon_core.package_identification:_identify(src/cpp02_rosbag) by extension 'ignore'
[0.188s] Level 1:colcon.colcon_core.package_identification:_identify(src/cpp02_rosbag) by extension 'ignore_ament_install'
[0.188s] Level 1:colcon.colcon_core.package_identification:_identify(src/cpp02_rosbag) by extensions ['colcon_pkg']
[0.188s] Level 1:colcon.colcon_core.package_identification:_identify(src/cpp02_rosbag) by extension 'colcon_pkg'
[0.188s] Level 1:colcon.colcon_core.package_identification:_identify(src/cpp02_rosbag) by extensions ['colcon_meta']
[0.188s] Level 1:colcon.colcon_core.package_identification:_identify(src/cpp02_rosbag) by extension 'colcon_meta'
[0.188s] Level 1:colcon.colcon_core.package_identification:_identify(src/cpp02_rosbag) by extensions ['ros']
[0.188s] Level 1:colcon.colcon_core.package_identification:_identify(src/cpp02_rosbag) by extension 'ros'
[0.189s] DEBUG:colcon.colcon_core.package_identification:Package 'src/cpp02_rosbag' with type 'ros.ament_cmake' and name 'cpp02_rosbag'
[0.189s] Level 1:colcon.colcon_core.package_identification:_identify(src/cpp03_tf_broadcaster) by extensions ['ignore', 'ignore_ament_install']
[0.189s] Level 1:colcon.colcon_core.package_identification:_identify(src/cpp03_tf_broadcaster) by extension 'ignore'
[0.189s] Level 1:colcon.colcon_core.package_identification:_identify(src/cpp03_tf_broadcaster) by extension 'ignore_ament_install'
[0.189s] Level 1:colcon.colcon_core.package_identification:_identify(src/cpp03_tf_broadcaster) by extensions ['colcon_pkg']
[0.189s] Level 1:colcon.colcon_core.package_identification:_identify(src/cpp03_tf_broadcaster) by extension 'colcon_pkg'
[0.189s] Level 1:colcon.colcon_core.package_identification:_identify(src/cpp03_tf_broadcaster) by extensions ['colcon_meta']
[0.189s] Level 1:colcon.colcon_core.package_identification:_identify(src/cpp03_tf_broadcaster) by extension 'colcon_meta'
[0.189s] Level 1:colcon.colcon_core.package_identification:_identify(src/cpp03_tf_broadcaster) by extensions ['ros']
[0.189s] Level 1:colcon.colcon_core.package_identification:_identify(src/cpp03_tf_broadcaster) by extension 'ros'
[0.189s] DEBUG:colcon.colcon_core.package_identification:Package 'src/cpp03_tf_broadcaster' with type 'ros.ament_cmake' and name 'cpp03_tf_broadcaster'
[0.190s] Level 1:colcon.colcon_core.package_identification:_identify(src/cpp04_tf_listener) by extensions ['ignore', 'ignore_ament_install']
[0.190s] Level 1:colcon.colcon_core.package_identification:_identify(src/cpp04_tf_listener) by extension 'ignore'
[0.190s] Level 1:colcon.colcon_core.package_identification:_identify(src/cpp04_tf_listener) by extension 'ignore_ament_install'
[0.190s] Level 1:colcon.colcon_core.package_identification:_identify(src/cpp04_tf_listener) by extensions ['colcon_pkg']
[0.190s] Level 1:colcon.colcon_core.package_identification:_identify(src/cpp04_tf_listener) by extension 'colcon_pkg'
[0.190s] Level 1:colcon.colcon_core.package_identification:_identify(src/cpp04_tf_listener) by extensions ['colcon_meta']
[0.190s] Level 1:colcon.colcon_core.package_identification:_identify(src/cpp04_tf_listener) by extension 'colcon_meta'
[0.190s] Level 1:colcon.colcon_core.package_identification:_identify(src/cpp04_tf_listener) by extensions ['ros']
[0.190s] Level 1:colcon.colcon_core.package_identification:_identify(src/cpp04_tf_listener) by extension 'ros'
[0.190s] DEBUG:colcon.colcon_core.package_identification:Package 'src/cpp04_tf_listener' with type 'ros.ament_cmake' and name 'cpp04_tf_listener'
[0.190s] Level 1:colcon.colcon_core.package_identification:_identify(src/cpp05_exercise) by extensions ['ignore', 'ignore_ament_install']
[0.190s] Level 1:colcon.colcon_core.package_identification:_identify(src/cpp05_exercise) by extension 'ignore'
[0.190s] Level 1:colcon.colcon_core.package_identification:_identify(src/cpp05_exercise) by extension 'ignore_ament_install'
[0.191s] Level 1:colcon.colcon_core.package_identification:_identify(src/cpp05_exercise) by extensions ['colcon_pkg']
[0.191s] Level 1:colcon.colcon_core.package_identification:_identify(src/cpp05_exercise) by extension 'colcon_pkg'
[0.191s] Level 1:colcon.colcon_core.package_identification:_identify(src/cpp05_exercise) by extensions ['colcon_meta']
[0.191s] Level 1:colcon.colcon_core.package_identification:_identify(src/cpp05_exercise) by extension 'colcon_meta'
[0.191s] Level 1:colcon.colcon_core.package_identification:_identify(src/cpp05_exercise) by extensions ['ros']
[0.191s] Level 1:colcon.colcon_core.package_identification:_identify(src/cpp05_exercise) by extension 'ros'
[0.191s] DEBUG:colcon.colcon_core.package_identification:Package 'src/cpp05_exercise' with type 'ros.ament_cmake' and name 'cpp05_exercise'
[0.191s] Level 1:colcon.colcon_core.package_discovery:discover_packages(recursive) using defaults
[0.191s] Level 1:colcon.colcon_core.package_discovery:discover_packages(ignore) discover
[0.191s] Level 1:colcon.colcon_core.package_discovery:discover_packages(ignore) using defaults
[0.191s] Level 1:colcon.colcon_core.package_discovery:discover_packages(path) discover
[0.191s] Level 1:colcon.colcon_core.package_discovery:discover_packages(path) using defaults
[0.211s] INFO:colcon.colcon_core.package_selection:Skipping not selected package 'cpp01_launch' in 'src/cpp01_launch'
[0.211s] INFO:colcon.colcon_core.package_selection:Skipping not selected package 'cpp02_rosbag' in 'src/cpp02_rosbag'
[0.211s] INFO:colcon.colcon_core.package_selection:Skipping not selected package 'cpp03_tf_broadcaster' in 'src/cpp03_tf_broadcaster'
[0.211s] INFO:colcon.colcon_core.package_selection:Skipping not selected package 'cpp04_tf_listener' in 'src/cpp04_tf_listener'
[0.211s] Level 1:colcon.colcon_core.package_discovery:discover_packages(prefix_path) check parameters
[0.211s] Level 1:colcon.colcon_core.package_discovery:discover_packages(prefix_path) discover
[0.212s] DEBUG:colcon.colcon_installed_package_information.package_discovery:Found 5 installed packages in /home/xiaofang/ROS2_WS/ws02_tool/install
[0.213s] DEBUG:colcon.colcon_installed_package_information.package_discovery:Found 4 installed packages in /opt/cv_bridge_fix_link-humble/install
[0.213s] DEBUG:colcon.colcon_installed_package_information.package_discovery:Found 340 installed packages in /opt/ros/humble
[0.215s] Level 1:colcon.colcon_core.package_discovery:discover_packages(prefix_path) using defaults
[0.241s] Level 5:colcon.colcon_core.verb:set package 'cpp05_exercise' build argument 'cmake_args' from command line to '['-DCMAKE_EXPORT_COMPILE_COMMANDS=ON']'
[0.241s] Level 5:colcon.colcon_core.verb:set package 'cpp05_exercise' build argument 'cmake_target' from command line to 'None'
[0.241s] Level 5:colcon.colcon_core.verb:set package 'cpp05_exercise' build argument 'cmake_target_skip_unavailable' from command line to 'False'
[0.241s] Level 5:colcon.colcon_core.verb:set package 'cpp05_exercise' build argument 'cmake_clean_cache' from command line to 'False'
[0.241s] Level 5:colcon.colcon_core.verb:set package 'cpp05_exercise' build argument 'cmake_clean_first' from command line to 'False'
[0.241s] Level 5:colcon.colcon_core.verb:set package 'cpp05_exercise' build argument 'cmake_force_configure' from command line to 'False'
[0.241s] Level 5:colcon.colcon_core.verb:set package 'cpp05_exercise' build argument 'ament_cmake_args' from command line to 'None'
[0.241s] Level 5:colcon.colcon_core.verb:set package 'cpp05_exercise' build argument 'catkin_cmake_args' from command line to 'None'
[0.241s] Level 5:colcon.colcon_core.verb:set package 'cpp05_exercise' build argument 'catkin_skip_building_tests' from command line to 'False'
[0.241s] DEBUG:colcon.colcon_core.verb:Building package 'cpp05_exercise' with the following arguments: {'ament_cmake_args': None, 'build_base': '/home/xiaofang/ROS2_WS/ws02_tool/build/cpp05_exercise', 'catkin_cmake_args': None, 'catkin_skip_building_tests': False, 'cmake_args': ['-DCMAKE_EXPORT_COMPILE_COMMANDS=ON'], 'cmake_clean_cache': False, 'cmake_clean_first': False, 'cmake_force_configure': False, 'cmake_target': None, 'cmake_target_skip_unavailable': False, 'install_base': '/home/xiaofang/ROS2_WS/ws02_tool/install/cpp05_exercise', 'merge_install': False, 'path': '/home/xiaofang/ROS2_WS/ws02_tool/src/cpp05_exercise', 'symlink_install': False, 'test_result_base': None}
[0.241s] INFO:colcon.colcon_core.executor:Executing jobs using 'parallel' executor
[0.242s] DEBUG:colcon.colcon_parallel_executor.executor.parallel:run_until_complete
[0.242s] INFO:colcon.colcon_ros.task.ament_cmake.build:Building ROS package in '/home/xiaofang/ROS2_WS/ws02_tool/src/cpp05_exercise' with build type 'ament_cmake'
[0.242s] INFO:colcon.colcon_cmake.task.cmake.build:Building CMake package in '/home/xiaofang/ROS2_WS/ws02_tool/src/cpp05_exercise'
[0.244s] INFO:colcon.colcon_core.plugin_system:Skipping extension 'colcon_core.shell.bat': Not used on non-Windows systems
[0.244s] INFO:colcon.colcon_core.shell:Skip shell extension 'powershell' for command environment: Not usable outside of PowerShell
[0.244s] DEBUG:colcon.colcon_core.shell:Skip shell extension 'dsv' for command environment
[0.251s] DEBUG:colcon.colcon_core.event_handler.log_command:Invoking command in '/home/xiaofang/ROS2_WS/ws02_tool/build/cpp05_exercise': CMAKE_PREFIX_PATH=${CMAKE_PREFIX_PATH}:/opt/cv_bridge_fix_link-humble/install/opencv_tests:/opt/ros/humble /usr/bin/cmake --build /home/xiaofang/ROS2_WS/ws02_tool/build/cpp05_exercise -- -j20 -l20
[3.737s] DEBUG:colcon.colcon_core.event_handler.log_command:Invoked command in '/home/xiaofang/ROS2_WS/ws02_tool/build/cpp05_exercise' returned '0': CMAKE_PREFIX_PATH=${CMAKE_PREFIX_PATH}:/opt/cv_bridge_fix_link-humble/install/opencv_tests:/opt/ros/humble /usr/bin/cmake --build /home/xiaofang/ROS2_WS/ws02_tool/build/cpp05_exercise -- -j20 -l20
[3.747s] DEBUG:colcon.colcon_core.event_handler.log_command:Invoking command in '/home/xiaofang/ROS2_WS/ws02_tool/build/cpp05_exercise': CMAKE_PREFIX_PATH=${CMAKE_PREFIX_PATH}:/opt/cv_bridge_fix_link-humble/install/opencv_tests:/opt/ros/humble /usr/bin/cmake --install /home/xiaofang/ROS2_WS/ws02_tool/build/cpp05_exercise
[3.757s] Level 1:colcon.colcon_core.environment:create_environment_scripts_only(cpp05_exercise)
[3.758s] DEBUG:colcon.colcon_core.event_handler.log_command:Invoked command in '/home/xiaofang/ROS2_WS/ws02_tool/build/cpp05_exercise' returned '0': CMAKE_PREFIX_PATH=${CMAKE_PREFIX_PATH}:/opt/cv_bridge_fix_link-humble/install/opencv_tests:/opt/ros/humble /usr/bin/cmake --install /home/xiaofang/ROS2_WS/ws02_tool/build/cpp05_exercise
[3.760s] Level 1:colcon.colcon_core.environment:checking '/home/xiaofang/ROS2_WS/ws02_tool/install/cpp05_exercise' for CMake module files
[3.760s] Level 1:colcon.colcon_core.environment:checking '/home/xiaofang/ROS2_WS/ws02_tool/install/cpp05_exercise' for CMake config files
[3.760s] Level 1:colcon.colcon_core.shell:create_environment_hook('cpp05_exercise', 'cmake_prefix_path')
[3.760s] INFO:colcon.colcon_core.shell:Creating environment hook '/home/xiaofang/ROS2_WS/ws02_tool/install/cpp05_exercise/share/cpp05_exercise/hook/cmake_prefix_path.ps1'
[3.761s] INFO:colcon.colcon_core.shell:Creating environment descriptor '/home/xiaofang/ROS2_WS/ws02_tool/install/cpp05_exercise/share/cpp05_exercise/hook/cmake_prefix_path.dsv'
[3.761s] INFO:colcon.colcon_core.shell:Creating environment hook '/home/xiaofang/ROS2_WS/ws02_tool/install/cpp05_exercise/share/cpp05_exercise/hook/cmake_prefix_path.sh'
[3.762s] Level 1:colcon.colcon_core.environment:checking '/home/xiaofang/ROS2_WS/ws02_tool/install/cpp05_exercise/lib'
[3.762s] Level 1:colcon.colcon_core.environment:checking '/home/xiaofang/ROS2_WS/ws02_tool/install/cpp05_exercise/bin'
[3.762s] Level 1:colcon.colcon_core.environment:checking '/home/xiaofang/ROS2_WS/ws02_tool/install/cpp05_exercise/lib/pkgconfig/cpp05_exercise.pc'
[3.762s] Level 1:colcon.colcon_core.environment:checking '/home/xiaofang/ROS2_WS/ws02_tool/install/cpp05_exercise/lib/python3.10/site-packages'
[3.763s] Level 1:colcon.colcon_core.environment:checking '/home/xiaofang/ROS2_WS/ws02_tool/install/cpp05_exercise/bin'
[3.763s] INFO:colcon.colcon_core.shell:Creating package script '/home/xiaofang/ROS2_WS/ws02_tool/install/cpp05_exercise/share/cpp05_exercise/package.ps1'
[3.764s] INFO:colcon.colcon_core.shell:Creating package descriptor '/home/xiaofang/ROS2_WS/ws02_tool/install/cpp05_exercise/share/cpp05_exercise/package.dsv'
[3.764s] INFO:colcon.colcon_core.shell:Creating package script '/home/xiaofang/ROS2_WS/ws02_tool/install/cpp05_exercise/share/cpp05_exercise/package.sh'
[3.764s] INFO:colcon.colcon_core.shell:Creating package script '/home/xiaofang/ROS2_WS/ws02_tool/install/cpp05_exercise/share/cpp05_exercise/package.bash'
[3.765s] INFO:colcon.colcon_core.shell:Creating package script '/home/xiaofang/ROS2_WS/ws02_tool/install/cpp05_exercise/share/cpp05_exercise/package.zsh'
[3.765s] Level 1:colcon.colcon_core.environment:create_file_with_runtime_dependencies(/home/xiaofang/ROS2_WS/ws02_tool/install/cpp05_exercise/share/colcon-core/packages/cpp05_exercise)
[3.766s] Level 1:colcon.colcon_core.environment:create_environment_scripts_only(cpp05_exercise)
[3.766s] Level 1:colcon.colcon_core.environment:checking '/home/xiaofang/ROS2_WS/ws02_tool/install/cpp05_exercise' for CMake module files
[3.766s] Level 1:colcon.colcon_core.environment:checking '/home/xiaofang/ROS2_WS/ws02_tool/install/cpp05_exercise' for CMake config files
[3.766s] Level 1:colcon.colcon_core.shell:create_environment_hook('cpp05_exercise', 'cmake_prefix_path')
[3.767s] INFO:colcon.colcon_core.shell:Creating environment hook '/home/xiaofang/ROS2_WS/ws02_tool/install/cpp05_exercise/share/cpp05_exercise/hook/cmake_prefix_path.ps1'
[3.767s] INFO:colcon.colcon_core.shell:Creating environment descriptor '/home/xiaofang/ROS2_WS/ws02_tool/install/cpp05_exercise/share/cpp05_exercise/hook/cmake_prefix_path.dsv'
[3.767s] INFO:colcon.colcon_core.shell:Creating environment hook '/home/xiaofang/ROS2_WS/ws02_tool/install/cpp05_exercise/share/cpp05_exercise/hook/cmake_prefix_path.sh'
[3.767s] Level 1:colcon.colcon_core.environment:checking '/home/xiaofang/ROS2_WS/ws02_tool/install/cpp05_exercise/lib'
[3.767s] Level 1:colcon.colcon_core.environment:checking '/home/xiaofang/ROS2_WS/ws02_tool/install/cpp05_exercise/bin'
[3.768s] Level 1:colcon.colcon_core.environment:checking '/home/xiaofang/ROS2_WS/ws02_tool/install/cpp05_exercise/lib/pkgconfig/cpp05_exercise.pc'
[3.768s] Level 1:colcon.colcon_core.environment:checking '/home/xiaofang/ROS2_WS/ws02_tool/install/cpp05_exercise/lib/python3.10/site-packages'
[3.768s] Level 1:colcon.colcon_core.environment:checking '/home/xiaofang/ROS2_WS/ws02_tool/install/cpp05_exercise/bin'
[3.768s] INFO:colcon.colcon_core.shell:Creating package script '/home/xiaofang/ROS2_WS/ws02_tool/install/cpp05_exercise/share/cpp05_exercise/package.ps1'
[3.768s] INFO:colcon.colcon_core.shell:Creating package descriptor '/home/xiaofang/ROS2_WS/ws02_tool/install/cpp05_exercise/share/cpp05_exercise/package.dsv'
[3.769s] INFO:colcon.colcon_core.shell:Creating package script '/home/xiaofang/ROS2_WS/ws02_tool/install/cpp05_exercise/share/cpp05_exercise/package.sh'
[3.769s] INFO:colcon.colcon_core.shell:Creating package script '/home/xiaofang/ROS2_WS/ws02_tool/install/cpp05_exercise/share/cpp05_exercise/package.bash'
[3.769s] INFO:colcon.colcon_core.shell:Creating package script '/home/xiaofang/ROS2_WS/ws02_tool/install/cpp05_exercise/share/cpp05_exercise/package.zsh'
[3.770s] Level 1:colcon.colcon_core.environment:create_file_with_runtime_dependencies(/home/xiaofang/ROS2_WS/ws02_tool/install/cpp05_exercise/share/colcon-core/packages/cpp05_exercise)
[3.770s] DEBUG:colcon.colcon_parallel_executor.executor.parallel:closing loop
[3.770s] DEBUG:colcon.colcon_parallel_executor.executor.parallel:loop closed
[3.771s] DEBUG:colcon.colcon_parallel_executor.executor.parallel:run_until_complete finished with '0'
[3.771s] DEBUG:colcon.colcon_core.event_reactor:joining thread
[3.774s] INFO:colcon.colcon_core.plugin_system:Skipping extension 'colcon_notification.desktop_notification.notify_send': Could not find 'notify-send'
[3.775s] INFO:colcon.colcon_core.plugin_system:Skipping extension 'colcon_notification.desktop_notification.terminal_notifier': Not used on non-Darwin systems
[3.775s] INFO:colcon.colcon_core.plugin_system:Skipping extension 'colcon_notification.desktop_notification.win32': Not used on non-Windows systems
[3.775s] INFO:colcon.colcon_notification.desktop_notification:Sending desktop notification using 'notify2'
[3.777s] DEBUG:colcon.colcon_notification.desktop_notification.notify2:Failed to initialize notify2: org.freedesktop.DBus.Error.Spawn.ExecFailed: /usr/bin/dbus-launch terminated abnormally without any error message
[3.777s] DEBUG:colcon.colcon_core.event_reactor:joined thread
[3.778s] INFO:colcon.colcon_core.shell:Creating prefix script '/home/xiaofang/ROS2_WS/ws02_tool/install/local_setup.ps1'
[3.779s] INFO:colcon.colcon_core.shell:Creating prefix util module '/home/xiaofang/ROS2_WS/ws02_tool/install/_local_setup_util_ps1.py'
[3.780s] INFO:colcon.colcon_core.shell:Creating prefix chain script '/home/xiaofang/ROS2_WS/ws02_tool/install/setup.ps1'
[3.781s] INFO:colcon.colcon_core.shell:Creating prefix script '/home/xiaofang/ROS2_WS/ws02_tool/install/local_setup.sh'
[3.781s] INFO:colcon.colcon_core.shell:Creating prefix util module '/home/xiaofang/ROS2_WS/ws02_tool/install/_local_setup_util_sh.py'
[3.782s] INFO:colcon.colcon_core.shell:Creating prefix chain script '/home/xiaofang/ROS2_WS/ws02_tool/install/setup.sh'
[3.782s] INFO:colcon.colcon_core.shell:Creating prefix script '/home/xiaofang/ROS2_WS/ws02_tool/install/local_setup.bash'
[3.783s] INFO:colcon.colcon_core.shell:Creating prefix chain script '/home/xiaofang/ROS2_WS/ws02_tool/install/setup.bash'
[3.783s] INFO:colcon.colcon_core.shell:Creating prefix script '/home/xiaofang/ROS2_WS/ws02_tool/install/local_setup.zsh'
[3.784s] INFO:colcon.colcon_core.shell:Creating prefix chain script '/home/xiaofang/ROS2_WS/ws02_tool/install/setup.zsh'
