[0.006s] Invoking command in '/home/xiaofang/ROS2_WS/ws02_tool/build/cpp02_rosbag': CMAKE_PREFIX_PATH=${CMAKE_PREFIX_PATH}:/opt/cv_bridge_fix_link-humble/install/opencv_tests:/opt/ros/humble /usr/bin/cmake /home/xiaofang/ROS2_WS/ws02_tool/src/cpp02_rosbag -DCMAKE_EXPORT_COMPILE_COMMANDS=ON -DCMAKE_INSTALL_PREFIX=/home/xiaofang/ROS2_WS/ws02_tool/install/cpp02_rosbag
[0.082s] -- The C compiler identification is GNU 11.4.0
[0.128s] -- The CXX compiler identification is GNU 11.4.0
[0.134s] -- Detecting C compiler ABI info
[0.179s] -- Detecting C compiler ABI info - done
[0.183s] -- Check for working C compiler: /usr/bin/cc - skipped
[0.184s] -- Detecting C compile features
[0.184s] -- Detecting C compile features - done
[0.186s] -- Detecting CXX compiler ABI info
[0.237s] -- Detecting CXX compiler ABI info - done
[0.241s] -- Check for working CXX compiler: /usr/bin/c++ - skipped
[0.241s] -- Detecting CXX compile features
[0.241s] -- Detecting CXX compile features - done
[0.244s] -- Found ament_cmake: 1.3.11 (/opt/ros/humble/share/ament_cmake/cmake)
[0.336s] -- Found Python3: /usr/bin/python3 (found version "3.10.12") found components: Interpreter 
[0.395s] -- Found rclcpp: 16.0.12 (/opt/ros/humble/share/rclcpp/cmake)
[0.430s] -- Found rosidl_generator_c: 3.1.6 (/opt/ros/humble/share/rosidl_generator_c/cmake)
[0.433s] -- Found rosidl_adapter: 3.1.6 (/opt/ros/humble/share/rosidl_adapter/cmake)
[0.439s] -- Found rosidl_generator_cpp: 3.1.6 (/opt/ros/humble/share/rosidl_generator_cpp/cmake)
[0.448s] -- Using all available rosidl_typesupport_c: rosidl_typesupport_fastrtps_c;rosidl_typesupport_introspection_c
[0.459s] -- Using all available rosidl_typesupport_cpp: rosidl_typesupport_fastrtps_cpp;rosidl_typesupport_introspection_cpp
[0.492s] -- Found rmw_implementation_cmake: 6.1.2 (/opt/ros/humble/share/rmw_implementation_cmake/cmake)
[0.494s] -- Found rmw_fastrtps_cpp: 6.2.7 (/opt/ros/humble/share/rmw_fastrtps_cpp/cmake)
[0.557s] -- Found OpenSSL: /usr/lib/x86_64-linux-gnu/libcrypto.so (found version "3.0.2")  
[0.579s] -- Found FastRTPS: /opt/ros/humble/include  
[0.610s] -- Using RMW implementation 'rmw_fastrtps_cpp' as default
[0.618s] -- Looking for pthread.h
[0.665s] -- Looking for pthread.h - found
[0.665s] -- Performing Test CMAKE_HAVE_LIBC_PTHREAD
[0.716s] -- Performing Test CMAKE_HAVE_LIBC_PTHREAD - Success
[0.717s] -- Found Threads: TRUE  
[0.754s] -- Found rosbag2_cpp: 0.15.14 (/opt/ros/humble/share/rosbag2_cpp/cmake)
[0.784s] -- Found geometry_msgs: 4.8.0 (/opt/ros/humble/share/geometry_msgs/cmake)
[0.793s] -- Found ament_lint_auto: 0.12.12 (/opt/ros/humble/share/ament_lint_auto/cmake)
[0.845s] -- Added test 'cppcheck' to perform static code analysis on C / C++ code
[0.845s] -- Configured cppcheck include dirs: $<BUILD_INTERFACE:/home/xiaofang/ROS2_WS/ws02_tool/src/cpp02_rosbag/include>
[0.845s] -- Configured cppcheck exclude dirs and/or files: 
[0.845s] -- Added test 'lint_cmake' to check CMake code style
[0.846s] -- Added test 'uncrustify' to check C / C++ code style
[0.846s] -- Configured uncrustify additional arguments: 
[0.846s] -- Added test 'xmllint' to check XML markup files
[0.847s] -- Configuring done
[0.852s] -- Generating done
[0.854s] -- Build files have been written to: /home/xiaofang/ROS2_WS/ws02_tool/build/cpp02_rosbag
[0.860s] Invoked command in '/home/xiaofang/ROS2_WS/ws02_tool/build/cpp02_rosbag' returned '0': CMAKE_PREFIX_PATH=${CMAKE_PREFIX_PATH}:/opt/cv_bridge_fix_link-humble/install/opencv_tests:/opt/ros/humble /usr/bin/cmake /home/xiaofang/ROS2_WS/ws02_tool/src/cpp02_rosbag -DCMAKE_EXPORT_COMPILE_COMMANDS=ON -DCMAKE_INSTALL_PREFIX=/home/xiaofang/ROS2_WS/ws02_tool/install/cpp02_rosbag
[0.861s] Invoking command in '/home/xiaofang/ROS2_WS/ws02_tool/build/cpp02_rosbag': CMAKE_PREFIX_PATH=${CMAKE_PREFIX_PATH}:/opt/cv_bridge_fix_link-humble/install/opencv_tests:/opt/ros/humble /usr/bin/cmake --build /home/xiaofang/ROS2_WS/ws02_tool/build/cpp02_rosbag -- -j20 -l20
[0.892s] [ 50%] [32mBuilding CXX object CMakeFiles/demo01_writer.dir/src/demo01_writer.cpp.o[0m
[2.381s] [100%] [32m[1mLinking CXX executable demo01_writer[0m
[2.454s] [100%] Built target demo01_writer
[2.461s] Invoked command in '/home/xiaofang/ROS2_WS/ws02_tool/build/cpp02_rosbag' returned '0': CMAKE_PREFIX_PATH=${CMAKE_PREFIX_PATH}:/opt/cv_bridge_fix_link-humble/install/opencv_tests:/opt/ros/humble /usr/bin/cmake --build /home/xiaofang/ROS2_WS/ws02_tool/build/cpp02_rosbag -- -j20 -l20
[2.467s] Invoking command in '/home/xiaofang/ROS2_WS/ws02_tool/build/cpp02_rosbag': CMAKE_PREFIX_PATH=${CMAKE_PREFIX_PATH}:/opt/cv_bridge_fix_link-humble/install/opencv_tests:/opt/ros/humble /usr/bin/cmake --install /home/xiaofang/ROS2_WS/ws02_tool/build/cpp02_rosbag
[2.471s] -- Install configuration: ""
[2.471s] -- Installing: /home/xiaofang/ROS2_WS/ws02_tool/install/cpp02_rosbag/lib/cpp02_rosbag/demo01_writer
[2.471s] -- Set runtime path of "/home/xiaofang/ROS2_WS/ws02_tool/install/cpp02_rosbag/lib/cpp02_rosbag/demo01_writer" to ""
[2.471s] -- Installing: /home/xiaofang/ROS2_WS/ws02_tool/install/cpp02_rosbag/share/ament_index/resource_index/package_run_dependencies/cpp02_rosbag
[2.471s] -- Installing: /home/xiaofang/ROS2_WS/ws02_tool/install/cpp02_rosbag/share/ament_index/resource_index/parent_prefix_path/cpp02_rosbag
[2.471s] -- Installing: /home/xiaofang/ROS2_WS/ws02_tool/install/cpp02_rosbag/share/cpp02_rosbag/environment/ament_prefix_path.sh
[2.471s] -- Installing: /home/xiaofang/ROS2_WS/ws02_tool/install/cpp02_rosbag/share/cpp02_rosbag/environment/ament_prefix_path.dsv
[2.471s] -- Installing: /home/xiaofang/ROS2_WS/ws02_tool/install/cpp02_rosbag/share/cpp02_rosbag/environment/path.sh
[2.471s] -- Installing: /home/xiaofang/ROS2_WS/ws02_tool/install/cpp02_rosbag/share/cpp02_rosbag/environment/path.dsv
[2.471s] -- Installing: /home/xiaofang/ROS2_WS/ws02_tool/install/cpp02_rosbag/share/cpp02_rosbag/local_setup.bash
[2.472s] -- Installing: /home/xiaofang/ROS2_WS/ws02_tool/install/cpp02_rosbag/share/cpp02_rosbag/local_setup.sh
[2.472s] -- Installing: /home/xiaofang/ROS2_WS/ws02_tool/install/cpp02_rosbag/share/cpp02_rosbag/local_setup.zsh
[2.472s] -- Installing: /home/xiaofang/ROS2_WS/ws02_tool/install/cpp02_rosbag/share/cpp02_rosbag/local_setup.dsv
[2.472s] -- Installing: /home/xiaofang/ROS2_WS/ws02_tool/install/cpp02_rosbag/share/cpp02_rosbag/package.dsv
[2.472s] -- Installing: /home/xiaofang/ROS2_WS/ws02_tool/install/cpp02_rosbag/share/ament_index/resource_index/packages/cpp02_rosbag
[2.472s] -- Installing: /home/xiaofang/ROS2_WS/ws02_tool/install/cpp02_rosbag/share/cpp02_rosbag/cmake/cpp02_rosbagConfig.cmake
[2.472s] -- Installing: /home/xiaofang/ROS2_WS/ws02_tool/install/cpp02_rosbag/share/cpp02_rosbag/cmake/cpp02_rosbagConfig-version.cmake
[2.472s] -- Installing: /home/xiaofang/ROS2_WS/ws02_tool/install/cpp02_rosbag/share/cpp02_rosbag/package.xml
[2.473s] Invoked command in '/home/xiaofang/ROS2_WS/ws02_tool/build/cpp02_rosbag' returned '0': CMAKE_PREFIX_PATH=${CMAKE_PREFIX_PATH}:/opt/cv_bridge_fix_link-humble/install/opencv_tests:/opt/ros/humble /usr/bin/cmake --install /home/xiaofang/ROS2_WS/ws02_tool/build/cpp02_rosbag
