[0.009s] Invoking command in '/home/xiaofang/ROS2_WS/ws03_nav_sim/build/mycar_localization': AMENT_PREFIX_PATH=/home/xiaofang/ROS2_WS/ws03_nav_sim/install/mycar_map_server:${AMENT_PREFIX_PATH} CMAKE_PREFIX_PATH=/home/xiaofang/ROS2_WS/ws03_nav_sim/install/mycar_map_server:/home/xiaofang/ROS2_WS/ws03_nav_sim/install/mycar_description:/home/xiaofang/ROS2_WS/ws03_nav_sim/install/demo_gazebo_sim:/opt/cv_bridge_fix_link-humble/install/vision_opencv:/opt/cv_bridge_fix_link-humble/install/image_geometry:/opt/cv_bridge_fix_link-humble/install/cv_bridge:/opt/cv_bridge_fix_link-humble/install/opencv_tests:/opt/ros/humble /usr/bin/cmake /home/xiaofang/ROS2_WS/ws03_nav_sim/src/mycar_localization -DCMAKE_EXPORT_COMPILE_COMMANDS=ON -DCMAKE_INSTALL_PREFIX=/home/xiaofang/ROS2_WS/ws03_nav_sim/install/mycar_localization
[0.069s] -- The C compiler identification is GNU 11.4.0
[0.127s] -- The CXX compiler identification is GNU 11.4.0
[0.132s] -- Detecting C compiler ABI info
[0.209s] -- Detecting C compiler ABI info - done
[0.215s] -- Check for working C compiler: /usr/bin/cc - skipped
[0.215s] -- Detecting C compile features
[0.215s] -- Detecting C compile features - done
[0.218s] -- Detecting CXX compiler ABI info
[0.316s] -- Detecting CXX compiler ABI info - done
[0.322s] -- Check for working CXX compiler: /usr/bin/c++ - skipped
[0.322s] -- Detecting CXX compile features
[0.323s] -- Detecting CXX compile features - done
[0.326s] -- Found ament_cmake: 1.3.11 (/opt/ros/humble/share/ament_cmake/cmake)
[0.451s] -- Found Python3: /usr/bin/python3 (found version "3.10.12") found components: Interpreter 
[0.525s] -- Found nav2_amcl: 1.1.18 (/opt/ros/humble/share/nav2_amcl/cmake)
[0.560s] -- Found rosidl_generator_c: 3.1.6 (/opt/ros/humble/share/rosidl_generator_c/cmake)
[0.564s] -- Found rosidl_adapter: 3.1.6 (/opt/ros/humble/share/rosidl_adapter/cmake)
[0.570s] -- Found rosidl_generator_cpp: 3.1.6 (/opt/ros/humble/share/rosidl_generator_cpp/cmake)
[0.579s] -- Using all available rosidl_typesupport_c: rosidl_typesupport_fastrtps_c;rosidl_typesupport_introspection_c
[0.591s] -- Using all available rosidl_typesupport_cpp: rosidl_typesupport_fastrtps_cpp;rosidl_typesupport_introspection_cpp
[0.624s] -- Found rmw_implementation_cmake: 6.1.2 (/opt/ros/humble/share/rmw_implementation_cmake/cmake)
[0.626s] -- Found rmw_fastrtps_cpp: 6.2.7 (/opt/ros/humble/share/rmw_fastrtps_cpp/cmake)
[0.723s] -- Found OpenSSL: /usr/lib/x86_64-linux-gnu/libcrypto.so (found version "3.0.2")  
[0.762s] -- Found FastRTPS: /opt/ros/humble/include  
[0.805s] -- Using RMW implementation 'rmw_fastrtps_cpp' as default
[0.812s] -- Looking for pthread.h
[0.881s] -- Looking for pthread.h - found
[0.881s] -- Performing Test CMAKE_HAVE_LIBC_PTHREAD
[0.952s] -- Performing Test CMAKE_HAVE_LIBC_PTHREAD - Success
[0.953s] -- Found Threads: TRUE  
[1.062s] -- Found eigen3_cmake_module: 0.1.1 (/opt/ros/humble/share/eigen3_cmake_module/cmake)
[1.063s] -- Found Eigen3: TRUE (found version "3.4.0") 
[1.063s] -- Ensuring Eigen3 include directory is part of orocos-kdl CMake target
[1.224s] -- Found mycar_map_server: 0.0.0 (/home/xiaofang/ROS2_WS/ws03_nav_sim/install/mycar_map_server/share/mycar_map_server/cmake)
[1.225s] -- Found ament_lint_auto: 0.12.12 (/opt/ros/humble/share/ament_lint_auto/cmake)
[1.285s] -- Added test 'flake8' to check Python code syntax and style conventions
[1.285s] -- Added test 'lint_cmake' to check CMake code style
[1.285s] -- Added test 'pep257' to check Python code against some of the docstring style conventions in PEP 257
[1.286s] -- Added test 'xmllint' to check XML markup files
[1.287s] -- Configuring done
[1.290s] -- Generating done
[1.291s] [33mCMake Warning:
[1.291s]   Manually-specified variables were not used by the project:
[1.291s] 
[1.291s]     CMAKE_EXPORT_COMPILE_COMMANDS
[1.291s] 
[1.292s] [0m
[1.292s] -- Build files have been written to: /home/xiaofang/ROS2_WS/ws03_nav_sim/build/mycar_localization
[1.300s] Invoked command in '/home/xiaofang/ROS2_WS/ws03_nav_sim/build/mycar_localization' returned '0': AMENT_PREFIX_PATH=/home/xiaofang/ROS2_WS/ws03_nav_sim/install/mycar_map_server:${AMENT_PREFIX_PATH} CMAKE_PREFIX_PATH=/home/xiaofang/ROS2_WS/ws03_nav_sim/install/mycar_map_server:/home/xiaofang/ROS2_WS/ws03_nav_sim/install/mycar_description:/home/xiaofang/ROS2_WS/ws03_nav_sim/install/demo_gazebo_sim:/opt/cv_bridge_fix_link-humble/install/vision_opencv:/opt/cv_bridge_fix_link-humble/install/image_geometry:/opt/cv_bridge_fix_link-humble/install/cv_bridge:/opt/cv_bridge_fix_link-humble/install/opencv_tests:/opt/ros/humble /usr/bin/cmake /home/xiaofang/ROS2_WS/ws03_nav_sim/src/mycar_localization -DCMAKE_EXPORT_COMPILE_COMMANDS=ON -DCMAKE_INSTALL_PREFIX=/home/xiaofang/ROS2_WS/ws03_nav_sim/install/mycar_localization
[1.302s] Invoking command in '/home/xiaofang/ROS2_WS/ws03_nav_sim/build/mycar_localization': AMENT_PREFIX_PATH=/home/xiaofang/ROS2_WS/ws03_nav_sim/install/mycar_map_server:${AMENT_PREFIX_PATH} CMAKE_PREFIX_PATH=/home/xiaofang/ROS2_WS/ws03_nav_sim/install/mycar_map_server:/home/xiaofang/ROS2_WS/ws03_nav_sim/install/mycar_description:/home/xiaofang/ROS2_WS/ws03_nav_sim/install/demo_gazebo_sim:/opt/cv_bridge_fix_link-humble/install/vision_opencv:/opt/cv_bridge_fix_link-humble/install/image_geometry:/opt/cv_bridge_fix_link-humble/install/cv_bridge:/opt/cv_bridge_fix_link-humble/install/opencv_tests:/opt/ros/humble /usr/bin/cmake --build /home/xiaofang/ROS2_WS/ws03_nav_sim/build/mycar_localization -- -j20 -l20
[1.342s] Invoked command in '/home/xiaofang/ROS2_WS/ws03_nav_sim/build/mycar_localization' returned '0': AMENT_PREFIX_PATH=/home/xiaofang/ROS2_WS/ws03_nav_sim/install/mycar_map_server:${AMENT_PREFIX_PATH} CMAKE_PREFIX_PATH=/home/xiaofang/ROS2_WS/ws03_nav_sim/install/mycar_map_server:/home/xiaofang/ROS2_WS/ws03_nav_sim/install/mycar_description:/home/xiaofang/ROS2_WS/ws03_nav_sim/install/demo_gazebo_sim:/opt/cv_bridge_fix_link-humble/install/vision_opencv:/opt/cv_bridge_fix_link-humble/install/image_geometry:/opt/cv_bridge_fix_link-humble/install/cv_bridge:/opt/cv_bridge_fix_link-humble/install/opencv_tests:/opt/ros/humble /usr/bin/cmake --build /home/xiaofang/ROS2_WS/ws03_nav_sim/build/mycar_localization -- -j20 -l20
[1.364s] Invoking command in '/home/xiaofang/ROS2_WS/ws03_nav_sim/build/mycar_localization': AMENT_PREFIX_PATH=/home/xiaofang/ROS2_WS/ws03_nav_sim/install/mycar_map_server:${AMENT_PREFIX_PATH} CMAKE_PREFIX_PATH=/home/xiaofang/ROS2_WS/ws03_nav_sim/install/mycar_map_server:/home/xiaofang/ROS2_WS/ws03_nav_sim/install/mycar_description:/home/xiaofang/ROS2_WS/ws03_nav_sim/install/demo_gazebo_sim:/opt/cv_bridge_fix_link-humble/install/vision_opencv:/opt/cv_bridge_fix_link-humble/install/image_geometry:/opt/cv_bridge_fix_link-humble/install/cv_bridge:/opt/cv_bridge_fix_link-humble/install/opencv_tests:/opt/ros/humble /usr/bin/cmake --install /home/xiaofang/ROS2_WS/ws03_nav_sim/build/mycar_localization
[1.376s] -- Install configuration: ""
[1.376s] -- Installing: /home/xiaofang/ROS2_WS/ws03_nav_sim/install/mycar_localization/share/mycar_localization/launch
[1.376s] -- Installing: /home/xiaofang/ROS2_WS/ws03_nav_sim/install/mycar_localization/share/mycar_localization/launch/mycar_loca.launch.py
[1.376s] -- Installing: /home/xiaofang/ROS2_WS/ws03_nav_sim/install/mycar_localization/share/mycar_localization/params
[1.377s] -- Installing: /home/xiaofang/ROS2_WS/ws03_nav_sim/install/mycar_localization/share/mycar_localization/params/amcl.yaml
[1.377s] -- Installing: /home/xiaofang/ROS2_WS/ws03_nav_sim/install/mycar_localization/share/ament_index/resource_index/package_run_dependencies/mycar_localization
[1.377s] -- Installing: /home/xiaofang/ROS2_WS/ws03_nav_sim/install/mycar_localization/share/ament_index/resource_index/parent_prefix_path/mycar_localization
[1.377s] -- Installing: /home/xiaofang/ROS2_WS/ws03_nav_sim/install/mycar_localization/share/mycar_localization/environment/ament_prefix_path.sh
[1.377s] -- Installing: /home/xiaofang/ROS2_WS/ws03_nav_sim/install/mycar_localization/share/mycar_localization/environment/ament_prefix_path.dsv
[1.378s] -- Installing: /home/xiaofang/ROS2_WS/ws03_nav_sim/install/mycar_localization/share/mycar_localization/environment/path.sh
[1.378s] -- Installing: /home/xiaofang/ROS2_WS/ws03_nav_sim/install/mycar_localization/share/mycar_localization/environment/path.dsv
[1.378s] -- Installing: /home/xiaofang/ROS2_WS/ws03_nav_sim/install/mycar_localization/share/mycar_localization/local_setup.bash
[1.378s] -- Installing: /home/xiaofang/ROS2_WS/ws03_nav_sim/install/mycar_localization/share/mycar_localization/local_setup.sh
[1.378s] -- Installing: /home/xiaofang/ROS2_WS/ws03_nav_sim/install/mycar_localization/share/mycar_localization/local_setup.zsh
[1.378s] -- Installing: /home/xiaofang/ROS2_WS/ws03_nav_sim/install/mycar_localization/share/mycar_localization/local_setup.dsv
[1.378s] -- Installing: /home/xiaofang/ROS2_WS/ws03_nav_sim/install/mycar_localization/share/mycar_localization/package.dsv
[1.378s] -- Installing: /home/xiaofang/ROS2_WS/ws03_nav_sim/install/mycar_localization/share/ament_index/resource_index/packages/mycar_localization
[1.378s] -- Installing: /home/xiaofang/ROS2_WS/ws03_nav_sim/install/mycar_localization/share/mycar_localization/cmake/mycar_localizationConfig.cmake
[1.379s] -- Installing: /home/xiaofang/ROS2_WS/ws03_nav_sim/install/mycar_localization/share/mycar_localization/cmake/mycar_localizationConfig-version.cmake
[1.379s] -- Installing: /home/xiaofang/ROS2_WS/ws03_nav_sim/install/mycar_localization/share/mycar_localization/package.xml
[1.381s] Invoked command in '/home/xiaofang/ROS2_WS/ws03_nav_sim/build/mycar_localization' returned '0': AMENT_PREFIX_PATH=/home/xiaofang/ROS2_WS/ws03_nav_sim/install/mycar_map_server:${AMENT_PREFIX_PATH} CMAKE_PREFIX_PATH=/home/xiaofang/ROS2_WS/ws03_nav_sim/install/mycar_map_server:/home/xiaofang/ROS2_WS/ws03_nav_sim/install/mycar_description:/home/xiaofang/ROS2_WS/ws03_nav_sim/install/demo_gazebo_sim:/opt/cv_bridge_fix_link-humble/install/vision_opencv:/opt/cv_bridge_fix_link-humble/install/image_geometry:/opt/cv_bridge_fix_link-humble/install/cv_bridge:/opt/cv_bridge_fix_link-humble/install/opencv_tests:/opt/ros/humble /usr/bin/cmake --install /home/xiaofang/ROS2_WS/ws03_nav_sim/build/mycar_localization
