[0.007s] Invoking command in '/home/xiaofang/ROS2_WS/ws02_tool/build/cpp05_exercise': CMAKE_PREFIX_PATH=${CMAKE_PREFIX_PATH}:/opt/cv_bridge_fix_link-humble/install/opencv_tests:/opt/ros/humble /usr/bin/cmake --build /home/xiaofang/ROS2_WS/ws02_tool/build/cpp05_exercise -- -j20 -l20
[0.035s] [35m[1mConsolidate compiler generated dependencies of target exer01_spawn[0m
[0.044s] [ 33%] Built target exer03_tf_listener
[0.046s] [ 66%] Built target exer02_tf_broadcaster
[0.047s] [ 83%] [32mBuilding CXX object CMakeFiles/exer01_spawn.dir/src/exer01_spawn.cpp.o[0m
[1.747s] [100%] [32m[1mLinking CXX executable exer01_spawn[0m
[1.836s] [100%] Built target exer01_spawn
[1.842s] Invoked command in '/home/xiaofang/ROS2_WS/ws02_tool/build/cpp05_exercise' returned '0': CMAKE_PREFIX_PATH=${CMAKE_PREFIX_PATH}:/opt/cv_bridge_fix_link-humble/install/opencv_tests:/opt/ros/humble /usr/bin/cmake --build /home/xiaofang/ROS2_WS/ws02_tool/build/cpp05_exercise -- -j20 -l20
[1.848s] Invoking command in '/home/xiaofang/ROS2_WS/ws02_tool/build/cpp05_exercise': CMAKE_PREFIX_PATH=${CMAKE_PREFIX_PATH}:/opt/cv_bridge_fix_link-humble/install/opencv_tests:/opt/ros/humble /usr/bin/cmake --install /home/xiaofang/ROS2_WS/ws02_tool/build/cpp05_exercise
[1.852s] -- Install configuration: ""
[1.852s] -- Installing: /home/xiaofang/ROS2_WS/ws02_tool/install/cpp05_exercise/lib/cpp05_exercise/exer01_spawn
[1.853s] -- Set runtime path of "/home/xiaofang/ROS2_WS/ws02_tool/install/cpp05_exercise/lib/cpp05_exercise/exer01_spawn" to ""
[1.853s] -- Up-to-date: /home/xiaofang/ROS2_WS/ws02_tool/install/cpp05_exercise/lib/cpp05_exercise/exer02_tf_broadcaster
[1.853s] -- Up-to-date: /home/xiaofang/ROS2_WS/ws02_tool/install/cpp05_exercise/lib/cpp05_exercise/exer03_tf_listener
[1.853s] -- Up-to-date: /home/xiaofang/ROS2_WS/ws02_tool/install/cpp05_exercise/share/cpp05_exercise/launch
[1.853s] -- Up-to-date: /home/xiaofang/ROS2_WS/ws02_tool/install/cpp05_exercise/share/cpp05_exercise/launch/py
[1.853s] -- Up-to-date: /home/xiaofang/ROS2_WS/ws02_tool/install/cpp05_exercise/share/cpp05_exercise/launch/xml
[1.853s] -- Up-to-date: /home/xiaofang/ROS2_WS/ws02_tool/install/cpp05_exercise/share/cpp05_exercise/launch/yaml
[1.853s] -- Up-to-date: /home/xiaofang/ROS2_WS/ws02_tool/install/cpp05_exercise/share/ament_index/resource_index/package_run_dependencies/cpp05_exercise
[1.853s] -- Up-to-date: /home/xiaofang/ROS2_WS/ws02_tool/install/cpp05_exercise/share/ament_index/resource_index/parent_prefix_path/cpp05_exercise
[1.853s] -- Up-to-date: /home/xiaofang/ROS2_WS/ws02_tool/install/cpp05_exercise/share/cpp05_exercise/environment/ament_prefix_path.sh
[1.853s] -- Up-to-date: /home/xiaofang/ROS2_WS/ws02_tool/install/cpp05_exercise/share/cpp05_exercise/environment/ament_prefix_path.dsv
[1.853s] -- Up-to-date: /home/xiaofang/ROS2_WS/ws02_tool/install/cpp05_exercise/share/cpp05_exercise/environment/path.sh
[1.853s] -- Up-to-date: /home/xiaofang/ROS2_WS/ws02_tool/install/cpp05_exercise/share/cpp05_exercise/environment/path.dsv
[1.853s] -- Up-to-date: /home/xiaofang/ROS2_WS/ws02_tool/install/cpp05_exercise/share/cpp05_exercise/local_setup.bash
[1.853s] -- Up-to-date: /home/xiaofang/ROS2_WS/ws02_tool/install/cpp05_exercise/share/cpp05_exercise/local_setup.sh
[1.853s] -- Up-to-date: /home/xiaofang/ROS2_WS/ws02_tool/install/cpp05_exercise/share/cpp05_exercise/local_setup.zsh
[1.853s] -- Up-to-date: /home/xiaofang/ROS2_WS/ws02_tool/install/cpp05_exercise/share/cpp05_exercise/local_setup.dsv
[1.853s] -- Installing: /home/xiaofang/ROS2_WS/ws02_tool/install/cpp05_exercise/share/cpp05_exercise/package.dsv
[1.853s] -- Up-to-date: /home/xiaofang/ROS2_WS/ws02_tool/install/cpp05_exercise/share/ament_index/resource_index/packages/cpp05_exercise
[1.853s] -- Up-to-date: /home/xiaofang/ROS2_WS/ws02_tool/install/cpp05_exercise/share/cpp05_exercise/cmake/cpp05_exerciseConfig.cmake
[1.853s] -- Up-to-date: /home/xiaofang/ROS2_WS/ws02_tool/install/cpp05_exercise/share/cpp05_exercise/cmake/cpp05_exerciseConfig-version.cmake
[1.853s] -- Up-to-date: /home/xiaofang/ROS2_WS/ws02_tool/install/cpp05_exercise/share/cpp05_exercise/package.xml
[1.854s] Invoked command in '/home/xiaofang/ROS2_WS/ws02_tool/build/cpp05_exercise' returned '0': CMAKE_PREFIX_PATH=${CMAKE_PREFIX_PATH}:/opt/cv_bridge_fix_link-humble/install/opencv_tests:/opt/ros/humble /usr/bin/cmake --install /home/xiaofang/ROS2_WS/ws02_tool/build/cpp05_exercise
